#
# There is insufficient memory for the Java Runtime Environment to continue.
# Native memory allocation (mmap) failed to map 65536 bytes for Failed to commit area from 0x00000233eefa0000 to 0x00000233eefb0000 of length 65536.
# Possible reasons:
#   The system is out of physical RAM or swap space
#   The process is running with CompressedOops enabled, and the Java Heap may be blocking the growth of the native heap
# Possible solutions:
#   Reduce memory load on the system
#   Increase physical memory or swap space
#   Check if swap backing store is full
#   Decrease Java heap size (-Xmx/-Xms)
#   Decrease number of Java threads
#   Decrease Java thread stack sizes (-Xss)
#   Set larger code cache with -XX:ReservedCodeCacheSize=
#   JVM is running with Unscaled Compressed Oops mode in which the Java heap is
#     placed in the first 4GB address space. The Java Heap base address is the
#     maximum limit for the native heap growth. Please use -XX:HeapBaseMinAddress
#     to set the Java Heap base and to place the Java Heap above 4GB virtual address.
# This output file may be truncated or incomplete.
#
#  Out of Memory Error (./src/hotspot/os/windows/os_windows.cpp:3521), pid=9728, tid=5032
#
# JRE version: OpenJDK Runtime Environment (11.0.12+7) (build 11.0.12+7-b1504.28-7817840)
# Java VM: OpenJDK 64-Bit Server VM (11.0.12+7-b1504.28-7817840, mixed mode, tiered, compressed oops, g1 gc, windows-amd64)
# No core dump will be written. Minidumps are not enabled by default on client versions of Windows
#

---------------  S U M M A R Y ------------

Command Line: --add-opens=java.base/java.util=ALL-UNNAMED --add-opens=java.base/java.lang=ALL-UNNAMED --add-opens=java.base/java.lang.invoke=ALL-UNNAMED --add-opens=java.base/java.util=ALL-UNNAMED --add-opens=java.prefs/java.util.prefs=ALL-UNNAMED --add-opens=java.prefs/java.util.prefs=ALL-UNNAMED --add-opens=java.base/java.nio.charset=ALL-UNNAMED --add-opens=java.base/java.net=ALL-UNNAMED --add-opens=java.base/java.util.concurrent.atomic=ALL-UNNAMED -Xmx2048m -Dfile.encoding=UTF-8 -Duser.country=US -Duser.language=en -Duser.variant org.gradle.launcher.daemon.bootstrap.GradleDaemon 7.0.2

Host: Intel(R) Core(TM)2 Duo CPU     T7500  @ 2.20GHz, 2 cores, 3G,  Windows 10 , 64 bit Build 18362 (10.0.18362.1500)
Time: Fri Jun 10 13:00:24 2022 E. Africa Standard Time elapsed time: 385.792280 seconds (0d 0h 6m 25s)

---------------  T H R E A D  ---------------

Current thread (0x00000233f5aec000):  VMThread "VM Thread" [stack: 0x000000f736000000,0x000000f736100000] [id=5032]

Stack: [0x000000f736000000,0x000000f736100000]
[error occurred during error reporting (printing stack bounds), id 0xc0000005, EXCEPTION_ACCESS_VIOLATION (0xc0000005) at pc=0x00000233df70113d]

Native frames: (J=compiled Java code, j=interpreted, Vv=VM code, C=native code)
V  [jvm.dll+0x5fbcea]
V  [jvm.dll+0x731905]
V  [jvm.dll+0x732f1d]
V  [jvm.dll+0x733535]
V  [jvm.dll+0x7334eb]
V  [jvm.dll+0x5fb080]
V  [jvm.dll+0x5fb818]
C  [ntdll.dll+0xa1fff]
C  [ntdll.dll+0x6aad9]
C  [ntdll.dll+0xa0c6e]
C  0x00000233df70113d

VM_Operation (0x000000f738dfcf00): G1CollectForAllocation, mode: safepoint, requested by thread 0x00000233fca43800


---------------  P R O C E S S  ---------------

Threads class SMR info:
_java_thread_list=0x00000233fb0142a0, length=48, elements={
0x00000233da44d800, 0x00000233f5aef800, 0x00000233f5af1000, 0x00000233f5b4d800,
0x00000233f5b4f800, 0x00000233f5b51000, 0x00000233f5b56800, 0x00000233f64bb800,
0x00000233f64bc800, 0x00000233f65b8800, 0x00000233f7f2c800, 0x00000233f6764000,
0x00000233f7892800, 0x00000233f80fd000, 0x00000233f80f9800, 0x00000233f80fe800,
0x00000233f80fa800, 0x00000233f80fb800, 0x00000233f9597800, 0x00000233f9596000,
0x00000233f959b000, 0x00000233f9595000, 0x00000233f95a2800, 0x00000233f959b800,
0x00000233f959d800, 0x00000233f9598800, 0x00000233f9597000, 0x00000233f959e000,
0x00000233f95a0000, 0x00000233f959c800, 0x00000233f95a1800, 0x00000233f95a4000,
0x00000233f95a0800, 0x00000233f95a3000, 0x00000233f8100000, 0x00000233f80ff800,
0x00000233f80fd800, 0x00000233fca46000, 0x00000233fca47000, 0x00000233fca41000,
0x00000233fca47800, 0x00000233fca42000, 0x00000233fca45000, 0x00000233fca43000,
0x00000233fca49800, 0x00000233fca43800, 0x00000233fca4a000, 0x00000233fca44800
}

Java Threads: ( => current thread )
  0x00000233da44d800 JavaThread "main" [_thread_blocked, id=4764, stack(0x000000f735a00000,0x000000f735b00000)]
  0x00000233f5aef800 JavaThread "Reference Handler" daemon [_thread_blocked, id=4292, stack(0x000000f736100000,0x000000f736200000)]
  0x00000233f5af1000 JavaThread "Finalizer" daemon [_thread_blocked, id=7716, stack(0x000000f736200000,0x000000f736300000)]
  0x00000233f5b4d800 JavaThread "Signal Dispatcher" daemon [_thread_blocked, id=4684, stack(0x000000f736300000,0x000000f736400000)]
  0x00000233f5b4f800 JavaThread "Attach Listener" daemon [_thread_blocked, id=6412, stack(0x000000f736400000,0x000000f736500000)]
  0x00000233f5b51000 JavaThread "Service Thread" daemon [_thread_blocked, id=6588, stack(0x000000f736500000,0x000000f736600000)]
  0x00000233f5b56800 JavaThread "C2 CompilerThread0" daemon [_thread_in_native, id=5776, stack(0x000000f736600000,0x000000f736700000)]
  0x00000233f64bb800 JavaThread "C1 CompilerThread0" daemon [_thread_blocked, id=7968, stack(0x000000f736700000,0x000000f736800000)]
  0x00000233f64bc800 JavaThread "Sweeper thread" daemon [_thread_blocked, id=3400, stack(0x000000f736800000,0x000000f736900000)]
  0x00000233f65b8800 JavaThread "Common-Cleaner" daemon [_thread_blocked, id=2544, stack(0x000000f736900000,0x000000f736a00000)]
  0x00000233f7f2c800 JavaThread "Daemon health stats" [_thread_blocked, id=2908, stack(0x000000f736c00000,0x000000f736d00000)]
  0x00000233f6764000 JavaThread "Incoming local TCP Connector on port 55801" [_thread_in_native, id=5708, stack(0x000000f736d00000,0x000000f736e00000)]
  0x00000233f7892800 JavaThread "Daemon periodic checks" [_thread_blocked, id=5996, stack(0x000000f736e00000,0x000000f736f00000)]
  0x00000233f80fd000 JavaThread "Cache worker for file hash cache (C:\Users\The Saviour\.gradle\caches\7.0.2\fileHashes)" [_thread_blocked, id=4076, stack(0x000000f737600000,0x000000f737700000)]
  0x00000233f80f9800 JavaThread "File lock request listener" [_thread_in_native, id=6004, stack(0x000000f737700000,0x000000f737800000)]
  0x00000233f80fe800 JavaThread "Cache worker for journal cache (C:\Users\The Saviour\.gradle\caches\journal-1)" [_thread_blocked, id=9920, stack(0x000000f737800000,0x000000f737900000)]
  0x00000233f80fa800 JavaThread "File watcher server" daemon [_thread_blocked, id=9360, stack(0x000000f737a00000,0x000000f737b00000)]
  0x00000233f80fb800 JavaThread "File watcher consumer" daemon [_thread_blocked, id=5728, stack(0x000000f737b00000,0x000000f737c00000)]
  0x00000233f9597800 JavaThread "Cache worker for execution history cache (C:\Users\The Saviour\.gradle\caches\7.0.2\executionHistory)" [_thread_blocked, id=7520, stack(0x000000f737f00000,0x000000f738000000)]
  0x00000233f9596000 JavaThread "jar transforms" [_thread_blocked, id=8700, stack(0x000000f738000000,0x000000f738100000)]
  0x00000233f959b000 JavaThread "Cache worker for file content cache (C:\Users\The Saviour\.gradle\caches\7.0.2\fileContent)" [_thread_blocked, id=8980, stack(0x000000f738100000,0x000000f738200000)]
  0x00000233f9595000 JavaThread "jar transforms Thread 2" [_thread_blocked, id=4108, stack(0x000000f738200000,0x000000f738300000)]
  0x00000233f95a2800 JavaThread "Memory manager" [_thread_blocked, id=216, stack(0x000000f735800000,0x000000f735900000)]
  0x00000233f959b800 JavaThread "Daemon Thread 2" [_thread_blocked, id=7476, stack(0x000000f735900000,0x000000f735a00000)]
  0x00000233f959d800 JavaThread "Daemon worker Thread 2" [_thread_blocked, id=4512, stack(0x000000f737100000,0x000000f737200000)]
  0x00000233f9598800 JavaThread "Handler for socket connection from /127.0.0.1:55801 to /127.0.0.1:55884" [_thread_in_native, id=6596, stack(0x000000f736f00000,0x000000f737000000)]
  0x00000233f9597000 JavaThread "Cancel handler" [_thread_blocked, id=9244, stack(0x000000f737000000,0x000000f737100000)]
  0x00000233f959e000 JavaThread "Asynchronous log dispatcher for DefaultDaemonConnection: socket connection from /127.0.0.1:55801 to /127.0.0.1:55884" [_thread_blocked, id=9408, stack(0x000000f737200000,0x000000f737300000)]
  0x00000233f95a0000 JavaThread "Daemon client event forwarder" [_thread_blocked, id=9220, stack(0x000000f737400000,0x000000f737500000)]
  0x00000233f959c800 JavaThread "Cache worker for file hash cache (C:\Users\The Saviour\AndroidStudioProjects\ParkMe\.gradle\7.0.2\fileHashes)" [_thread_blocked, id=5520, stack(0x000000f737500000,0x000000f737600000)]
  0x00000233f95a1800 JavaThread "Cache worker for checksums cache (C:\Users\The Saviour\AndroidStudioProjects\ParkMe\.gradle\checksums)" [_thread_blocked, id=6684, stack(0x000000f737900000,0x000000f737a00000)]
  0x00000233f95a4000 JavaThread "Cache worker for cache directory md-supplier (C:\Users\The Saviour\.gradle\caches\7.0.2\md-supplier)" [_thread_blocked, id=2452, stack(0x000000f737c00000,0x000000f737d00000)]
  0x00000233f95a0800 JavaThread "Cache worker for cache directory md-rule (C:\Users\The Saviour\.gradle\caches\7.0.2\md-rule)" [_thread_blocked, id=6348, stack(0x000000f737d00000,0x000000f737e00000)]
  0x00000233f95a3000 JavaThread "Cache worker for dependencies-accessors (C:\Users\The Saviour\AndroidStudioProjects\ParkMe\.gradle\7.0.2\dependencies-accessors)" [_thread_blocked, id=4420, stack(0x000000f737e00000,0x000000f737f00000)]
  0x00000233f8100000 JavaThread "Cache worker for Build Output Cleanup Cache (C:\Users\The Saviour\AndroidStudioProjects\ParkMe\.gradle\buildOutputCleanup)" [_thread_blocked, id=7396, stack(0x000000f738300000,0x000000f738400000)]
  0x00000233f80ff800 JavaThread "Build operations" [_thread_blocked, id=10236, stack(0x000000f738400000,0x000000f738500000)]
  0x00000233f80fd800 JavaThread "Build operations Thread 2" [_thread_blocked, id=6052, stack(0x000000f738500000,0x000000f738600000)]
  0x00000233fca46000 JavaThread "build event listener" [_thread_blocked, id=2636, stack(0x000000f738600000,0x000000f738700000)]
  0x00000233fca47000 JavaThread "Execution worker for ':'" [_thread_blocked, id=1216, stack(0x000000f738700000,0x000000f738800000)]
  0x00000233fca41000 JavaThread "Cache worker for execution history cache (C:\Users\The Saviour\AndroidStudioProjects\ParkMe\.gradle\7.0.2\executionHistory)" [_thread_blocked, id=2524, stack(0x000000f738800000,0x000000f738900000)]
  0x00000233fca47800 JavaThread "WorkerExecutor Queue" [_thread_blocked, id=8220, stack(0x000000f738900000,0x000000f738a00000)]
  0x00000233fca42000 JavaThread "WorkerExecutor Queue Thread 2" [_thread_blocked, id=1504, stack(0x000000f738a00000,0x000000f738b00000)]
  0x00000233fca45000 JavaThread "pool-5-thread-1" [_thread_blocked, id=2768, stack(0x000000f737300000,0x000000f737400000)]
  0x00000233fca43000 JavaThread "stderr" [_thread_in_native, id=9132, stack(0x000000f738b00000,0x000000f738c00000)]
  0x00000233fca49800 JavaThread "stdout" [_thread_in_native, id=8836, stack(0x000000f738c00000,0x000000f738d00000)]
  0x00000233fca43800 JavaThread "WorkerExecutor Queue Thread 3" [_thread_blocked, id=7576, stack(0x000000f738d00000,0x000000f738e00000)]
  0x00000233fca4a000 JavaThread "ForkJoinPool-1-worker-3" daemon [_thread_blocked, id=7824, stack(0x000000f738e00000,0x000000f738f00000)]
  0x00000233fca44800 JavaThread "ForkJoinPool-1-worker-1" daemon [_thread_blocked, id=4704, stack(0x000000f738f00000,0x000000f739000000)]

Other Threads:
=>0x00000233f5aec000 VMThread "VM Thread" [stack: 0x000000f736000000,0x000000f736100000] [id=5032]
  0x00000233f65ee000 WatcherThread [stack: 0x000000f736a00000,0x000000f736b00000] [id=7860]
  0x00000233da465000 GCTaskThread "GC Thread#0" [stack: 0x000000f735b00000,0x000000f735c00000] [id=4768]
  0x00000233f67ea800 GCTaskThread "GC Thread#1" [stack: 0x000000f736b00000,0x000000f736c00000] [id=8040]
  0x00000233da495000 ConcurrentGCThread "G1 Main Marker" [stack: 0x000000f735c00000,0x000000f735d00000] [id=8716]
  0x00000233da498000 ConcurrentGCThread "G1 Conc#0" [stack: 0x000000f735d00000,0x000000f735e00000] [id=8660]
  0x00000233da4e9800 ConcurrentGCThread "G1 Refine#0" [stack: 0x000000f735e00000,0x000000f735f00000] [id=5016]
  0x00000233da4ea800 ConcurrentGCThread "G1 Young RemSet Sampling" [stack: 0x000000f735f00000,0x000000f736000000] [id=8984]

Threads with active compile tasks:
C2 CompilerThread0 386264 17070       4       com.android.tools.r8.internal.gr::f (97 bytes)

VM state:at safepoint (normal execution)

VM Mutex/Monitor currently owned by a thread:  ([mutex/lock_event])
[0x00000233da44a4f0] Threads_lock - owner thread: 0x00000233f5aec000
[0x00000233da449770] Heap_lock - owner thread: 0x00000233fca43800

Heap address: 0x0000000080000000, size: 2048 MB, Compressed Oops mode: 32-bit
Narrow klass base: 0x0000000000000000, Narrow klass shift: 3
Compressed class space size: 1073741824 Address: 0x0000000100000000

Heap:
 garbage-first heap   total 392192K, used 214606K [0x0000000080000000, 0x0000000100000000)
  region size 1024K, 3 young (3072K), 3 survivors (3072K)
 Metaspace       used 107716K, capacity 110459K, committed 110768K, reserved 1144832K
  class space    used 13581K, capacity 14515K, committed 14592K, reserved 1048576K
Heap Regions: E=young(eden), S=young(survivor), O=old, HS=humongous(starts), HC=humongous(continues), CS=collection set, F=free, A=archive, TAMS=top-at-mark-start (previous, next)
|   0|0x0000000080000000, 0x00000000800ff258, 0x0000000080100000| 99%| O|  |TAMS 0x00000000800ff258, 0x0000000080000000| Untracked 
|   1|0x0000000080100000, 0x00000000801fffc8, 0x0000000080200000| 99%| O|  |TAMS 0x00000000801fffc8, 0x0000000080100000| Untracked 
|   2|0x0000000080200000, 0x00000000802ffff0, 0x0000000080300000| 99%| O|  |TAMS 0x00000000802ffff0, 0x0000000080200000| Untracked 
|   3|0x0000000080300000, 0x00000000803ffff0, 0x0000000080400000| 99%| O|  |TAMS 0x00000000803ffff0, 0x0000000080300000| Untracked 
|   4|0x0000000080400000, 0x0000000080500000, 0x0000000080500000|100%|HS|  |TAMS 0x0000000080500000, 0x0000000080400000| Complete 
|   5|0x0000000080500000, 0x0000000080600000, 0x0000000080600000|100%|HC|  |TAMS 0x0000000080600000, 0x0000000080500000| Complete 
|   6|0x0000000080600000, 0x0000000080700000, 0x0000000080700000|100%|HC|  |TAMS 0x0000000080700000, 0x0000000080600000| Complete 
|   7|0x0000000080700000, 0x00000000807fffd8, 0x0000000080800000| 99%| O|  |TAMS 0x00000000807fffd8, 0x0000000080700000| Untracked 
|   8|0x0000000080800000, 0x00000000808f9b98, 0x0000000080900000| 97%| O|  |TAMS 0x00000000808f9b98, 0x0000000080800000| Untracked 
|   9|0x0000000080900000, 0x00000000809fff60, 0x0000000080a00000| 99%| O|  |TAMS 0x00000000809fff60, 0x0000000080900000| Untracked 
|  10|0x0000000080a00000, 0x0000000080afffd8, 0x0000000080b00000| 99%| O|  |TAMS 0x0000000080afffd8, 0x0000000080a00000| Untracked 
|  11|0x0000000080b00000, 0x0000000080bae3d0, 0x0000000080c00000| 68%| O|  |TAMS 0x0000000080bae3d0, 0x0000000080b00000| Untracked 
|  12|0x0000000080c00000, 0x0000000080cfffe8, 0x0000000080d00000| 99%| O|  |TAMS 0x0000000080cfffe8, 0x0000000080c00000| Untracked 
|  13|0x0000000080d00000, 0x0000000080dffff8, 0x0000000080e00000| 99%| O|  |TAMS 0x0000000080dffff8, 0x0000000080d00000| Untracked 
|  14|0x0000000080e00000, 0x0000000080efffe8, 0x0000000080f00000| 99%| O|  |TAMS 0x0000000080efffe8, 0x0000000080e00000| Untracked 
|  15|0x0000000080f00000, 0x0000000081000000, 0x0000000081000000|100%| O|  |TAMS 0x0000000081000000, 0x0000000080f00000| Untracked 
|  16|0x0000000081000000, 0x0000000081100000, 0x0000000081100000|100%| O|  |TAMS 0x0000000081100000, 0x0000000081000000| Untracked 
|  17|0x0000000081100000, 0x0000000081200000, 0x0000000081200000|100%| O|  |TAMS 0x0000000081200000, 0x0000000081100000| Untracked 
|  18|0x0000000081200000, 0x00000000812ffff0, 0x0000000081300000| 99%| O|  |TAMS 0x00000000812ffff0, 0x0000000081200000| Untracked 
|  19|0x0000000081300000, 0x00000000813fff18, 0x0000000081400000| 99%| O|  |TAMS 0x00000000813fff18, 0x0000000081300000| Untracked 
|  20|0x0000000081400000, 0x00000000814fffe8, 0x0000000081500000| 99%| O|  |TAMS 0x00000000814fffe8, 0x0000000081400000| Untracked 
|  21|0x0000000081500000, 0x00000000815fffa8, 0x0000000081600000| 99%| O|  |TAMS 0x00000000815fffa8, 0x0000000081500000| Untracked 
|  22|0x0000000081600000, 0x00000000816ffff8, 0x0000000081700000| 99%| O|  |TAMS 0x00000000816ffff8, 0x0000000081600000| Untracked 
|  23|0x0000000081700000, 0x00000000817fc358, 0x0000000081800000| 98%| O|  |TAMS 0x00000000817fc358, 0x0000000081700000| Untracked 
|  24|0x0000000081800000, 0x0000000081900000, 0x0000000081900000|100%| O|  |TAMS 0x0000000081900000, 0x0000000081800000| Untracked 
|  25|0x0000000081900000, 0x00000000819ffb90, 0x0000000081a00000| 99%| O|  |TAMS 0x00000000819ffb90, 0x0000000081900000| Untracked 
|  26|0x0000000081a00000, 0x0000000081affdf8, 0x0000000081b00000| 99%| O|  |TAMS 0x0000000081affdf8, 0x0000000081a00000| Untracked 
|  27|0x0000000081b00000, 0x0000000081bffff8, 0x0000000081c00000| 99%| O|  |TAMS 0x0000000081bffff8, 0x0000000081b00000| Untracked 
|  28|0x0000000081c00000, 0x0000000081d00000, 0x0000000081d00000|100%|HS|  |TAMS 0x0000000081d00000, 0x0000000081c00000| Complete 
|  29|0x0000000081d00000, 0x0000000081e00000, 0x0000000081e00000|100%|HS|  |TAMS 0x0000000081e00000, 0x0000000081d00000| Complete 
|  30|0x0000000081e00000, 0x0000000081f00000, 0x0000000081f00000|100%|HS|  |TAMS 0x0000000081f00000, 0x0000000081e00000| Complete 
|  31|0x0000000081f00000, 0x0000000082000000, 0x0000000082000000|100%|HC|  |TAMS 0x0000000082000000, 0x0000000081f00000| Complete 
|  32|0x0000000082000000, 0x0000000082100000, 0x0000000082100000|100%| O|  |TAMS 0x0000000082100000, 0x0000000082000000| Untracked 
|  33|0x0000000082100000, 0x00000000821ffff0, 0x0000000082200000| 99%| O|  |TAMS 0x00000000821ffff0, 0x0000000082100000| Untracked 
|  34|0x0000000082200000, 0x00000000822fffe8, 0x0000000082300000| 99%| O|  |TAMS 0x00000000822fffe8, 0x0000000082200000| Untracked 
|  35|0x0000000082300000, 0x00000000823bd4c8, 0x0000000082400000| 73%| O|  |TAMS 0x00000000823bd4c8, 0x0000000082300000| Untracked 
|  36|0x0000000082400000, 0x00000000824ffff0, 0x0000000082500000| 99%| O|  |TAMS 0x00000000824ffff0, 0x0000000082400000| Untracked 
|  37|0x0000000082500000, 0x00000000825ffff8, 0x0000000082600000| 99%| O|  |TAMS 0x00000000825ffff8, 0x0000000082500000| Untracked 
|  38|0x0000000082600000, 0x00000000826fd7f8, 0x0000000082700000| 99%| O|  |TAMS 0x00000000826fd7f8, 0x0000000082600000| Untracked 
|  39|0x0000000082700000, 0x00000000827f6fb0, 0x0000000082800000| 96%| O|  |TAMS 0x00000000827f6fb0, 0x0000000082700000| Untracked 
|  40|0x0000000082800000, 0x00000000828fa780, 0x0000000082900000| 97%| O|  |TAMS 0x00000000828fa780, 0x0000000082800000| Untracked 
|  41|0x0000000082900000, 0x0000000082a00000, 0x0000000082a00000|100%| O|  |TAMS 0x0000000082a00000, 0x0000000082900000| Untracked 
|  42|0x0000000082a00000, 0x0000000082affff0, 0x0000000082b00000| 99%| O|  |TAMS 0x0000000082affff0, 0x0000000082a00000| Untracked 
|  43|0x0000000082b00000, 0x0000000082bffff0, 0x0000000082c00000| 99%| O|  |TAMS 0x0000000082bffff0, 0x0000000082b00000| Untracked 
|  44|0x0000000082c00000, 0x0000000082cff8f0, 0x0000000082d00000| 99%| O|  |TAMS 0x0000000082cff8f0, 0x0000000082c00000| Untracked 
|  45|0x0000000082d00000, 0x0000000082e00000, 0x0000000082e00000|100%| O|  |TAMS 0x0000000082e00000, 0x0000000082d00000| Untracked 
|  46|0x0000000082e00000, 0x0000000082effff8, 0x0000000082f00000| 99%| O|  |TAMS 0x0000000082effff8, 0x0000000082e00000| Untracked 
|  47|0x0000000082f00000, 0x0000000082ffffa8, 0x0000000083000000| 99%| O|  |TAMS 0x0000000082ffffa8, 0x0000000082f00000| Untracked 
|  48|0x0000000083000000, 0x00000000830ffff0, 0x0000000083100000| 99%| O|  |TAMS 0x00000000830ffff0, 0x0000000083000000| Untracked 
|  49|0x0000000083100000, 0x0000000083200000, 0x0000000083200000|100%| O|  |TAMS 0x0000000083200000, 0x0000000083100000| Untracked 
|  50|0x0000000083200000, 0x00000000832fffe0, 0x0000000083300000| 99%| O|  |TAMS 0x00000000832fffe0, 0x0000000083200000| Untracked 
|  51|0x0000000083300000, 0x00000000833fffe0, 0x0000000083400000| 99%| O|  |TAMS 0x00000000833fffe0, 0x0000000083300000| Untracked 
|  52|0x0000000083400000, 0x0000000083500000, 0x0000000083500000|100%| O|  |TAMS 0x0000000083500000, 0x0000000083400000| Untracked 
|  53|0x0000000083500000, 0x00000000835fffe0, 0x0000000083600000| 99%| O|  |TAMS 0x00000000835fffe0, 0x0000000083500000| Untracked 
|  54|0x0000000083600000, 0x0000000083698810, 0x0000000083700000| 59%| O|  |TAMS 0x0000000083698810, 0x0000000083600000| Untracked 
|  55|0x0000000083700000, 0x000000008372caf8, 0x0000000083800000| 17%| O|  |TAMS 0x000000008372caf8, 0x0000000083700000| Untracked 
|  56|0x0000000083800000, 0x0000000083900000, 0x0000000083900000|100%| O|  |TAMS 0x0000000083900000, 0x0000000083800000| Untracked 
|  57|0x0000000083900000, 0x0000000083a00000, 0x0000000083a00000|100%| O|  |TAMS 0x0000000083a00000, 0x0000000083900000| Untracked 
|  58|0x0000000083a00000, 0x0000000083b00000, 0x0000000083b00000|100%| O|  |TAMS 0x0000000083b00000, 0x0000000083a00000| Untracked 
|  59|0x0000000083b00000, 0x0000000083c00000, 0x0000000083c00000|100%| O|  |TAMS 0x0000000083c00000, 0x0000000083b00000| Untracked 
|  60|0x0000000083c00000, 0x0000000083d00000, 0x0000000083d00000|100%| O|  |TAMS 0x0000000083d00000, 0x0000000083c00000| Untracked 
|  61|0x0000000083d00000, 0x0000000083e00000, 0x0000000083e00000|100%| O|  |TAMS 0x0000000083e00000, 0x0000000083d00000| Untracked 
|  62|0x0000000083e00000, 0x0000000083f00000, 0x0000000083f00000|100%| O|  |TAMS 0x0000000083f00000, 0x0000000083e00000| Untracked 
|  63|0x0000000083f00000, 0x0000000084000000, 0x0000000084000000|100%| O|  |TAMS 0x0000000084000000, 0x0000000083f00000| Untracked 
|  64|0x0000000084000000, 0x0000000084100000, 0x0000000084100000|100%| O|  |TAMS 0x0000000084100000, 0x0000000084000000| Untracked 
|  65|0x0000000084100000, 0x0000000084200000, 0x0000000084200000|100%| O|  |TAMS 0x0000000084200000, 0x0000000084100000| Untracked 
|  66|0x0000000084200000, 0x0000000084300000, 0x0000000084300000|100%| O|  |TAMS 0x0000000084300000, 0x0000000084200000| Untracked 
|  67|0x0000000084300000, 0x0000000084400000, 0x0000000084400000|100%| O|  |TAMS 0x0000000084400000, 0x0000000084300000| Untracked 
|  68|0x0000000084400000, 0x0000000084500000, 0x0000000084500000|100%| O|  |TAMS 0x0000000084500000, 0x0000000084400000| Untracked 
|  69|0x0000000084500000, 0x0000000084600000, 0x0000000084600000|100%| O|  |TAMS 0x0000000084600000, 0x0000000084500000| Untracked 
|  70|0x0000000084600000, 0x0000000084700000, 0x0000000084700000|100%| O|  |TAMS 0x0000000084700000, 0x0000000084600000| Untracked 
|  71|0x0000000084700000, 0x0000000084800000, 0x0000000084800000|100%| O|  |TAMS 0x0000000084800000, 0x0000000084700000| Untracked 
|  72|0x0000000084800000, 0x0000000084900000, 0x0000000084900000|100%| O|  |TAMS 0x0000000084900000, 0x0000000084800000| Untracked 
|  73|0x0000000084900000, 0x0000000084a00000, 0x0000000084a00000|100%| O|  |TAMS 0x0000000084a00000, 0x0000000084900000| Untracked 
|  74|0x0000000084a00000, 0x0000000084b00000, 0x0000000084b00000|100%| O|  |TAMS 0x0000000084b00000, 0x0000000084a00000| Untracked 
|  75|0x0000000084b00000, 0x0000000084c00000, 0x0000000084c00000|100%| O|  |TAMS 0x0000000084c00000, 0x0000000084b00000| Untracked 
|  76|0x0000000084c00000, 0x0000000084d00000, 0x0000000084d00000|100%| O|  |TAMS 0x0000000084d00000, 0x0000000084c00000| Untracked 
|  77|0x0000000084d00000, 0x0000000084e00000, 0x0000000084e00000|100%| O|  |TAMS 0x0000000084e00000, 0x0000000084d00000| Untracked 
|  78|0x0000000084e00000, 0x0000000084f00000, 0x0000000084f00000|100%| O|  |TAMS 0x0000000084f00000, 0x0000000084e00000| Untracked 
|  79|0x0000000084f00000, 0x0000000085000000, 0x0000000085000000|100%|HS|  |TAMS 0x0000000085000000, 0x0000000084f00000| Complete 
|  80|0x0000000085000000, 0x0000000085100000, 0x0000000085100000|100%| O|  |TAMS 0x0000000085100000, 0x0000000085000000| Untracked 
|  81|0x0000000085100000, 0x0000000085200000, 0x0000000085200000|100%| O|  |TAMS 0x0000000085200000, 0x0000000085100000| Untracked 
|  82|0x0000000085200000, 0x0000000085300000, 0x0000000085300000|100%| O|  |TAMS 0x0000000085300000, 0x0000000085200000| Untracked 
|  83|0x0000000085300000, 0x0000000085400000, 0x0000000085400000|100%| O|  |TAMS 0x0000000085400000, 0x0000000085300000| Untracked 
|  84|0x0000000085400000, 0x0000000085500000, 0x0000000085500000|100%| O|  |TAMS 0x0000000085500000, 0x0000000085400000| Untracked 
|  85|0x0000000085500000, 0x0000000085600000, 0x0000000085600000|100%| O|  |TAMS 0x0000000085600000, 0x0000000085500000| Untracked 
|  86|0x0000000085600000, 0x0000000085700000, 0x0000000085700000|100%| O|  |TAMS 0x0000000085700000, 0x0000000085600000| Untracked 
|  87|0x0000000085700000, 0x0000000085800000, 0x0000000085800000|100%| O|  |TAMS 0x0000000085800000, 0x0000000085700000| Untracked 
|  88|0x0000000085800000, 0x0000000085900000, 0x0000000085900000|100%|HS|  |TAMS 0x0000000085900000, 0x0000000085800000| Complete 
|  89|0x0000000085900000, 0x0000000085a00000, 0x0000000085a00000|100%|HC|  |TAMS 0x0000000085a00000, 0x0000000085900000| Complete 
|  90|0x0000000085a00000, 0x0000000085b00000, 0x0000000085b00000|100%| O|  |TAMS 0x0000000085b00000, 0x0000000085a00000| Untracked 
|  91|0x0000000085b00000, 0x0000000085c00000, 0x0000000085c00000|100%| O|  |TAMS 0x0000000085c00000, 0x0000000085b00000| Untracked 
|  92|0x0000000085c00000, 0x0000000085d00000, 0x0000000085d00000|100%| O|  |TAMS 0x0000000085d00000, 0x0000000085c00000| Untracked 
|  93|0x0000000085d00000, 0x0000000085e00000, 0x0000000085e00000|100%|HS|  |TAMS 0x0000000085e00000, 0x0000000085d00000| Complete 
|  94|0x0000000085e00000, 0x0000000085f00000, 0x0000000085f00000|100%|HS|  |TAMS 0x0000000085f00000, 0x0000000085e00000| Complete 
|  95|0x0000000085f00000, 0x0000000086000000, 0x0000000086000000|100%|HS|  |TAMS 0x0000000086000000, 0x0000000085f00000| Complete 
|  96|0x0000000086000000, 0x0000000086100000, 0x0000000086100000|100%| O|  |TAMS 0x0000000086100000, 0x0000000086000000| Untracked 
|  97|0x0000000086100000, 0x0000000086200000, 0x0000000086200000|100%| O|  |TAMS 0x0000000086200000, 0x0000000086100000| Untracked 
|  98|0x0000000086200000, 0x0000000086300000, 0x0000000086300000|100%|HS|  |TAMS 0x0000000086300000, 0x0000000086200000| Complete 
|  99|0x0000000086300000, 0x0000000086400000, 0x0000000086400000|100%| O|  |TAMS 0x0000000086400000, 0x0000000086300000| Untracked 
| 100|0x0000000086400000, 0x0000000086500000, 0x0000000086500000|100%| O|  |TAMS 0x0000000086500000, 0x0000000086400000| Untracked 
| 101|0x0000000086500000, 0x0000000086600000, 0x0000000086600000|100%| O|  |TAMS 0x0000000086600000, 0x0000000086500000| Untracked 
| 102|0x0000000086600000, 0x0000000086700000, 0x0000000086700000|100%| O|  |TAMS 0x0000000086700000, 0x0000000086600000| Untracked 
| 103|0x0000000086700000, 0x0000000086800000, 0x0000000086800000|100%|HS|  |TAMS 0x0000000086800000, 0x0000000086700000| Complete 
| 104|0x0000000086800000, 0x0000000086900000, 0x0000000086900000|100%| O|  |TAMS 0x0000000086900000, 0x0000000086800000| Untracked 
| 105|0x0000000086900000, 0x0000000086a00000, 0x0000000086a00000|100%|HS|  |TAMS 0x0000000086a00000, 0x0000000086900000| Complete 
| 106|0x0000000086a00000, 0x0000000086b00000, 0x0000000086b00000|100%|HC|  |TAMS 0x0000000086b00000, 0x0000000086a00000| Complete 
| 107|0x0000000086b00000, 0x0000000086c00000, 0x0000000086c00000|100%| O|  |TAMS 0x0000000086c00000, 0x0000000086b00000| Untracked 
| 108|0x0000000086c00000, 0x0000000086d00000, 0x0000000086d00000|100%| O|  |TAMS 0x0000000086d00000, 0x0000000086c00000| Untracked 
| 109|0x0000000086d00000, 0x0000000086e00000, 0x0000000086e00000|100%| O|  |TAMS 0x0000000086e00000, 0x0000000086d00000| Untracked 
| 110|0x0000000086e00000, 0x0000000086f00000, 0x0000000086f00000|100%| O|  |TAMS 0x0000000086f00000, 0x0000000086e00000| Untracked 
| 111|0x0000000086f00000, 0x0000000087000000, 0x0000000087000000|100%|HS|  |TAMS 0x0000000087000000, 0x0000000086f00000| Complete 
| 112|0x0000000087000000, 0x0000000087100000, 0x0000000087100000|100%|HC|  |TAMS 0x0000000087100000, 0x0000000087000000| Complete 
| 113|0x0000000087100000, 0x0000000087200000, 0x0000000087200000|100%|HC|  |TAMS 0x0000000087200000, 0x0000000087100000| Complete 
| 114|0x0000000087200000, 0x0000000087300000, 0x0000000087300000|100%|HS|  |TAMS 0x0000000087300000, 0x0000000087200000| Complete 
| 115|0x0000000087300000, 0x0000000087400000, 0x0000000087400000|100%| O|  |TAMS 0x0000000087400000, 0x0000000087300000| Untracked 
| 116|0x0000000087400000, 0x0000000087500000, 0x0000000087500000|100%|HS|  |TAMS 0x0000000087500000, 0x0000000087400000| Complete 
| 117|0x0000000087500000, 0x0000000087600000, 0x0000000087600000|100%|HC|  |TAMS 0x0000000087600000, 0x0000000087500000| Complete 
| 118|0x0000000087600000, 0x0000000087700000, 0x0000000087700000|100%| O|  |TAMS 0x0000000087700000, 0x0000000087600000| Untracked 
| 119|0x0000000087700000, 0x0000000087800000, 0x0000000087800000|100%| O|  |TAMS 0x0000000087800000, 0x0000000087700000| Untracked 
| 120|0x0000000087800000, 0x0000000087900000, 0x0000000087900000|100%|HS|  |TAMS 0x0000000087900000, 0x0000000087800000| Complete 
| 121|0x0000000087900000, 0x0000000087a00000, 0x0000000087a00000|100%|HC|  |TAMS 0x0000000087a00000, 0x0000000087900000| Complete 
| 122|0x0000000087a00000, 0x0000000087b00000, 0x0000000087b00000|100%| O|  |TAMS 0x0000000087b00000, 0x0000000087a00000| Untracked 
| 123|0x0000000087b00000, 0x0000000087c00000, 0x0000000087c00000|100%| O|  |TAMS 0x0000000087c00000, 0x0000000087b00000| Untracked 
| 124|0x0000000087c00000, 0x0000000087d00000, 0x0000000087d00000|100%| O|  |TAMS 0x0000000087d00000, 0x0000000087c00000| Untracked 
| 125|0x0000000087d00000, 0x0000000087e00000, 0x0000000087e00000|100%|HS|  |TAMS 0x0000000087e00000, 0x0000000087d00000| Complete 
| 126|0x0000000087e00000, 0x0000000087f00000, 0x0000000087f00000|100%|HC|  |TAMS 0x0000000087f00000, 0x0000000087e00000| Complete 
| 127|0x0000000087f00000, 0x0000000088000000, 0x0000000088000000|100%|HC|  |TAMS 0x0000000088000000, 0x0000000087f00000| Complete 
| 128|0x0000000088000000, 0x0000000088100000, 0x0000000088100000|100%|HS|  |TAMS 0x0000000088100000, 0x0000000088000000| Complete 
| 129|0x0000000088100000, 0x0000000088200000, 0x0000000088200000|100%| O|  |TAMS 0x0000000088200000, 0x0000000088100000| Untracked 
| 130|0x0000000088200000, 0x0000000088300000, 0x0000000088300000|100%| O|  |TAMS 0x0000000088300000, 0x0000000088200000| Untracked 
| 131|0x0000000088300000, 0x0000000088400000, 0x0000000088400000|100%| O|  |TAMS 0x0000000088400000, 0x0000000088300000| Untracked 
| 132|0x0000000088400000, 0x0000000088500000, 0x0000000088500000|100%| O|  |TAMS 0x0000000088500000, 0x0000000088400000| Untracked 
| 133|0x0000000088500000, 0x0000000088600000, 0x0000000088600000|100%| O|  |TAMS 0x0000000088600000, 0x0000000088500000| Untracked 
| 134|0x0000000088600000, 0x0000000088700000, 0x0000000088700000|100%| O|  |TAMS 0x0000000088700000, 0x0000000088600000| Untracked 
| 135|0x0000000088700000, 0x0000000088800000, 0x0000000088800000|100%| O|  |TAMS 0x0000000088800000, 0x0000000088700000| Untracked 
| 136|0x0000000088800000, 0x0000000088900000, 0x0000000088900000|100%| O|  |TAMS 0x0000000088900000, 0x0000000088800000| Untracked 
| 137|0x0000000088900000, 0x0000000088a00000, 0x0000000088a00000|100%| O|  |TAMS 0x0000000088a00000, 0x0000000088900000| Untracked 
| 138|0x0000000088a00000, 0x0000000088b00000, 0x0000000088b00000|100%| O|  |TAMS 0x0000000088b00000, 0x0000000088a00000| Untracked 
| 139|0x0000000088b00000, 0x0000000088c00000, 0x0000000088c00000|100%| O|  |TAMS 0x0000000088c00000, 0x0000000088b00000| Untracked 
| 140|0x0000000088c00000, 0x0000000088d00000, 0x0000000088d00000|100%| O|  |TAMS 0x0000000088d00000, 0x0000000088c00000| Untracked 
| 141|0x0000000088d00000, 0x0000000088e00000, 0x0000000088e00000|100%| O|  |TAMS 0x0000000088e00000, 0x0000000088d00000| Untracked 
| 142|0x0000000088e00000, 0x0000000088f00000, 0x0000000088f00000|100%| O|  |TAMS 0x0000000088f00000, 0x0000000088e00000| Untracked 
| 143|0x0000000088f00000, 0x0000000089000000, 0x0000000089000000|100%| O|  |TAMS 0x0000000089000000, 0x0000000088f00000| Untracked 
| 144|0x0000000089000000, 0x0000000089100000, 0x0000000089100000|100%| O|  |TAMS 0x0000000089100000, 0x0000000089000000| Untracked 
| 145|0x0000000089100000, 0x0000000089200000, 0x0000000089200000|100%| O|  |TAMS 0x0000000089200000, 0x0000000089100000| Untracked 
| 146|0x0000000089200000, 0x0000000089300000, 0x0000000089300000|100%| O|  |TAMS 0x0000000089300000, 0x0000000089200000| Untracked 
| 147|0x0000000089300000, 0x0000000089400000, 0x0000000089400000|100%| O|  |TAMS 0x0000000089400000, 0x0000000089300000| Untracked 
| 148|0x0000000089400000, 0x0000000089500000, 0x0000000089500000|100%| O|  |TAMS 0x0000000089500000, 0x0000000089400000| Untracked 
| 149|0x0000000089500000, 0x0000000089600000, 0x0000000089600000|100%| O|  |TAMS 0x0000000089600000, 0x0000000089500000| Untracked 
| 150|0x0000000089600000, 0x0000000089700000, 0x0000000089700000|100%| O|  |TAMS 0x0000000089700000, 0x0000000089600000| Untracked 
| 151|0x0000000089700000, 0x0000000089800000, 0x0000000089800000|100%| O|  |TAMS 0x0000000089800000, 0x0000000089700000| Untracked 
| 152|0x0000000089800000, 0x0000000089900000, 0x0000000089900000|100%| O|  |TAMS 0x0000000089900000, 0x0000000089800000| Untracked 
| 153|0x0000000089900000, 0x0000000089a00000, 0x0000000089a00000|100%| O|  |TAMS 0x0000000089a00000, 0x0000000089900000| Untracked 
| 154|0x0000000089a00000, 0x0000000089b00000, 0x0000000089b00000|100%| O|  |TAMS 0x0000000089b00000, 0x0000000089a00000| Untracked 
| 155|0x0000000089b00000, 0x0000000089c00000, 0x0000000089c00000|100%| O|  |TAMS 0x0000000089c00000, 0x0000000089b00000| Untracked 
| 156|0x0000000089c00000, 0x0000000089d00000, 0x0000000089d00000|100%| O|  |TAMS 0x0000000089d00000, 0x0000000089c00000| Untracked 
| 157|0x0000000089d00000, 0x0000000089e00000, 0x0000000089e00000|100%| O|  |TAMS 0x0000000089e00000, 0x0000000089d00000| Untracked 
| 158|0x0000000089e00000, 0x0000000089f00000, 0x0000000089f00000|100%| O|  |TAMS 0x0000000089f00000, 0x0000000089e00000| Untracked 
| 159|0x0000000089f00000, 0x000000008a000000, 0x000000008a000000|100%| O|  |TAMS 0x000000008a000000, 0x0000000089f00000| Untracked 
| 160|0x000000008a000000, 0x000000008a100000, 0x000000008a100000|100%| O|  |TAMS 0x000000008a100000, 0x000000008a000000| Untracked 
| 161|0x000000008a100000, 0x000000008a200000, 0x000000008a200000|100%| O|  |TAMS 0x000000008a200000, 0x000000008a100000| Untracked 
| 162|0x000000008a200000, 0x000000008a300000, 0x000000008a300000|100%| O|  |TAMS 0x000000008a300000, 0x000000008a200000| Untracked 
| 163|0x000000008a300000, 0x000000008a400000, 0x000000008a400000|100%| O|  |TAMS 0x000000008a400000, 0x000000008a300000| Untracked 
| 164|0x000000008a400000, 0x000000008a500000, 0x000000008a500000|100%| O|  |TAMS 0x000000008a500000, 0x000000008a400000| Untracked 
| 165|0x000000008a500000, 0x000000008a600000, 0x000000008a600000|100%| O|  |TAMS 0x000000008a600000, 0x000000008a500000| Untracked 
| 166|0x000000008a600000, 0x000000008a700000, 0x000000008a700000|100%| O|  |TAMS 0x000000008a700000, 0x000000008a600000| Untracked 
| 167|0x000000008a700000, 0x000000008a800000, 0x000000008a800000|100%| O|  |TAMS 0x000000008a800000, 0x000000008a700000| Untracked 
| 168|0x000000008a800000, 0x000000008a900000, 0x000000008a900000|100%| O|  |TAMS 0x000000008a900000, 0x000000008a800000| Untracked 
| 169|0x000000008a900000, 0x000000008aa00000, 0x000000008aa00000|100%| O|  |TAMS 0x000000008aa00000, 0x000000008a900000| Untracked 
| 170|0x000000008aa00000, 0x000000008ab00000, 0x000000008ab00000|100%| O|  |TAMS 0x000000008ab00000, 0x000000008aa00000| Untracked 
| 171|0x000000008ab00000, 0x000000008ac00000, 0x000000008ac00000|100%| O|  |TAMS 0x000000008ab80000, 0x000000008ab00000| Untracked 
| 172|0x000000008ac00000, 0x000000008ad00000, 0x000000008ad00000|100%| O|  |TAMS 0x000000008ac00000, 0x000000008ac00000| Untracked 
| 173|0x000000008ad00000, 0x000000008ae00000, 0x000000008ae00000|100%| O|  |TAMS 0x000000008ad00000, 0x000000008ad00000| Untracked 
| 174|0x000000008ae00000, 0x000000008af00000, 0x000000008af00000|100%| O|  |TAMS 0x000000008ae00000, 0x000000008ae00000| Untracked 
| 175|0x000000008af00000, 0x000000008b000000, 0x000000008b000000|100%| O|  |TAMS 0x000000008af00000, 0x000000008af00000| Untracked 
| 176|0x000000008b000000, 0x000000008b100000, 0x000000008b100000|100%| O|  |TAMS 0x000000008b000000, 0x000000008b000000| Untracked 
| 177|0x000000008b100000, 0x000000008b200000, 0x000000008b200000|100%| O|  |TAMS 0x000000008b100000, 0x000000008b100000| Untracked 
| 178|0x000000008b200000, 0x000000008b300000, 0x000000008b300000|100%| O|  |TAMS 0x000000008b200000, 0x000000008b200000| Untracked 
| 179|0x000000008b300000, 0x000000008b400000, 0x000000008b400000|100%| O|  |TAMS 0x000000008b300000, 0x000000008b300000| Untracked 
| 180|0x000000008b400000, 0x000000008b500000, 0x000000008b500000|100%| O|  |TAMS 0x000000008b400000, 0x000000008b400000| Untracked 
| 181|0x000000008b500000, 0x000000008b600000, 0x000000008b600000|100%| O|  |TAMS 0x000000008b500000, 0x000000008b500000| Untracked 
| 182|0x000000008b600000, 0x000000008b700000, 0x000000008b700000|100%| O|  |TAMS 0x000000008b600000, 0x000000008b600000| Untracked 
| 183|0x000000008b700000, 0x000000008b800000, 0x000000008b800000|100%| O|  |TAMS 0x000000008b700000, 0x000000008b700000| Untracked 
| 184|0x000000008b800000, 0x000000008b900000, 0x000000008b900000|100%| O|  |TAMS 0x000000008b800000, 0x000000008b800000| Untracked 
| 185|0x000000008b900000, 0x000000008ba00000, 0x000000008ba00000|100%| O|  |TAMS 0x000000008b900000, 0x000000008b900000| Untracked 
| 186|0x000000008ba00000, 0x000000008bb00000, 0x000000008bb00000|100%| O|  |TAMS 0x000000008ba00000, 0x000000008ba00000| Untracked 
| 187|0x000000008bb00000, 0x000000008bc00000, 0x000000008bc00000|100%| O|  |TAMS 0x000000008bb00000, 0x000000008bb00000| Untracked 
| 188|0x000000008bc00000, 0x000000008bd00000, 0x000000008bd00000|100%| O|  |TAMS 0x000000008bc00000, 0x000000008bc00000| Untracked 
| 189|0x000000008bd00000, 0x000000008be00000, 0x000000008be00000|100%| O|  |TAMS 0x000000008bd00000, 0x000000008bd00000| Untracked 
| 190|0x000000008be00000, 0x000000008bf00000, 0x000000008bf00000|100%| O|  |TAMS 0x000000008be00000, 0x000000008be00000| Untracked 
| 191|0x000000008bf00000, 0x000000008c000000, 0x000000008c000000|100%| O|  |TAMS 0x000000008bf00000, 0x000000008bf00000| Untracked 
| 192|0x000000008c000000, 0x000000008c100000, 0x000000008c100000|100%| O|  |TAMS 0x000000008c000000, 0x000000008c000000| Untracked 
| 193|0x000000008c100000, 0x000000008c200000, 0x000000008c200000|100%| O|  |TAMS 0x000000008c100000, 0x000000008c100000| Untracked 
| 194|0x000000008c200000, 0x000000008c300000, 0x000000008c300000|100%| O|  |TAMS 0x000000008c200000, 0x000000008c200000| Untracked 
| 195|0x000000008c300000, 0x000000008c400000, 0x000000008c400000|100%| O|  |TAMS 0x000000008c300000, 0x000000008c300000| Untracked 
| 196|0x000000008c400000, 0x000000008c500000, 0x000000008c500000|100%| O|  |TAMS 0x000000008c400000, 0x000000008c400000| Untracked 
| 197|0x000000008c500000, 0x000000008c600000, 0x000000008c600000|100%| O|  |TAMS 0x000000008c500000, 0x000000008c500000| Untracked 
| 198|0x000000008c600000, 0x000000008c700000, 0x000000008c700000|100%| O|  |TAMS 0x000000008c600000, 0x000000008c600000| Untracked 
| 199|0x000000008c700000, 0x000000008c800000, 0x000000008c800000|100%| O|  |TAMS 0x000000008c700000, 0x000000008c700000| Untracked 
| 200|0x000000008c800000, 0x000000008c900000, 0x000000008c900000|100%| O|  |TAMS 0x000000008c800000, 0x000000008c800000| Untracked 
| 201|0x000000008c900000, 0x000000008ca00000, 0x000000008ca00000|100%| O|  |TAMS 0x000000008c900000, 0x000000008c900000| Untracked 
| 202|0x000000008ca00000, 0x000000008cb00000, 0x000000008cb00000|100%| O|  |TAMS 0x000000008ca00000, 0x000000008ca00000| Untracked 
| 203|0x000000008cb00000, 0x000000008cc00000, 0x000000008cc00000|100%| O|  |TAMS 0x000000008cb00000, 0x000000008cb00000| Untracked 
| 204|0x000000008cc00000, 0x000000008cd00000, 0x000000008cd00000|100%| O|  |TAMS 0x000000008cc00000, 0x000000008cc00000| Untracked 
| 205|0x000000008cd00000, 0x000000008cd80000, 0x000000008ce00000| 50%| O|  |TAMS 0x000000008cd00000, 0x000000008cd00000| Untracked 
| 206|0x000000008ce00000, 0x000000008ce00000, 0x000000008cf00000|  0%| F|  |TAMS 0x000000008ce00000, 0x000000008ce00000| Untracked 
| 207|0x000000008cf00000, 0x000000008cf00000, 0x000000008d000000|  0%| F|  |TAMS 0x000000008cf00000, 0x000000008cf00000| Untracked 
| 208|0x000000008d000000, 0x000000008d000000, 0x000000008d100000|  0%| F|  |TAMS 0x000000008d000000, 0x000000008d000000| Untracked 
| 209|0x000000008d100000, 0x000000008d100000, 0x000000008d200000|  0%| F|  |TAMS 0x000000008d100000, 0x000000008d100000| Untracked 
| 210|0x000000008d200000, 0x000000008d200000, 0x000000008d300000|  0%| F|  |TAMS 0x000000008d200000, 0x000000008d200000| Untracked 
| 211|0x000000008d300000, 0x000000008d300000, 0x000000008d400000|  0%| F|  |TAMS 0x000000008d300000, 0x000000008d300000| Untracked 
| 212|0x000000008d400000, 0x000000008d400000, 0x000000008d500000|  0%| F|  |TAMS 0x000000008d400000, 0x000000008d400000| Untracked 
| 213|0x000000008d500000, 0x000000008d500000, 0x000000008d600000|  0%| F|  |TAMS 0x000000008d500000, 0x000000008d500000| Untracked 
| 214|0x000000008d600000, 0x000000008d600000, 0x000000008d700000|  0%| F|  |TAMS 0x000000008d600000, 0x000000008d600000| Untracked 
| 215|0x000000008d700000, 0x000000008d700000, 0x000000008d800000|  0%| F|  |TAMS 0x000000008d700000, 0x000000008d700000| Untracked 
| 216|0x000000008d800000, 0x000000008d800000, 0x000000008d900000|  0%| F|  |TAMS 0x000000008d800000, 0x000000008d800000| Untracked 
| 217|0x000000008d900000, 0x000000008d900000, 0x000000008da00000|  0%| F|  |TAMS 0x000000008d900000, 0x000000008d900000| Untracked 
| 218|0x000000008da00000, 0x000000008da00000, 0x000000008db00000|  0%| F|  |TAMS 0x000000008da00000, 0x000000008da00000| Untracked 
| 219|0x000000008db00000, 0x000000008db00000, 0x000000008dc00000|  0%| F|  |TAMS 0x000000008db00000, 0x000000008db00000| Untracked 
| 220|0x000000008dc00000, 0x000000008dc00000, 0x000000008dd00000|  0%| F|  |TAMS 0x000000008dc00000, 0x000000008dc00000| Untracked 
| 221|0x000000008dd00000, 0x000000008dd00000, 0x000000008de00000|  0%| F|  |TAMS 0x000000008dd00000, 0x000000008dd00000| Untracked 
| 222|0x000000008de00000, 0x000000008de00000, 0x000000008df00000|  0%| F|  |TAMS 0x000000008de00000, 0x000000008de00000| Untracked 
| 223|0x000000008df00000, 0x000000008df00000, 0x000000008e000000|  0%| F|  |TAMS 0x000000008df00000, 0x000000008df00000| Untracked 
| 224|0x000000008e000000, 0x000000008e000000, 0x000000008e100000|  0%| F|  |TAMS 0x000000008e000000, 0x000000008e000000| Untracked 
| 225|0x000000008e100000, 0x000000008e100000, 0x000000008e200000|  0%| F|  |TAMS 0x000000008e100000, 0x000000008e100000| Untracked 
| 226|0x000000008e200000, 0x000000008e200000, 0x000000008e300000|  0%| F|  |TAMS 0x000000008e200000, 0x000000008e200000| Untracked 
| 227|0x000000008e300000, 0x000000008e300000, 0x000000008e400000|  0%| F|  |TAMS 0x000000008e300000, 0x000000008e300000| Untracked 
| 228|0x000000008e400000, 0x000000008e400000, 0x000000008e500000|  0%| F|  |TAMS 0x000000008e400000, 0x000000008e400000| Untracked 
| 229|0x000000008e500000, 0x000000008e500000, 0x000000008e600000|  0%| F|  |TAMS 0x000000008e500000, 0x000000008e500000| Untracked 
| 230|0x000000008e600000, 0x000000008e600000, 0x000000008e700000|  0%| F|  |TAMS 0x000000008e600000, 0x000000008e600000| Untracked 
| 231|0x000000008e700000, 0x000000008e700000, 0x000000008e800000|  0%| F|  |TAMS 0x000000008e700000, 0x000000008e700000| Untracked 
| 232|0x000000008e800000, 0x000000008e800000, 0x000000008e900000|  0%| F|  |TAMS 0x000000008e800000, 0x000000008e800000| Untracked 
| 233|0x000000008e900000, 0x000000008e900000, 0x000000008ea00000|  0%| F|  |TAMS 0x000000008e900000, 0x000000008e900000| Untracked 
| 234|0x000000008ea00000, 0x000000008eb00000, 0x000000008eb00000|100%| O|  |TAMS 0x000000008eb00000, 0x000000008ea00000| Untracked 
| 235|0x000000008eb00000, 0x000000008ec00000, 0x000000008ec00000|100%| O|  |TAMS 0x000000008ec00000, 0x000000008eb00000| Untracked 
| 236|0x000000008ec00000, 0x000000008ed00000, 0x000000008ed00000|100%| O|  |TAMS 0x000000008ed00000, 0x000000008ec00000| Untracked 
| 237|0x000000008ed00000, 0x000000008ed00000, 0x000000008ee00000|  0%| F|  |TAMS 0x000000008ed00000, 0x000000008ed00000| Untracked 
| 238|0x000000008ee00000, 0x000000008ee00000, 0x000000008ef00000|  0%| F|  |TAMS 0x000000008ee00000, 0x000000008ee00000| Untracked 
| 239|0x000000008ef00000, 0x000000008ef00000, 0x000000008f000000|  0%| F|  |TAMS 0x000000008ef00000, 0x000000008ef00000| Untracked 
| 240|0x000000008f000000, 0x000000008f000000, 0x000000008f100000|  0%| F|  |TAMS 0x000000008f000000, 0x000000008f000000| Untracked 
| 241|0x000000008f100000, 0x000000008f100000, 0x000000008f200000|  0%| F|  |TAMS 0x000000008f100000, 0x000000008f100000| Untracked 
| 242|0x000000008f200000, 0x000000008f200000, 0x000000008f300000|  0%| F|  |TAMS 0x000000008f200000, 0x000000008f200000| Untracked 
| 243|0x000000008f300000, 0x000000008f300000, 0x000000008f400000|  0%| F|  |TAMS 0x000000008f300000, 0x000000008f300000| Untracked 
| 244|0x000000008f400000, 0x000000008f400000, 0x000000008f500000|  0%| F|  |TAMS 0x000000008f400000, 0x000000008f400000| Untracked 
| 245|0x000000008f500000, 0x000000008f500000, 0x000000008f600000|  0%| F|  |TAMS 0x000000008f500000, 0x000000008f500000| Untracked 
| 246|0x000000008f600000, 0x000000008f600000, 0x000000008f700000|  0%| F|  |TAMS 0x000000008f600000, 0x000000008f600000| Untracked 
| 247|0x000000008f700000, 0x000000008f700000, 0x000000008f800000|  0%| F|  |TAMS 0x000000008f700000, 0x000000008f700000| Untracked 
| 248|0x000000008f800000, 0x000000008f800000, 0x000000008f900000|  0%| F|  |TAMS 0x000000008f800000, 0x000000008f800000| Untracked 
| 249|0x000000008f900000, 0x000000008f900000, 0x000000008fa00000|  0%| F|  |TAMS 0x000000008f900000, 0x000000008f900000| Untracked 
| 250|0x000000008fa00000, 0x000000008fa00000, 0x000000008fb00000|  0%| F|  |TAMS 0x000000008fa00000, 0x000000008fa00000| Untracked 
| 251|0x000000008fb00000, 0x000000008fb00000, 0x000000008fc00000|  0%| F|  |TAMS 0x000000008fb00000, 0x000000008fb00000| Untracked 
| 252|0x000000008fc00000, 0x000000008fc00000, 0x000000008fd00000|  0%| F|  |TAMS 0x000000008fc00000, 0x000000008fc00000| Untracked 
| 253|0x000000008fd00000, 0x000000008fd00000, 0x000000008fe00000|  0%| F|  |TAMS 0x000000008fd00000, 0x000000008fd00000| Untracked 
| 254|0x000000008fe00000, 0x000000008fe00000, 0x000000008ff00000|  0%| F|  |TAMS 0x000000008fe00000, 0x000000008fe00000| Untracked 
| 255|0x000000008ff00000, 0x000000008ff00000, 0x0000000090000000|  0%| F|  |TAMS 0x000000008ff00000, 0x000000008ff00000| Untracked 
| 256|0x0000000090000000, 0x0000000090000000, 0x0000000090100000|  0%| F|  |TAMS 0x0000000090000000, 0x0000000090000000| Untracked 
| 257|0x0000000090100000, 0x0000000090100000, 0x0000000090200000|  0%| F|  |TAMS 0x0000000090100000, 0x0000000090100000| Untracked 
| 258|0x0000000090200000, 0x0000000090200000, 0x0000000090300000|  0%| F|  |TAMS 0x0000000090200000, 0x0000000090200000| Untracked 
| 259|0x0000000090300000, 0x0000000090300000, 0x0000000090400000|  0%| F|  |TAMS 0x0000000090300000, 0x0000000090300000| Untracked 
| 260|0x0000000090400000, 0x0000000090400000, 0x0000000090500000|  0%| F|  |TAMS 0x0000000090400000, 0x0000000090400000| Untracked 
| 261|0x0000000090500000, 0x0000000090500000, 0x0000000090600000|  0%| F|  |TAMS 0x0000000090500000, 0x0000000090500000| Untracked 
| 262|0x0000000090600000, 0x0000000090600000, 0x0000000090700000|  0%| F|  |TAMS 0x0000000090600000, 0x0000000090600000| Untracked 
| 263|0x0000000090700000, 0x0000000090700000, 0x0000000090800000|  0%| F|  |TAMS 0x0000000090700000, 0x0000000090700000| Untracked 
| 264|0x0000000090800000, 0x0000000090800000, 0x0000000090900000|  0%| F|  |TAMS 0x0000000090800000, 0x0000000090800000| Untracked 
| 265|0x0000000090900000, 0x0000000090900000, 0x0000000090a00000|  0%| F|  |TAMS 0x0000000090900000, 0x0000000090900000| Untracked 
| 266|0x0000000090a00000, 0x0000000090a00000, 0x0000000090b00000|  0%| F|  |TAMS 0x0000000090a00000, 0x0000000090a00000| Untracked 
| 267|0x0000000090b00000, 0x0000000090c00000, 0x0000000090c00000|100%| S|CS|TAMS 0x0000000090b00000, 0x0000000090b00000| Complete 
| 268|0x0000000090c00000, 0x0000000090d00000, 0x0000000090d00000|100%| S|CS|TAMS 0x0000000090c00000, 0x0000000090c00000| Complete 
| 269|0x0000000090d00000, 0x0000000090e00000, 0x0000000090e00000|100%| S|CS|TAMS 0x0000000090d00000, 0x0000000090d00000| Complete 
| 270|0x0000000090e00000, 0x0000000090e00000, 0x0000000090f00000|  0%| F|  |TAMS 0x0000000090e00000, 0x0000000090e00000| Untracked 
| 271|0x0000000090f00000, 0x0000000090f00000, 0x0000000091000000|  0%| F|  |TAMS 0x0000000090f00000, 0x0000000090f00000| Untracked 
| 272|0x0000000091000000, 0x0000000091000000, 0x0000000091100000|  0%| F|  |TAMS 0x0000000091000000, 0x0000000091000000| Untracked 
| 273|0x0000000091100000, 0x0000000091100000, 0x0000000091200000|  0%| F|  |TAMS 0x0000000091100000, 0x0000000091100000| Untracked 
| 274|0x0000000091200000, 0x0000000091200000, 0x0000000091300000|  0%| F|  |TAMS 0x0000000091200000, 0x0000000091200000| Untracked 
| 275|0x0000000091300000, 0x0000000091300000, 0x0000000091400000|  0%| F|  |TAMS 0x0000000091300000, 0x0000000091300000| Untracked 
| 276|0x0000000091400000, 0x0000000091400000, 0x0000000091500000|  0%| F|  |TAMS 0x0000000091400000, 0x0000000091400000| Untracked 
| 277|0x0000000091500000, 0x0000000091500000, 0x0000000091600000|  0%| F|  |TAMS 0x0000000091500000, 0x0000000091500000| Untracked 
| 278|0x0000000091600000, 0x0000000091600000, 0x0000000091700000|  0%| F|  |TAMS 0x0000000091600000, 0x0000000091600000| Untracked 
| 279|0x0000000091700000, 0x0000000091700000, 0x0000000091800000|  0%| F|  |TAMS 0x0000000091700000, 0x0000000091700000| Untracked 
| 280|0x0000000091800000, 0x0000000091800000, 0x0000000091900000|  0%| F|  |TAMS 0x0000000091800000, 0x0000000091800000| Untracked 
| 281|0x0000000091900000, 0x0000000091900000, 0x0000000091a00000|  0%| F|  |TAMS 0x0000000091900000, 0x0000000091900000| Untracked 
| 282|0x0000000091a00000, 0x0000000091a00000, 0x0000000091b00000|  0%| F|  |TAMS 0x0000000091a00000, 0x0000000091a00000| Untracked 
| 283|0x0000000091b00000, 0x0000000091b00000, 0x0000000091c00000|  0%| F|  |TAMS 0x0000000091b00000, 0x0000000091b00000| Untracked 
| 284|0x0000000091c00000, 0x0000000091c00000, 0x0000000091d00000|  0%| F|  |TAMS 0x0000000091c00000, 0x0000000091c00000| Untracked 

Card table byte_map: [0x00000233eef00000,0x00000233ef300000] _byte_map_base: 0x00000233eeb00000

Marking Bits (Prev, Next): (CMBitMap*) 0x00000233da48c0b8, (CMBitMap*) 0x00000233da48c0f0
 Prev Bits: [0x00000233ef700000, 0x00000233f1700000)
 Next Bits: [0x00000233f1700000, 0x00000233f3700000)

Polling page: 0x00000233da200000

Metaspace:

Usage:
  Non-class:     93.70 MB capacity,    91.93 MB ( 98%) used,     1.46 MB (  2%) free+waste,   312.69 KB ( <1%) overhead. 
      Class:     14.17 MB capacity,    13.26 MB ( 94%) used,   796.11 KB (  5%) free+waste,   137.06 KB ( <1%) overhead. 
       Both:    107.87 MB capacity,   105.19 MB ( 98%) used,     2.24 MB (  2%) free+waste,   449.75 KB ( <1%) overhead. 

Virtual space:
  Non-class space:       94.00 MB reserved,      93.92 MB (>99%) committed 
      Class space:        1.00 GB reserved,      14.25 MB (  1%) committed 
             Both:        1.09 GB reserved,     108.17 MB ( 10%) committed 

Chunk freelists:
   Non-Class:  40.00 KB
       Class:  13.00 KB
        Both:  53.00 KB

MaxMetaspaceSize: 17179869184.00 GB
CompressedClassSpaceSize: 1.00 GB
Initial GC threshold: 20.80 MB
Current GC threshold: 176.75 MB
CDS: off

CodeHeap 'non-profiled nmethods': size=120064Kb used=11754Kb max_used=11754Kb free=108309Kb
 bounds [0x00000233e71c0000, 0x00000233e7d40000, 0x00000233ee700000]
CodeHeap 'profiled nmethods': size=120000Kb used=36702Kb max_used=36702Kb free=83297Kb
 bounds [0x00000233dfc90000, 0x00000233e2070000, 0x00000233e71c0000]
CodeHeap 'non-nmethods': size=5696Kb used=2417Kb max_used=2475Kb free=3278Kb
 bounds [0x00000233df700000, 0x00000233df980000, 0x00000233dfc90000]
 total_blobs=16985 nmethods=16046 adapters=849
 compilation: enabled
              stopped_count=0, restarted_count=0
 full_count=0

Compilation events (20 events):
Event: 385.042 Thread 0x00000233f5b56800 nmethod 17069 0x00000233e7d39690 code [0x00000233e7d398a0, 0x00000233e7d3a4e8]
Event: 385.042 Thread 0x00000233f5b56800 17070       4       com.android.tools.r8.internal.gr::f (97 bytes)
Event: 385.221 Thread 0x00000233f64bb800 17075       2       com.android.tools.r8.internal.qr::d (11 bytes)
Event: 385.222 Thread 0x00000233f64bb800 nmethod 17075 0x00000233e2066410 code [0x00000233e20665c0, 0x00000233e2066818]
Event: 385.222 Thread 0x00000233f64bb800 17076       2       com.android.tools.r8.internal.J0::iterator (5 bytes)
Event: 385.223 Thread 0x00000233f64bb800 nmethod 17076 0x00000233e2066910 code [0x00000233e2066ac0, 0x00000233e2066be8]
Event: 385.299 Thread 0x00000233f64bb800 17078       2       com.android.tools.r8.internal.ir$$Lambda$1186/0x0000000100e26840::test (12 bytes)
Event: 385.300 Thread 0x00000233f64bb800 nmethod 17078 0x00000233e2066c90 code [0x00000233e2066e40, 0x00000233e2066fa8]
Event: 385.300 Thread 0x00000233f64bb800 17079       2       com.android.tools.r8.internal.hr$$Lambda$1185/0x0000000100e27440::accept (16 bytes)
Event: 385.301 Thread 0x00000233f64bb800 nmethod 17079 0x00000233e2067110 code [0x00000233e20672e0, 0x00000233e2067478]
Event: 385.301 Thread 0x00000233f64bb800 17080       2       com.android.tools.r8.graph.Z$$Lambda$1184/0x0000000100e27040::accept (16 bytes)
Event: 385.301 Thread 0x00000233f64bb800 nmethod 17080 0x00000233e2067590 code [0x00000233e2067760, 0x00000233e2067958]
Event: 385.301 Thread 0x00000233f64bb800 17081       2       com.android.tools.r8.internal.S8$$Lambda$1183/0x0000000100e27c40::accept (20 bytes)
Event: 385.302 Thread 0x00000233f64bb800 nmethod 17081 0x00000233e2067a90 code [0x00000233e2067c40, 0x00000233e2067da8]
Event: 385.302 Thread 0x00000233f64bb800 17082       2       com.android.tools.r8.internal.S8::a (41 bytes)
Event: 385.302 Thread 0x00000233f64bb800 nmethod 17082 0x00000233e2067e90 code [0x00000233e2068040, 0x00000233e2068238]
Event: 385.303 Thread 0x00000233f64bb800 17083       2       com.android.tools.r8.internal.S8::a (192 bytes)
Event: 385.306 Thread 0x00000233f64bb800 nmethod 17083 0x00000233e2068410 code [0x00000233e2068680, 0x00000233e2068d58]
Event: 385.307 Thread 0x00000233f64bb800 17085       2       com.android.tools.r8.internal.S8::a (17 bytes)
Event: 385.309 Thread 0x00000233f64bb800 nmethod 17085 0x00000233e2069210 code [0x00000233e2069420, 0x00000233e2069a58]

GC Heap History (20 events):
Event: 368.702 GC heap after
{Heap after GC invocations=99 (full 1):
 garbage-first heap   total 242688K, used 151713K [0x0000000080000000, 0x0000000100000000)
  region size 1024K, 10 young (10240K), 10 survivors (10240K)
 Metaspace       used 103611K, capacity 106168K, committed 106416K, reserved 1142784K
  class space    used 12851K, capacity 13737K, committed 13824K, reserved 1048576K
}
Event: 368.708 GC heap before
{Heap before GC invocations=99 (full 1):
 garbage-first heap   total 242688K, used 151713K [0x0000000080000000, 0x0000000100000000)
  region size 1024K, 11 young (11264K), 10 survivors (10240K)
 Metaspace       used 103611K, capacity 106168K, committed 106416K, reserved 1142784K
  class space    used 12851K, capacity 13737K, committed 13824K, reserved 1048576K
}
Event: 368.780 GC heap after
{Heap after GC invocations=100 (full 1):
 garbage-first heap   total 242688K, used 148558K [0x0000000080000000, 0x0000000100000000)
  region size 1024K, 1 young (1024K), 1 survivors (1024K)
 Metaspace       used 103611K, capacity 106168K, committed 106416K, reserved 1142784K
  class space    used 12851K, capacity 13737K, committed 13824K, reserved 1048576K
}
Event: 371.910 GC heap before
{Heap before GC invocations=100 (full 1):
 garbage-first heap   total 242688K, used 188494K [0x0000000080000000, 0x0000000100000000)
  region size 1024K, 41 young (41984K), 1 survivors (1024K)
 Metaspace       used 105877K, capacity 108480K, committed 108592K, reserved 1144832K
  class space    used 13312K, capacity 14206K, committed 14208K, reserved 1048576K
}
Event: 372.126 GC heap after
{Heap after GC invocations=101 (full 1):
 garbage-first heap   total 242688K, used 165454K [0x0000000080000000, 0x0000000100000000)
  region size 1024K, 6 young (6144K), 6 survivors (6144K)
 Metaspace       used 105877K, capacity 108480K, committed 108592K, reserved 1144832K
  class space    used 13312K, capacity 14206K, committed 14208K, reserved 1048576K
}
Event: 373.811 GC heap before
{Heap before GC invocations=102 (full 1):
 garbage-first heap   total 242688K, used 169550K [0x0000000080000000, 0x0000000100000000)
  region size 1024K, 11 young (11264K), 6 survivors (6144K)
 Metaspace       used 105878K, capacity 108480K, committed 108592K, reserved 1144832K
  class space    used 13313K, capacity 14206K, committed 14208K, reserved 1048576K
}
Event: 373.971 GC heap after
{Heap after GC invocations=103 (full 1):
 garbage-first heap   total 242688K, used 168014K [0x0000000080000000, 0x0000000100000000)
  region size 1024K, 2 young (2048K), 2 survivors (2048K)
 Metaspace       used 105878K, capacity 108480K, committed 108592K, reserved 1144832K
  class space    used 13313K, capacity 14206K, committed 14208K, reserved 1048576K
}
Event: 374.333 GC heap before
{Heap before GC invocations=103 (full 1):
 garbage-first heap   total 242688K, used 177230K [0x0000000080000000, 0x0000000100000000)
  region size 1024K, 11 young (11264K), 2 survivors (2048K)
 Metaspace       used 105881K, capacity 108483K, committed 108592K, reserved 1144832K
  class space    used 13313K, capacity 14206K, committed 14208K, reserved 1048576K
}
Event: 374.387 GC heap after
{Heap after GC invocations=104 (full 1):
 garbage-first heap   total 242688K, used 170062K [0x0000000080000000, 0x0000000100000000)
  region size 1024K, 2 young (2048K), 2 survivors (2048K)
 Metaspace       used 105881K, capacity 108483K, committed 108592K, reserved 1144832K
  class space    used 13313K, capacity 14206K, committed 14208K, reserved 1048576K
}
Event: 375.242 GC heap before
{Heap before GC invocations=104 (full 1):
 garbage-first heap   total 242688K, used 188494K [0x0000000080000000, 0x0000000100000000)
  region size 1024K, 20 young (20480K), 2 survivors (2048K)
 Metaspace       used 105881K, capacity 108483K, committed 108592K, reserved 1144832K
  class space    used 13313K, capacity 14206K, committed 14208K, reserved 1048576K
}
Event: 375.341 GC heap after
{Heap after GC invocations=105 (full 1):
 garbage-first heap   total 242688K, used 179790K [0x0000000080000000, 0x0000000100000000)
  region size 1024K, 3 young (3072K), 3 survivors (3072K)
 Metaspace       used 105881K, capacity 108483K, committed 108592K, reserved 1144832K
  class space    used 13313K, capacity 14206K, committed 14208K, reserved 1048576K
}
Event: 378.414 GC heap before
{Heap before GC invocations=106 (full 1):
 garbage-first heap   total 242688K, used 194126K [0x0000000080000000, 0x0000000100000000)
  region size 1024K, 17 young (17408K), 3 survivors (3072K)
 Metaspace       used 105881K, capacity 108483K, committed 108592K, reserved 1144832K
  class space    used 13313K, capacity 14206K, committed 14208K, reserved 1048576K
}
Event: 378.528 GC heap after
{Heap after GC invocations=107 (full 1):
 garbage-first heap   total 291840K, used 186958K [0x0000000080000000, 0x0000000100000000)
  region size 1024K, 3 young (3072K), 3 survivors (3072K)
 Metaspace       used 105881K, capacity 108483K, committed 108592K, reserved 1144832K
  class space    used 13313K, capacity 14206K, committed 14208K, reserved 1048576K
}
Event: 379.516 GC heap before
{Heap before GC invocations=107 (full 1):
 garbage-first heap   total 291840K, used 198222K [0x0000000080000000, 0x0000000100000000)
  region size 1024K, 14 young (14336K), 3 survivors (3072K)
 Metaspace       used 105888K, capacity 108483K, committed 108592K, reserved 1144832K
  class space    used 13313K, capacity 14206K, committed 14208K, reserved 1048576K
}
Event: 379.621 GC heap after
{Heap after GC invocations=108 (full 1):
 garbage-first heap   total 291840K, used 193614K [0x0000000080000000, 0x0000000100000000)
  region size 1024K, 2 young (2048K), 2 survivors (2048K)
 Metaspace       used 105888K, capacity 108483K, committed 108592K, reserved 1144832K
  class space    used 13313K, capacity 14206K, committed 14208K, reserved 1048576K
}
Event: 380.629 GC heap before
{Heap before GC invocations=108 (full 1):
 garbage-first heap   total 291840K, used 216142K [0x0000000080000000, 0x0000000100000000)
  region size 1024K, 24 young (24576K), 2 survivors (2048K)
 Metaspace       used 105889K, capacity 108483K, committed 108592K, reserved 1144832K
  class space    used 13313K, capacity 14206K, committed 14208K, reserved 1048576K
}
Event: 380.771 GC heap after
{Heap after GC invocations=109 (full 1):
 garbage-first heap   total 291840K, used 204366K [0x0000000080000000, 0x0000000100000000)
  region size 1024K, 3 young (3072K), 3 survivors (3072K)
 Metaspace       used 105889K, capacity 108483K, committed 108592K, reserved 1144832K
  class space    used 13313K, capacity 14206K, committed 14208K, reserved 1048576K
}
Event: 384.682 GC heap before
{Heap before GC invocations=109 (full 1):
 garbage-first heap   total 291840K, used 226894K [0x0000000080000000, 0x0000000100000000)
  region size 1024K, 25 young (25600K), 3 survivors (3072K)
 Metaspace       used 107638K, capacity 110326K, committed 110512K, reserved 1144832K
  class space    used 13571K, capacity 14473K, committed 14592K, reserved 1048576K
}
Event: 384.785 GC heap after
{Heap after GC invocations=110 (full 1):
 garbage-first heap   total 291840K, used 211022K [0x0000000080000000, 0x0000000100000000)
  region size 1024K, 4 young (4096K), 4 survivors (4096K)
 Metaspace       used 107638K, capacity 110326K, committed 110512K, reserved 1144832K
  class space    used 13571K, capacity 14473K, committed 14592K, reserved 1048576K
}
Event: 385.318 GC heap before
{Heap before GC invocations=110 (full 1):
 garbage-first heap   total 291840K, used 226382K [0x0000000080000000, 0x0000000100000000)
  region size 1024K, 19 young (19456K), 4 survivors (4096K)
 Metaspace       used 107716K, capacity 110459K, committed 110768K, reserved 1144832K
  class space    used 13581K, capacity 14515K, committed 14592K, reserved 1048576K
}

Deoptimization events (20 events):
Event: 384.820 Thread 0x00000233fca44800 DEOPT PACKING pc=0x00000233e7d3172c sp=0x000000f738fff1d0
Event: 384.820 Thread 0x00000233fca44800 DEOPT UNPACKING pc=0x00000233df74a1a9 sp=0x000000f738ffef40 mode 2
Event: 384.841 Thread 0x00000233fca44800 DEOPT PACKING pc=0x00000233e202b4a0 sp=0x000000f738ffecc0
Event: 384.841 Thread 0x00000233fca44800 DEOPT UNPACKING pc=0x00000233df74a93f sp=0x000000f738ffe1a0 mode 0
Event: 384.871 Thread 0x00000233fca44800 DEOPT PACKING pc=0x00000233e203c576 sp=0x000000f738ffedf0
Event: 384.871 Thread 0x00000233fca44800 DEOPT UNPACKING pc=0x00000233df74a93f sp=0x000000f738ffe450 mode 0
Event: 384.877 Thread 0x00000233fca44800 DEOPT PACKING pc=0x00000233e2034523 sp=0x000000f738ffebc0
Event: 384.877 Thread 0x00000233fca44800 DEOPT UNPACKING pc=0x00000233df74a93f sp=0x000000f738ffe050 mode 0
Event: 384.913 Thread 0x00000233fca44800 DEOPT PACKING pc=0x00000233e2036ae6 sp=0x000000f738ffec00
Event: 384.913 Thread 0x00000233fca44800 DEOPT UNPACKING pc=0x00000233df74a93f sp=0x000000f738ffe210 mode 0
Event: 384.950 Thread 0x00000233fca44800 DEOPT PACKING pc=0x00000233e202e66b sp=0x000000f738ffecd0
Event: 384.950 Thread 0x00000233fca44800 DEOPT UNPACKING pc=0x00000233df74a93f sp=0x000000f738ffe1a0 mode 0
Event: 385.272 Thread 0x00000233fca43800 Uncommon trap: trap_request=0xffffffc6 fr.pc=0x00000233e790de28 relative=0x00000000000001e8
Event: 385.272 Thread 0x00000233fca43800 Uncommon trap: reason=bimorphic_or_optimized_type_check action=maybe_recompile pc=0x00000233e790de28 method=java.util.Collections$SynchronizedCollection.iterator()Ljava/util/Iterator; @ 4 c2
Event: 385.272 Thread 0x00000233fca43800 DEOPT PACKING pc=0x00000233e790de28 sp=0x000000f738dfd5e0
Event: 385.272 Thread 0x00000233fca43800 DEOPT UNPACKING pc=0x00000233df74a1a9 sp=0x000000f738dfd5a0 mode 2
Event: 385.284 Thread 0x00000233fca43800 Uncommon trap: trap_request=0xffffffc6 fr.pc=0x00000233e790de28 relative=0x00000000000001e8
Event: 385.284 Thread 0x00000233fca43800 Uncommon trap: reason=bimorphic_or_optimized_type_check action=maybe_recompile pc=0x00000233e790de28 method=java.util.Collections$SynchronizedCollection.iterator()Ljava/util/Iterator; @ 4 c2
Event: 385.284 Thread 0x00000233fca43800 DEOPT PACKING pc=0x00000233e790de28 sp=0x000000f738dfd670
Event: 385.284 Thread 0x00000233fca43800 DEOPT UNPACKING pc=0x00000233df74a1a9 sp=0x000000f738dfd630 mode 2

Classes redefined (0 events):
No events

Internal exceptions (20 events):
Event: 339.687 Thread 0x00000233fca47000 Exception <a 'java/lang/NoSuchMethodError'{0x000000008e9f0838}: <clinit>> (0x000000008e9f0838) thrown at [./src/hotspot/share/prims/jni.cpp, line 1365]
Event: 339.689 Thread 0x00000233fca47000 Exception <a 'java/lang/NoSuchMethodError'{0x000000008e803910}: <clinit>> (0x000000008e803910) thrown at [./src/hotspot/share/prims/jni.cpp, line 1365]
Event: 340.228 Thread 0x00000233fca47800 Exception <a 'java/lang/NoSuchMethodError'{0x000000008e5c37e0}: 'void java.lang.invoke.DirectMethodHandle$Holder.invokeStatic(java.lang.Object, long)'> (0x000000008e5c37e0) thrown at [./src/hotspot/share/interpreter/linkResolver.cpp, line 773]
Event: 340.229 Thread 0x00000233fca47800 Exception <a 'java/lang/NoSuchMethodError'{0x000000008e3d67d8}: 'java.lang.Object java.lang.invoke.DirectMethodHandle$Holder.invokeStatic(java.lang.Object, long)'> (0x000000008e3d67d8) thrown at [./src/hotspot/share/interpreter/linkResolver.cpp, line 773]
Event: 340.230 Thread 0x00000233fca47800 Exception <a 'java/lang/NoSuchMethodError'{0x000000008e3dcb58}: 'java.lang.Object java.lang.invoke.Invokers$Holder.linkToTargetMethod(long, java.lang.Object)'> (0x000000008e3dcb58) thrown at [./src/hotspot/share/interpreter/linkResolver.cpp, line 773]
Event: 340.234 Thread 0x00000233fca47800 Exception <a 'java/lang/NoSuchMethodError'{0x000000008e3e5070}: 'java.lang.Object java.lang.invoke.DirectMethodHandle$Holder.invokeStaticInit(java.lang.Object, java.lang.Object, long, java.lang.Object)'> (0x000000008e3e5070) thrown at [./src/hotspot/share/interpreter/linkResolver.cpp, line 773]
Event: 340.235 Thread 0x00000233fca47800 Exception <a 'java/lang/NoSuchMethodError'{0x000000008e3eb208}: 'java.lang.Object java.lang.invoke.DirectMethodHandle$Holder.invokeStatic(java.lang.Object, java.lang.Object, long)'> (0x000000008e3eb208) thrown at [./src/hotspot/share/interpreter/linkResolver.cpp, line 773]
Event: 340.236 Thread 0x00000233fca47800 Exception <a 'java/lang/NoSuchMethodError'{0x000000008e3f1780}: 'java.lang.Object java.lang.invoke.Invokers$Holder.linkToTargetMethod(java.lang.Object, long, java.lang.Object)'> (0x000000008e3f1780) thrown at [./src/hotspot/share/interpreter/linkResolver.cpp, line 773]
Event: 341.974 Thread 0x00000233fca47800 Exception <a 'java/lang/NoSuchMethodError'{0x000000008deceb48}: 'int java.lang.invoke.DirectMethodHandle$Holder.invokeSpecialIFC(java.lang.Object, java.lang.Object, java.lang.Object)'> (0x000000008deceb48) thrown at [./src/hotspot/share/interpreter/linkResolver.cpp, line 773]
Event: 349.912 Thread 0x00000233fca42000 Exception <a 'java/lang/NoSuchMethodError'{0x000000008b7287c0}: 'java.lang.Object java.lang.invoke.DirectMethodHandle$Holder.invokeVirtual(java.lang.Object, java.lang.Object, int)'> (0x000000008b7287c0) thrown at [./src/hotspot/share/interpreter/linkResolver.cpp, line 773]
Event: 349.936 Thread 0x00000233fca42000 Exception <a 'java/lang/NoSuchMethodError'{0x000000008b745de8}: 'void java.lang.invoke.DirectMethodHandle$Holder.invokeStatic(java.lang.Object, java.lang.Object, java.lang.Object, int)'> (0x000000008b745de8) thrown at [./src/hotspot/share/interpreter/linkResolver.cpp, line 773]
Event: 366.166 Thread 0x00000233fca43800 Exception <a 'sun/nio/fs/WindowsException'{0x000000008e74bde0}> (0x000000008e74bde0) thrown at [./src/hotspot/share/prims/jni.cpp, line 615]
Event: 367.674 Thread 0x00000233fca43800 Exception <a 'java/lang/NoSuchMethodError'{0x000000008e0b2428}: 'java.lang.Object java.lang.invoke.DirectMethodHandle$Holder.invokeStatic(java.lang.Object, java.lang.Object, java.lang.Object, java.lang.Object, java.lang.Object, java.lang.Object, java.lang.Object, java.lang.Object, java.lang.Object, java.lang.Object, java.lang.Object, java.lang.Object, java.lang.Object, java.lang.Object, java.lang.Object, java.lang.Object, java.lang.Object, java.lang.Object, int, java.lang.Object)'> (0x000000008e0b2428) thr
Event: 367.674 Thread 0x00000233fca43800 Exception <a 'java/lang/NoSuchMethodError'{0x000000008e0b7cb8}: 'java.lang.Object java.lang.invoke.DirectMethodHandle$Holder.invokeStaticInit(java.lang.Object, java.lang.Object, java.lang.Object, java.lang.Object, java.lang.Object, java.lang.Object, java.lang.Object, java.lang.Object, java.lang.Object, java.lang.Object, java.lang.Object, java.lang.Object, java.lang.Object, java.lang.Object, java.lang.Object, java.lang.Object, java.lang.Object, java.lang.Object, int, java.lang.Object)'> (0x000000008e0b7cb8)
Event: 369.330 Thread 0x00000233fca4a000 Exception <a 'java/lang/NoSuchMethodError'{0x000000008de29b70}: 'java.lang.Object java.lang.invoke.DirectMethodHandle$Holder.newInvokeSpecial(java.lang.Object, int)'> (0x000000008de29b70) thrown at [./src/hotspot/share/interpreter/linkResolver.cpp, line 773]
Event: 369.591 Thread 0x00000233fca44800 Exception <a 'java/lang/IncompatibleClassChangeError'{0x000000008dec0f30}: Found class java.lang.Object, but interface was expected> (0x000000008dec0f30) thrown at [./src/hotspot/share/interpreter/linkResolver.cpp, line 839]
Event: 369.688 Thread 0x00000233fca44800 Exception <a 'java/lang/IncompatibleClassChangeError'{0x000000008dee1b88}: Found class java.lang.Object, but interface was expected> (0x000000008dee1b88) thrown at [./src/hotspot/share/interpreter/linkResolver.cpp, line 839]
Event: 369.690 Thread 0x00000233fca44800 Exception <a 'java/lang/IncompatibleClassChangeError'{0x000000008dee9378}: Found class java.lang.Object, but interface was expected> (0x000000008dee9378) thrown at [./src/hotspot/share/interpreter/linkResolver.cpp, line 839]
Event: 382.687 Thread 0x00000233fca43800 Exception <a 'java/lang/NoSuchMethodError'{0x000000009113bfe0}: 'int java.lang.invoke.DirectMethodHandle$Holder.invokeVirtual(java.lang.Object, java.lang.Object, java.lang.Object, java.lang.Object)'> (0x000000009113bfe0) thrown at [./src/hotspot/share/interpreter/linkResolver.cpp, line 773]
Event: 383.377 Thread 0x00000233fca43800 Exception <a 'java/lang/IncompatibleClassChangeError'{0x00000000910fd4c8}: Found class java.lang.Object, but interface was expected> (0x00000000910fd4c8) thrown at [./src/hotspot/share/interpreter/linkResolver.cpp, line 839]

Events (20 events):
Event: 385.283 loading class com/android/tools/r8/ir/conversion/j done
Event: 385.286 loading class com/android/tools/r8/internal/V8
Event: 385.286 loading class com/android/tools/r8/internal/V8 done
Event: 385.287 loading class com/android/tools/r8/utils/a0
Event: 385.287 loading class com/android/tools/r8/utils/a0 done
Event: 385.293 loading class com/android/tools/r8/internal/Ci$a
Event: 385.293 loading class com/android/tools/r8/internal/Ci$a done
Event: 385.296 loading class com/android/tools/r8/graph/V0
Event: 385.296 loading class com/android/tools/r8/graph/V0 done
Event: 385.296 loading class com/android/tools/r8/internal/S8
Event: 385.296 loading class com/android/tools/r8/internal/S8 done
Event: 385.297 loading class com/android/tools/r8/graph/Z
Event: 385.297 loading class com/android/tools/r8/graph/Z done
Event: 385.298 loading class com/android/tools/r8/graph/P
Event: 385.298 loading class com/android/tools/r8/graph/P done
Event: 385.298 loading class com/android/tools/r8/graph/P
Event: 385.298 loading class com/android/tools/r8/graph/P done
Event: 385.298 loading class com/android/tools/r8/internal/ir
Event: 385.298 loading class com/android/tools/r8/internal/ir done
Event: 385.315 Executing VM operation: G1CollectForAllocation


Dynamic libraries:
0x00007ff60a000000 - 0x00007ff60a00a000 	C:\Program Files\Android\Android Studio\jre\bin\java.exe
0x00007ffa12580000 - 0x00007ffa12770000 	C:\Windows\SYSTEM32\ntdll.dll
0x00007ffa115d0000 - 0x00007ffa11682000 	C:\Windows\System32\KERNEL32.DLL
0x00007ffa10380000 - 0x00007ffa10625000 	C:\Windows\System32\KERNELBASE.dll
0x00007ffa0fa20000 - 0x00007ffa0fb1a000 	C:\Windows\System32\ucrtbase.dll
0x00007ffa016e0000 - 0x00007ffa016f9000 	C:\Program Files\Android\Android Studio\jre\bin\jli.dll
0x00007ffa10b30000 - 0x00007ffa10cc4000 	C:\Windows\System32\USER32.dll
0x00007ffa0fb40000 - 0x00007ffa0fb61000 	C:\Windows\System32\win32u.dll
0x00007ffa11690000 - 0x00007ffa116b6000 	C:\Windows\System32\GDI32.dll
0x00007ffa0f600000 - 0x00007ffa0f798000 	C:\Windows\System32\gdi32full.dll
0x00007ffa0f980000 - 0x00007ffa0fa1e000 	C:\Windows\System32\msvcp_win.dll
0x00007ffa016c0000 - 0x00007ffa016d7000 	C:\Program Files\Android\Android Studio\jre\bin\VCRUNTIME140.dll
0x00007ff9ff8f0000 - 0x00007ff9ffb74000 	C:\Windows\WinSxS\amd64_microsoft.windows.common-controls_6595b64144ccf1df_6.0.18362.1556_none_9e7e372fe45e41d5\COMCTL32.dll
0x00007ffa109c0000 - 0x00007ffa10a5e000 	C:\Windows\System32\msvcrt.dll
0x00007ffa119f0000 - 0x00007ffa11d26000 	C:\Windows\System32\combase.dll
0x00007ffa11d30000 - 0x00007ffa11e4f000 	C:\Windows\System32\RPCRT4.dll
0x00007ffa0fb70000 - 0x00007ffa0fbf1000 	C:\Windows\System32\bcryptPrimitives.dll
0x00007ffa11910000 - 0x00007ffa1193e000 	C:\Windows\System32\IMM32.DLL
0x00007ff9eaa70000 - 0x00007ff9eab0d000 	C:\Program Files\Android\Android Studio\jre\bin\msvcp140.dll
0x00007ff9d5ad0000 - 0x00007ff9d65b5000 	C:\Program Files\Android\Android Studio\jre\bin\server\jvm.dll
0x00007ffa11940000 - 0x00007ffa119e3000 	C:\Windows\System32\ADVAPI32.dll
0x00007ffa10d40000 - 0x00007ffa10dd7000 	C:\Windows\System32\sechost.dll
0x00007ffa10d30000 - 0x00007ffa10d38000 	C:\Windows\System32\PSAPI.DLL
0x00007ffa087e0000 - 0x00007ffa087e9000 	C:\Windows\SYSTEM32\WSOCK32.dll
0x00007ffa10ac0000 - 0x00007ffa10b2f000 	C:\Windows\System32\WS2_32.dll
0x00007ffa0d3f0000 - 0x00007ffa0d414000 	C:\Windows\SYSTEM32\WINMM.dll
0x00007ffa02990000 - 0x00007ffa0299a000 	C:\Windows\SYSTEM32\VERSION.dll
0x00007ffa0d3c0000 - 0x00007ffa0d3ed000 	C:\Windows\SYSTEM32\WINMMBASE.dll
0x00007ffa0f7a0000 - 0x00007ffa0f7ea000 	C:\Windows\System32\cfgmgr32.dll
0x00007ffa0f480000 - 0x00007ffa0f491000 	C:\Windows\System32\kernel.appcore.dll
0x00007ffa087a0000 - 0x00007ffa087b1000 	C:\Program Files\Android\Android Studio\jre\bin\verify.dll
0x00007ff9ff150000 - 0x00007ff9ff344000 	C:\Windows\SYSTEM32\DBGHELP.DLL
0x00007ff9ff120000 - 0x00007ff9ff14a000 	C:\Windows\SYSTEM32\dbgcore.DLL
0x00007ffa08770000 - 0x00007ffa08799000 	C:\Program Files\Android\Android Studio\jre\bin\java.dll
0x00007ffa08760000 - 0x00007ffa0876b000 	C:\Program Files\Android\Android Studio\jre\bin\jimage.dll
0x00007ffa08710000 - 0x00007ffa08728000 	C:\Program Files\Android\Android Studio\jre\bin\zip.dll
0x00007ffa11e50000 - 0x00007ffa12537000 	C:\Windows\System32\SHELL32.dll
0x00007ffa10630000 - 0x00007ffa106d8000 	C:\Windows\System32\shcore.dll
0x00007ffa0fc00000 - 0x00007ffa1037b000 	C:\Windows\System32\windows.storage.dll
0x00007ffa0f440000 - 0x00007ffa0f45e000 	C:\Windows\System32\profapi.dll
0x00007ffa0f4a0000 - 0x00007ffa0f4ea000 	C:\Windows\System32\powrprof.dll
0x00007ffa0f430000 - 0x00007ffa0f440000 	C:\Windows\System32\UMPDC.dll
0x00007ffa106e0000 - 0x00007ffa10732000 	C:\Windows\System32\shlwapi.dll
0x00007ffa0fb20000 - 0x00007ffa0fb37000 	C:\Windows\System32\cryptsp.dll
0x00007ff9fce10000 - 0x00007ff9fce2a000 	C:\Program Files\Android\Android Studio\jre\bin\net.dll
0x00007ffa07d60000 - 0x00007ffa07e5a000 	C:\Windows\SYSTEM32\WINHTTP.dll
0x00007ffa0ec70000 - 0x00007ffa0ecd7000 	C:\Windows\system32\mswsock.dll
0x00007ff9fcdf0000 - 0x00007ff9fce04000 	C:\Program Files\Android\Android Studio\jre\bin\nio.dll
0x00007ffa07c50000 - 0x00007ffa07c77000 	C:\Users\The Saviour\.gradle\native\8bec1ad78214c89d9ad589b4d07fe93259594b29d510b10fafb7a158f7737e5d\windows-amd64\native-platform.dll
0x00007ff9d58f0000 - 0x00007ff9d5a2d000 	C:\Users\The Saviour\.gradle\native\53dbd7edfb1c66fb8903c78663c9afc45aea4f116125fa6feffd364cf09443e8\windows-amd64\native-platform-file-events.dll
0x00007ff9fafc0000 - 0x00007ff9fafca000 	C:\Program Files\Android\Android Studio\jre\bin\management.dll
0x00007ff9fabe0000 - 0x00007ff9fabed000 	C:\Program Files\Android\Android Studio\jre\bin\management_ext.dll
0x00007ffa0e790000 - 0x00007ffa0e7c3000 	C:\Windows\system32\rsaenh.dll
0x00007ffa0f950000 - 0x00007ffa0f976000 	C:\Windows\System32\bcrypt.dll
0x00007ffa0f320000 - 0x00007ffa0f345000 	C:\Windows\SYSTEM32\USERENV.dll
0x00007ffa0ee40000 - 0x00007ffa0ee4c000 	C:\Windows\SYSTEM32\CRYPTBASE.dll
0x00007ffa0e980000 - 0x00007ffa0e9ba000 	C:\Windows\SYSTEM32\IPHLPAPI.DLL
0x00007ffa10de0000 - 0x00007ffa10de8000 	C:\Windows\System32\NSI.dll
0x00007ffa07820000 - 0x00007ffa07836000 	C:\Windows\SYSTEM32\dhcpcsvc6.DLL
0x00007ffa07800000 - 0x00007ffa0781c000 	C:\Windows\SYSTEM32\dhcpcsvc.DLL
0x00007ffa0e9c0000 - 0x00007ffa0ea8b000 	C:\Windows\SYSTEM32\DNSAPI.dll

dbghelp: loaded successfully - version: 4.0.5 - missing functions: none
symbol engine: initialized successfully - sym options: 0x614 - pdb path: .;C:\Program Files\Android\Android Studio\jre\bin;C:\Windows\SYSTEM32;C:\Windows\WinSxS\amd64_microsoft.windows.common-controls_6595b64144ccf1df_6.0.18362.1556_none_9e7e372fe45e41d5;C:\Program Files\Android\Android Studio\jre\bin\server;C:\Users\The Saviour\.gradle\native\8bec1ad78214c89d9ad589b4d07fe93259594b29d510b10fafb7a158f7737e5d\windows-amd64;C:\Users\The Saviour\.gradle\native\53dbd7edfb1c66fb8903c78663c9afc45aea4f116125fa6feffd364cf09443e8\windows-amd64

VM Arguments:
jvm_args: --add-opens=java.base/java.util=ALL-UNNAMED --add-opens=java.base/java.lang=ALL-UNNAMED --add-opens=java.base/java.lang.invoke=ALL-UNNAMED --add-opens=java.base/java.util=ALL-UNNAMED --add-opens=java.prefs/java.util.prefs=ALL-UNNAMED --add-opens=java.prefs/java.util.prefs=ALL-UNNAMED --add-opens=java.base/java.nio.charset=ALL-UNNAMED --add-opens=java.base/java.net=ALL-UNNAMED --add-opens=java.base/java.util.concurrent.atomic=ALL-UNNAMED -Xmx2048m -Dfile.encoding=UTF-8 -Duser.country=US -Duser.language=en -Duser.variant 
java_command: org.gradle.launcher.daemon.bootstrap.GradleDaemon 7.0.2
java_class_path (initial): C:\Users\The Saviour\.gradle\wrapper\dists\gradle-7.0.2-bin\857tjihv64xamwrf0h14cai3r\gradle-7.0.2\lib\gradle-launcher-7.0.2.jar
Launcher Type: SUN_STANDARD

[Global flags]
     intx CICompilerCount                          = 2                                         {product} {ergonomic}
     uint ConcGCThreads                            = 1                                         {product} {ergonomic}
     uint G1ConcRefinementThreads                  = 2                                         {product} {ergonomic}
   size_t G1HeapRegionSize                         = 1048576                                   {product} {ergonomic}
    uintx GCDrainStackTargetSize                   = 64                                        {product} {ergonomic}
   size_t InitialHeapSize                          = 67108864                                  {product} {ergonomic}
   size_t MarkStackSize                            = 4194304                                   {product} {ergonomic}
   size_t MaxHeapSize                              = 2147483648                                {product} {command line}
   size_t MaxNewSize                               = 1287651328                                {product} {ergonomic}
   size_t MinHeapDeltaBytes                        = 1048576                                   {product} {ergonomic}
    uintx NonNMethodCodeHeapSize                   = 5825164                                {pd product} {ergonomic}
    uintx NonProfiledCodeHeapSize                  = 122916538                              {pd product} {ergonomic}
    uintx ProfiledCodeHeapSize                     = 122916538                              {pd product} {ergonomic}
    uintx ReservedCodeCacheSize                    = 251658240                              {pd product} {ergonomic}
     bool SegmentedCodeCache                       = true                                      {product} {ergonomic}
     bool UseCompressedClassPointers               = true                                 {lp64_product} {ergonomic}
     bool UseCompressedOops                        = true                                 {lp64_product} {ergonomic}
     bool UseG1GC                                  = true                                      {product} {ergonomic}
     bool UseLargePagesIndividualAllocation        = false                                  {pd product} {ergonomic}

Logging:
Log output configuration:
 #0: stdout all=warning uptime,level,tags
 #1: stderr all=off uptime,level,tags

Environment Variables:
PATH=C:\Windows\system32;C:\Windows;C:\Windows\System32\Wbem;C:\Windows\System32\WindowsPowerShell\v1.0\;C:\Windows\System32\OpenSSH\;C:\Users\The Saviour\AppData\Local\Microsoft\WindowsApps;;C:\Users\The Saviour\AppData\Local\Programs\Microsoft VS Code\bin
USERNAME=The Saviour
OS=Windows_NT
PROCESSOR_IDENTIFIER=Intel64 Family 6 Model 15 Stepping 11, GenuineIntel



---------------  S Y S T E M  ---------------

OS: Windows 10 , 64 bit Build 18362 (10.0.18362.1500)
OS uptime: 0 days 2:35 hours

CPU:total 2 (initial active 2) (2 cores per cpu, 1 threads per core) family 6 model 15 stepping 11 microcode 0xba, cmov, cx8, fxsr, mmx, sse, sse2, sse3, ssse3, tsc

Memory: 4k page, system-wide physical 4022M (160M free)
TotalPageFile size 5403M (AvailPageFile size 4M)
current process WorkingSet (physical memory assigned to process): 471M, peak: 508M
current process commit charge ("private bytes"): 718M, peak: 719M

vm_info: OpenJDK 64-Bit Server VM (11.0.12+7-b1504.28-7817840) for windows-amd64 JRE (11.0.12+7-b1504.28-7817840), built on Oct 13 2021 22:12:33 by "builder" with MS VC++ 14.0 (VS2015)

END.
