#
# There is insufficient memory for the Java Runtime Environment to continue.
# Native memory allocation (mmap) failed to map 402653184 bytes for Failed to commit area from 0x0000000099000000 to 0x00000000b1000000 of length 402653184.
# Possible reasons:
#   The system is out of physical RAM or swap space
#   The process is running with CompressedOops enabled, and the Java Heap may be blocking the growth of the native heap
# Possible solutions:
#   Reduce memory load on the system
#   Increase physical memory or swap space
#   Check if swap backing store is full
#   Decrease Java heap size (-Xmx/-Xms)
#   Decrease number of Java threads
#   Decrease Java thread stack sizes (-Xss)
#   Set larger code cache with -XX:ReservedCodeCacheSize=
#   JVM is running with Unscaled Compressed Oops mode in which the Java heap is
#     placed in the first 4GB address space. The Java Heap base address is the
#     maximum limit for the native heap growth. Please use -XX:HeapBaseMinAddress
#     to set the Java Heap base and to place the Java Heap above 4GB virtual address.
# This output file may be truncated or incomplete.
#
#  Out of Memory Error (./src/hotspot/os/windows/os_windows.cpp:3521), pid=5680, tid=6620
#
# JRE version: OpenJDK Runtime Environment (11.0.12+7) (build 11.0.12+7-b1504.28-7817840)
# Java VM: OpenJDK 64-Bit Server VM (11.0.12+7-b1504.28-7817840, mixed mode, tiered, compressed oops, g1 gc, windows-amd64)
# No core dump will be written. Minidumps are not enabled by default on client versions of Windows
#

---------------  S U M M A R Y ------------

Command Line: --add-opens=java.base/java.util=ALL-UNNAMED --add-opens=java.base/java.lang=ALL-UNNAMED --add-opens=java.base/java.lang.invoke=ALL-UNNAMED --add-opens=java.base/java.util=ALL-UNNAMED --add-opens=java.prefs/java.util.prefs=ALL-UNNAMED --add-opens=java.prefs/java.util.prefs=ALL-UNNAMED --add-opens=java.base/java.nio.charset=ALL-UNNAMED --add-opens=java.base/java.net=ALL-UNNAMED --add-opens=java.base/java.util.concurrent.atomic=ALL-UNNAMED -Xmx2048m -Dfile.encoding=UTF-8 -Duser.country=US -Duser.language=en -Duser.variant org.gradle.launcher.daemon.bootstrap.GradleDaemon 7.0.2

Host: Intel(R) Core(TM)2 Duo CPU     T7500  @ 2.20GHz, 2 cores, 3G,  Windows 10 , 64 bit Build 18362 (10.0.18362.1500)
Time: Fri Jun 10 14:36:19 2022 E. Africa Standard Time elapsed time: 386.984930 seconds (0d 0h 6m 26s)

---------------  T H R E A D  ---------------

Current thread (0x00000238d0908000):  VMThread "VM Thread" [stack: 0x00000099cbc00000,0x00000099cbd00000] [id=6620]

Stack: [0x00000099cbc00000,0x00000099cbd00000]
[error occurred during error reporting (printing stack bounds), id 0xc0000005, EXCEPTION_ACCESS_VIOLATION (0xc0000005) at pc=0x00000238ba51113d]

Native frames: (J=compiled Java code, j=interpreted, Vv=VM code, C=native code)
V  [jvm.dll+0x5fbcea]
V  [jvm.dll+0x731905]
V  [jvm.dll+0x732f1d]
V  [jvm.dll+0x733535]
V  [jvm.dll+0x7334eb]
V  [jvm.dll+0x5fb080]
V  [jvm.dll+0x5fb818]
C  [ntdll.dll+0xa1fff]
C  [ntdll.dll+0x6aad9]
C  [ntdll.dll+0xa0c6e]
C  0x00000238ba51113d

VM_Operation (0x00000099ce7fe2e0): G1CollectForAllocation, mode: safepoint, requested by thread 0x00000238d76f2000


---------------  P R O C E S S  ---------------

Threads class SMR info:
_java_thread_list=0x00000238d76ebc10, length=44, elements={
0x00000238b524a800, 0x00000238d090d800, 0x00000238d0918800, 0x00000238d12c2800,
0x00000238d12c3800, 0x00000238d0929000, 0x00000238d092c800, 0x00000238d0978000,
0x00000238d097e800, 0x00000238d13d5000, 0x00000238d2b09800, 0x00000238d1846800,
0x00000238d1847000, 0x00000238d2a60800, 0x00000238d2a61800, 0x00000238d2442800,
0x00000238d2444000, 0x00000238d222a800, 0x00000238d1dfa000, 0x00000238d1dfd000,
0x00000238d1dfe000, 0x00000238d1df8800, 0x00000238d1dff000, 0x00000238d1dfa800,
0x00000238d1df9000, 0x00000238d1dfb800, 0x00000238d3a1c000, 0x00000238d3a1b800,
0x00000238d3a19000, 0x00000238d3a18000, 0x00000238d3a1d000, 0x00000238d3a1e000,
0x00000238d3a1e800, 0x00000238d3a20800, 0x00000238d3a1f800, 0x00000238d3a1a800,
0x00000238d3a21000, 0x00000238d3a23800, 0x00000238d3a24800, 0x00000238d3a26000,
0x00000238d3a22800, 0x00000238d1dfc800, 0x00000238d76f7000, 0x00000238d76f2000
}

Java Threads: ( => current thread )
  0x00000238b524a800 JavaThread "main" [_thread_blocked, id=4524, stack(0x00000099cb600000,0x00000099cb700000)]
  0x00000238d090d800 JavaThread "Reference Handler" daemon [_thread_blocked, id=9724, stack(0x00000099cbd00000,0x00000099cbe00000)]
  0x00000238d0918800 JavaThread "Finalizer" daemon [_thread_blocked, id=5304, stack(0x00000099cbe00000,0x00000099cbf00000)]
  0x00000238d12c2800 JavaThread "Signal Dispatcher" daemon [_thread_blocked, id=2640, stack(0x00000099cbf00000,0x00000099cc000000)]
  0x00000238d12c3800 JavaThread "Attach Listener" daemon [_thread_blocked, id=3328, stack(0x00000099cc000000,0x00000099cc100000)]
  0x00000238d0929000 JavaThread "Service Thread" daemon [_thread_blocked, id=280, stack(0x00000099cc100000,0x00000099cc200000)]
  0x00000238d092c800 JavaThread "C2 CompilerThread0" daemon [_thread_blocked, id=880, stack(0x00000099cc200000,0x00000099cc300000)]
  0x00000238d0978000 JavaThread "C1 CompilerThread0" daemon [_thread_blocked, id=6104, stack(0x00000099cc300000,0x00000099cc400000)]
  0x00000238d097e800 JavaThread "Sweeper thread" daemon [_thread_blocked, id=1308, stack(0x00000099cc400000,0x00000099cc500000)]
  0x00000238d13d5000 JavaThread "Common-Cleaner" daemon [_thread_blocked, id=2208, stack(0x00000099cc500000,0x00000099cc600000)]
  0x00000238d2b09800 JavaThread "Daemon health stats" [_thread_blocked, id=3464, stack(0x00000099cc800000,0x00000099cc900000)]
  0x00000238d1846800 JavaThread "Incoming local TCP Connector on port 58870" [_thread_in_native, id=4628, stack(0x00000099cc900000,0x00000099cca00000)]
  0x00000238d1847000 JavaThread "Daemon periodic checks" [_thread_blocked, id=4704, stack(0x00000099cca00000,0x00000099ccb00000)]
  0x00000238d2a60800 JavaThread "Daemon" [_thread_blocked, id=4108, stack(0x00000099ccb00000,0x00000099ccc00000)]
  0x00000238d2a61800 JavaThread "Handler for socket connection from /127.0.0.1:58870 to /127.0.0.1:58871" [_thread_in_native, id=7640, stack(0x00000099ccc00000,0x00000099ccd00000)]
  0x00000238d2442800 JavaThread "Cancel handler" [_thread_blocked, id=3720, stack(0x00000099ccd00000,0x00000099cce00000)]
  0x00000238d2444000 JavaThread "Daemon worker" [_thread_blocked, id=708, stack(0x00000099cce00000,0x00000099ccf00000)]
  0x00000238d222a800 JavaThread "Asynchronous log dispatcher for DefaultDaemonConnection: socket connection from /127.0.0.1:58870 to /127.0.0.1:58871" [_thread_blocked, id=3800, stack(0x00000099ccf00000,0x00000099cd000000)]
  0x00000238d1dfa000 JavaThread "Daemon client event forwarder" [_thread_blocked, id=8212, stack(0x00000099cd100000,0x00000099cd200000)]
  0x00000238d1dfd000 JavaThread "Cache worker for file hash cache (C:\Users\The Saviour\.gradle\caches\7.0.2\fileHashes)" [_thread_blocked, id=9592, stack(0x00000099cd200000,0x00000099cd300000)]
  0x00000238d1dfe000 JavaThread "File lock request listener" [_thread_in_native, id=6908, stack(0x00000099cd300000,0x00000099cd400000)]
  0x00000238d1df8800 JavaThread "Cache worker for journal cache (C:\Users\The Saviour\.gradle\caches\journal-1)" [_thread_blocked, id=472, stack(0x00000099cd400000,0x00000099cd500000)]
  0x00000238d1dff000 JavaThread "Cache worker for file hash cache (C:\Users\The Saviour\AndroidStudioProjects\ParkMe\.gradle\7.0.2\fileHashes)" [_thread_blocked, id=3664, stack(0x00000099cb400000,0x00000099cb500000)]
  0x00000238d1dfa800 JavaThread "File watcher server" daemon [_thread_blocked, id=7280, stack(0x00000099cb500000,0x00000099cb600000)]
  0x00000238d1df9000 JavaThread "File watcher consumer" daemon [_thread_blocked, id=6316, stack(0x00000099cd700000,0x00000099cd800000)]
  0x00000238d1dfb800 JavaThread "Cache worker for checksums cache (C:\Users\The Saviour\AndroidStudioProjects\ParkMe\.gradle\checksums)" [_thread_blocked, id=6308, stack(0x00000099cd800000,0x00000099cd900000)]
  0x00000238d3a1c000 JavaThread "Cache worker for cache directory md-supplier (C:\Users\The Saviour\.gradle\caches\7.0.2\md-supplier)" [_thread_blocked, id=9892, stack(0x00000099cd900000,0x00000099cda00000)]
  0x00000238d3a1b800 JavaThread "Cache worker for cache directory md-rule (C:\Users\The Saviour\.gradle\caches\7.0.2\md-rule)" [_thread_blocked, id=4588, stack(0x00000099cda00000,0x00000099cdb00000)]
  0x00000238d3a19000 JavaThread "Cache worker for execution history cache (C:\Users\The Saviour\.gradle\caches\7.0.2\executionHistory)" [_thread_blocked, id=4480, stack(0x00000099cdb00000,0x00000099cdc00000)]
  0x00000238d3a18000 JavaThread "jar transforms" [_thread_blocked, id=6564, stack(0x00000099cdc00000,0x00000099cdd00000)]
  0x00000238d3a1d000 JavaThread "Cache worker for file content cache (C:\Users\The Saviour\.gradle\caches\7.0.2\fileContent)" [_thread_blocked, id=4748, stack(0x00000099cdd00000,0x00000099cde00000)]
  0x00000238d3a1e000 JavaThread "jar transforms Thread 2" [_thread_blocked, id=1352, stack(0x00000099cd000000,0x00000099cd100000)]
  0x00000238d3a1e800 JavaThread "Cache worker for dependencies-accessors (C:\Users\The Saviour\AndroidStudioProjects\ParkMe\.gradle\7.0.2\dependencies-accessors)" [_thread_blocked, id=6412, stack(0x00000099cde00000,0x00000099cdf00000)]
  0x00000238d3a20800 JavaThread "Cache worker for Build Output Cleanup Cache (C:\Users\The Saviour\AndroidStudioProjects\ParkMe\.gradle\buildOutputCleanup)" [_thread_blocked, id=8396, stack(0x00000099cdf00000,0x00000099ce000000)]
  0x00000238d3a1f800 JavaThread "Build operations" [_thread_blocked, id=9392, stack(0x00000099ce000000,0x00000099ce100000)]
  0x00000238d3a1a800 JavaThread "Build operations Thread 2" [_thread_blocked, id=2024, stack(0x00000099ce100000,0x00000099ce200000)]
  0x00000238d3a21000 JavaThread "Memory manager" [_thread_blocked, id=2052, stack(0x00000099cd500000,0x00000099cd600000)]
  0x00000238d3a23800 JavaThread "build event listener" [_thread_blocked, id=8568, stack(0x00000099ce200000,0x00000099ce300000)]
  0x00000238d3a24800 JavaThread "Execution worker for ':'" [_thread_blocked, id=3568, stack(0x00000099ce300000,0x00000099ce400000)]
  0x00000238d3a26000 JavaThread "Cache worker for execution history cache (C:\Users\The Saviour\AndroidStudioProjects\ParkMe\.gradle\7.0.2\executionHistory)" [_thread_blocked, id=8004, stack(0x00000099ce400000,0x00000099ce500000)]
  0x00000238d3a22800 JavaThread "WorkerExecutor Queue" [_thread_blocked, id=3492, stack(0x00000099cd600000,0x00000099cd700000)]
  0x00000238d1dfc800 JavaThread "WorkerExecutor Queue Thread 2" [_thread_blocked, id=5808, stack(0x00000099ce500000,0x00000099ce600000)]
  0x00000238d76f7000 JavaThread "ForkJoinPool-1-worker-3" daemon [_thread_blocked, id=9452, stack(0x00000099ce600000,0x00000099ce700000)]
  0x00000238d76f2000 JavaThread "ForkJoinPool-1-worker-1" daemon [_thread_blocked, id=8980, stack(0x00000099ce700000,0x00000099ce800000)]

Other Threads:
=>0x00000238d0908000 VMThread "VM Thread" [stack: 0x00000099cbc00000,0x00000099cbd00000] [id=6620]
  0x00000238d1404800 WatcherThread [stack: 0x00000099cc600000,0x00000099cc700000] [id=2560]
  0x00000238b5263800 GCTaskThread "GC Thread#0" [stack: 0x00000099cb700000,0x00000099cb800000] [id=5660]
  0x00000238d15d5800 GCTaskThread "GC Thread#1" [stack: 0x00000099cc700000,0x00000099cc800000] [id=2812]
  0x00000238b5294800 ConcurrentGCThread "G1 Main Marker" [stack: 0x00000099cb800000,0x00000099cb900000] [id=8872]
  0x00000238b5296000 ConcurrentGCThread "G1 Conc#0" [stack: 0x00000099cb900000,0x00000099cba00000] [id=10072]
  0x00000238b52e7000 ConcurrentGCThread "G1 Refine#0" [stack: 0x00000099cba00000,0x00000099cbb00000] [id=7404]
  0x00000238b52e8000 ConcurrentGCThread "G1 Young RemSet Sampling" [stack: 0x00000099cbb00000,0x00000099cbc00000] [id=7860]

Threads with active compile tasks:
C2 CompilerThread0 389372 12497       4       com.android.tools.r8.internal.ir$$Lambda$1013/0x0000000100c91440::apply (16 bytes)

VM state:at safepoint (normal execution)

VM Mutex/Monitor currently owned by a thread:  ([mutex/lock_event])
[0x00000238b5246c30] Threads_lock - owner thread: 0x00000238d0908000
[0x00000238b5248580] Heap_lock - owner thread: 0x00000238d76f2000

Heap address: 0x0000000080000000, size: 2048 MB, Compressed Oops mode: 32-bit
Narrow klass base: 0x0000000000000000, Narrow klass shift: 3
Compressed class space size: 1073741824 Address: 0x0000000100000000

Heap:
 garbage-first heap   total 802816K, used 208896K [0x0000000080000000, 0x0000000100000000)
  region size 1024K, 5 young (5120K), 5 survivors (5120K)
 Metaspace       used 94401K, capacity 96770K, committed 97024K, reserved 1132544K
  class space    used 12336K, capacity 13207K, committed 13312K, reserved 1048576K
Heap Regions: E=young(eden), S=young(survivor), O=old, HS=humongous(starts), HC=humongous(continues), CS=collection set, F=free, A=archive, TAMS=top-at-mark-start (previous, next)
|   0|0x0000000080000000, 0x0000000080100000, 0x0000000080100000|100%| O|  |TAMS 0x0000000080100000, 0x0000000080100000| Untracked 
|   1|0x0000000080100000, 0x0000000080200000, 0x0000000080200000|100%| O|  |TAMS 0x0000000080200000, 0x0000000080200000| Untracked 
|   2|0x0000000080200000, 0x0000000080300000, 0x0000000080300000|100%| O|  |TAMS 0x0000000080300000, 0x0000000080300000| Untracked 
|   3|0x0000000080300000, 0x0000000080400000, 0x0000000080400000|100%| O|  |TAMS 0x0000000080400000, 0x0000000080400000| Untracked 
|   4|0x0000000080400000, 0x0000000080500000, 0x0000000080500000|100%|HS|  |TAMS 0x0000000080500000, 0x0000000080500000| Complete 
|   5|0x0000000080500000, 0x0000000080600000, 0x0000000080600000|100%|HC|  |TAMS 0x0000000080600000, 0x0000000080600000| Complete 
|   6|0x0000000080600000, 0x0000000080700000, 0x0000000080700000|100%|HC|  |TAMS 0x0000000080700000, 0x0000000080700000| Complete 
|   7|0x0000000080700000, 0x0000000080800000, 0x0000000080800000|100%| O|  |TAMS 0x0000000080800000, 0x0000000080800000| Untracked 
|   8|0x0000000080800000, 0x0000000080900000, 0x0000000080900000|100%| O|  |TAMS 0x0000000080900000, 0x0000000080900000| Untracked 
|   9|0x0000000080900000, 0x0000000080a00000, 0x0000000080a00000|100%| O|  |TAMS 0x0000000080a00000, 0x0000000080a00000| Untracked 
|  10|0x0000000080a00000, 0x0000000080b00000, 0x0000000080b00000|100%| O|  |TAMS 0x0000000080b00000, 0x0000000080b00000| Untracked 
|  11|0x0000000080b00000, 0x0000000080c00000, 0x0000000080c00000|100%| O|  |TAMS 0x0000000080c00000, 0x0000000080c00000| Untracked 
|  12|0x0000000080c00000, 0x0000000080d00000, 0x0000000080d00000|100%| O|  |TAMS 0x0000000080d00000, 0x0000000080d00000| Untracked 
|  13|0x0000000080d00000, 0x0000000080e00000, 0x0000000080e00000|100%| O|  |TAMS 0x0000000080e00000, 0x0000000080e00000| Untracked 
|  14|0x0000000080e00000, 0x0000000080f00000, 0x0000000080f00000|100%| O|  |TAMS 0x0000000080f00000, 0x0000000080f00000| Untracked 
|  15|0x0000000080f00000, 0x0000000081000000, 0x0000000081000000|100%| O|  |TAMS 0x0000000081000000, 0x0000000081000000| Untracked 
|  16|0x0000000081000000, 0x0000000081100000, 0x0000000081100000|100%| O|  |TAMS 0x0000000081100000, 0x0000000081100000| Untracked 
|  17|0x0000000081100000, 0x0000000081200000, 0x0000000081200000|100%| O|  |TAMS 0x0000000081200000, 0x0000000081200000| Untracked 
|  18|0x0000000081200000, 0x0000000081300000, 0x0000000081300000|100%| O|  |TAMS 0x0000000081300000, 0x0000000081300000| Untracked 
|  19|0x0000000081300000, 0x0000000081400000, 0x0000000081400000|100%| O|  |TAMS 0x0000000081400000, 0x0000000081400000| Untracked 
|  20|0x0000000081400000, 0x0000000081500000, 0x0000000081500000|100%| O|  |TAMS 0x0000000081500000, 0x0000000081500000| Untracked 
|  21|0x0000000081500000, 0x0000000081600000, 0x0000000081600000|100%| O|  |TAMS 0x0000000081600000, 0x0000000081600000| Untracked 
|  22|0x0000000081600000, 0x0000000081700000, 0x0000000081700000|100%| O|  |TAMS 0x0000000081700000, 0x0000000081700000| Untracked 
|  23|0x0000000081700000, 0x0000000081800000, 0x0000000081800000|100%| O|  |TAMS 0x0000000081800000, 0x0000000081800000| Untracked 
|  24|0x0000000081800000, 0x0000000081900000, 0x0000000081900000|100%| O|  |TAMS 0x0000000081900000, 0x0000000081900000| Untracked 
|  25|0x0000000081900000, 0x0000000081a00000, 0x0000000081a00000|100%| O|  |TAMS 0x0000000081a00000, 0x0000000081a00000| Untracked 
|  26|0x0000000081a00000, 0x0000000081b00000, 0x0000000081b00000|100%| O|  |TAMS 0x0000000081b00000, 0x0000000081b00000| Untracked 
|  27|0x0000000081b00000, 0x0000000081c00000, 0x0000000081c00000|100%| O|  |TAMS 0x0000000081c00000, 0x0000000081c00000| Untracked 
|  28|0x0000000081c00000, 0x0000000081d00000, 0x0000000081d00000|100%| O|  |TAMS 0x0000000081d00000, 0x0000000081d00000| Untracked 
|  29|0x0000000081d00000, 0x0000000081e00000, 0x0000000081e00000|100%| O|  |TAMS 0x0000000081e00000, 0x0000000081e00000| Untracked 
|  30|0x0000000081e00000, 0x0000000081f00000, 0x0000000081f00000|100%| O|  |TAMS 0x0000000081f00000, 0x0000000081f00000| Untracked 
|  31|0x0000000081f00000, 0x0000000082000000, 0x0000000082000000|100%| O|  |TAMS 0x0000000082000000, 0x0000000082000000| Untracked 
|  32|0x0000000082000000, 0x0000000082100000, 0x0000000082100000|100%|HS|  |TAMS 0x0000000082100000, 0x0000000082100000| Complete 
|  33|0x0000000082100000, 0x0000000082200000, 0x0000000082200000|100%|HS|  |TAMS 0x0000000082200000, 0x0000000082200000| Complete 
|  34|0x0000000082200000, 0x0000000082300000, 0x0000000082300000|100%| O|  |TAMS 0x0000000082300000, 0x0000000082300000| Untracked 
|  35|0x0000000082300000, 0x0000000082400000, 0x0000000082400000|100%| O|  |TAMS 0x0000000082400000, 0x0000000082400000| Untracked 
|  36|0x0000000082400000, 0x0000000082500000, 0x0000000082500000|100%| O|  |TAMS 0x0000000082500000, 0x0000000082500000| Untracked 
|  37|0x0000000082500000, 0x0000000082600000, 0x0000000082600000|100%|HS|  |TAMS 0x0000000082600000, 0x0000000082600000| Complete 
|  38|0x0000000082600000, 0x0000000082700000, 0x0000000082700000|100%|HC|  |TAMS 0x0000000082700000, 0x0000000082700000| Complete 
|  39|0x0000000082700000, 0x0000000082800000, 0x0000000082800000|100%| O|  |TAMS 0x0000000082800000, 0x0000000082800000| Untracked 
|  40|0x0000000082800000, 0x0000000082900000, 0x0000000082900000|100%| O|  |TAMS 0x0000000082900000, 0x0000000082900000| Untracked 
|  41|0x0000000082900000, 0x0000000082a00000, 0x0000000082a00000|100%| O|  |TAMS 0x0000000082a00000, 0x0000000082a00000| Untracked 
|  42|0x0000000082a00000, 0x0000000082b00000, 0x0000000082b00000|100%| O|  |TAMS 0x0000000082b00000, 0x0000000082b00000| Untracked 
|  43|0x0000000082b00000, 0x0000000082c00000, 0x0000000082c00000|100%| O|  |TAMS 0x0000000082c00000, 0x0000000082c00000| Untracked 
|  44|0x0000000082c00000, 0x0000000082d00000, 0x0000000082d00000|100%| O|  |TAMS 0x0000000082d00000, 0x0000000082d00000| Untracked 
|  45|0x0000000082d00000, 0x0000000082e00000, 0x0000000082e00000|100%| O|  |TAMS 0x0000000082e00000, 0x0000000082e00000| Untracked 
|  46|0x0000000082e00000, 0x0000000082f00000, 0x0000000082f00000|100%| O|  |TAMS 0x0000000082f00000, 0x0000000082f00000| Untracked 
|  47|0x0000000082f00000, 0x0000000083000000, 0x0000000083000000|100%| O|  |TAMS 0x0000000083000000, 0x0000000083000000| Untracked 
|  48|0x0000000083000000, 0x0000000083100000, 0x0000000083100000|100%| O|  |TAMS 0x0000000083100000, 0x0000000083100000| Untracked 
|  49|0x0000000083100000, 0x0000000083200000, 0x0000000083200000|100%| O|  |TAMS 0x0000000083200000, 0x0000000083200000| Untracked 
|  50|0x0000000083200000, 0x0000000083300000, 0x0000000083300000|100%| O|  |TAMS 0x0000000083300000, 0x0000000083300000| Untracked 
|  51|0x0000000083300000, 0x0000000083400000, 0x0000000083400000|100%| O|  |TAMS 0x0000000083400000, 0x0000000083400000| Untracked 
|  52|0x0000000083400000, 0x0000000083500000, 0x0000000083500000|100%| O|  |TAMS 0x0000000083500000, 0x0000000083500000| Untracked 
|  53|0x0000000083500000, 0x0000000083600000, 0x0000000083600000|100%| O|  |TAMS 0x0000000083600000, 0x0000000083600000| Untracked 
|  54|0x0000000083600000, 0x0000000083700000, 0x0000000083700000|100%| O|  |TAMS 0x0000000083700000, 0x0000000083700000| Untracked 
|  55|0x0000000083700000, 0x0000000083800000, 0x0000000083800000|100%| O|  |TAMS 0x0000000083800000, 0x0000000083800000| Untracked 
|  56|0x0000000083800000, 0x0000000083900000, 0x0000000083900000|100%| O|  |TAMS 0x0000000083900000, 0x0000000083900000| Untracked 
|  57|0x0000000083900000, 0x0000000083a00000, 0x0000000083a00000|100%| O|  |TAMS 0x0000000083a00000, 0x0000000083a00000| Untracked 
|  58|0x0000000083a00000, 0x0000000083b00000, 0x0000000083b00000|100%| O|  |TAMS 0x0000000083b00000, 0x0000000083b00000| Untracked 
|  59|0x0000000083b00000, 0x0000000083c00000, 0x0000000083c00000|100%| O|  |TAMS 0x0000000083c00000, 0x0000000083c00000| Untracked 
|  60|0x0000000083c00000, 0x0000000083d00000, 0x0000000083d00000|100%| O|  |TAMS 0x0000000083d00000, 0x0000000083d00000| Untracked 
|  61|0x0000000083d00000, 0x0000000083e00000, 0x0000000083e00000|100%| O|  |TAMS 0x0000000083e00000, 0x0000000083e00000| Untracked 
|  62|0x0000000083e00000, 0x0000000083f00000, 0x0000000083f00000|100%| O|  |TAMS 0x0000000083f00000, 0x0000000083f00000| Untracked 
|  63|0x0000000083f00000, 0x0000000084000000, 0x0000000084000000|100%| O|  |TAMS 0x0000000084000000, 0x0000000084000000| Untracked 
|  64|0x0000000084000000, 0x0000000084100000, 0x0000000084100000|100%| O|  |TAMS 0x0000000084100000, 0x0000000084100000| Untracked 
|  65|0x0000000084100000, 0x0000000084200000, 0x0000000084200000|100%| O|  |TAMS 0x0000000084200000, 0x0000000084200000| Untracked 
|  66|0x0000000084200000, 0x0000000084300000, 0x0000000084300000|100%| O|  |TAMS 0x0000000084300000, 0x0000000084300000| Untracked 
|  67|0x0000000084300000, 0x0000000084400000, 0x0000000084400000|100%| O|  |TAMS 0x0000000084400000, 0x0000000084400000| Untracked 
|  68|0x0000000084400000, 0x0000000084500000, 0x0000000084500000|100%| O|  |TAMS 0x0000000084500000, 0x0000000084500000| Untracked 
|  69|0x0000000084500000, 0x0000000084600000, 0x0000000084600000|100%| O|  |TAMS 0x0000000084600000, 0x0000000084600000| Untracked 
|  70|0x0000000084600000, 0x0000000084700000, 0x0000000084700000|100%| O|  |TAMS 0x0000000084700000, 0x0000000084700000| Untracked 
|  71|0x0000000084700000, 0x0000000084800000, 0x0000000084800000|100%| O|  |TAMS 0x0000000084800000, 0x0000000084800000| Untracked 
|  72|0x0000000084800000, 0x0000000084900000, 0x0000000084900000|100%| O|  |TAMS 0x0000000084900000, 0x0000000084900000| Untracked 
|  73|0x0000000084900000, 0x0000000084a00000, 0x0000000084a00000|100%| O|  |TAMS 0x0000000084a00000, 0x0000000084a00000| Untracked 
|  74|0x0000000084a00000, 0x0000000084b00000, 0x0000000084b00000|100%| O|  |TAMS 0x0000000084b00000, 0x0000000084b00000| Untracked 
|  75|0x0000000084b00000, 0x0000000084c00000, 0x0000000084c00000|100%| O|  |TAMS 0x0000000084c00000, 0x0000000084c00000| Untracked 
|  76|0x0000000084c00000, 0x0000000084d00000, 0x0000000084d00000|100%| O|  |TAMS 0x0000000084d00000, 0x0000000084d00000| Untracked 
|  77|0x0000000084d00000, 0x0000000084e00000, 0x0000000084e00000|100%| O|  |TAMS 0x0000000084e00000, 0x0000000084e00000| Untracked 
|  78|0x0000000084e00000, 0x0000000084f00000, 0x0000000084f00000|100%| O|  |TAMS 0x0000000084f00000, 0x0000000084f00000| Untracked 
|  79|0x0000000084f00000, 0x0000000085000000, 0x0000000085000000|100%| O|  |TAMS 0x0000000085000000, 0x0000000085000000| Untracked 
|  80|0x0000000085000000, 0x0000000085100000, 0x0000000085100000|100%|HS|  |TAMS 0x0000000085100000, 0x0000000085100000| Complete 
|  81|0x0000000085100000, 0x0000000085200000, 0x0000000085200000|100%|HC|  |TAMS 0x0000000085200000, 0x0000000085200000| Complete 
|  82|0x0000000085200000, 0x0000000085300000, 0x0000000085300000|100%| O|  |TAMS 0x0000000085300000, 0x0000000085300000| Untracked 
|  83|0x0000000085300000, 0x0000000085400000, 0x0000000085400000|100%| O|  |TAMS 0x0000000085400000, 0x0000000085400000| Untracked 
|  84|0x0000000085400000, 0x0000000085500000, 0x0000000085500000|100%|HS|  |TAMS 0x0000000085500000, 0x0000000085500000| Complete 
|  85|0x0000000085500000, 0x0000000085600000, 0x0000000085600000|100%|HS|  |TAMS 0x0000000085600000, 0x0000000085600000| Complete 
|  86|0x0000000085600000, 0x0000000085700000, 0x0000000085700000|100%| O|  |TAMS 0x0000000085700000, 0x0000000085700000| Untracked 
|  87|0x0000000085700000, 0x0000000085800000, 0x0000000085800000|100%| O|  |TAMS 0x0000000085800000, 0x0000000085800000| Untracked 
|  88|0x0000000085800000, 0x0000000085900000, 0x0000000085900000|100%| O|  |TAMS 0x0000000085900000, 0x0000000085900000| Untracked 
|  89|0x0000000085900000, 0x0000000085a00000, 0x0000000085a00000|100%|HS|  |TAMS 0x0000000085a00000, 0x0000000085a00000| Complete 
|  90|0x0000000085a00000, 0x0000000085b00000, 0x0000000085b00000|100%| O|  |TAMS 0x0000000085b00000, 0x0000000085b00000| Untracked 
|  91|0x0000000085b00000, 0x0000000085c00000, 0x0000000085c00000|100%| O|  |TAMS 0x0000000085c00000, 0x0000000085c00000| Untracked 
|  92|0x0000000085c00000, 0x0000000085d00000, 0x0000000085d00000|100%| O|  |TAMS 0x0000000085d00000, 0x0000000085d00000| Untracked 
|  93|0x0000000085d00000, 0x0000000085e00000, 0x0000000085e00000|100%| O|  |TAMS 0x0000000085e00000, 0x0000000085e00000| Untracked 
|  94|0x0000000085e00000, 0x0000000085f00000, 0x0000000085f00000|100%|HS|  |TAMS 0x0000000085f00000, 0x0000000085f00000| Complete 
|  95|0x0000000085f00000, 0x0000000086000000, 0x0000000086000000|100%|HC|  |TAMS 0x0000000086000000, 0x0000000086000000| Complete 
|  96|0x0000000086000000, 0x0000000086100000, 0x0000000086100000|100%|HS|  |TAMS 0x0000000086100000, 0x0000000086100000| Complete 
|  97|0x0000000086100000, 0x0000000086200000, 0x0000000086200000|100%|HC|  |TAMS 0x0000000086200000, 0x0000000086200000| Complete 
|  98|0x0000000086200000, 0x0000000086300000, 0x0000000086300000|100%|HC|  |TAMS 0x0000000086300000, 0x0000000086300000| Complete 
|  99|0x0000000086300000, 0x0000000086400000, 0x0000000086400000|100%| O|  |TAMS 0x0000000086400000, 0x0000000086400000| Untracked 
| 100|0x0000000086400000, 0x0000000086500000, 0x0000000086500000|100%| O|  |TAMS 0x0000000086500000, 0x0000000086500000| Untracked 
| 101|0x0000000086500000, 0x0000000086600000, 0x0000000086600000|100%| O|  |TAMS 0x0000000086600000, 0x0000000086600000| Untracked 
| 102|0x0000000086600000, 0x0000000086700000, 0x0000000086700000|100%| O|  |TAMS 0x0000000086700000, 0x0000000086700000| Untracked 
| 103|0x0000000086700000, 0x0000000086800000, 0x0000000086800000|100%|HS|  |TAMS 0x0000000086800000, 0x0000000086800000| Complete 
| 104|0x0000000086800000, 0x0000000086900000, 0x0000000086900000|100%|HC|  |TAMS 0x0000000086900000, 0x0000000086900000| Complete 
| 105|0x0000000086900000, 0x0000000086a00000, 0x0000000086a00000|100%| O|  |TAMS 0x0000000086a00000, 0x0000000086a00000| Untracked 
| 106|0x0000000086a00000, 0x0000000086b00000, 0x0000000086b00000|100%|HS|  |TAMS 0x0000000086b00000, 0x0000000086b00000| Complete 
| 107|0x0000000086b00000, 0x0000000086c00000, 0x0000000086c00000|100%| O|  |TAMS 0x0000000086c00000, 0x0000000086c00000| Untracked 
| 108|0x0000000086c00000, 0x0000000086d00000, 0x0000000086d00000|100%|HS|  |TAMS 0x0000000086d00000, 0x0000000086d00000| Complete 
| 109|0x0000000086d00000, 0x0000000086e00000, 0x0000000086e00000|100%| O|  |TAMS 0x0000000086e00000, 0x0000000086e00000| Untracked 
| 110|0x0000000086e00000, 0x0000000086f00000, 0x0000000086f00000|100%|HS|  |TAMS 0x0000000086f00000, 0x0000000086f00000| Complete 
| 111|0x0000000086f00000, 0x0000000087000000, 0x0000000087000000|100%| O|  |TAMS 0x0000000087000000, 0x0000000087000000| Untracked 
| 112|0x0000000087000000, 0x0000000087100000, 0x0000000087100000|100%| O|  |TAMS 0x0000000087100000, 0x0000000087100000| Untracked 
| 113|0x0000000087100000, 0x0000000087200000, 0x0000000087200000|100%| O|  |TAMS 0x0000000087200000, 0x0000000087200000| Untracked 
| 114|0x0000000087200000, 0x0000000087300000, 0x0000000087300000|100%| O|  |TAMS 0x0000000087300000, 0x0000000087300000| Untracked 
| 115|0x0000000087300000, 0x0000000087400000, 0x0000000087400000|100%| O|  |TAMS 0x0000000087400000, 0x0000000087400000| Untracked 
| 116|0x0000000087400000, 0x0000000087500000, 0x0000000087500000|100%|HS|  |TAMS 0x0000000087500000, 0x0000000087500000| Complete 
| 117|0x0000000087500000, 0x0000000087600000, 0x0000000087600000|100%|HC|  |TAMS 0x0000000087600000, 0x0000000087600000| Complete 
| 118|0x0000000087600000, 0x0000000087700000, 0x0000000087700000|100%| O|  |TAMS 0x0000000087700000, 0x0000000087700000| Untracked 
| 119|0x0000000087700000, 0x0000000087800000, 0x0000000087800000|100%| O|  |TAMS 0x0000000087800000, 0x0000000087800000| Untracked 
| 120|0x0000000087800000, 0x0000000087900000, 0x0000000087900000|100%| O|  |TAMS 0x0000000087900000, 0x0000000087900000| Untracked 
| 121|0x0000000087900000, 0x0000000087a00000, 0x0000000087a00000|100%| O|  |TAMS 0x0000000087a00000, 0x0000000087a00000| Untracked 
| 122|0x0000000087a00000, 0x0000000087b00000, 0x0000000087b00000|100%| O|  |TAMS 0x0000000087b00000, 0x0000000087b00000| Untracked 
| 123|0x0000000087b00000, 0x0000000087c00000, 0x0000000087c00000|100%| O|  |TAMS 0x0000000087c00000, 0x0000000087c00000| Untracked 
| 124|0x0000000087c00000, 0x0000000087d00000, 0x0000000087d00000|100%| O|  |TAMS 0x0000000087d00000, 0x0000000087d00000| Untracked 
| 125|0x0000000087d00000, 0x0000000087e00000, 0x0000000087e00000|100%|HS|  |TAMS 0x0000000087e00000, 0x0000000087e00000| Complete 
| 126|0x0000000087e00000, 0x0000000087f00000, 0x0000000087f00000|100%|HS|  |TAMS 0x0000000087f00000, 0x0000000087f00000| Complete 
| 127|0x0000000087f00000, 0x0000000088000000, 0x0000000088000000|100%|HC|  |TAMS 0x0000000088000000, 0x0000000088000000| Complete 
| 128|0x0000000088000000, 0x0000000088100000, 0x0000000088100000|100%|HC|  |TAMS 0x0000000088100000, 0x0000000088100000| Complete 
| 129|0x0000000088100000, 0x0000000088200000, 0x0000000088200000|100%|HS|  |TAMS 0x0000000088200000, 0x0000000088200000| Complete 
| 130|0x0000000088200000, 0x0000000088300000, 0x0000000088300000|100%| O|  |TAMS 0x0000000088300000, 0x0000000088300000| Untracked 
| 131|0x0000000088300000, 0x0000000088400000, 0x0000000088400000|100%| O|  |TAMS 0x0000000088400000, 0x0000000088400000| Untracked 
| 132|0x0000000088400000, 0x0000000088500000, 0x0000000088500000|100%| O|  |TAMS 0x0000000088500000, 0x0000000088500000| Untracked 
| 133|0x0000000088500000, 0x0000000088600000, 0x0000000088600000|100%| O|  |TAMS 0x0000000088600000, 0x0000000088600000| Untracked 
| 134|0x0000000088600000, 0x0000000088700000, 0x0000000088700000|100%| O|  |TAMS 0x0000000088700000, 0x0000000088700000| Untracked 
| 135|0x0000000088700000, 0x0000000088800000, 0x0000000088800000|100%| O|  |TAMS 0x0000000088800000, 0x0000000088800000| Untracked 
| 136|0x0000000088800000, 0x0000000088900000, 0x0000000088900000|100%| O|  |TAMS 0x0000000088900000, 0x0000000088900000| Untracked 
| 137|0x0000000088900000, 0x0000000088a00000, 0x0000000088a00000|100%| O|  |TAMS 0x0000000088a00000, 0x0000000088a00000| Untracked 
| 138|0x0000000088a00000, 0x0000000088b00000, 0x0000000088b00000|100%| O|  |TAMS 0x0000000088b00000, 0x0000000088b00000| Untracked 
| 139|0x0000000088b00000, 0x0000000088c00000, 0x0000000088c00000|100%| O|  |TAMS 0x0000000088c00000, 0x0000000088c00000| Untracked 
| 140|0x0000000088c00000, 0x0000000088d00000, 0x0000000088d00000|100%| O|  |TAMS 0x0000000088d00000, 0x0000000088d00000| Untracked 
| 141|0x0000000088d00000, 0x0000000088e00000, 0x0000000088e00000|100%| O|  |TAMS 0x0000000088e00000, 0x0000000088e00000| Untracked 
| 142|0x0000000088e00000, 0x0000000088f00000, 0x0000000088f00000|100%| O|  |TAMS 0x0000000088f00000, 0x0000000088f00000| Untracked 
| 143|0x0000000088f00000, 0x0000000089000000, 0x0000000089000000|100%| O|  |TAMS 0x0000000089000000, 0x0000000089000000| Untracked 
| 144|0x0000000089000000, 0x0000000089100000, 0x0000000089100000|100%| O|  |TAMS 0x0000000089100000, 0x0000000089100000| Untracked 
| 145|0x0000000089100000, 0x0000000089200000, 0x0000000089200000|100%| O|  |TAMS 0x0000000089200000, 0x0000000089200000| Untracked 
| 146|0x0000000089200000, 0x0000000089300000, 0x0000000089300000|100%| O|  |TAMS 0x0000000089300000, 0x0000000089300000| Untracked 
| 147|0x0000000089300000, 0x0000000089400000, 0x0000000089400000|100%| O|  |TAMS 0x00000000893f5000, 0x0000000089400000| Untracked 
| 148|0x0000000089400000, 0x0000000089500000, 0x0000000089500000|100%| O|  |TAMS 0x0000000089400000, 0x0000000089500000| Untracked 
| 149|0x0000000089500000, 0x0000000089600000, 0x0000000089600000|100%| O|  |TAMS 0x0000000089500000, 0x0000000089600000| Untracked 
| 150|0x0000000089600000, 0x0000000089700000, 0x0000000089700000|100%| O|  |TAMS 0x0000000089600000, 0x0000000089700000| Untracked 
| 151|0x0000000089700000, 0x0000000089800000, 0x0000000089800000|100%| O|  |TAMS 0x0000000089700000, 0x0000000089800000| Untracked 
| 152|0x0000000089800000, 0x0000000089900000, 0x0000000089900000|100%| O|  |TAMS 0x0000000089800000, 0x0000000089900000| Untracked 
| 153|0x0000000089900000, 0x0000000089a00000, 0x0000000089a00000|100%| O|  |TAMS 0x0000000089900000, 0x0000000089a00000| Untracked 
| 154|0x0000000089a00000, 0x0000000089b00000, 0x0000000089b00000|100%| O|  |TAMS 0x0000000089a00000, 0x0000000089b00000| Untracked 
| 155|0x0000000089b00000, 0x0000000089c00000, 0x0000000089c00000|100%| O|  |TAMS 0x0000000089b00000, 0x0000000089c00000| Untracked 
| 156|0x0000000089c00000, 0x0000000089d00000, 0x0000000089d00000|100%| O|  |TAMS 0x0000000089c00000, 0x0000000089d00000| Untracked 
| 157|0x0000000089d00000, 0x0000000089e00000, 0x0000000089e00000|100%| O|  |TAMS 0x0000000089d00000, 0x0000000089e00000| Untracked 
| 158|0x0000000089e00000, 0x0000000089f00000, 0x0000000089f00000|100%| O|  |TAMS 0x0000000089e00000, 0x0000000089f00000| Untracked 
| 159|0x0000000089f00000, 0x000000008a000000, 0x000000008a000000|100%| O|  |TAMS 0x0000000089f00000, 0x000000008a000000| Untracked 
| 160|0x000000008a000000, 0x000000008a100000, 0x000000008a100000|100%| O|  |TAMS 0x000000008a000000, 0x000000008a100000| Untracked 
| 161|0x000000008a100000, 0x000000008a200000, 0x000000008a200000|100%| O|  |TAMS 0x000000008a100000, 0x000000008a200000| Untracked 
| 162|0x000000008a200000, 0x000000008a300000, 0x000000008a300000|100%| O|  |TAMS 0x000000008a200000, 0x000000008a300000| Untracked 
| 163|0x000000008a300000, 0x000000008a400000, 0x000000008a400000|100%| O|  |TAMS 0x000000008a300000, 0x000000008a400000| Untracked 
| 164|0x000000008a400000, 0x000000008a500000, 0x000000008a500000|100%| O|  |TAMS 0x000000008a400000, 0x000000008a500000| Untracked 
| 165|0x000000008a500000, 0x000000008a600000, 0x000000008a600000|100%| O|  |TAMS 0x000000008a500000, 0x000000008a600000| Untracked 
| 166|0x000000008a600000, 0x000000008a700000, 0x000000008a700000|100%| O|  |TAMS 0x000000008a600000, 0x000000008a700000| Untracked 
| 167|0x000000008a700000, 0x000000008a800000, 0x000000008a800000|100%| O|  |TAMS 0x000000008a700000, 0x000000008a800000| Untracked 
| 168|0x000000008a800000, 0x000000008a900000, 0x000000008a900000|100%| O|  |TAMS 0x000000008a800000, 0x000000008a900000| Untracked 
| 169|0x000000008a900000, 0x000000008aa00000, 0x000000008aa00000|100%| O|  |TAMS 0x000000008a900000, 0x000000008aa00000| Untracked 
| 170|0x000000008aa00000, 0x000000008ab00000, 0x000000008ab00000|100%| O|  |TAMS 0x000000008aa00000, 0x000000008ab00000| Untracked 
| 171|0x000000008ab00000, 0x000000008ac00000, 0x000000008ac00000|100%| O|  |TAMS 0x000000008ab00000, 0x000000008ac00000| Untracked 
| 172|0x000000008ac00000, 0x000000008ad00000, 0x000000008ad00000|100%| O|  |TAMS 0x000000008ac00000, 0x000000008ad00000| Untracked 
| 173|0x000000008ad00000, 0x000000008ae00000, 0x000000008ae00000|100%| O|  |TAMS 0x000000008ad00000, 0x000000008ae00000| Untracked 
| 174|0x000000008ae00000, 0x000000008af00000, 0x000000008af00000|100%| O|  |TAMS 0x000000008ae00000, 0x000000008af00000| Untracked 
| 175|0x000000008af00000, 0x000000008b000000, 0x000000008b000000|100%| O|  |TAMS 0x000000008af00000, 0x000000008b000000| Untracked 
| 176|0x000000008b000000, 0x000000008b100000, 0x000000008b100000|100%| O|  |TAMS 0x000000008b000000, 0x000000008b100000| Untracked 
| 177|0x000000008b100000, 0x000000008b200000, 0x000000008b200000|100%| O|  |TAMS 0x000000008b100000, 0x000000008b200000| Untracked 
| 178|0x000000008b200000, 0x000000008b300000, 0x000000008b300000|100%| O|  |TAMS 0x000000008b200000, 0x000000008b300000| Untracked 
| 179|0x000000008b300000, 0x000000008b400000, 0x000000008b400000|100%| O|  |TAMS 0x000000008b300000, 0x000000008b400000| Untracked 
| 180|0x000000008b400000, 0x000000008b500000, 0x000000008b500000|100%| O|  |TAMS 0x000000008b400000, 0x000000008b500000| Untracked 
| 181|0x000000008b500000, 0x000000008b600000, 0x000000008b600000|100%| O|  |TAMS 0x000000008b500000, 0x000000008b600000| Untracked 
| 182|0x000000008b600000, 0x000000008b700000, 0x000000008b700000|100%| O|  |TAMS 0x000000008b600000, 0x000000008b700000| Untracked 
| 183|0x000000008b700000, 0x000000008b800000, 0x000000008b800000|100%| O|  |TAMS 0x000000008b700000, 0x000000008b800000| Untracked 
| 184|0x000000008b800000, 0x000000008b900000, 0x000000008b900000|100%| O|  |TAMS 0x000000008b800000, 0x000000008b900000| Untracked 
| 185|0x000000008b900000, 0x000000008ba00000, 0x000000008ba00000|100%| O|  |TAMS 0x000000008b900000, 0x000000008ba00000| Untracked 
| 186|0x000000008ba00000, 0x000000008bb00000, 0x000000008bb00000|100%| O|  |TAMS 0x000000008ba00000, 0x000000008bb00000| Untracked 
| 187|0x000000008bb00000, 0x000000008bc00000, 0x000000008bc00000|100%| O|  |TAMS 0x000000008bb00000, 0x000000008bc00000| Untracked 
| 188|0x000000008bc00000, 0x000000008bd00000, 0x000000008bd00000|100%| O|  |TAMS 0x000000008bc00000, 0x000000008bd00000| Untracked 
| 189|0x000000008bd00000, 0x000000008be00000, 0x000000008be00000|100%| O|  |TAMS 0x000000008bd00000, 0x000000008be00000| Untracked 
| 190|0x000000008be00000, 0x000000008bf00000, 0x000000008bf00000|100%| O|  |TAMS 0x000000008be00000, 0x000000008bf00000| Untracked 
| 191|0x000000008bf00000, 0x000000008c000000, 0x000000008c000000|100%| O|  |TAMS 0x000000008bf00000, 0x000000008c000000| Untracked 
| 192|0x000000008c000000, 0x000000008c100000, 0x000000008c100000|100%| O|  |TAMS 0x000000008c000000, 0x000000008c100000| Untracked 
| 193|0x000000008c100000, 0x000000008c200000, 0x000000008c200000|100%| O|  |TAMS 0x000000008c100000, 0x000000008c200000| Untracked 
| 194|0x000000008c200000, 0x000000008c300000, 0x000000008c300000|100%| O|  |TAMS 0x000000008c200000, 0x000000008c300000| Untracked 
| 195|0x000000008c300000, 0x000000008c400000, 0x000000008c400000|100%| O|  |TAMS 0x000000008c300000, 0x000000008c400000| Untracked 
| 196|0x000000008c400000, 0x000000008c500000, 0x000000008c500000|100%| O|  |TAMS 0x000000008c400000, 0x000000008c500000| Untracked 
| 197|0x000000008c500000, 0x000000008c600000, 0x000000008c600000|100%| O|  |TAMS 0x000000008c500000, 0x000000008c600000| Untracked 
| 198|0x000000008c600000, 0x000000008c700000, 0x000000008c700000|100%| O|  |TAMS 0x000000008c600000, 0x000000008c700000| Untracked 
| 199|0x000000008c700000, 0x000000008c700000, 0x000000008c800000|  0%| F|  |TAMS 0x000000008c700000, 0x000000008c700000| Untracked 
| 200|0x000000008c800000, 0x000000008c800000, 0x000000008c900000|  0%| F|  |TAMS 0x000000008c800000, 0x000000008c800000| Untracked 
| 201|0x000000008c900000, 0x000000008c900000, 0x000000008ca00000|  0%| F|  |TAMS 0x000000008c900000, 0x000000008c900000| Untracked 
| 202|0x000000008ca00000, 0x000000008ca00000, 0x000000008cb00000|  0%| F|  |TAMS 0x000000008ca00000, 0x000000008ca00000| Untracked 
| 203|0x000000008cb00000, 0x000000008cb00000, 0x000000008cc00000|  0%| F|  |TAMS 0x000000008cb00000, 0x000000008cb00000| Untracked 
| 204|0x000000008cc00000, 0x000000008cc00000, 0x000000008cd00000|  0%| F|  |TAMS 0x000000008cc00000, 0x000000008cc00000| Untracked 
| 205|0x000000008cd00000, 0x000000008cd00000, 0x000000008ce00000|  0%| F|  |TAMS 0x000000008cd00000, 0x000000008cd00000| Untracked 
| 206|0x000000008ce00000, 0x000000008ce00000, 0x000000008cf00000|  0%| F|  |TAMS 0x000000008ce00000, 0x000000008ce00000| Untracked 
| 207|0x000000008cf00000, 0x000000008cf00000, 0x000000008d000000|  0%| F|  |TAMS 0x000000008cf00000, 0x000000008cf00000| Untracked 
| 208|0x000000008d000000, 0x000000008d000000, 0x000000008d100000|  0%| F|  |TAMS 0x000000008d000000, 0x000000008d000000| Untracked 
| 209|0x000000008d100000, 0x000000008d100000, 0x000000008d200000|  0%| F|  |TAMS 0x000000008d100000, 0x000000008d100000| Untracked 
| 210|0x000000008d200000, 0x000000008d200000, 0x000000008d300000|  0%| F|  |TAMS 0x000000008d200000, 0x000000008d200000| Untracked 
| 211|0x000000008d300000, 0x000000008d300000, 0x000000008d400000|  0%| F|  |TAMS 0x000000008d300000, 0x000000008d300000| Untracked 
| 212|0x000000008d400000, 0x000000008d400000, 0x000000008d500000|  0%| F|  |TAMS 0x000000008d400000, 0x000000008d400000| Untracked 
| 213|0x000000008d500000, 0x000000008d500000, 0x000000008d600000|  0%| F|  |TAMS 0x000000008d500000, 0x000000008d500000| Untracked 
| 214|0x000000008d600000, 0x000000008d600000, 0x000000008d700000|  0%| F|  |TAMS 0x000000008d600000, 0x000000008d600000| Untracked 
| 215|0x000000008d700000, 0x000000008d700000, 0x000000008d800000|  0%| F|  |TAMS 0x000000008d700000, 0x000000008d700000| Untracked 
| 216|0x000000008d800000, 0x000000008d800000, 0x000000008d900000|  0%| F|  |TAMS 0x000000008d800000, 0x000000008d800000| Untracked 
| 217|0x000000008d900000, 0x000000008d900000, 0x000000008da00000|  0%| F|  |TAMS 0x000000008d900000, 0x000000008d900000| Untracked 
| 218|0x000000008da00000, 0x000000008da00000, 0x000000008db00000|  0%| F|  |TAMS 0x000000008da00000, 0x000000008da00000| Untracked 
| 219|0x000000008db00000, 0x000000008db00000, 0x000000008dc00000|  0%| F|  |TAMS 0x000000008db00000, 0x000000008db00000| Untracked 
| 220|0x000000008dc00000, 0x000000008dc00000, 0x000000008dd00000|  0%| F|  |TAMS 0x000000008dc00000, 0x000000008dc00000| Untracked 
| 221|0x000000008dd00000, 0x000000008dd00000, 0x000000008de00000|  0%| F|  |TAMS 0x000000008dd00000, 0x000000008dd00000| Untracked 
| 222|0x000000008de00000, 0x000000008de00000, 0x000000008df00000|  0%| F|  |TAMS 0x000000008de00000, 0x000000008de00000| Untracked 
| 223|0x000000008df00000, 0x000000008df00000, 0x000000008e000000|  0%| F|  |TAMS 0x000000008df00000, 0x000000008df00000| Untracked 
| 224|0x000000008e000000, 0x000000008e000000, 0x000000008e100000|  0%| F|  |TAMS 0x000000008e000000, 0x000000008e000000| Untracked 
| 225|0x000000008e100000, 0x000000008e100000, 0x000000008e200000|  0%| F|  |TAMS 0x000000008e100000, 0x000000008e100000| Untracked 
| 226|0x000000008e200000, 0x000000008e200000, 0x000000008e300000|  0%| F|  |TAMS 0x000000008e200000, 0x000000008e200000| Untracked 
| 227|0x000000008e300000, 0x000000008e300000, 0x000000008e400000|  0%| F|  |TAMS 0x000000008e300000, 0x000000008e300000| Untracked 
| 228|0x000000008e400000, 0x000000008e400000, 0x000000008e500000|  0%| F|  |TAMS 0x000000008e400000, 0x000000008e400000| Untracked 
| 229|0x000000008e500000, 0x000000008e500000, 0x000000008e600000|  0%| F|  |TAMS 0x000000008e500000, 0x000000008e500000| Untracked 
| 230|0x000000008e600000, 0x000000008e600000, 0x000000008e700000|  0%| F|  |TAMS 0x000000008e600000, 0x000000008e600000| Untracked 
| 231|0x000000008e700000, 0x000000008e700000, 0x000000008e800000|  0%| F|  |TAMS 0x000000008e700000, 0x000000008e700000| Untracked 
| 232|0x000000008e800000, 0x000000008e800000, 0x000000008e900000|  0%| F|  |TAMS 0x000000008e800000, 0x000000008e800000| Untracked 
| 233|0x000000008e900000, 0x000000008e900000, 0x000000008ea00000|  0%| F|  |TAMS 0x000000008e900000, 0x000000008e900000| Untracked 
| 234|0x000000008ea00000, 0x000000008ea00000, 0x000000008eb00000|  0%| F|  |TAMS 0x000000008ea00000, 0x000000008ea00000| Untracked 
| 235|0x000000008eb00000, 0x000000008eb00000, 0x000000008ec00000|  0%| F|  |TAMS 0x000000008eb00000, 0x000000008eb00000| Untracked 
| 236|0x000000008ec00000, 0x000000008ec00000, 0x000000008ed00000|  0%| F|  |TAMS 0x000000008ec00000, 0x000000008ec00000| Untracked 
| 237|0x000000008ed00000, 0x000000008ed00000, 0x000000008ee00000|  0%| F|  |TAMS 0x000000008ed00000, 0x000000008ed00000| Untracked 
| 238|0x000000008ee00000, 0x000000008ee00000, 0x000000008ef00000|  0%| F|  |TAMS 0x000000008ee00000, 0x000000008ee00000| Untracked 
| 239|0x000000008ef00000, 0x000000008ef00000, 0x000000008f000000|  0%| F|  |TAMS 0x000000008ef00000, 0x000000008ef00000| Untracked 
| 240|0x000000008f000000, 0x000000008f000000, 0x000000008f100000|  0%| F|  |TAMS 0x000000008f000000, 0x000000008f000000| Untracked 
| 241|0x000000008f100000, 0x000000008f100000, 0x000000008f200000|  0%| F|  |TAMS 0x000000008f100000, 0x000000008f100000| Untracked 
| 242|0x000000008f200000, 0x000000008f200000, 0x000000008f300000|  0%| F|  |TAMS 0x000000008f200000, 0x000000008f200000| Untracked 
| 243|0x000000008f300000, 0x000000008f300000, 0x000000008f400000|  0%| F|  |TAMS 0x000000008f300000, 0x000000008f300000| Untracked 
| 244|0x000000008f400000, 0x000000008f400000, 0x000000008f500000|  0%| F|  |TAMS 0x000000008f400000, 0x000000008f400000| Untracked 
| 245|0x000000008f500000, 0x000000008f500000, 0x000000008f600000|  0%| F|  |TAMS 0x000000008f500000, 0x000000008f500000| Untracked 
| 246|0x000000008f600000, 0x000000008f600000, 0x000000008f700000|  0%| F|  |TAMS 0x000000008f600000, 0x000000008f600000| Untracked 
| 247|0x000000008f700000, 0x000000008f700000, 0x000000008f800000|  0%| F|  |TAMS 0x000000008f700000, 0x000000008f700000| Untracked 
| 248|0x000000008f800000, 0x000000008f800000, 0x000000008f900000|  0%| F|  |TAMS 0x000000008f800000, 0x000000008f800000| Untracked 
| 249|0x000000008f900000, 0x000000008f900000, 0x000000008fa00000|  0%| F|  |TAMS 0x000000008f900000, 0x000000008f900000| Untracked 
| 250|0x000000008fa00000, 0x000000008fa00000, 0x000000008fb00000|  0%| F|  |TAMS 0x000000008fa00000, 0x000000008fa00000| Untracked 
| 251|0x000000008fb00000, 0x000000008fb00000, 0x000000008fc00000|  0%| F|  |TAMS 0x000000008fb00000, 0x000000008fb00000| Untracked 
| 252|0x000000008fc00000, 0x000000008fc00000, 0x000000008fd00000|  0%| F|  |TAMS 0x000000008fc00000, 0x000000008fc00000| Untracked 
| 253|0x000000008fd00000, 0x000000008fd00000, 0x000000008fe00000|  0%| F|  |TAMS 0x000000008fd00000, 0x000000008fd00000| Untracked 
| 254|0x000000008fe00000, 0x000000008fe00000, 0x000000008ff00000|  0%| F|  |TAMS 0x000000008fe00000, 0x000000008fe00000| Untracked 
| 255|0x000000008ff00000, 0x000000008ff00000, 0x0000000090000000|  0%| F|  |TAMS 0x000000008ff00000, 0x000000008ff00000| Untracked 
| 256|0x0000000090000000, 0x0000000090000000, 0x0000000090100000|  0%| F|  |TAMS 0x0000000090000000, 0x0000000090000000| Untracked 
| 257|0x0000000090100000, 0x0000000090100000, 0x0000000090200000|  0%| F|  |TAMS 0x0000000090100000, 0x0000000090100000| Untracked 
| 258|0x0000000090200000, 0x0000000090200000, 0x0000000090300000|  0%| F|  |TAMS 0x0000000090200000, 0x0000000090200000| Untracked 
| 259|0x0000000090300000, 0x0000000090300000, 0x0000000090400000|  0%| F|  |TAMS 0x0000000090300000, 0x0000000090300000| Untracked 
| 260|0x0000000090400000, 0x0000000090400000, 0x0000000090500000|  0%| F|  |TAMS 0x0000000090400000, 0x0000000090400000| Untracked 
| 261|0x0000000090500000, 0x0000000090500000, 0x0000000090600000|  0%| F|  |TAMS 0x0000000090500000, 0x0000000090500000| Untracked 
| 262|0x0000000090600000, 0x0000000090600000, 0x0000000090700000|  0%| F|  |TAMS 0x0000000090600000, 0x0000000090600000| Untracked 
| 263|0x0000000090700000, 0x0000000090700000, 0x0000000090800000|  0%| F|  |TAMS 0x0000000090700000, 0x0000000090700000| Untracked 
| 264|0x0000000090800000, 0x0000000090800000, 0x0000000090900000|  0%| F|  |TAMS 0x0000000090800000, 0x0000000090800000| Untracked 
| 265|0x0000000090900000, 0x0000000090900000, 0x0000000090a00000|  0%| F|  |TAMS 0x0000000090900000, 0x0000000090900000| Untracked 
| 266|0x0000000090a00000, 0x0000000090a00000, 0x0000000090b00000|  0%| F|  |TAMS 0x0000000090a00000, 0x0000000090a00000| Untracked 
| 267|0x0000000090b00000, 0x0000000090b00000, 0x0000000090c00000|  0%| F|  |TAMS 0x0000000090b00000, 0x0000000090b00000| Untracked 
| 268|0x0000000090c00000, 0x0000000090c00000, 0x0000000090d00000|  0%| F|  |TAMS 0x0000000090c00000, 0x0000000090c00000| Untracked 
| 269|0x0000000090d00000, 0x0000000090d00000, 0x0000000090e00000|  0%| F|  |TAMS 0x0000000090d00000, 0x0000000090d00000| Untracked 
| 270|0x0000000090e00000, 0x0000000090e00000, 0x0000000090f00000|  0%| F|  |TAMS 0x0000000090e00000, 0x0000000090e00000| Untracked 
| 271|0x0000000090f00000, 0x0000000090f00000, 0x0000000091000000|  0%| F|  |TAMS 0x0000000090f00000, 0x0000000090f00000| Untracked 
| 272|0x0000000091000000, 0x0000000091000000, 0x0000000091100000|  0%| F|  |TAMS 0x0000000091000000, 0x0000000091000000| Untracked 
| 273|0x0000000091100000, 0x0000000091100000, 0x0000000091200000|  0%| F|  |TAMS 0x0000000091100000, 0x0000000091100000| Untracked 
| 274|0x0000000091200000, 0x0000000091200000, 0x0000000091300000|  0%| F|  |TAMS 0x0000000091200000, 0x0000000091200000| Untracked 
| 275|0x0000000091300000, 0x0000000091300000, 0x0000000091400000|  0%| F|  |TAMS 0x0000000091300000, 0x0000000091300000| Untracked 
| 276|0x0000000091400000, 0x0000000091400000, 0x0000000091500000|  0%| F|  |TAMS 0x0000000091400000, 0x0000000091400000| Untracked 
| 277|0x0000000091500000, 0x0000000091500000, 0x0000000091600000|  0%| F|  |TAMS 0x0000000091500000, 0x0000000091500000| Untracked 
| 278|0x0000000091600000, 0x0000000091600000, 0x0000000091700000|  0%| F|  |TAMS 0x0000000091600000, 0x0000000091600000| Untracked 
| 279|0x0000000091700000, 0x0000000091700000, 0x0000000091800000|  0%| F|  |TAMS 0x0000000091700000, 0x0000000091700000| Untracked 
| 280|0x0000000091800000, 0x0000000091800000, 0x0000000091900000|  0%| F|  |TAMS 0x0000000091800000, 0x0000000091800000| Untracked 
| 281|0x0000000091900000, 0x0000000091900000, 0x0000000091a00000|  0%| F|  |TAMS 0x0000000091900000, 0x0000000091900000| Untracked 
| 282|0x0000000091a00000, 0x0000000091a00000, 0x0000000091b00000|  0%| F|  |TAMS 0x0000000091a00000, 0x0000000091a00000| Untracked 
| 283|0x0000000091b00000, 0x0000000091b00000, 0x0000000091c00000|  0%| F|  |TAMS 0x0000000091b00000, 0x0000000091b00000| Untracked 
| 284|0x0000000091c00000, 0x0000000091c00000, 0x0000000091d00000|  0%| F|  |TAMS 0x0000000091c00000, 0x0000000091c00000| Untracked 
| 285|0x0000000091d00000, 0x0000000091d00000, 0x0000000091e00000|  0%| F|  |TAMS 0x0000000091d00000, 0x0000000091d00000| Untracked 
| 286|0x0000000091e00000, 0x0000000091e00000, 0x0000000091f00000|  0%| F|  |TAMS 0x0000000091e00000, 0x0000000091e00000| Untracked 
| 287|0x0000000091f00000, 0x0000000091f00000, 0x0000000092000000|  0%| F|  |TAMS 0x0000000091f00000, 0x0000000091f00000| Untracked 
| 288|0x0000000092000000, 0x0000000092000000, 0x0000000092100000|  0%| F|  |TAMS 0x0000000092000000, 0x0000000092000000| Untracked 
| 289|0x0000000092100000, 0x0000000092100000, 0x0000000092200000|  0%| F|  |TAMS 0x0000000092100000, 0x0000000092100000| Untracked 
| 290|0x0000000092200000, 0x0000000092200000, 0x0000000092300000|  0%| F|  |TAMS 0x0000000092200000, 0x0000000092200000| Untracked 
| 291|0x0000000092300000, 0x0000000092300000, 0x0000000092400000|  0%| F|  |TAMS 0x0000000092300000, 0x0000000092300000| Untracked 
| 292|0x0000000092400000, 0x0000000092400000, 0x0000000092500000|  0%| F|  |TAMS 0x0000000092400000, 0x0000000092400000| Untracked 
| 293|0x0000000092500000, 0x0000000092500000, 0x0000000092600000|  0%| F|  |TAMS 0x0000000092500000, 0x0000000092500000| Untracked 
| 294|0x0000000092600000, 0x0000000092600000, 0x0000000092700000|  0%| F|  |TAMS 0x0000000092600000, 0x0000000092600000| Untracked 
| 295|0x0000000092700000, 0x0000000092700000, 0x0000000092800000|  0%| F|  |TAMS 0x0000000092700000, 0x0000000092700000| Untracked 
| 296|0x0000000092800000, 0x0000000092800000, 0x0000000092900000|  0%| F|  |TAMS 0x0000000092800000, 0x0000000092800000| Untracked 
| 297|0x0000000092900000, 0x0000000092900000, 0x0000000092a00000|  0%| F|  |TAMS 0x0000000092900000, 0x0000000092900000| Untracked 
| 298|0x0000000092a00000, 0x0000000092a00000, 0x0000000092b00000|  0%| F|  |TAMS 0x0000000092a00000, 0x0000000092a00000| Untracked 
| 299|0x0000000092b00000, 0x0000000092b00000, 0x0000000092c00000|  0%| F|  |TAMS 0x0000000092b00000, 0x0000000092b00000| Untracked 
| 300|0x0000000092c00000, 0x0000000092c00000, 0x0000000092d00000|  0%| F|  |TAMS 0x0000000092c00000, 0x0000000092c00000| Untracked 
| 301|0x0000000092d00000, 0x0000000092d00000, 0x0000000092e00000|  0%| F|  |TAMS 0x0000000092d00000, 0x0000000092d00000| Untracked 
| 302|0x0000000092e00000, 0x0000000092e00000, 0x0000000092f00000|  0%| F|  |TAMS 0x0000000092e00000, 0x0000000092e00000| Untracked 
| 303|0x0000000092f00000, 0x0000000092f00000, 0x0000000093000000|  0%| F|  |TAMS 0x0000000092f00000, 0x0000000092f00000| Untracked 
| 304|0x0000000093000000, 0x0000000093000000, 0x0000000093100000|  0%| F|  |TAMS 0x0000000093000000, 0x0000000093000000| Untracked 
| 305|0x0000000093100000, 0x0000000093100000, 0x0000000093200000|  0%| F|  |TAMS 0x0000000093100000, 0x0000000093100000| Untracked 
| 306|0x0000000093200000, 0x0000000093200000, 0x0000000093300000|  0%| F|  |TAMS 0x0000000093200000, 0x0000000093200000| Untracked 
| 307|0x0000000093300000, 0x0000000093300000, 0x0000000093400000|  0%| F|  |TAMS 0x0000000093300000, 0x0000000093300000| Untracked 
| 308|0x0000000093400000, 0x0000000093400000, 0x0000000093500000|  0%| F|  |TAMS 0x0000000093400000, 0x0000000093400000| Untracked 
| 309|0x0000000093500000, 0x0000000093500000, 0x0000000093600000|  0%| F|  |TAMS 0x0000000093500000, 0x0000000093500000| Untracked 
| 310|0x0000000093600000, 0x0000000093600000, 0x0000000093700000|  0%| F|  |TAMS 0x0000000093600000, 0x0000000093600000| Untracked 
| 311|0x0000000093700000, 0x0000000093700000, 0x0000000093800000|  0%| F|  |TAMS 0x0000000093700000, 0x0000000093700000| Untracked 
| 312|0x0000000093800000, 0x0000000093800000, 0x0000000093900000|  0%| F|  |TAMS 0x0000000093800000, 0x0000000093800000| Untracked 
| 313|0x0000000093900000, 0x0000000093900000, 0x0000000093a00000|  0%| F|  |TAMS 0x0000000093900000, 0x0000000093900000| Untracked 
| 314|0x0000000093a00000, 0x0000000093a00000, 0x0000000093b00000|  0%| F|  |TAMS 0x0000000093a00000, 0x0000000093a00000| Untracked 
| 315|0x0000000093b00000, 0x0000000093b00000, 0x0000000093c00000|  0%| F|  |TAMS 0x0000000093b00000, 0x0000000093b00000| Untracked 
| 316|0x0000000093c00000, 0x0000000093c00000, 0x0000000093d00000|  0%| F|  |TAMS 0x0000000093c00000, 0x0000000093c00000| Untracked 
| 317|0x0000000093d00000, 0x0000000093d00000, 0x0000000093e00000|  0%| F|  |TAMS 0x0000000093d00000, 0x0000000093d00000| Untracked 
| 318|0x0000000093e00000, 0x0000000093e00000, 0x0000000093f00000|  0%| F|  |TAMS 0x0000000093e00000, 0x0000000093e00000| Untracked 
| 319|0x0000000093f00000, 0x0000000093f00000, 0x0000000094000000|  0%| F|  |TAMS 0x0000000093f00000, 0x0000000093f00000| Untracked 
| 320|0x0000000094000000, 0x0000000094000000, 0x0000000094100000|  0%| F|  |TAMS 0x0000000094000000, 0x0000000094000000| Untracked 
| 321|0x0000000094100000, 0x0000000094100000, 0x0000000094200000|  0%| F|  |TAMS 0x0000000094100000, 0x0000000094100000| Untracked 
| 322|0x0000000094200000, 0x0000000094200000, 0x0000000094300000|  0%| F|  |TAMS 0x0000000094200000, 0x0000000094200000| Untracked 
| 323|0x0000000094300000, 0x0000000094300000, 0x0000000094400000|  0%| F|  |TAMS 0x0000000094300000, 0x0000000094300000| Untracked 
| 324|0x0000000094400000, 0x0000000094400000, 0x0000000094500000|  0%| F|  |TAMS 0x0000000094400000, 0x0000000094400000| Untracked 
| 325|0x0000000094500000, 0x0000000094500000, 0x0000000094600000|  0%| F|  |TAMS 0x0000000094500000, 0x0000000094500000| Untracked 
| 326|0x0000000094600000, 0x0000000094600000, 0x0000000094700000|  0%| F|  |TAMS 0x0000000094600000, 0x0000000094600000| Untracked 
| 327|0x0000000094700000, 0x0000000094700000, 0x0000000094800000|  0%| F|  |TAMS 0x0000000094700000, 0x0000000094700000| Untracked 
| 328|0x0000000094800000, 0x0000000094800000, 0x0000000094900000|  0%| F|  |TAMS 0x0000000094800000, 0x0000000094800000| Untracked 
| 329|0x0000000094900000, 0x0000000094900000, 0x0000000094a00000|  0%| F|  |TAMS 0x0000000094900000, 0x0000000094900000| Untracked 
| 330|0x0000000094a00000, 0x0000000094a00000, 0x0000000094b00000|  0%| F|  |TAMS 0x0000000094a00000, 0x0000000094a00000| Untracked 
| 331|0x0000000094b00000, 0x0000000094b00000, 0x0000000094c00000|  0%| F|  |TAMS 0x0000000094b00000, 0x0000000094b00000| Untracked 
| 332|0x0000000094c00000, 0x0000000094c00000, 0x0000000094d00000|  0%| F|  |TAMS 0x0000000094c00000, 0x0000000094c00000| Untracked 
| 333|0x0000000094d00000, 0x0000000094d00000, 0x0000000094e00000|  0%| F|  |TAMS 0x0000000094d00000, 0x0000000094d00000| Untracked 
| 334|0x0000000094e00000, 0x0000000094e00000, 0x0000000094f00000|  0%| F|  |TAMS 0x0000000094e00000, 0x0000000094e00000| Untracked 
| 335|0x0000000094f00000, 0x0000000094f00000, 0x0000000095000000|  0%| F|  |TAMS 0x0000000094f00000, 0x0000000094f00000| Untracked 
| 336|0x0000000095000000, 0x0000000095000000, 0x0000000095100000|  0%| F|  |TAMS 0x0000000095000000, 0x0000000095000000| Untracked 
| 337|0x0000000095100000, 0x0000000095100000, 0x0000000095200000|  0%| F|  |TAMS 0x0000000095100000, 0x0000000095100000| Untracked 
| 338|0x0000000095200000, 0x0000000095200000, 0x0000000095300000|  0%| F|  |TAMS 0x0000000095200000, 0x0000000095200000| Untracked 
| 339|0x0000000095300000, 0x0000000095300000, 0x0000000095400000|  0%| F|  |TAMS 0x0000000095300000, 0x0000000095300000| Untracked 
| 340|0x0000000095400000, 0x0000000095400000, 0x0000000095500000|  0%| F|  |TAMS 0x0000000095400000, 0x0000000095400000| Untracked 
| 341|0x0000000095500000, 0x0000000095500000, 0x0000000095600000|  0%| F|  |TAMS 0x0000000095500000, 0x0000000095500000| Untracked 
| 342|0x0000000095600000, 0x0000000095600000, 0x0000000095700000|  0%| F|  |TAMS 0x0000000095600000, 0x0000000095600000| Untracked 
| 343|0x0000000095700000, 0x0000000095700000, 0x0000000095800000|  0%| F|  |TAMS 0x0000000095700000, 0x0000000095700000| Untracked 
| 344|0x0000000095800000, 0x0000000095800000, 0x0000000095900000|  0%| F|  |TAMS 0x0000000095800000, 0x0000000095800000| Untracked 
| 345|0x0000000095900000, 0x0000000095900000, 0x0000000095a00000|  0%| F|  |TAMS 0x0000000095900000, 0x0000000095900000| Untracked 
| 346|0x0000000095a00000, 0x0000000095a00000, 0x0000000095b00000|  0%| F|  |TAMS 0x0000000095a00000, 0x0000000095a00000| Untracked 
| 347|0x0000000095b00000, 0x0000000095b00000, 0x0000000095c00000|  0%| F|  |TAMS 0x0000000095b00000, 0x0000000095b00000| Untracked 
| 348|0x0000000095c00000, 0x0000000095c00000, 0x0000000095d00000|  0%| F|  |TAMS 0x0000000095c00000, 0x0000000095c00000| Untracked 
| 349|0x0000000095d00000, 0x0000000095d00000, 0x0000000095e00000|  0%| F|  |TAMS 0x0000000095d00000, 0x0000000095d00000| Untracked 
| 350|0x0000000095e00000, 0x0000000095e00000, 0x0000000095f00000|  0%| F|  |TAMS 0x0000000095e00000, 0x0000000095e00000| Untracked 
| 351|0x0000000095f00000, 0x0000000095f00000, 0x0000000096000000|  0%| F|  |TAMS 0x0000000095f00000, 0x0000000095f00000| Untracked 
| 352|0x0000000096000000, 0x0000000096000000, 0x0000000096100000|  0%| F|  |TAMS 0x0000000096000000, 0x0000000096000000| Untracked 
| 353|0x0000000096100000, 0x0000000096100000, 0x0000000096200000|  0%| F|  |TAMS 0x0000000096100000, 0x0000000096100000| Untracked 
| 354|0x0000000096200000, 0x0000000096200000, 0x0000000096300000|  0%| F|  |TAMS 0x0000000096200000, 0x0000000096200000| Untracked 
| 355|0x0000000096300000, 0x0000000096300000, 0x0000000096400000|  0%| F|  |TAMS 0x0000000096300000, 0x0000000096300000| Untracked 
| 356|0x0000000096400000, 0x0000000096400000, 0x0000000096500000|  0%| F|  |TAMS 0x0000000096400000, 0x0000000096400000| Untracked 
| 357|0x0000000096500000, 0x0000000096500000, 0x0000000096600000|  0%| F|  |TAMS 0x0000000096500000, 0x0000000096500000| Untracked 
| 358|0x0000000096600000, 0x0000000096600000, 0x0000000096700000|  0%| F|  |TAMS 0x0000000096600000, 0x0000000096600000| Untracked 
| 359|0x0000000096700000, 0x0000000096700000, 0x0000000096800000|  0%| F|  |TAMS 0x0000000096700000, 0x0000000096700000| Untracked 
| 360|0x0000000096800000, 0x0000000096800000, 0x0000000096900000|  0%| F|  |TAMS 0x0000000096800000, 0x0000000096800000| Untracked 
| 361|0x0000000096900000, 0x0000000096900000, 0x0000000096a00000|  0%| F|  |TAMS 0x0000000096900000, 0x0000000096900000| Untracked 
| 362|0x0000000096a00000, 0x0000000096a00000, 0x0000000096b00000|  0%| F|  |TAMS 0x0000000096a00000, 0x0000000096a00000| Untracked 
| 363|0x0000000096b00000, 0x0000000096b00000, 0x0000000096c00000|  0%| F|  |TAMS 0x0000000096b00000, 0x0000000096b00000| Untracked 
| 364|0x0000000096c00000, 0x0000000096c00000, 0x0000000096d00000|  0%| F|  |TAMS 0x0000000096c00000, 0x0000000096c00000| Untracked 
| 365|0x0000000096d00000, 0x0000000096d00000, 0x0000000096e00000|  0%| F|  |TAMS 0x0000000096d00000, 0x0000000096d00000| Untracked 
| 366|0x0000000096e00000, 0x0000000096f00000, 0x0000000096f00000|100%| S|CS|TAMS 0x0000000096e00000, 0x0000000096e00000| Complete 
| 367|0x0000000096f00000, 0x0000000097000000, 0x0000000097000000|100%| S|CS|TAMS 0x0000000096f00000, 0x0000000096f00000| Complete 
| 368|0x0000000097000000, 0x0000000097100000, 0x0000000097100000|100%| S|CS|TAMS 0x0000000097000000, 0x0000000097000000| Complete 
| 369|0x0000000097100000, 0x0000000097200000, 0x0000000097200000|100%| S|CS|TAMS 0x0000000097100000, 0x0000000097100000| Complete 
| 370|0x0000000097200000, 0x0000000097300000, 0x0000000097300000|100%| S|CS|TAMS 0x0000000097200000, 0x0000000097200000| Complete 
| 371|0x0000000097300000, 0x0000000097300000, 0x0000000097400000|  0%| F|  |TAMS 0x0000000097300000, 0x0000000097300000| Untracked 
| 372|0x0000000097400000, 0x0000000097400000, 0x0000000097500000|  0%| F|  |TAMS 0x0000000097400000, 0x0000000097400000| Untracked 
| 373|0x0000000097500000, 0x0000000097500000, 0x0000000097600000|  0%| F|  |TAMS 0x0000000097500000, 0x0000000097500000| Untracked 
| 374|0x0000000097600000, 0x0000000097600000, 0x0000000097700000|  0%| F|  |TAMS 0x0000000097600000, 0x0000000097600000| Untracked 
| 375|0x0000000097700000, 0x0000000097700000, 0x0000000097800000|  0%| F|  |TAMS 0x0000000097700000, 0x0000000097700000| Untracked 
| 376|0x0000000097800000, 0x0000000097800000, 0x0000000097900000|  0%| F|  |TAMS 0x0000000097800000, 0x0000000097800000| Untracked 
| 377|0x0000000097900000, 0x0000000097900000, 0x0000000097a00000|  0%| F|  |TAMS 0x0000000097900000, 0x0000000097900000| Untracked 
| 378|0x0000000097a00000, 0x0000000097a00000, 0x0000000097b00000|  0%| F|  |TAMS 0x0000000097a00000, 0x0000000097a00000| Untracked 
| 379|0x0000000097b00000, 0x0000000097b00000, 0x0000000097c00000|  0%| F|  |TAMS 0x0000000097b00000, 0x0000000097b00000| Untracked 
| 380|0x0000000097c00000, 0x0000000097c00000, 0x0000000097d00000|  0%| F|  |TAMS 0x0000000097c00000, 0x0000000097c00000| Untracked 
| 381|0x0000000097d00000, 0x0000000097d00000, 0x0000000097e00000|  0%| F|  |TAMS 0x0000000097d00000, 0x0000000097d00000| Untracked 
| 382|0x0000000097e00000, 0x0000000097e00000, 0x0000000097f00000|  0%| F|  |TAMS 0x0000000097e00000, 0x0000000097e00000| Untracked 
| 383|0x0000000097f00000, 0x0000000097f00000, 0x0000000098000000|  0%| F|  |TAMS 0x0000000097f00000, 0x0000000097f00000| Untracked 
| 384|0x0000000098000000, 0x0000000098000000, 0x0000000098100000|  0%| F|  |TAMS 0x0000000098000000, 0x0000000098000000| Untracked 
| 385|0x0000000098100000, 0x0000000098100000, 0x0000000098200000|  0%| F|  |TAMS 0x0000000098100000, 0x0000000098100000| Untracked 
| 386|0x0000000098200000, 0x0000000098200000, 0x0000000098300000|  0%| F|  |TAMS 0x0000000098200000, 0x0000000098200000| Untracked 
| 387|0x0000000098300000, 0x0000000098300000, 0x0000000098400000|  0%| F|  |TAMS 0x0000000098300000, 0x0000000098300000| Untracked 
| 388|0x0000000098400000, 0x0000000098400000, 0x0000000098500000|  0%| F|  |TAMS 0x0000000098400000, 0x0000000098400000| Untracked 
| 389|0x0000000098500000, 0x0000000098500000, 0x0000000098600000|  0%| F|  |TAMS 0x0000000098500000, 0x0000000098500000| Untracked 
| 390|0x0000000098600000, 0x0000000098600000, 0x0000000098700000|  0%| F|  |TAMS 0x0000000098600000, 0x0000000098600000| Untracked 
| 391|0x0000000098700000, 0x0000000098700000, 0x0000000098800000|  0%| F|  |TAMS 0x0000000098700000, 0x0000000098700000| Untracked 
| 392|0x0000000098800000, 0x0000000098800000, 0x0000000098900000|  0%| F|  |TAMS 0x0000000098800000, 0x0000000098800000| Untracked 
| 393|0x0000000098900000, 0x0000000098900000, 0x0000000098a00000|  0%| F|  |TAMS 0x0000000098900000, 0x0000000098900000| Untracked 
| 394|0x0000000098a00000, 0x0000000098a00000, 0x0000000098b00000|  0%| F|  |TAMS 0x0000000098a00000, 0x0000000098a00000| Untracked 
| 395|0x0000000098b00000, 0x0000000098b00000, 0x0000000098c00000|  0%| F|  |TAMS 0x0000000098b00000, 0x0000000098b00000| Untracked 
| 396|0x0000000098c00000, 0x0000000098c00000, 0x0000000098d00000|  0%| F|  |TAMS 0x0000000098c00000, 0x0000000098c00000| Untracked 
| 397|0x0000000098d00000, 0x0000000098d00000, 0x0000000098e00000|  0%| F|  |TAMS 0x0000000098d00000, 0x0000000098d00000| Untracked 
| 398|0x0000000098e00000, 0x0000000098e00000, 0x0000000098f00000|  0%| F|  |TAMS 0x0000000098e00000, 0x0000000098e00000| Untracked 
| 399|0x0000000098f00000, 0x0000000098f00000, 0x0000000099000000|  0%| F|  |TAMS 0x0000000098f00000, 0x0000000098f00000| Untracked 

Card table byte_map: [0x00000238c9d10000,0x00000238ca110000] _byte_map_base: 0x00000238c9910000

Marking Bits (Prev, Next): (CMBitMap*) 0x00000238b528bd70, (CMBitMap*) 0x00000238b528bd38
 Prev Bits: [0x00000238cc510000, 0x00000238ce510000)
 Next Bits: [0x00000238ca510000, 0x00000238cc510000)

Polling page: 0x00000238b4ff0000

Metaspace:

Usage:
  Non-class:     81.60 MB capacity,    80.14 MB ( 98%) used,     1.20 MB (  1%) free+waste,   268.56 KB ( <1%) overhead. 
      Class:     12.90 MB capacity,    12.05 MB ( 93%) used,   750.94 KB (  6%) free+waste,   119.25 KB ( <1%) overhead. 
       Both:     94.50 MB capacity,    92.19 MB ( 98%) used,     1.93 MB (  2%) free+waste,   387.81 KB ( <1%) overhead. 

Virtual space:
  Non-class space:       82.00 MB reserved,      81.75 MB (>99%) committed 
      Class space:        1.00 GB reserved,      13.00 MB (  1%) committed 
             Both:        1.08 GB reserved,      94.75 MB (  9%) committed 

Chunk freelists:
   Non-Class:  21.00 KB
       Class:  9.00 KB
        Both:  30.00 KB

MaxMetaspaceSize: 17179869184.00 GB
CompressedClassSpaceSize: 1.00 GB
Initial GC threshold: 20.80 MB
Current GC threshold: 154.38 MB
CDS: off

CodeHeap 'non-profiled nmethods': size=120064Kb used=8803Kb max_used=8803Kb free=111260Kb
 bounds [0x00000238c1fd0000, 0x00000238c2870000, 0x00000238c9510000]
CodeHeap 'profiled nmethods': size=120000Kb used=28118Kb max_used=28118Kb free=91881Kb
 bounds [0x00000238baaa0000, 0x00000238bc620000, 0x00000238c1fd0000]
CodeHeap 'non-nmethods': size=5696Kb used=2384Kb max_used=2440Kb free=3311Kb
 bounds [0x00000238ba510000, 0x00000238ba780000, 0x00000238baaa0000]
 total_blobs=13345 nmethods=12442 adapters=814
 compilation: enabled
              stopped_count=0, restarted_count=0
 full_count=0

Compilation events (20 events):
Event: 384.694 Thread 0x00000238d0978000 12550       2       com.android.tools.r8.ir.conversion.k::a (149 bytes)
Event: 384.701 Thread 0x00000238d0978000 nmethod 12550 0x00000238bc60fd90 code [0x00000238bc6100c0, 0x00000238bc6113d8]
Event: 384.702 Thread 0x00000238d0978000 12551       2       com.android.tools.r8.ir.conversion.i$$Lambda$1053/0x0000000100cc5040::accept (16 bytes)
Event: 384.702 Thread 0x00000238d0978000 nmethod 12551 0x00000238bc612010 code [0x00000238bc6121c0, 0x00000238bc612328]
Event: 384.702 Thread 0x00000238d0978000 12552       2       com.android.tools.r8.ir.conversion.g::a (7 bytes)
Event: 384.703 Thread 0x00000238d0978000 nmethod 12552 0x00000238bc612410 code [0x00000238bc6125c0, 0x00000238bc6126e8]
Event: 384.703 Thread 0x00000238d0978000 12553       2       com.android.tools.r8.graph.z$$Lambda$1054/0x0000000100cc5440::get$Lambda (9 bytes)
Event: 384.703 Thread 0x00000238d0978000 nmethod 12553 0x00000238bc612810 code [0x00000238bc6129c0, 0x00000238bc612b38]
Event: 384.703 Thread 0x00000238d0978000 12554       2       com.android.tools.r8.graph.z$$Lambda$1055/0x0000000100cc4840::get$Lambda (9 bytes)
Event: 384.703 Thread 0x00000238d0978000 nmethod 12554 0x00000238bc612c10 code [0x00000238bc612dc0, 0x00000238bc612f38]
Event: 384.704 Thread 0x00000238d0978000 12555       2       com.android.tools.r8.internal.gr::d (18 bytes)
Event: 384.705 Thread 0x00000238d0978000 nmethod 12555 0x00000238bc613010 code [0x00000238bc613220, 0x00000238bc613848]
Event: 384.706 Thread 0x00000238d0978000 12557       2       com.android.tools.r8.internal.q8$b::a (34 bytes)
Event: 384.706 Thread 0x00000238d0978000 nmethod 12557 0x00000238bc613a90 code [0x00000238bc613c40, 0x00000238bc613e58]
Event: 384.706 Thread 0x00000238d0978000 12558       2       com.android.tools.r8.internal.q8$a::<init> (7 bytes)
Event: 384.706 Thread 0x00000238d0978000 nmethod 12558 0x00000238bc613f10 code [0x00000238bc6140c0, 0x00000238bc614278]
Event: 384.707 Thread 0x00000238d0978000 12559       2       com.android.tools.r8.internal.q8$a::<init> (20 bytes)
Event: 384.707 Thread 0x00000238d0978000 nmethod 12559 0x00000238bc614310 code [0x00000238bc6144c0, 0x00000238bc614678]
Event: 384.707 Thread 0x00000238d0978000 12560       2       com.android.tools.r8.graph.z::c (41 bytes)
Event: 384.710 Thread 0x00000238d0978000 nmethod 12560 0x00000238bc614710 code [0x00000238bc614960, 0x00000238bc6154f8]

GC Heap History (20 events):
Event: 370.687 GC heap after
{Heap after GC invocations=120 (full 0):
 garbage-first heap   total 139264K, used 132725K [0x0000000080000000, 0x0000000100000000)
  region size 1024K, 1 young (1024K), 1 survivors (1024K)
 Metaspace       used 90305K, capacity 92530K, committed 92800K, reserved 1130496K
  class space    used 11613K, capacity 12400K, committed 12416K, reserved 1048576K
}
Event: 370.746 GC heap before
{Heap before GC invocations=120 (full 0):
 garbage-first heap   total 139264K, used 137845K [0x0000000080000000, 0x0000000100000000)
  region size 1024K, 6 young (6144K), 1 survivors (1024K)
 Metaspace       used 90306K, capacity 92530K, committed 92800K, reserved 1130496K
  class space    used 11613K, capacity 12400K, committed 12416K, reserved 1048576K
}
Event: 370.774 GC heap after
{Heap after GC invocations=121 (full 0):
 garbage-first heap   total 141312K, used 134544K [0x0000000080000000, 0x0000000100000000)
  region size 1024K, 1 young (1024K), 1 survivors (1024K)
 Metaspace       used 90306K, capacity 92530K, committed 92800K, reserved 1130496K
  class space    used 11613K, capacity 12400K, committed 12416K, reserved 1048576K
}
Event: 371.212 GC heap before
{Heap before GC invocations=121 (full 0):
 garbage-first heap   total 141312K, used 138640K [0x0000000080000000, 0x0000000100000000)
  region size 1024K, 6 young (6144K), 1 survivors (1024K)
 Metaspace       used 90306K, capacity 92530K, committed 92800K, reserved 1130496K
  class space    used 11613K, capacity 12400K, committed 12416K, reserved 1048576K
}
Event: 371.320 GC heap after
{Heap after GC invocations=122 (full 0):
 garbage-first heap   total 192512K, used 136676K [0x0000000080000000, 0x0000000100000000)
  region size 1024K, 1 young (1024K), 1 survivors (1024K)
 Metaspace       used 90306K, capacity 92530K, committed 92800K, reserved 1130496K
  class space    used 11613K, capacity 12400K, committed 12416K, reserved 1048576K
}
Event: 371.585 GC heap before
{Heap before GC invocations=123 (full 0):
 garbage-first heap   total 192512K, used 141796K [0x0000000080000000, 0x0000000100000000)
  region size 1024K, 6 young (6144K), 1 survivors (1024K)
 Metaspace       used 90306K, capacity 92530K, committed 92800K, reserved 1130496K
  class space    used 11613K, capacity 12400K, committed 12416K, reserved 1048576K
}
Event: 371.620 GC heap after
{Heap after GC invocations=124 (full 0):
 garbage-first heap   total 192512K, used 139631K [0x0000000080000000, 0x0000000100000000)
  region size 1024K, 2 young (2048K), 2 survivors (2048K)
 Metaspace       used 90306K, capacity 92530K, committed 92800K, reserved 1130496K
  class space    used 11613K, capacity 12400K, committed 12416K, reserved 1048576K
}
Event: 371.787 GC heap before
{Heap before GC invocations=124 (full 0):
 garbage-first heap   total 192512K, used 151919K [0x0000000080000000, 0x0000000100000000)
  region size 1024K, 13 young (13312K), 2 survivors (2048K)
 Metaspace       used 90306K, capacity 92530K, committed 92800K, reserved 1130496K
  class space    used 11613K, capacity 12400K, committed 12416K, reserved 1048576K
}
Event: 371.852 GC heap after
{Heap after GC invocations=125 (full 0):
 garbage-first heap   total 192512K, used 145392K [0x0000000080000000, 0x0000000100000000)
  region size 1024K, 2 young (2048K), 2 survivors (2048K)
 Metaspace       used 90306K, capacity 92530K, committed 92800K, reserved 1130496K
  class space    used 11613K, capacity 12400K, committed 12416K, reserved 1048576K
}
Event: 372.880 GC heap before
{Heap before GC invocations=126 (full 0):
 garbage-first heap   total 192512K, used 155632K [0x0000000080000000, 0x0000000100000000)
  region size 1024K, 12 young (12288K), 2 survivors (2048K)
 Metaspace       used 92282K, capacity 94574K, committed 94848K, reserved 1130496K
  class space    used 12072K, capacity 12871K, committed 12928K, reserved 1048576K
}
Event: 372.926 GC heap after
{Heap after GC invocations=127 (full 0):
 garbage-first heap   total 192512K, used 148078K [0x0000000080000000, 0x0000000100000000)
  region size 1024K, 2 young (2048K), 2 survivors (2048K)
 Metaspace       used 92282K, capacity 94574K, committed 94848K, reserved 1130496K
  class space    used 12072K, capacity 12871K, committed 12928K, reserved 1048576K
}
Event: 373.426 GC heap before
{Heap before GC invocations=127 (full 0):
 garbage-first heap   total 192512K, used 158318K [0x0000000080000000, 0x0000000100000000)
  region size 1024K, 12 young (12288K), 2 survivors (2048K)
 Metaspace       used 92502K, capacity 94813K, committed 94848K, reserved 1130496K
  class space    used 12074K, capacity 12903K, committed 12928K, reserved 1048576K
}
Event: 373.491 GC heap after
{Heap after GC invocations=128 (full 0):
 garbage-first heap   total 409600K, used 153556K [0x0000000080000000, 0x0000000100000000)
  region size 1024K, 2 young (2048K), 2 survivors (2048K)
 Metaspace       used 92502K, capacity 94813K, committed 94848K, reserved 1130496K
  class space    used 12074K, capacity 12903K, committed 12928K, reserved 1048576K
}
Event: 375.949 GC heap before
{Heap before GC invocations=129 (full 0):
 garbage-first heap   total 409600K, used 171988K [0x0000000080000000, 0x0000000100000000)
  region size 1024K, 20 young (20480K), 2 survivors (2048K)
 Metaspace       used 92565K, capacity 94878K, committed 95104K, reserved 1132544K
  class space    used 12074K, capacity 12903K, committed 12928K, reserved 1048576K
}
Event: 376.026 GC heap after
{Heap after GC invocations=130 (full 0):
 garbage-first heap   total 409600K, used 163260K [0x0000000080000000, 0x0000000100000000)
  region size 1024K, 3 young (3072K), 3 survivors (3072K)
 Metaspace       used 92565K, capacity 94878K, committed 95104K, reserved 1132544K
  class space    used 12074K, capacity 12903K, committed 12928K, reserved 1048576K
}
Event: 376.786 GC heap before
{Heap before GC invocations=130 (full 0):
 garbage-first heap   total 409600K, used 197052K [0x0000000080000000, 0x0000000100000000)
  region size 1024K, 36 young (36864K), 3 survivors (3072K)
 Metaspace       used 92582K, capacity 94881K, committed 95104K, reserved 1132544K
  class space    used 12074K, capacity 12903K, committed 12928K, reserved 1048576K
}
Event: 376.909 GC heap after
{Heap after GC invocations=131 (full 0):
 garbage-first heap   total 409600K, used 180736K [0x0000000080000000, 0x0000000100000000)
  region size 1024K, 5 young (5120K), 5 survivors (5120K)
 Metaspace       used 92582K, capacity 94881K, committed 95104K, reserved 1132544K
  class space    used 12074K, capacity 12903K, committed 12928K, reserved 1048576K
}
Event: 378.531 GC heap before
{Heap before GC invocations=131 (full 0):
 garbage-first heap   total 409600K, used 216576K [0x0000000080000000, 0x0000000100000000)
  region size 1024K, 40 young (40960K), 5 survivors (5120K)
 Metaspace       used 92595K, capacity 94881K, committed 95104K, reserved 1132544K
  class space    used 12074K, capacity 12903K, committed 12928K, reserved 1048576K
}
Event: 378.750 GC heap after
{Heap after GC invocations=132 (full 0):
 garbage-first heap   total 409600K, used 199168K [0x0000000080000000, 0x0000000100000000)
  region size 1024K, 5 young (5120K), 5 survivors (5120K)
 Metaspace       used 92595K, capacity 94881K, committed 95104K, reserved 1132544K
  class space    used 12074K, capacity 12903K, committed 12928K, reserved 1048576K
}
Event: 384.740 GC heap before
{Heap before GC invocations=132 (full 0):
 garbage-first heap   total 409600K, used 228864K [0x0000000080000000, 0x0000000100000000)
  region size 1024K, 34 young (34816K), 5 survivors (5120K)
 Metaspace       used 94401K, capacity 96770K, committed 97024K, reserved 1132544K
  class space    used 12336K, capacity 13207K, committed 13312K, reserved 1048576K
}

Deoptimization events (20 events):
Event: 384.558 Thread 0x00000238d76f2000 DEOPT PACKING pc=0x00000238c2860ec8 sp=0x00000099ce7fe3d0
Event: 384.558 Thread 0x00000238d76f7000 DEOPT PACKING pc=0x00000238c2860ec8 sp=0x00000099ce6fe8e0
Event: 384.558 Thread 0x00000238d76f2000 DEOPT UNPACKING pc=0x00000238ba55a1a9 sp=0x00000099ce7fe308 mode 2
Event: 384.558 Thread 0x00000238d76f7000 DEOPT UNPACKING pc=0x00000238ba55a1a9 sp=0x00000099ce6fe818 mode 2
Event: 384.567 Thread 0x00000238d76f2000 Uncommon trap: trap_request=0xffffffc6 fr.pc=0x00000238c28664d0 relative=0x0000000000001290
Event: 384.567 Thread 0x00000238d76f2000 Uncommon trap: reason=bimorphic_or_optimized_type_check action=maybe_recompile pc=0x00000238c28664d0 method=com.android.tools.r8.utils.V.a(Lcom/android/tools/r8/utils/a0;Ljava/lang/Object;I)V @ 2 c2
Event: 384.567 Thread 0x00000238d76f2000 DEOPT PACKING pc=0x00000238c28664d0 sp=0x00000099ce7feba0
Event: 384.568 Thread 0x00000238d76f2000 DEOPT UNPACKING pc=0x00000238ba55a1a9 sp=0x00000099ce7fe8a0 mode 2
Event: 384.568 Thread 0x00000238d76f2000 Uncommon trap: trap_request=0xffffffc6 fr.pc=0x00000238c28664d0 relative=0x0000000000001290
Event: 384.568 Thread 0x00000238d76f2000 Uncommon trap: reason=bimorphic_or_optimized_type_check action=maybe_recompile pc=0x00000238c28664d0 method=com.android.tools.r8.utils.V.a(Lcom/android/tools/r8/utils/a0;Ljava/lang/Object;I)V @ 2 c2
Event: 384.568 Thread 0x00000238d76f2000 DEOPT PACKING pc=0x00000238c28664d0 sp=0x00000099ce7feba0
Event: 384.568 Thread 0x00000238d76f2000 DEOPT UNPACKING pc=0x00000238ba55a1a9 sp=0x00000099ce7fe8a0 mode 2
Event: 384.568 Thread 0x00000238d76f2000 Uncommon trap: trap_request=0xffffffc6 fr.pc=0x00000238c28664d0 relative=0x0000000000001290
Event: 384.568 Thread 0x00000238d76f2000 Uncommon trap: reason=bimorphic_or_optimized_type_check action=maybe_recompile pc=0x00000238c28664d0 method=com.android.tools.r8.utils.V.a(Lcom/android/tools/r8/utils/a0;Ljava/lang/Object;I)V @ 2 c2
Event: 384.568 Thread 0x00000238d76f2000 DEOPT PACKING pc=0x00000238c28664d0 sp=0x00000099ce7feba0
Event: 384.568 Thread 0x00000238d76f2000 DEOPT UNPACKING pc=0x00000238ba55a1a9 sp=0x00000099ce7fe8a0 mode 2
Event: 384.569 Thread 0x00000238d76f2000 Uncommon trap: trap_request=0xffffffc6 fr.pc=0x00000238c28664d0 relative=0x0000000000001290
Event: 384.569 Thread 0x00000238d76f2000 Uncommon trap: reason=bimorphic_or_optimized_type_check action=maybe_recompile pc=0x00000238c28664d0 method=com.android.tools.r8.utils.V.a(Lcom/android/tools/r8/utils/a0;Ljava/lang/Object;I)V @ 2 c2
Event: 384.569 Thread 0x00000238d76f2000 DEOPT PACKING pc=0x00000238c28664d0 sp=0x00000099ce7feba0
Event: 384.569 Thread 0x00000238d76f2000 DEOPT UNPACKING pc=0x00000238ba55a1a9 sp=0x00000099ce7fe8a0 mode 2

Classes redefined (0 events):
No events

Internal exceptions (20 events):
Event: 368.005 Thread 0x00000238d2444000 Exception <a 'java/lang/NoSuchMethodError'{0x00000000881e94f8}: <clinit>> (0x00000000881e94f8) thrown at [./src/hotspot/share/prims/jni.cpp, line 1365]
Event: 368.008 Thread 0x00000238d2444000 Exception <a 'java/lang/NoSuchMethodError'{0x000000008800e940}: <clinit>> (0x000000008800e940) thrown at [./src/hotspot/share/prims/jni.cpp, line 1365]
Event: 368.008 Thread 0x00000238d2444000 Exception <a 'java/lang/NoSuchMethodError'{0x0000000088010898}: <clinit>> (0x0000000088010898) thrown at [./src/hotspot/share/prims/jni.cpp, line 1365]
Event: 368.032 Thread 0x00000238d2444000 Exception <a 'sun/nio/fs/WindowsException'{0x00000000880b1020}> (0x00000000880b1020) thrown at [./src/hotspot/share/prims/jni.cpp, line 615]
Event: 368.032 Thread 0x00000238d2444000 Exception <a 'sun/nio/fs/WindowsException'{0x00000000880b26d8}> (0x00000000880b26d8) thrown at [./src/hotspot/share/prims/jni.cpp, line 615]
Event: 368.084 Thread 0x00000238d2444000 Exception <a 'sun/nio/fs/WindowsException'{0x00000000880b31b0}> (0x00000000880b31b0) thrown at [./src/hotspot/share/prims/jni.cpp, line 615]
Event: 368.084 Thread 0x00000238d2444000 Exception <a 'sun/nio/fs/WindowsException'{0x00000000880b4868}> (0x00000000880b4868) thrown at [./src/hotspot/share/prims/jni.cpp, line 615]
Event: 368.229 Thread 0x00000238d2444000 Exception <a 'java/lang/NoSuchMethodError'{0x0000000087fd11b8}: <clinit>> (0x0000000087fd11b8) thrown at [./src/hotspot/share/prims/jni.cpp, line 1365]
Event: 368.240 Thread 0x00000238d2444000 Exception <a 'java/lang/NoSuchMethodError'{0x0000000087e165e8}: <clinit>> (0x0000000087e165e8) thrown at [./src/hotspot/share/prims/jni.cpp, line 1365]
Event: 368.249 Thread 0x00000238d2444000 Exception <a 'java/lang/NoSuchMethodError'{0x0000000087e59e98}: <clinit>> (0x0000000087e59e98) thrown at [./src/hotspot/share/prims/jni.cpp, line 1365]
Event: 368.332 Thread 0x00000238d1dfc800 Exception <a 'java/lang/NoSuchMethodError'{0x0000000087d32b20}: 'java.lang.Object java.lang.invoke.DirectMethodHandle$Holder.invokeStatic(java.lang.Object, java.lang.Object, java.lang.Object, java.lang.Object, java.lang.Object, java.lang.Object, java.lang.Object, java.lang.Object, java.lang.Object, java.lang.Object, java.lang.Object, java.lang.Object, java.lang.Object, java.lang.Object, java.lang.Object, java.lang.Object, java.lang.Object, java.lang.Object, int, java.lang.Object)'> (0x0000000087d32b20) thr
Event: 368.333 Thread 0x00000238d1dfc800 Exception <a 'java/lang/NoSuchMethodError'{0x0000000087d385f8}: 'java.lang.Object java.lang.invoke.DirectMethodHandle$Holder.invokeStaticInit(java.lang.Object, java.lang.Object, java.lang.Object, java.lang.Object, java.lang.Object, java.lang.Object, java.lang.Object, java.lang.Object, java.lang.Object, java.lang.Object, java.lang.Object, java.lang.Object, java.lang.Object, java.lang.Object, java.lang.Object, java.lang.Object, java.lang.Object, java.lang.Object, int, java.lang.Object)'> (0x0000000087d385f8)
Event: 372.239 Thread 0x00000238d76f7000 Exception <a 'java/lang/NoSuchMethodError'{0x000000008b684640}: 'java.lang.Object java.lang.invoke.DirectMethodHandle$Holder.newInvokeSpecial(java.lang.Object, int)'> (0x000000008b684640) thrown at [./src/hotspot/share/interpreter/linkResolver.cpp, line 773]
Event: 372.245 Thread 0x00000238d76f2000 Exception <a 'java/lang/IncompatibleClassChangeError'{0x000000008b69b230}: Found class java.lang.Object, but interface was expected> (0x000000008b69b230) thrown at [./src/hotspot/share/interpreter/linkResolver.cpp, line 839]
Event: 372.389 Thread 0x00000238d76f2000 Exception <a 'java/lang/IncompatibleClassChangeError'{0x000000008b6bdd38}: Found class java.lang.Object, but interface was expected> (0x000000008b6bdd38) thrown at [./src/hotspot/share/interpreter/linkResolver.cpp, line 839]
Event: 372.390 Thread 0x00000238d76f2000 Exception <a 'java/lang/IncompatibleClassChangeError'{0x000000008b6c51b8}: Found class java.lang.Object, but interface was expected> (0x000000008b6c51b8) thrown at [./src/hotspot/share/interpreter/linkResolver.cpp, line 839]
Event: 380.492 Thread 0x00000238d1dfc800 Exception <a 'java/lang/NoSuchMethodError'{0x0000000097d40428}: 'int java.lang.invoke.DirectMethodHandle$Holder.invokeVirtual(java.lang.Object, java.lang.Object, java.lang.Object, java.lang.Object)'> (0x0000000097d40428) thrown at [./src/hotspot/share/interpreter/linkResolver.cpp, line 773]
Event: 381.866 Thread 0x00000238d1dfc800 Exception <a 'java/lang/NoSuchMethodError'{0x0000000097b13090}: 'void java.lang.invoke.DirectMethodHandle$Holder.invokeStatic(java.lang.Object, java.lang.Object, java.lang.Object, int)'> (0x0000000097b13090) thrown at [./src/hotspot/share/interpreter/linkResolver.cpp, line 773]
Event: 381.871 Thread 0x00000238d1dfc800 Exception <a 'java/lang/IncompatibleClassChangeError'{0x0000000097b1ae88}: Found class java.lang.Object, but interface was expected> (0x0000000097b1ae88) thrown at [./src/hotspot/share/interpreter/linkResolver.cpp, line 839]
Event: 382.001 Thread 0x00000238d76f2000 Exception <a 'java/lang/NoSuchMethodError'{0x0000000097f4e9d8}: 'int java.lang.invoke.DirectMethodHandle$Holder.invokeVirtual(java.lang.Object, java.lang.Object, java.lang.Object)'> (0x0000000097f4e9d8) thrown at [./src/hotspot/share/interpreter/linkResolver.cpp, line 773]

Events (20 events):
Event: 384.685 Executing VM operation: RevokeBias done
Event: 384.685 Executing VM operation: RevokeBias
Event: 384.685 Executing VM operation: RevokeBias done
Event: 384.685 Executing VM operation: RevokeBias
Event: 384.686 Executing VM operation: RevokeBias done
Event: 384.686 Executing VM operation: RevokeBias
Event: 384.686 Executing VM operation: RevokeBias done
Event: 384.686 Executing VM operation: RevokeBias
Event: 384.686 Executing VM operation: RevokeBias done
Event: 384.686 Executing VM operation: RevokeBias
Event: 384.687 Executing VM operation: RevokeBias done
Event: 384.687 Executing VM operation: RevokeBias
Event: 384.688 Executing VM operation: RevokeBias done
Event: 384.688 Executing VM operation: RevokeBias
Event: 384.688 Executing VM operation: RevokeBias done
Event: 384.688 Executing VM operation: RevokeBias
Event: 384.688 Executing VM operation: RevokeBias done
Event: 384.688 Executing VM operation: BulkRevokeBias
Event: 384.691 Executing VM operation: BulkRevokeBias done
Event: 384.740 Executing VM operation: G1CollectForAllocation


Dynamic libraries:
0x00007ff6fde90000 - 0x00007ff6fde9a000 	C:\Program Files\Android\Android Studio\jre\bin\java.exe
0x00007ffa12580000 - 0x00007ffa12770000 	C:\Windows\SYSTEM32\ntdll.dll
0x00007ffa115d0000 - 0x00007ffa11682000 	C:\Windows\System32\KERNEL32.DLL
0x00007ffa10380000 - 0x00007ffa10625000 	C:\Windows\System32\KERNELBASE.dll
0x00007ffa0d580000 - 0x00007ffa0d60f000 	C:\Windows\SYSTEM32\apphelp.dll
0x00007ffa0fa20000 - 0x00007ffa0fb1a000 	C:\Windows\System32\ucrtbase.dll
0x00007ffa017a0000 - 0x00007ffa017b9000 	C:\Program Files\Android\Android Studio\jre\bin\jli.dll
0x00007ff9fa100000 - 0x00007ff9fa117000 	C:\Program Files\Android\Android Studio\jre\bin\VCRUNTIME140.dll
0x00007ffa10b30000 - 0x00007ffa10cc4000 	C:\Windows\System32\USER32.dll
0x00007ffa0fb40000 - 0x00007ffa0fb61000 	C:\Windows\System32\win32u.dll
0x00007ffa11690000 - 0x00007ffa116b6000 	C:\Windows\System32\GDI32.dll
0x00007ffa0f600000 - 0x00007ffa0f798000 	C:\Windows\System32\gdi32full.dll
0x00007ffa0f980000 - 0x00007ffa0fa1e000 	C:\Windows\System32\msvcp_win.dll
0x00007ff9ff8f0000 - 0x00007ff9ffb74000 	C:\Windows\WinSxS\amd64_microsoft.windows.common-controls_6595b64144ccf1df_6.0.18362.1556_none_9e7e372fe45e41d5\COMCTL32.dll
0x00007ffa109c0000 - 0x00007ffa10a5e000 	C:\Windows\System32\msvcrt.dll
0x00007ffa119f0000 - 0x00007ffa11d26000 	C:\Windows\System32\combase.dll
0x00007ffa11d30000 - 0x00007ffa11e4f000 	C:\Windows\System32\RPCRT4.dll
0x00007ffa0fb70000 - 0x00007ffa0fbf1000 	C:\Windows\System32\bcryptPrimitives.dll
0x00007ffa11910000 - 0x00007ffa1193e000 	C:\Windows\System32\IMM32.DLL
0x00007ff9d6200000 - 0x00007ff9d629d000 	C:\Program Files\Android\Android Studio\jre\bin\msvcp140.dll
0x00007ff9cd550000 - 0x00007ff9ce035000 	C:\Program Files\Android\Android Studio\jre\bin\server\jvm.dll
0x00007ffa11940000 - 0x00007ffa119e3000 	C:\Windows\System32\ADVAPI32.dll
0x00007ffa10d40000 - 0x00007ffa10dd7000 	C:\Windows\System32\sechost.dll
0x00007ffa10d30000 - 0x00007ffa10d38000 	C:\Windows\System32\PSAPI.DLL
0x00007ffa08740000 - 0x00007ffa08749000 	C:\Windows\SYSTEM32\WSOCK32.dll
0x00007ffa10ac0000 - 0x00007ffa10b2f000 	C:\Windows\System32\WS2_32.dll
0x00007ffa0d3f0000 - 0x00007ffa0d414000 	C:\Windows\SYSTEM32\WINMM.dll
0x00007ffa02990000 - 0x00007ffa0299a000 	C:\Windows\SYSTEM32\VERSION.dll
0x00007ffa0d3c0000 - 0x00007ffa0d3ed000 	C:\Windows\SYSTEM32\winmmbase.dll
0x00007ffa0f7a0000 - 0x00007ffa0f7ea000 	C:\Windows\System32\cfgmgr32.dll
0x00007ffa0f480000 - 0x00007ffa0f491000 	C:\Windows\System32\kernel.appcore.dll
0x00007ffa016e0000 - 0x00007ffa016f1000 	C:\Program Files\Android\Android Studio\jre\bin\verify.dll
0x00007ff9ff150000 - 0x00007ff9ff344000 	C:\Windows\SYSTEM32\DBGHELP.DLL
0x00007ff9ff120000 - 0x00007ff9ff14a000 	C:\Windows\SYSTEM32\dbgcore.DLL
0x00007ff9fce00000 - 0x00007ff9fce29000 	C:\Program Files\Android\Android Studio\jre\bin\java.dll
0x00007ffa073b0000 - 0x00007ffa073bb000 	C:\Program Files\Android\Android Studio\jre\bin\jimage.dll
0x00007ffa016c0000 - 0x00007ffa016d8000 	C:\Program Files\Android\Android Studio\jre\bin\zip.dll
0x00007ffa11e50000 - 0x00007ffa12537000 	C:\Windows\System32\SHELL32.dll
0x00007ffa10630000 - 0x00007ffa106d8000 	C:\Windows\System32\shcore.dll
0x00007ffa0fc00000 - 0x00007ffa1037b000 	C:\Windows\System32\windows.storage.dll
0x00007ffa0f440000 - 0x00007ffa0f45e000 	C:\Windows\System32\profapi.dll
0x00007ffa0f4a0000 - 0x00007ffa0f4ea000 	C:\Windows\System32\powrprof.dll
0x00007ffa0f430000 - 0x00007ffa0f440000 	C:\Windows\System32\UMPDC.dll
0x00007ffa106e0000 - 0x00007ffa10732000 	C:\Windows\System32\shlwapi.dll
0x00007ffa0fb20000 - 0x00007ffa0fb37000 	C:\Windows\System32\cryptsp.dll
0x00007ff9fb890000 - 0x00007ff9fb8aa000 	C:\Program Files\Android\Android Studio\jre\bin\net.dll
0x00007ffa07d60000 - 0x00007ffa07e5a000 	C:\Windows\SYSTEM32\WINHTTP.dll
0x00007ffa0ec70000 - 0x00007ffa0ecd7000 	C:\Windows\system32\mswsock.dll
0x00007ff9fabf0000 - 0x00007ff9fac04000 	C:\Program Files\Android\Android Studio\jre\bin\nio.dll
0x00007ff9f3800000 - 0x00007ff9f3827000 	C:\Users\The Saviour\.gradle\native\8bec1ad78214c89d9ad589b4d07fe93259594b29d510b10fafb7a158f7737e5d\windows-amd64\native-platform.dll
0x00007ff9f36c0000 - 0x00007ff9f37fd000 	C:\Users\The Saviour\.gradle\native\53dbd7edfb1c66fb8903c78663c9afc45aea4f116125fa6feffd364cf09443e8\windows-amd64\native-platform-file-events.dll
0x00007ffa06400000 - 0x00007ffa0640a000 	C:\Program Files\Android\Android Studio\jre\bin\management.dll
0x00007ffa02ad0000 - 0x00007ffa02add000 	C:\Program Files\Android\Android Studio\jre\bin\management_ext.dll
0x00007ffa0e790000 - 0x00007ffa0e7c3000 	C:\Windows\system32\rsaenh.dll
0x00007ffa0f950000 - 0x00007ffa0f976000 	C:\Windows\System32\bcrypt.dll
0x00007ffa0f320000 - 0x00007ffa0f345000 	C:\Windows\SYSTEM32\USERENV.dll
0x00007ffa0ee40000 - 0x00007ffa0ee4c000 	C:\Windows\SYSTEM32\CRYPTBASE.dll
0x00007ffa0e980000 - 0x00007ffa0e9ba000 	C:\Windows\SYSTEM32\IPHLPAPI.DLL
0x00007ffa10de0000 - 0x00007ffa10de8000 	C:\Windows\System32\NSI.dll
0x00007ffa07820000 - 0x00007ffa07836000 	C:\Windows\SYSTEM32\dhcpcsvc6.DLL
0x00007ffa07800000 - 0x00007ffa0781c000 	C:\Windows\SYSTEM32\dhcpcsvc.DLL
0x00007ffa0e9c0000 - 0x00007ffa0ea8b000 	C:\Windows\SYSTEM32\DNSAPI.dll

dbghelp: loaded successfully - version: 4.0.5 - missing functions: none
symbol engine: initialized successfully - sym options: 0x614 - pdb path: .;C:\Program Files\Android\Android Studio\jre\bin;C:\Windows\SYSTEM32;C:\Windows\WinSxS\amd64_microsoft.windows.common-controls_6595b64144ccf1df_6.0.18362.1556_none_9e7e372fe45e41d5;C:\Program Files\Android\Android Studio\jre\bin\server;C:\Users\The Saviour\.gradle\native\8bec1ad78214c89d9ad589b4d07fe93259594b29d510b10fafb7a158f7737e5d\windows-amd64;C:\Users\The Saviour\.gradle\native\53dbd7edfb1c66fb8903c78663c9afc45aea4f116125fa6feffd364cf09443e8\windows-amd64

VM Arguments:
jvm_args: --add-opens=java.base/java.util=ALL-UNNAMED --add-opens=java.base/java.lang=ALL-UNNAMED --add-opens=java.base/java.lang.invoke=ALL-UNNAMED --add-opens=java.base/java.util=ALL-UNNAMED --add-opens=java.prefs/java.util.prefs=ALL-UNNAMED --add-opens=java.prefs/java.util.prefs=ALL-UNNAMED --add-opens=java.base/java.nio.charset=ALL-UNNAMED --add-opens=java.base/java.net=ALL-UNNAMED --add-opens=java.base/java.util.concurrent.atomic=ALL-UNNAMED -Xmx2048m -Dfile.encoding=UTF-8 -Duser.country=US -Duser.language=en -Duser.variant 
java_command: org.gradle.launcher.daemon.bootstrap.GradleDaemon 7.0.2
java_class_path (initial): C:\Users\The Saviour\.gradle\wrapper\dists\gradle-7.0.2-bin\857tjihv64xamwrf0h14cai3r\gradle-7.0.2\lib\gradle-launcher-7.0.2.jar
Launcher Type: SUN_STANDARD

[Global flags]
     intx CICompilerCount                          = 2                                         {product} {ergonomic}
     uint ConcGCThreads                            = 1                                         {product} {ergonomic}
     uint G1ConcRefinementThreads                  = 2                                         {product} {ergonomic}
   size_t G1HeapRegionSize                         = 1048576                                   {product} {ergonomic}
    uintx GCDrainStackTargetSize                   = 64                                        {product} {ergonomic}
   size_t InitialHeapSize                          = 67108864                                  {product} {ergonomic}
   size_t MarkStackSize                            = 4194304                                   {product} {ergonomic}
   size_t MaxHeapSize                              = 2147483648                                {product} {command line}
   size_t MaxNewSize                               = 1287651328                                {product} {ergonomic}
   size_t MinHeapDeltaBytes                        = 1048576                                   {product} {ergonomic}
    uintx NonNMethodCodeHeapSize                   = 5825164                                {pd product} {ergonomic}
    uintx NonProfiledCodeHeapSize                  = 122916538                              {pd product} {ergonomic}
    uintx ProfiledCodeHeapSize                     = 122916538                              {pd product} {ergonomic}
    uintx ReservedCodeCacheSize                    = 251658240                              {pd product} {ergonomic}
     bool SegmentedCodeCache                       = true                                      {product} {ergonomic}
     bool UseCompressedClassPointers               = true                                 {lp64_product} {ergonomic}
     bool UseCompressedOops                        = true                                 {lp64_product} {ergonomic}
     bool UseG1GC                                  = true                                      {product} {ergonomic}
     bool UseLargePagesIndividualAllocation        = false                                  {pd product} {ergonomic}

Logging:
Log output configuration:
 #0: stdout all=warning uptime,level,tags
 #1: stderr all=off uptime,level,tags

Environment Variables:
PATH=C:\Windows\system32;C:\Windows;C:\Windows\System32\Wbem;C:\Windows\System32\WindowsPowerShell\v1.0\;C:\Windows\System32\OpenSSH\;C:\Users\The Saviour\AppData\Local\Microsoft\WindowsApps;;C:\Users\The Saviour\AppData\Local\Programs\Microsoft VS Code\bin
USERNAME=The Saviour
OS=Windows_NT
PROCESSOR_IDENTIFIER=Intel64 Family 6 Model 15 Stepping 11, GenuineIntel



---------------  S Y S T E M  ---------------

OS: Windows 10 , 64 bit Build 18362 (10.0.18362.1500)
OS uptime: 0 days 4:11 hours

CPU:total 2 (initial active 2) (2 cores per cpu, 1 threads per core) family 6 model 15 stepping 11 microcode 0xba, cmov, cx8, fxsr, mmx, sse, sse2, sse3, ssse3, tsc

Memory: 4k page, system-wide physical 4022M (348M free)
TotalPageFile size 5403M (AvailPageFile size 350M)
current process WorkingSet (physical memory assigned to process): 506M, peak: 517M
current process commit charge ("private bytes"): 687M, peak: 1071M

vm_info: OpenJDK 64-Bit Server VM (11.0.12+7-b1504.28-7817840) for windows-amd64 JRE (11.0.12+7-b1504.28-7817840), built on Oct 13 2021 22:12:33 by "builder" with MS VC++ 14.0 (VS2015)

END.
