#
# There is insufficient memory for the Java Runtime Environment to continue.
# Native memory allocation (mmap) failed to map 158334976 bytes for Failed to commit area from 0x000000008ac00000 to 0x0000000094300000 of length 158334976.
# Possible reasons:
#   The system is out of physical RAM or swap space
#   The process is running with CompressedOops enabled, and the Java Heap may be blocking the growth of the native heap
# Possible solutions:
#   Reduce memory load on the system
#   Increase physical memory or swap space
#   Check if swap backing store is full
#   Decrease Java heap size (-Xmx/-Xms)
#   Decrease number of Java threads
#   Decrease Java thread stack sizes (-Xss)
#   Set larger code cache with -XX:ReservedCodeCacheSize=
#   JVM is running with Unscaled Compressed Oops mode in which the Java heap is
#     placed in the first 4GB address space. The Java Heap base address is the
#     maximum limit for the native heap growth. Please use -XX:HeapBaseMinAddress
#     to set the Java Heap base and to place the Java Heap above 4GB virtual address.
# This output file may be truncated or incomplete.
#
#  Out of Memory Error (./src/hotspot/os/windows/os_windows.cpp:3521), pid=9360, tid=5812
#
# JRE version: OpenJDK Runtime Environment (11.0.12+7) (build 11.0.12+7-b1504.28-7817840)
# Java VM: OpenJDK 64-Bit Server VM (11.0.12+7-b1504.28-7817840, mixed mode, tiered, compressed oops, g1 gc, windows-amd64)
# No core dump will be written. Minidumps are not enabled by default on client versions of Windows
#

---------------  S U M M A R Y ------------

Command Line: --add-opens=java.base/java.util=ALL-UNNAMED --add-opens=java.base/java.lang=ALL-UNNAMED --add-opens=java.base/java.lang.invoke=ALL-UNNAMED --add-opens=java.base/java.util=ALL-UNNAMED --add-opens=java.prefs/java.util.prefs=ALL-UNNAMED --add-opens=java.prefs/java.util.prefs=ALL-UNNAMED --add-opens=java.base/java.nio.charset=ALL-UNNAMED --add-opens=java.base/java.net=ALL-UNNAMED --add-opens=java.base/java.util.concurrent.atomic=ALL-UNNAMED -Xmx2048m -Dfile.encoding=UTF-8 -Duser.country=US -Duser.language=en -Duser.variant org.gradle.launcher.daemon.bootstrap.GradleDaemon 7.0.2

Host: Intel(R) Core(TM)2 Duo CPU     T7500  @ 2.20GHz, 2 cores, 3G,  Windows 10 , 64 bit Build 18362 (10.0.18362.1500)
Time: Fri Jun 10 12:48:25 2022 E. Africa Standard Time elapsed time: 269.139469 seconds (0d 0h 4m 29s)

---------------  T H R E A D  ---------------

Current thread (0x0000024cb87dd000):  VMThread "VM Thread" [stack: 0x000000ab31c00000,0x000000ab31d00000] [id=5812]

Stack: [0x000000ab31c00000,0x000000ab31d00000]
[error occurred during error reporting (printing stack bounds), id 0xc0000005, EXCEPTION_ACCESS_VIOLATION (0xc0000005) at pc=0x0000024ca2c4113d]

Native frames: (J=compiled Java code, j=interpreted, Vv=VM code, C=native code)
V  [jvm.dll+0x5fbcea]
V  [jvm.dll+0x731905]
V  [jvm.dll+0x732f1d]
V  [jvm.dll+0x733535]
V  [jvm.dll+0x7334eb]
V  [jvm.dll+0x5fb080]
V  [jvm.dll+0x5fb818]
C  [ntdll.dll+0xa1fff]
C  [ntdll.dll+0x6aad9]
C  [ntdll.dll+0xa0c6e]
C  0x0000024ca2c4113d

VM_Operation (0x000000ab349fd860): G1CollectForAllocation, mode: safepoint, requested by thread 0x0000024cbbaba800


---------------  P R O C E S S  ---------------

Threads class SMR info:
_java_thread_list=0x0000024cc0eb2300, length=46, elements={
0x0000024c9f13f000, 0x0000024cb87e0800, 0x0000024cb87e3000, 0x0000024cb883c800,
0x0000024cb883e000, 0x0000024cb8841800, 0x0000024cb8849000, 0x0000024cb885c000,
0x0000024cb91b9000, 0x0000024cb92af000, 0x0000024cba736000, 0x0000024cba6fc800,
0x0000024cba060800, 0x0000024cbaa87800, 0x0000024cba8a9800, 0x0000024cba925800,
0x0000024cba926000, 0x0000024cba26f800, 0x0000024cb9235800, 0x0000024cb9236800,
0x0000024cb9233000, 0x0000024cb9234000, 0x0000024cb9235000, 0x0000024cb9237800,
0x0000024cb9238000, 0x0000024cb9239000, 0x0000024cb9239800, 0x0000024cbae7b800,
0x0000024cbae7a800, 0x0000024cbae7e000, 0x0000024cbae7d000, 0x0000024cbae7e800,
0x0000024cbae79000, 0x0000024cbae7f800, 0x0000024cbae7a000, 0x0000024cbae83000,
0x0000024cbae85800, 0x0000024cbae80800, 0x0000024cbae83800, 0x0000024cbae82000,
0x0000024cbae87000, 0x0000024cbae84800, 0x0000024cbae81000, 0x0000024cbbabb000,
0x0000024cbbabc000, 0x0000024cbbaba800
}

Java Threads: ( => current thread )
  0x0000024c9f13f000 JavaThread "main" [_thread_blocked, id=9264, stack(0x000000ab31600000,0x000000ab31700000)]
  0x0000024cb87e0800 JavaThread "Reference Handler" daemon [_thread_blocked, id=3504, stack(0x000000ab31d00000,0x000000ab31e00000)]
  0x0000024cb87e3000 JavaThread "Finalizer" daemon [_thread_blocked, id=8776, stack(0x000000ab31e00000,0x000000ab31f00000)]
  0x0000024cb883c800 JavaThread "Signal Dispatcher" daemon [_thread_blocked, id=7512, stack(0x000000ab31f00000,0x000000ab32000000)]
  0x0000024cb883e000 JavaThread "Attach Listener" daemon [_thread_blocked, id=4068, stack(0x000000ab32000000,0x000000ab32100000)]
  0x0000024cb8841800 JavaThread "Service Thread" daemon [_thread_blocked, id=7204, stack(0x000000ab32100000,0x000000ab32200000)]
  0x0000024cb8849000 JavaThread "C2 CompilerThread0" daemon [_thread_blocked, id=9256, stack(0x000000ab32200000,0x000000ab32300000)]
  0x0000024cb885c000 JavaThread "C1 CompilerThread0" daemon [_thread_blocked, id=1684, stack(0x000000ab32300000,0x000000ab32400000)]
  0x0000024cb91b9000 JavaThread "Sweeper thread" daemon [_thread_blocked, id=2596, stack(0x000000ab32400000,0x000000ab32500000)]
  0x0000024cb92af000 JavaThread "Common-Cleaner" daemon [_thread_blocked, id=10052, stack(0x000000ab32500000,0x000000ab32600000)]
  0x0000024cba736000 JavaThread "Daemon health stats" [_thread_blocked, id=4348, stack(0x000000ab32800000,0x000000ab32900000)]
  0x0000024cba6fc800 JavaThread "Incoming local TCP Connector on port 55484" [_thread_in_native, id=10228, stack(0x000000ab32900000,0x000000ab32a00000)]
  0x0000024cba060800 JavaThread "Daemon periodic checks" [_thread_blocked, id=4304, stack(0x000000ab32a00000,0x000000ab32b00000)]
  0x0000024cbaa87800 JavaThread "Daemon" [_thread_blocked, id=2916, stack(0x000000ab32b00000,0x000000ab32c00000)]
  0x0000024cba8a9800 JavaThread "Handler for socket connection from /127.0.0.1:55484 to /127.0.0.1:55485" [_thread_in_native, id=7352, stack(0x000000ab32c00000,0x000000ab32d00000)]
  0x0000024cba925800 JavaThread "Cancel handler" [_thread_blocked, id=2600, stack(0x000000ab32d00000,0x000000ab32e00000)]
  0x0000024cba926000 JavaThread "Daemon worker" [_thread_blocked, id=9544, stack(0x000000ab32e00000,0x000000ab32f00000)]
  0x0000024cba26f800 JavaThread "Asynchronous log dispatcher for DefaultDaemonConnection: socket connection from /127.0.0.1:55484 to /127.0.0.1:55485" [_thread_blocked, id=9884, stack(0x000000ab32f00000,0x000000ab33000000)]
  0x0000024cb9235800 JavaThread "Daemon client event forwarder" [_thread_blocked, id=8788, stack(0x000000ab33100000,0x000000ab33200000)]
  0x0000024cb9236800 JavaThread "Cache worker for file hash cache (C:\Users\The Saviour\.gradle\caches\7.0.2\fileHashes)" [_thread_blocked, id=7300, stack(0x000000ab33200000,0x000000ab33300000)]
  0x0000024cb9233000 JavaThread "File lock request listener" [_thread_in_native, id=6400, stack(0x000000ab33300000,0x000000ab33400000)]
  0x0000024cb9234000 JavaThread "Cache worker for journal cache (C:\Users\The Saviour\.gradle\caches\journal-1)" [_thread_blocked, id=6528, stack(0x000000ab33400000,0x000000ab33500000)]
  0x0000024cb9235000 JavaThread "Cache worker for file hash cache (C:\Users\The Saviour\AndroidStudioProjects\ParkMe\.gradle\7.0.2\fileHashes)" [_thread_blocked, id=5932, stack(0x000000ab33700000,0x000000ab33800000)]
  0x0000024cb9237800 JavaThread "File watcher server" daemon [_thread_blocked, id=2052, stack(0x000000ab33800000,0x000000ab33900000)]
  0x0000024cb9238000 JavaThread "File watcher consumer" daemon [_thread_blocked, id=1296, stack(0x000000ab33900000,0x000000ab33a00000)]
  0x0000024cb9239000 JavaThread "Cache worker for checksums cache (C:\Users\The Saviour\AndroidStudioProjects\ParkMe\.gradle\checksums)" [_thread_blocked, id=5100, stack(0x000000ab31400000,0x000000ab31500000)]
  0x0000024cb9239800 JavaThread "Cache worker for cache directory md-supplier (C:\Users\The Saviour\.gradle\caches\7.0.2\md-supplier)" [_thread_blocked, id=5860, stack(0x000000ab31500000,0x000000ab31600000)]
  0x0000024cbae7b800 JavaThread "Cache worker for cache directory md-rule (C:\Users\The Saviour\.gradle\caches\7.0.2\md-rule)" [_thread_blocked, id=3620, stack(0x000000ab33a00000,0x000000ab33b00000)]
  0x0000024cbae7a800 JavaThread "Cache worker for execution history cache (C:\Users\The Saviour\.gradle\caches\7.0.2\executionHistory)" [_thread_blocked, id=3464, stack(0x000000ab33b00000,0x000000ab33c00000)]
  0x0000024cbae7e000 JavaThread "jar transforms" [_thread_blocked, id=7144, stack(0x000000ab33000000,0x000000ab33100000)]
  0x0000024cbae7d000 JavaThread "Cache worker for file content cache (C:\Users\The Saviour\.gradle\caches\7.0.2\fileContent)" [_thread_blocked, id=10172, stack(0x000000ab33c00000,0x000000ab33d00000)]
  0x0000024cbae7e800 JavaThread "jar transforms Thread 2" [_thread_blocked, id=8720, stack(0x000000ab33d00000,0x000000ab33e00000)]
  0x0000024cbae79000 JavaThread "Cache worker for dependencies-accessors (C:\Users\The Saviour\AndroidStudioProjects\ParkMe\.gradle\7.0.2\dependencies-accessors)" [_thread_blocked, id=6720, stack(0x000000ab33e00000,0x000000ab33f00000)]
  0x0000024cbae7f800 JavaThread "Cache worker for Build Output Cleanup Cache (C:\Users\The Saviour\AndroidStudioProjects\ParkMe\.gradle\buildOutputCleanup)" [_thread_blocked, id=9808, stack(0x000000ab33f00000,0x000000ab34000000)]
  0x0000024cbae7a000 JavaThread "Build operations" [_thread_blocked, id=6360, stack(0x000000ab34000000,0x000000ab34100000)]
  0x0000024cbae83000 JavaThread "Build operations Thread 2" [_thread_blocked, id=1836, stack(0x000000ab34100000,0x000000ab34200000)]
  0x0000024cbae85800 JavaThread "Memory manager" [_thread_blocked, id=3876, stack(0x000000ab33500000,0x000000ab33600000)]
  0x0000024cbae80800 JavaThread "build event listener" [_thread_blocked, id=9728, stack(0x000000ab33600000,0x000000ab33700000)]
  0x0000024cbae83800 JavaThread "Execution worker for ':'" [_thread_blocked, id=9624, stack(0x000000ab34200000,0x000000ab34300000)]
  0x0000024cbae82000 JavaThread "Cache worker for execution history cache (C:\Users\The Saviour\AndroidStudioProjects\ParkMe\.gradle\7.0.2\executionHistory)" [_thread_blocked, id=7252, stack(0x000000ab34300000,0x000000ab34400000)]
  0x0000024cbae87000 JavaThread "WorkerExecutor Queue" [_thread_blocked, id=996, stack(0x000000ab34400000,0x000000ab34500000)]
  0x0000024cbae84800 JavaThread "pool-3-thread-1" [_thread_blocked, id=6476, stack(0x000000ab34500000,0x000000ab34600000)]
  0x0000024cbae81000 JavaThread "stderr" [_thread_in_native, id=3556, stack(0x000000ab34600000,0x000000ab34700000)]
  0x0000024cbbabb000 JavaThread "stdout" [_thread_in_native, id=10236, stack(0x000000ab34700000,0x000000ab34800000)]
  0x0000024cbbabc000 JavaThread "WorkerExecutor Queue Thread 2" [_thread_blocked, id=2896, stack(0x000000ab34800000,0x000000ab34900000)]
  0x0000024cbbaba800 JavaThread "WorkerExecutor Queue Thread 3" [_thread_blocked, id=8196, stack(0x000000ab34900000,0x000000ab34a00000)]

Other Threads:
=>0x0000024cb87dd000 VMThread "VM Thread" [stack: 0x000000ab31c00000,0x000000ab31d00000] [id=5812]
  0x0000024cb92ce000 WatcherThread [stack: 0x000000ab32600000,0x000000ab32700000] [id=6320]
  0x0000024c9f157000 GCTaskThread "GC Thread#0" [stack: 0x000000ab31700000,0x000000ab31800000] [id=7748]
  0x0000024cb94c3800 GCTaskThread "GC Thread#1" [stack: 0x000000ab32700000,0x000000ab32800000] [id=6752]
  0x0000024c9f186000 ConcurrentGCThread "G1 Main Marker" [stack: 0x000000ab31800000,0x000000ab31900000] [id=6052]
  0x0000024c9f189800 ConcurrentGCThread "G1 Conc#0" [stack: 0x000000ab31900000,0x000000ab31a00000] [id=9652]
  0x0000024c9f1db000 ConcurrentGCThread "G1 Refine#0" [stack: 0x000000ab31a00000,0x000000ab31b00000] [id=6912]
  0x0000024c9f1dc000 ConcurrentGCThread "G1 Young RemSet Sampling" [stack: 0x000000ab31b00000,0x000000ab31c00000] [id=4812]

Threads with active compile tasks:

VM state:at safepoint (normal execution)

VM Mutex/Monitor currently owned by a thread:  ([mutex/lock_event])
[0x0000024c9f13be30] Threads_lock - owner thread: 0x0000024cb87dd000
[0x0000024c9f13b770] Heap_lock - owner thread: 0x0000024cbbaba800

Heap address: 0x0000000080000000, size: 2048 MB, Compressed Oops mode: 32-bit
Narrow klass base: 0x0000000000000000, Narrow klass shift: 3
Compressed class space size: 1073741824 Address: 0x0000000100000000

Heap:
 garbage-first heap   total 330752K, used 143960K [0x0000000080000000, 0x0000000100000000)
  region size 1024K, 1 young (1024K), 1 survivors (1024K)
 Metaspace       used 88905K, capacity 91194K, committed 91392K, reserved 1128448K
  class space    used 11468K, capacity 12263K, committed 12288K, reserved 1048576K
Heap Regions: E=young(eden), S=young(survivor), O=old, HS=humongous(starts), HC=humongous(continues), CS=collection set, F=free, A=archive, TAMS=top-at-mark-start (previous, next)
|   0|0x0000000080000000, 0x0000000080100000, 0x0000000080100000|100%| O|  |TAMS 0x0000000080100000, 0x0000000080000000| Updating 
|   1|0x0000000080100000, 0x0000000080200000, 0x0000000080200000|100%| O|  |TAMS 0x0000000080200000, 0x0000000080100000| Updating 
|   2|0x0000000080200000, 0x0000000080300000, 0x0000000080300000|100%| O|  |TAMS 0x0000000080300000, 0x0000000080200000| Updating 
|   3|0x0000000080300000, 0x0000000080400000, 0x0000000080400000|100%| O|  |TAMS 0x0000000080400000, 0x0000000080300000| Updating 
|   4|0x0000000080400000, 0x0000000080500000, 0x0000000080500000|100%|HS|  |TAMS 0x0000000080500000, 0x0000000080400000| Complete 
|   5|0x0000000080500000, 0x0000000080600000, 0x0000000080600000|100%|HC|  |TAMS 0x0000000080600000, 0x0000000080500000| Complete 
|   6|0x0000000080600000, 0x0000000080700000, 0x0000000080700000|100%|HC|  |TAMS 0x0000000080700000, 0x0000000080600000| Complete 
|   7|0x0000000080700000, 0x0000000080800000, 0x0000000080800000|100%| O|  |TAMS 0x0000000080800000, 0x0000000080700000| Updating 
|   8|0x0000000080800000, 0x0000000080900000, 0x0000000080900000|100%| O|  |TAMS 0x0000000080900000, 0x0000000080800000| Updating 
|   9|0x0000000080900000, 0x0000000080a00000, 0x0000000080a00000|100%| O|  |TAMS 0x0000000080a00000, 0x0000000080900000| Updating 
|  10|0x0000000080a00000, 0x0000000080b00000, 0x0000000080b00000|100%| O|  |TAMS 0x0000000080b00000, 0x0000000080a00000| Updating 
|  11|0x0000000080b00000, 0x0000000080c00000, 0x0000000080c00000|100%| O|  |TAMS 0x0000000080c00000, 0x0000000080b00000| Updating 
|  12|0x0000000080c00000, 0x0000000080d00000, 0x0000000080d00000|100%| O|  |TAMS 0x0000000080d00000, 0x0000000080c00000| Updating 
|  13|0x0000000080d00000, 0x0000000080e00000, 0x0000000080e00000|100%| O|  |TAMS 0x0000000080e00000, 0x0000000080d00000| Updating 
|  14|0x0000000080e00000, 0x0000000080f00000, 0x0000000080f00000|100%| O|  |TAMS 0x0000000080f00000, 0x0000000080e00000| Updating 
|  15|0x0000000080f00000, 0x0000000081000000, 0x0000000081000000|100%| O|  |TAMS 0x0000000081000000, 0x0000000080f00000| Updating 
|  16|0x0000000081000000, 0x0000000081100000, 0x0000000081100000|100%| O|  |TAMS 0x0000000081100000, 0x0000000081000000| Updating 
|  17|0x0000000081100000, 0x0000000081200000, 0x0000000081200000|100%| O|  |TAMS 0x0000000081200000, 0x0000000081100000| Updating 
|  18|0x0000000081200000, 0x0000000081300000, 0x0000000081300000|100%| O|  |TAMS 0x0000000081300000, 0x0000000081200000| Updating 
|  19|0x0000000081300000, 0x0000000081400000, 0x0000000081400000|100%| O|  |TAMS 0x0000000081400000, 0x0000000081300000| Updating 
|  20|0x0000000081400000, 0x0000000081500000, 0x0000000081500000|100%| O|  |TAMS 0x0000000081500000, 0x0000000081400000| Updating 
|  21|0x0000000081500000, 0x0000000081600000, 0x0000000081600000|100%| O|  |TAMS 0x0000000081600000, 0x0000000081500000| Updating 
|  22|0x0000000081600000, 0x0000000081700000, 0x0000000081700000|100%| O|  |TAMS 0x0000000081700000, 0x0000000081600000| Updating 
|  23|0x0000000081700000, 0x0000000081800000, 0x0000000081800000|100%| O|  |TAMS 0x0000000081800000, 0x0000000081700000| Updating 
|  24|0x0000000081800000, 0x0000000081900000, 0x0000000081900000|100%| O|  |TAMS 0x0000000081900000, 0x0000000081800000| Updating 
|  25|0x0000000081900000, 0x0000000081a00000, 0x0000000081a00000|100%| O|  |TAMS 0x0000000081a00000, 0x0000000081900000| Updating 
|  26|0x0000000081a00000, 0x0000000081b00000, 0x0000000081b00000|100%| O|  |TAMS 0x0000000081b00000, 0x0000000081a00000| Updating 
|  27|0x0000000081b00000, 0x0000000081c00000, 0x0000000081c00000|100%| O|  |TAMS 0x0000000081c00000, 0x0000000081b00000| Updating 
|  28|0x0000000081c00000, 0x0000000081d00000, 0x0000000081d00000|100%| O|  |TAMS 0x0000000081d00000, 0x0000000081c00000| Updating 
|  29|0x0000000081d00000, 0x0000000081e00000, 0x0000000081e00000|100%| O|  |TAMS 0x0000000081e00000, 0x0000000081d00000| Updating 
|  30|0x0000000081e00000, 0x0000000081f00000, 0x0000000081f00000|100%| O|  |TAMS 0x0000000081f00000, 0x0000000081e00000| Updating 
|  31|0x0000000081f00000, 0x0000000082000000, 0x0000000082000000|100%| O|  |TAMS 0x0000000082000000, 0x0000000081f00000| Updating 
|  32|0x0000000082000000, 0x0000000082100000, 0x0000000082100000|100%| O|  |TAMS 0x0000000082100000, 0x0000000082000000| Updating 
|  33|0x0000000082100000, 0x0000000082200000, 0x0000000082200000|100%|HS|  |TAMS 0x0000000082200000, 0x0000000082100000| Complete 
|  34|0x0000000082200000, 0x0000000082300000, 0x0000000082300000|100%|HS|  |TAMS 0x0000000082300000, 0x0000000082200000| Complete 
|  35|0x0000000082300000, 0x0000000082400000, 0x0000000082400000|100%| O|  |TAMS 0x0000000082400000, 0x0000000082300000| Updating 
|  36|0x0000000082400000, 0x0000000082500000, 0x0000000082500000|100%| O|  |TAMS 0x0000000082500000, 0x0000000082400000| Updating 
|  37|0x0000000082500000, 0x0000000082600000, 0x0000000082600000|100%|HS|  |TAMS 0x0000000082600000, 0x0000000082500000| Complete 
|  38|0x0000000082600000, 0x0000000082700000, 0x0000000082700000|100%|HC|  |TAMS 0x0000000082700000, 0x0000000082600000| Complete 
|  39|0x0000000082700000, 0x0000000082800000, 0x0000000082800000|100%| O|  |TAMS 0x0000000082800000, 0x0000000082700000| Updating 
|  40|0x0000000082800000, 0x0000000082900000, 0x0000000082900000|100%| O|  |TAMS 0x0000000082900000, 0x0000000082800000| Updating 
|  41|0x0000000082900000, 0x0000000082a00000, 0x0000000082a00000|100%| O|  |TAMS 0x0000000082a00000, 0x0000000082900000| Updating 
|  42|0x0000000082a00000, 0x0000000082b00000, 0x0000000082b00000|100%| O|  |TAMS 0x0000000082b00000, 0x0000000082a00000| Updating 
|  43|0x0000000082b00000, 0x0000000082c00000, 0x0000000082c00000|100%| O|  |TAMS 0x0000000082c00000, 0x0000000082b00000| Updating 
|  44|0x0000000082c00000, 0x0000000082d00000, 0x0000000082d00000|100%| O|  |TAMS 0x0000000082d00000, 0x0000000082c00000| Updating 
|  45|0x0000000082d00000, 0x0000000082e00000, 0x0000000082e00000|100%| O|  |TAMS 0x0000000082e00000, 0x0000000082d00000| Updating 
|  46|0x0000000082e00000, 0x0000000082f00000, 0x0000000082f00000|100%| O|  |TAMS 0x0000000082f00000, 0x0000000082e00000| Updating 
|  47|0x0000000082f00000, 0x0000000083000000, 0x0000000083000000|100%| O|  |TAMS 0x0000000083000000, 0x0000000082f00000| Updating 
|  48|0x0000000083000000, 0x0000000083100000, 0x0000000083100000|100%| O|  |TAMS 0x0000000083100000, 0x0000000083000000| Updating 
|  49|0x0000000083100000, 0x0000000083200000, 0x0000000083200000|100%| O|  |TAMS 0x0000000083200000, 0x0000000083100000| Updating 
|  50|0x0000000083200000, 0x0000000083300000, 0x0000000083300000|100%| O|  |TAMS 0x0000000083300000, 0x0000000083200000| Updating 
|  51|0x0000000083300000, 0x0000000083400000, 0x0000000083400000|100%| O|  |TAMS 0x0000000083400000, 0x0000000083300000| Updating 
|  52|0x0000000083400000, 0x0000000083500000, 0x0000000083500000|100%| O|  |TAMS 0x0000000083500000, 0x0000000083400000| Updating 
|  53|0x0000000083500000, 0x0000000083600000, 0x0000000083600000|100%| O|  |TAMS 0x0000000083600000, 0x0000000083500000| Updating 
|  54|0x0000000083600000, 0x0000000083700000, 0x0000000083700000|100%| O|  |TAMS 0x0000000083700000, 0x0000000083600000| Updating 
|  55|0x0000000083700000, 0x0000000083800000, 0x0000000083800000|100%| O|  |TAMS 0x0000000083800000, 0x0000000083700000| Updating 
|  56|0x0000000083800000, 0x0000000083900000, 0x0000000083900000|100%| O|  |TAMS 0x0000000083900000, 0x0000000083800000| Updating 
|  57|0x0000000083900000, 0x0000000083a00000, 0x0000000083a00000|100%| O|  |TAMS 0x0000000083a00000, 0x0000000083900000| Updating 
|  58|0x0000000083a00000, 0x0000000083b00000, 0x0000000083b00000|100%| O|  |TAMS 0x0000000083b00000, 0x0000000083a00000| Updating 
|  59|0x0000000083b00000, 0x0000000083c00000, 0x0000000083c00000|100%| O|  |TAMS 0x0000000083c00000, 0x0000000083b00000| Updating 
|  60|0x0000000083c00000, 0x0000000083d00000, 0x0000000083d00000|100%| O|  |TAMS 0x0000000083d00000, 0x0000000083c00000| Updating 
|  61|0x0000000083d00000, 0x0000000083e00000, 0x0000000083e00000|100%| O|  |TAMS 0x0000000083e00000, 0x0000000083d00000| Updating 
|  62|0x0000000083e00000, 0x0000000083f00000, 0x0000000083f00000|100%| O|  |TAMS 0x0000000083f00000, 0x0000000083e00000| Updating 
|  63|0x0000000083f00000, 0x0000000084000000, 0x0000000084000000|100%| O|  |TAMS 0x0000000084000000, 0x0000000083f00000| Updating 
|  64|0x0000000084000000, 0x0000000084100000, 0x0000000084100000|100%| O|  |TAMS 0x0000000084100000, 0x0000000084000000| Updating 
|  65|0x0000000084100000, 0x0000000084200000, 0x0000000084200000|100%| O|  |TAMS 0x0000000084200000, 0x0000000084100000| Updating 
|  66|0x0000000084200000, 0x0000000084300000, 0x0000000084300000|100%| O|  |TAMS 0x0000000084300000, 0x0000000084200000| Updating 
|  67|0x0000000084300000, 0x0000000084400000, 0x0000000084400000|100%| O|  |TAMS 0x0000000084400000, 0x0000000084300000| Updating 
|  68|0x0000000084400000, 0x0000000084500000, 0x0000000084500000|100%| O|  |TAMS 0x0000000084500000, 0x0000000084400000| Updating 
|  69|0x0000000084500000, 0x0000000084600000, 0x0000000084600000|100%| O|  |TAMS 0x0000000084600000, 0x0000000084500000| Updating 
|  70|0x0000000084600000, 0x0000000084700000, 0x0000000084700000|100%| O|  |TAMS 0x0000000084700000, 0x0000000084600000| Updating 
|  71|0x0000000084700000, 0x0000000084800000, 0x0000000084800000|100%| O|  |TAMS 0x0000000084800000, 0x0000000084700000| Updating 
|  72|0x0000000084800000, 0x0000000084900000, 0x0000000084900000|100%| O|  |TAMS 0x0000000084900000, 0x0000000084800000| Updating 
|  73|0x0000000084900000, 0x0000000084a00000, 0x0000000084a00000|100%| O|  |TAMS 0x0000000084a00000, 0x0000000084900000| Updating 
|  74|0x0000000084a00000, 0x0000000084b00000, 0x0000000084b00000|100%| O|  |TAMS 0x0000000084b00000, 0x0000000084a00000| Updating 
|  75|0x0000000084b00000, 0x0000000084c00000, 0x0000000084c00000|100%| O|  |TAMS 0x0000000084c00000, 0x0000000084b00000| Updating 
|  76|0x0000000084c00000, 0x0000000084d00000, 0x0000000084d00000|100%| O|  |TAMS 0x0000000084d00000, 0x0000000084c00000| Updating 
|  77|0x0000000084d00000, 0x0000000084e00000, 0x0000000084e00000|100%| O|  |TAMS 0x0000000084e00000, 0x0000000084d00000| Updating 
|  78|0x0000000084e00000, 0x0000000084f00000, 0x0000000084f00000|100%| O|  |TAMS 0x0000000084f00000, 0x0000000084e00000| Updating 
|  79|0x0000000084f00000, 0x0000000085000000, 0x0000000085000000|100%| O|  |TAMS 0x0000000085000000, 0x0000000084f00000| Updating 
|  80|0x0000000085000000, 0x0000000085100000, 0x0000000085100000|100%| O|  |TAMS 0x0000000085100000, 0x0000000085000000| Updating 
|  81|0x0000000085100000, 0x0000000085200000, 0x0000000085200000|100%| O|  |TAMS 0x0000000085200000, 0x0000000085100000| Updating 
|  82|0x0000000085200000, 0x0000000085300000, 0x0000000085300000|100%| O|  |TAMS 0x0000000085300000, 0x0000000085200000| Updating 
|  83|0x0000000085300000, 0x0000000085400000, 0x0000000085400000|100%| O|  |TAMS 0x0000000085400000, 0x0000000085300000| Updating 
|  84|0x0000000085400000, 0x0000000085500000, 0x0000000085500000|100%|HS|  |TAMS 0x0000000085500000, 0x0000000085400000| Complete 
|  85|0x0000000085500000, 0x0000000085600000, 0x0000000085600000|100%|HC|  |TAMS 0x0000000085600000, 0x0000000085500000| Complete 
|  86|0x0000000085600000, 0x0000000085700000, 0x0000000085700000|100%|HS|  |TAMS 0x0000000085700000, 0x0000000085600000| Complete 
|  87|0x0000000085700000, 0x0000000085800000, 0x0000000085800000|100%|HS|  |TAMS 0x0000000085800000, 0x0000000085700000| Complete 
|  88|0x0000000085800000, 0x0000000085900000, 0x0000000085900000|100%| O|  |TAMS 0x0000000085900000, 0x0000000085800000| Updating 
|  89|0x0000000085900000, 0x0000000085a00000, 0x0000000085a00000|100%| O|  |TAMS 0x0000000085a00000, 0x0000000085900000| Updating 
|  90|0x0000000085a00000, 0x0000000085b00000, 0x0000000085b00000|100%| O|  |TAMS 0x0000000085b00000, 0x0000000085a00000| Updating 
|  91|0x0000000085b00000, 0x0000000085c00000, 0x0000000085c00000|100%|HS|  |TAMS 0x0000000085c00000, 0x0000000085b00000| Complete 
|  92|0x0000000085c00000, 0x0000000085d00000, 0x0000000085d00000|100%| O|  |TAMS 0x0000000085d00000, 0x0000000085c00000| Updating 
|  93|0x0000000085d00000, 0x0000000085e00000, 0x0000000085e00000|100%| O|  |TAMS 0x0000000085e00000, 0x0000000085d00000| Updating 
|  94|0x0000000085e00000, 0x0000000085f00000, 0x0000000085f00000|100%| O|  |TAMS 0x0000000085f00000, 0x0000000085e00000| Updating 
|  95|0x0000000085f00000, 0x0000000086000000, 0x0000000086000000|100%|HS|  |TAMS 0x0000000086000000, 0x0000000085f00000| Complete 
|  96|0x0000000086000000, 0x0000000086100000, 0x0000000086100000|100%|HC|  |TAMS 0x0000000086100000, 0x0000000086000000| Complete 
|  97|0x0000000086100000, 0x0000000086200000, 0x0000000086200000|100%|HS|  |TAMS 0x0000000086200000, 0x0000000086100000| Complete 
|  98|0x0000000086200000, 0x0000000086300000, 0x0000000086300000|100%|HC|  |TAMS 0x0000000086300000, 0x0000000086200000| Complete 
|  99|0x0000000086300000, 0x0000000086400000, 0x0000000086400000|100%|HC|  |TAMS 0x0000000086400000, 0x0000000086300000| Complete 
| 100|0x0000000086400000, 0x0000000086500000, 0x0000000086500000|100%| O|  |TAMS 0x0000000086500000, 0x0000000086400000| Updating 
| 101|0x0000000086500000, 0x0000000086600000, 0x0000000086600000|100%| O|  |TAMS 0x0000000086600000, 0x0000000086500000| Updating 
| 102|0x0000000086600000, 0x0000000086700000, 0x0000000086700000|100%|HS|  |TAMS 0x0000000086700000, 0x0000000086600000| Complete 
| 103|0x0000000086700000, 0x0000000086800000, 0x0000000086800000|100%|HS|  |TAMS 0x0000000086800000, 0x0000000086700000| Complete 
| 104|0x0000000086800000, 0x0000000086900000, 0x0000000086900000|100%|HC|  |TAMS 0x0000000086900000, 0x0000000086800000| Complete 
| 105|0x0000000086900000, 0x0000000086a00000, 0x0000000086a00000|100%| O|  |TAMS 0x0000000086a00000, 0x0000000086900000| Updating 
| 106|0x0000000086a00000, 0x0000000086b00000, 0x0000000086b00000|100%|HS|  |TAMS 0x0000000086b00000, 0x0000000086a00000| Complete 
| 107|0x0000000086b00000, 0x0000000086c00000, 0x0000000086c00000|100%| O|  |TAMS 0x0000000086c00000, 0x0000000086b00000| Updating 
| 108|0x0000000086c00000, 0x0000000086d00000, 0x0000000086d00000|100%|HS|  |TAMS 0x0000000086d00000, 0x0000000086c00000| Complete 
| 109|0x0000000086d00000, 0x0000000086e00000, 0x0000000086e00000|100%| O|  |TAMS 0x0000000086e00000, 0x0000000086d00000| Updating 
| 110|0x0000000086e00000, 0x0000000086f00000, 0x0000000086f00000|100%| O|  |TAMS 0x0000000086f00000, 0x0000000086e00000| Updating 
| 111|0x0000000086f00000, 0x0000000087000000, 0x0000000087000000|100%| O|  |TAMS 0x0000000087000000, 0x0000000086f00000| Updating 
| 112|0x0000000087000000, 0x0000000087100000, 0x0000000087100000|100%| O|  |TAMS 0x0000000087100000, 0x0000000087000000| Updating 
| 113|0x0000000087100000, 0x0000000087200000, 0x0000000087200000|100%| O|  |TAMS 0x0000000087200000, 0x0000000087100000| Updating 
| 114|0x0000000087200000, 0x0000000087300000, 0x0000000087300000|100%| O|  |TAMS 0x0000000087300000, 0x0000000087200000| Updating 
| 115|0x0000000087300000, 0x0000000087400000, 0x0000000087400000|100%| O|  |TAMS 0x0000000087400000, 0x0000000087300000| Updating 
| 116|0x0000000087400000, 0x0000000087500000, 0x0000000087500000|100%|HS|  |TAMS 0x0000000087500000, 0x0000000087400000| Complete 
| 117|0x0000000087500000, 0x0000000087600000, 0x0000000087600000|100%|HC|  |TAMS 0x0000000087600000, 0x0000000087500000| Complete 
| 118|0x0000000087600000, 0x0000000087700000, 0x0000000087700000|100%| O|  |TAMS 0x0000000087700000, 0x0000000087600000| Updating 
| 119|0x0000000087700000, 0x0000000087800000, 0x0000000087800000|100%| O|  |TAMS 0x0000000087800000, 0x0000000087700000| Updating 
| 120|0x0000000087800000, 0x0000000087900000, 0x0000000087900000|100%| O|  |TAMS 0x0000000087900000, 0x0000000087800000| Updating 
| 121|0x0000000087900000, 0x0000000087a00000, 0x0000000087a00000|100%|HS|  |TAMS 0x0000000087a00000, 0x0000000087900000| Complete 
| 122|0x0000000087a00000, 0x0000000087b00000, 0x0000000087b00000|100%|HC|  |TAMS 0x0000000087b00000, 0x0000000087a00000| Complete 
| 123|0x0000000087b00000, 0x0000000087c00000, 0x0000000087c00000|100%|HC|  |TAMS 0x0000000087c00000, 0x0000000087b00000| Complete 
| 124|0x0000000087c00000, 0x0000000087d00000, 0x0000000087d00000|100%| O|  |TAMS 0x0000000087d00000, 0x0000000087c00000| Updating 
| 125|0x0000000087d00000, 0x0000000087e00000, 0x0000000087e00000|100%| O|  |TAMS 0x0000000087e00000, 0x0000000087d00000| Updating 
| 126|0x0000000087e00000, 0x0000000087f00000, 0x0000000087f00000|100%| O|  |TAMS 0x0000000087f00000, 0x0000000087e00000| Updating 
| 127|0x0000000087f00000, 0x0000000088000000, 0x0000000088000000|100%| O|  |TAMS 0x0000000088000000, 0x0000000087f00000| Updating 
| 128|0x0000000088000000, 0x0000000088100000, 0x0000000088100000|100%|HS|  |TAMS 0x0000000088000000, 0x0000000088000000| Complete 
| 129|0x0000000088100000, 0x0000000088200000, 0x0000000088200000|100%| O|  |TAMS 0x0000000088200000, 0x0000000088100000| Updating 
| 130|0x0000000088200000, 0x0000000088300000, 0x0000000088300000|100%| O|  |TAMS 0x0000000088300000, 0x0000000088200000| Updating 
| 131|0x0000000088300000, 0x0000000088400000, 0x0000000088400000|100%| O|  |TAMS 0x000000008832b000, 0x0000000088300000| Updating 
| 132|0x0000000088400000, 0x0000000088500000, 0x0000000088500000|100%|HS|  |TAMS 0x0000000088400000, 0x0000000088400000| Complete 
| 133|0x0000000088500000, 0x0000000088600000, 0x0000000088600000|100%| O|  |TAMS 0x0000000088500000, 0x0000000088500000| Untracked 
| 134|0x0000000088600000, 0x0000000088700000, 0x0000000088700000|100%| O|  |TAMS 0x0000000088600000, 0x0000000088600000| Updating 
| 135|0x0000000088700000, 0x0000000088800000, 0x0000000088800000|100%| O|  |TAMS 0x0000000088800000, 0x0000000088700000| Updating 
| 136|0x0000000088800000, 0x0000000088900000, 0x0000000088900000|100%| O|  |TAMS 0x0000000088800000, 0x0000000088800000| Untracked 
| 137|0x0000000088900000, 0x0000000088a00000, 0x0000000088a00000|100%| O|  |TAMS 0x0000000088900000, 0x0000000088900000| Untracked 
| 138|0x0000000088a00000, 0x0000000088b00000, 0x0000000088b00000|100%| O|  |TAMS 0x0000000088a00000, 0x0000000088a00000| Untracked 
| 139|0x0000000088b00000, 0x0000000088b96000, 0x0000000088c00000| 58%| O|  |TAMS 0x0000000088b00000, 0x0000000088b00000| Untracked 
| 140|0x0000000088c00000, 0x0000000088c00000, 0x0000000088d00000|  0%| F|  |TAMS 0x0000000088c00000, 0x0000000088c00000| Untracked 
| 141|0x0000000088d00000, 0x0000000088d00000, 0x0000000088e00000|  0%| F|  |TAMS 0x0000000088d00000, 0x0000000088d00000| Untracked 
| 142|0x0000000088e00000, 0x0000000088e00000, 0x0000000088f00000|  0%| F|  |TAMS 0x0000000088e00000, 0x0000000088e00000| Untracked 
| 143|0x0000000088f00000, 0x0000000088f00000, 0x0000000089000000|  0%| F|  |TAMS 0x0000000088f00000, 0x0000000088f00000| Untracked 
| 144|0x0000000089000000, 0x0000000089000000, 0x0000000089100000|  0%| F|  |TAMS 0x0000000089000000, 0x0000000089000000| Untracked 
| 145|0x0000000089100000, 0x0000000089100000, 0x0000000089200000|  0%| F|  |TAMS 0x0000000089100000, 0x0000000089100000| Untracked 
| 146|0x0000000089200000, 0x0000000089200000, 0x0000000089300000|  0%| F|  |TAMS 0x0000000089200000, 0x0000000089200000| Untracked 
| 147|0x0000000089300000, 0x0000000089300000, 0x0000000089400000|  0%| F|  |TAMS 0x0000000089300000, 0x0000000089300000| Untracked 
| 148|0x0000000089400000, 0x0000000089400000, 0x0000000089500000|  0%| F|  |TAMS 0x0000000089400000, 0x0000000089400000| Untracked 
| 149|0x0000000089500000, 0x0000000089500000, 0x0000000089600000|  0%| F|  |TAMS 0x0000000089500000, 0x0000000089500000| Untracked 
| 150|0x0000000089600000, 0x0000000089600000, 0x0000000089700000|  0%| F|  |TAMS 0x0000000089600000, 0x0000000089600000| Untracked 
| 151|0x0000000089700000, 0x0000000089700000, 0x0000000089800000|  0%| F|  |TAMS 0x0000000089700000, 0x0000000089700000| Untracked 
| 152|0x0000000089800000, 0x0000000089800000, 0x0000000089900000|  0%| F|  |TAMS 0x0000000089800000, 0x0000000089800000| Untracked 
| 153|0x0000000089900000, 0x0000000089900000, 0x0000000089a00000|  0%| F|  |TAMS 0x0000000089900000, 0x0000000089900000| Untracked 
| 154|0x0000000089a00000, 0x0000000089a00000, 0x0000000089b00000|  0%| F|  |TAMS 0x0000000089a00000, 0x0000000089a00000| Untracked 
| 155|0x0000000089b00000, 0x0000000089b00000, 0x0000000089c00000|  0%| F|  |TAMS 0x0000000089b00000, 0x0000000089b00000| Untracked 
| 156|0x0000000089c00000, 0x0000000089c00000, 0x0000000089d00000|  0%| F|  |TAMS 0x0000000089c00000, 0x0000000089c00000| Untracked 
| 157|0x0000000089d00000, 0x0000000089d00000, 0x0000000089e00000|  0%| F|  |TAMS 0x0000000089d00000, 0x0000000089d00000| Untracked 
| 158|0x0000000089e00000, 0x0000000089e00000, 0x0000000089f00000|  0%| F|  |TAMS 0x0000000089e00000, 0x0000000089e00000| Untracked 
| 159|0x0000000089f00000, 0x0000000089f00000, 0x000000008a000000|  0%| F|  |TAMS 0x0000000089f00000, 0x0000000089f00000| Untracked 
| 160|0x000000008a000000, 0x000000008a000000, 0x000000008a100000|  0%| F|  |TAMS 0x000000008a000000, 0x000000008a000000| Untracked 
| 161|0x000000008a100000, 0x000000008a100000, 0x000000008a200000|  0%| F|  |TAMS 0x000000008a100000, 0x000000008a100000| Untracked 
| 162|0x000000008a200000, 0x000000008a200000, 0x000000008a300000|  0%| F|  |TAMS 0x000000008a200000, 0x000000008a200000| Untracked 
| 163|0x000000008a300000, 0x000000008a300000, 0x000000008a400000|  0%| F|  |TAMS 0x000000008a300000, 0x000000008a300000| Untracked 
| 164|0x000000008a400000, 0x000000008a400000, 0x000000008a500000|  0%| F|  |TAMS 0x000000008a400000, 0x000000008a400000| Untracked 
| 165|0x000000008a500000, 0x000000008a600000, 0x000000008a600000|100%| S|CS|TAMS 0x000000008a500000, 0x000000008a500000| Complete 
| 166|0x000000008a600000, 0x000000008a600000, 0x000000008a700000|  0%| F|  |TAMS 0x000000008a600000, 0x000000008a600000| Untracked 
| 167|0x000000008a700000, 0x000000008a700000, 0x000000008a800000|  0%| F|  |TAMS 0x000000008a700000, 0x000000008a700000| Untracked 
| 168|0x000000008a800000, 0x000000008a800000, 0x000000008a900000|  0%| F|  |TAMS 0x000000008a800000, 0x000000008a800000| Untracked 
| 169|0x000000008a900000, 0x000000008a900000, 0x000000008aa00000|  0%| F|  |TAMS 0x000000008a900000, 0x000000008a900000| Untracked 
| 170|0x000000008aa00000, 0x000000008aa00000, 0x000000008ab00000|  0%| F|  |TAMS 0x000000008aa00000, 0x000000008aa00000| Untracked 
| 171|0x000000008ab00000, 0x000000008ab00000, 0x000000008ac00000|  0%| F|  |TAMS 0x000000008ab00000, 0x000000008ab00000| Untracked 

Card table byte_map: [0x0000024cb1c40000,0x0000024cb2040000] _byte_map_base: 0x0000024cb1840000

Marking Bits (Prev, Next): (CMBitMap*) 0x0000024c9f17d390, (CMBitMap*) 0x0000024c9f17d358
 Prev Bits: [0x0000024cb4440000, 0x0000024cb6440000)
 Next Bits: [0x0000024cb2440000, 0x0000024cb4440000)

Polling page: 0x0000024c9cfb0000

Metaspace:

Usage:
  Non-class:     77.08 MB capacity,    75.62 MB ( 98%) used,     1.22 MB (  2%) free+waste,   247.00 KB ( <1%) overhead. 
      Class:     11.98 MB capacity,    11.20 MB ( 94%) used,   683.78 KB (  6%) free+waste,   110.63 KB ( <1%) overhead. 
       Both:     89.06 MB capacity,    86.82 MB ( 97%) used,     1.89 MB (  2%) free+waste,   357.63 KB ( <1%) overhead. 

Virtual space:
  Non-class space:       78.00 MB reserved,      77.25 MB (>99%) committed 
      Class space:        1.00 GB reserved,      12.00 MB (  1%) committed 
             Both:        1.08 GB reserved,      89.25 MB (  8%) committed 

Chunk freelists:
   Non-Class:  45.00 KB
       Class:  25.00 KB
        Both:  70.00 KB

MaxMetaspaceSize: 17179869184.00 GB
CompressedClassSpaceSize: 1.00 GB
Initial GC threshold: 20.80 MB
Current GC threshold: 148.75 MB
CDS: off

CodeHeap 'non-profiled nmethods': size=120064Kb used=7560Kb max_used=7560Kb free=112503Kb
 bounds [0x0000024caa700000, 0x0000024caae70000, 0x0000024cb1c40000]
CodeHeap 'profiled nmethods': size=120000Kb used=24512Kb max_used=24512Kb free=95487Kb
 bounds [0x0000024ca31d0000, 0x0000024ca49d0000, 0x0000024caa700000]
CodeHeap 'non-nmethods': size=5696Kb used=2381Kb max_used=2417Kb free=3314Kb
 bounds [0x0000024ca2c40000, 0x0000024ca2eb0000, 0x0000024ca31d0000]
 total_blobs=11881 nmethods=10981 adapters=813
 compilation: enabled
              stopped_count=0, restarted_count=0
 full_count=0

Compilation events (20 events):
Event: 267.903 Thread 0x0000024cb8849000 11038       4       com.android.tools.r8.internal.UF::b (195 bytes)
Event: 268.043 Thread 0x0000024cb8849000 nmethod 11038 0x0000024caae5a610 code [0x0000024caae5a940, 0x0000024caae5c3b8]
Event: 268.144 Thread 0x0000024cb8849000 11039       4       com.android.tools.r8.internal.mp::a (368 bytes)
Event: 268.197 Thread 0x0000024cb8849000 nmethod 11039 0x0000024caae5d390 code [0x0000024caae5d540, 0x0000024caae5dff8]
Event: 268.198 Thread 0x0000024cb8849000 11040       4       com.android.tools.r8.internal.ak::k (114 bytes)
Event: 268.204 Thread 0x0000024cb8849000 nmethod 11040 0x0000024caae5e290 code [0x0000024caae5e440, 0x0000024caae5e648]
Event: 268.205 Thread 0x0000024cb8849000 11041       4       com.android.tools.r8.internal.mp$c::hasNext (20 bytes)
Event: 268.207 Thread 0x0000024cb8849000 nmethod 11041 0x0000024caae5e810 code [0x0000024caae5e9a0, 0x0000024caae5ea38]
Event: 268.208 Thread 0x0000024cb8849000 11042       4       com.android.tools.r8.internal.mp$c::j (60 bytes)
Event: 268.214 Thread 0x0000024cb8849000 nmethod 11042 0x0000024caae5eb10 code [0x0000024caae5eca0, 0x0000024caae5eef8]
Event: 268.216 Thread 0x0000024cb8849000 11043       4       com.android.tools.r8.internal.r7::a (42 bytes)
Event: 268.281 Thread 0x0000024cb8849000 nmethod 11043 0x0000024caae5f010 code [0x0000024caae5f2a0, 0x0000024caae60070]
Event: 268.282 Thread 0x0000024cb8849000 11044       4       com.android.tools.r8.internal.lp::next (5 bytes)
Event: 268.289 Thread 0x0000024cb8849000 nmethod 11044 0x0000024caae60b90 code [0x0000024caae60d20, 0x0000024caae60f78]
Event: 268.290 Thread 0x0000024cb8849000 11045       4       com.android.tools.r8.internal.r7$$Lambda$952/0x0000000100bf1040::accept (12 bytes)
Event: 268.292 Thread 0x0000024cb8849000 nmethod 11045 0x0000024caae61090 code [0x0000024caae61240, 0x0000024caae61308]
Event: 268.300 Thread 0x0000024cb8849000 11046       4       com.android.tools.r8.graph.a0::g (62 bytes)
Event: 268.320 Thread 0x0000024cb8849000 nmethod 11046 0x0000024caae61410 code [0x0000024caae615c0, 0x0000024caae61a98]
Event: 268.460 Thread 0x0000024cb885c000 11047       1       com.android.tools.r8.internal.ak::b (6 bytes)
Event: 268.461 Thread 0x0000024cb885c000 nmethod 11047 0x0000024caae61e90 code [0x0000024caae62040, 0x0000024caae620f8]

GC Heap History (20 events):
Event: 262.685 GC heap after
{Heap after GC invocations=108 (full 0):
 garbage-first heap   total 138240K, used 113002K [0x0000000080000000, 0x0000000100000000)
  region size 1024K, 1 young (1024K), 1 survivors (1024K)
 Metaspace       used 88683K, capacity 90893K, committed 91136K, reserved 1128448K
  class space    used 11444K, capacity 12228K, committed 12288K, reserved 1048576K
}
Event: 262.715 GC heap before
{Heap before GC invocations=108 (full 0):
 garbage-first heap   total 138240K, used 119146K [0x0000000080000000, 0x0000000100000000)
  region size 1024K, 6 young (6144K), 1 survivors (1024K)
 Metaspace       used 88687K, capacity 90957K, committed 91136K, reserved 1128448K
  class space    used 11444K, capacity 12228K, committed 12288K, reserved 1048576K
}
Event: 262.720 GC heap after
{Heap after GC invocations=109 (full 0):
 garbage-first heap   total 138240K, used 116143K [0x0000000080000000, 0x0000000100000000)
  region size 1024K, 1 young (1024K), 1 survivors (1024K)
 Metaspace       used 88687K, capacity 90957K, committed 91136K, reserved 1128448K
  class space    used 11444K, capacity 12228K, committed 12288K, reserved 1048576K
}
Event: 263.722 GC heap before
{Heap before GC invocations=110 (full 0):
 garbage-first heap   total 138240K, used 130479K [0x0000000080000000, 0x0000000100000000)
  region size 1024K, 6 young (6144K), 1 survivors (1024K)
 Metaspace       used 88879K, capacity 91127K, committed 91392K, reserved 1128448K
  class space    used 11468K, capacity 12263K, committed 12288K, reserved 1048576K
}
Event: 263.742 GC heap after
{Heap after GC invocations=111 (full 0):
 garbage-first heap   total 138240K, used 123330K [0x0000000080000000, 0x0000000100000000)
  region size 1024K, 1 young (1024K), 1 survivors (1024K)
 Metaspace       used 88879K, capacity 91127K, committed 91392K, reserved 1128448K
  class space    used 11468K, capacity 12263K, committed 12288K, reserved 1048576K
}
Event: 264.050 GC heap before
{Heap before GC invocations=111 (full 0):
 garbage-first heap   total 138240K, used 128450K [0x0000000080000000, 0x0000000100000000)
  region size 1024K, 6 young (6144K), 1 survivors (1024K)
 Metaspace       used 88895K, capacity 91128K, committed 91392K, reserved 1128448K
  class space    used 11468K, capacity 12263K, committed 12288K, reserved 1048576K
}
Event: 264.082 GC heap after
{Heap after GC invocations=112 (full 0):
 garbage-first heap   total 138240K, used 125854K [0x0000000080000000, 0x0000000100000000)
  region size 1024K, 1 young (1024K), 1 survivors (1024K)
 Metaspace       used 88895K, capacity 91128K, committed 91392K, reserved 1128448K
  class space    used 11468K, capacity 12263K, committed 12288K, reserved 1048576K
}
Event: 265.589 GC heap before
{Heap before GC invocations=113 (full 0):
 garbage-first heap   total 138240K, used 130974K [0x0000000080000000, 0x0000000100000000)
  region size 1024K, 6 young (6144K), 1 survivors (1024K)
 Metaspace       used 88898K, capacity 91192K, committed 91392K, reserved 1128448K
  class space    used 11468K, capacity 12263K, committed 12288K, reserved 1048576K
}
Event: 265.652 GC heap after
{Heap after GC invocations=114 (full 0):
 garbage-first heap   total 138240K, used 128287K [0x0000000080000000, 0x0000000100000000)
  region size 1024K, 1 young (1024K), 1 survivors (1024K)
 Metaspace       used 88898K, capacity 91192K, committed 91392K, reserved 1128448K
  class space    used 11468K, capacity 12263K, committed 12288K, reserved 1048576K
}
Event: 265.938 GC heap before
{Heap before GC invocations=114 (full 0):
 garbage-first heap   total 138240K, used 133407K [0x0000000080000000, 0x0000000100000000)
  region size 1024K, 6 young (6144K), 1 survivors (1024K)
 Metaspace       used 88899K, capacity 91192K, committed 91392K, reserved 1128448K
  class space    used 11468K, capacity 12263K, committed 12288K, reserved 1048576K
}
Event: 265.981 GC heap after
{Heap after GC invocations=115 (full 0):
 garbage-first heap   total 138240K, used 130650K [0x0000000080000000, 0x0000000100000000)
  region size 1024K, 1 young (1024K), 1 survivors (1024K)
 Metaspace       used 88899K, capacity 91192K, committed 91392K, reserved 1128448K
  class space    used 11468K, capacity 12263K, committed 12288K, reserved 1048576K
}
Event: 267.400 GC heap before
{Heap before GC invocations=116 (full 0):
 garbage-first heap   total 138240K, used 134746K [0x0000000080000000, 0x0000000100000000)
  region size 1024K, 6 young (6144K), 1 survivors (1024K)
 Metaspace       used 88905K, capacity 91194K, committed 91392K, reserved 1128448K
  class space    used 11468K, capacity 12263K, committed 12288K, reserved 1048576K
}
Event: 267.462 GC heap after
{Heap after GC invocations=117 (full 0):
 garbage-first heap   total 176128K, used 132687K [0x0000000080000000, 0x0000000100000000)
  region size 1024K, 1 young (1024K), 1 survivors (1024K)
 Metaspace       used 88905K, capacity 91194K, committed 91392K, reserved 1128448K
  class space    used 11468K, capacity 12263K, committed 12288K, reserved 1048576K
}
Event: 267.688 GC heap before
{Heap before GC invocations=117 (full 0):
 garbage-first heap   total 176128K, used 139855K [0x0000000080000000, 0x0000000100000000)
  region size 1024K, 8 young (8192K), 1 survivors (1024K)
 Metaspace       used 88905K, capacity 91194K, committed 91392K, reserved 1128448K
  class space    used 11468K, capacity 12263K, committed 12288K, reserved 1048576K
}
Event: 267.745 GC heap after
{Heap after GC invocations=118 (full 0):
 garbage-first heap   total 176128K, used 135340K [0x0000000080000000, 0x0000000100000000)
  region size 1024K, 1 young (1024K), 1 survivors (1024K)
 Metaspace       used 88905K, capacity 91194K, committed 91392K, reserved 1128448K
  class space    used 11468K, capacity 12263K, committed 12288K, reserved 1048576K
}
Event: 267.781 GC heap before
{Heap before GC invocations=118 (full 0):
 garbage-first heap   total 176128K, used 136364K [0x0000000080000000, 0x0000000100000000)
  region size 1024K, 3 young (3072K), 1 survivors (1024K)
 Metaspace       used 88905K, capacity 91194K, committed 91392K, reserved 1128448K
  class space    used 11468K, capacity 12263K, committed 12288K, reserved 1048576K
}
Event: 267.824 GC heap after
{Heap after GC invocations=119 (full 0):
 garbage-first heap   total 176128K, used 136196K [0x0000000080000000, 0x0000000100000000)
  region size 1024K, 2 young (2048K), 2 survivors (2048K)
 Metaspace       used 88905K, capacity 91194K, committed 91392K, reserved 1128448K
  class space    used 11468K, capacity 12263K, committed 12288K, reserved 1048576K
}
Event: 268.532 GC heap before
{Heap before GC invocations=119 (full 0):
 garbage-first heap   total 176128K, used 144388K [0x0000000080000000, 0x0000000100000000)
  region size 1024K, 9 young (9216K), 2 survivors (2048K)
 Metaspace       used 88905K, capacity 91194K, committed 91392K, reserved 1128448K
  class space    used 11468K, capacity 12263K, committed 12288K, reserved 1048576K
}
Event: 268.609 GC heap after
{Heap after GC invocations=120 (full 0):
 garbage-first heap   total 176128K, used 141082K [0x0000000080000000, 0x0000000100000000)
  region size 1024K, 2 young (2048K), 2 survivors (2048K)
 Metaspace       used 88905K, capacity 91194K, committed 91392K, reserved 1128448K
  class space    used 11468K, capacity 12263K, committed 12288K, reserved 1048576K
}
Event: 268.753 GC heap before
{Heap before GC invocations=120 (full 0):
 garbage-first heap   total 176128K, used 146202K [0x0000000080000000, 0x0000000100000000)
  region size 1024K, 8 young (8192K), 2 survivors (2048K)
 Metaspace       used 88905K, capacity 91194K, committed 91392K, reserved 1128448K
  class space    used 11468K, capacity 12263K, committed 12288K, reserved 1048576K
}

Deoptimization events (20 events):
Event: 263.901 Thread 0x0000024cbbaba800 DEOPT PACKING pc=0x0000024ca494a87e sp=0x000000ab349fd840
Event: 263.901 Thread 0x0000024cbbaba800 DEOPT UNPACKING pc=0x0000024ca2c8a93f sp=0x000000ab349fccb8 mode 0
Event: 263.904 Thread 0x0000024cbbaba800 DEOPT PACKING pc=0x0000024ca494a87e sp=0x000000ab349fd840
Event: 263.904 Thread 0x0000024cbbaba800 DEOPT UNPACKING pc=0x0000024ca2c8a93f sp=0x000000ab349fccb8 mode 0
Event: 263.906 Thread 0x0000024cbbaba800 DEOPT PACKING pc=0x0000024ca494a87e sp=0x000000ab349fd840
Event: 263.906 Thread 0x0000024cbbaba800 DEOPT UNPACKING pc=0x0000024ca2c8a93f sp=0x000000ab349fccb8 mode 0
Event: 263.907 Thread 0x0000024cbbaba800 DEOPT PACKING pc=0x0000024ca494a87e sp=0x000000ab349fd840
Event: 263.907 Thread 0x0000024cbbaba800 DEOPT UNPACKING pc=0x0000024ca2c8a93f sp=0x000000ab349fccb8 mode 0
Event: 265.773 Thread 0x0000024cbbaba800 DEOPT PACKING pc=0x0000024ca496d27e sp=0x000000ab349fdb10
Event: 265.773 Thread 0x0000024cbbaba800 DEOPT UNPACKING pc=0x0000024ca2c8a93f sp=0x000000ab349fd1d0 mode 0
Event: 265.779 Thread 0x0000024cbbaba800 DEOPT PACKING pc=0x0000024ca496d27e sp=0x000000ab349fdb10
Event: 265.779 Thread 0x0000024cbbaba800 DEOPT UNPACKING pc=0x0000024ca2c8a93f sp=0x000000ab349fd1d0 mode 0
Event: 265.786 Thread 0x0000024cbbaba800 DEOPT PACKING pc=0x0000024ca496d27e sp=0x000000ab349fdb10
Event: 265.786 Thread 0x0000024cbbaba800 DEOPT UNPACKING pc=0x0000024ca2c8a93f sp=0x000000ab349fd1d0 mode 0
Event: 265.899 Thread 0x0000024cbbaba800 DEOPT PACKING pc=0x0000024ca496d27e sp=0x000000ab349fdb10
Event: 265.901 Thread 0x0000024cbbaba800 DEOPT UNPACKING pc=0x0000024ca2c8a93f sp=0x000000ab349fd1d0 mode 0
Event: 265.907 Thread 0x0000024cbbaba800 DEOPT PACKING pc=0x0000024ca496d27e sp=0x000000ab349fdb10
Event: 265.907 Thread 0x0000024cbbaba800 DEOPT UNPACKING pc=0x0000024ca2c8a93f sp=0x000000ab349fd1d0 mode 0
Event: 265.912 Thread 0x0000024cbbaba800 DEOPT PACKING pc=0x0000024ca496d27e sp=0x000000ab349fdb10
Event: 265.912 Thread 0x0000024cbbaba800 DEOPT UNPACKING pc=0x0000024ca2c8a93f sp=0x000000ab349fd1d0 mode 0

Classes redefined (0 events):
No events

Internal exceptions (20 events):
Event: 232.007 Thread 0x0000024cbae83800 Exception <a 'sun/nio/fs/WindowsException'{0x0000000086b30e28}> (0x0000000086b30e28) thrown at [./src/hotspot/share/prims/jni.cpp, line 615]
Event: 232.007 Thread 0x0000024cbae83800 Exception <a 'sun/nio/fs/WindowsException'{0x0000000086b31cd0}> (0x0000000086b31cd0) thrown at [./src/hotspot/share/prims/jni.cpp, line 615]
Event: 232.007 Thread 0x0000024cbae83800 Exception <a 'sun/nio/fs/WindowsException'{0x0000000086b32030}> (0x0000000086b32030) thrown at [./src/hotspot/share/prims/jni.cpp, line 615]
Event: 232.008 Thread 0x0000024cbae83800 Exception <a 'sun/nio/fs/WindowsException'{0x0000000086b32ef0}> (0x0000000086b32ef0) thrown at [./src/hotspot/share/prims/jni.cpp, line 615]
Event: 232.008 Thread 0x0000024cbae83800 Exception <a 'sun/nio/fs/WindowsException'{0x0000000086b331f0}> (0x0000000086b331f0) thrown at [./src/hotspot/share/prims/jni.cpp, line 615]
Event: 232.008 Thread 0x0000024cbae83800 Exception <a 'sun/nio/fs/WindowsException'{0x0000000086b34080}> (0x0000000086b34080) thrown at [./src/hotspot/share/prims/jni.cpp, line 615]
Event: 232.157 Thread 0x0000024cbae83800 Exception <a 'java/lang/NoSuchMethodError'{0x0000000086ab7bb8}: <clinit>> (0x0000000086ab7bb8) thrown at [./src/hotspot/share/prims/jni.cpp, line 1365]
Event: 232.165 Thread 0x0000024cbae83800 Exception <a 'java/lang/NoSuchMethodError'{0x0000000086aedfb8}: <clinit>> (0x0000000086aedfb8) thrown at [./src/hotspot/share/prims/jni.cpp, line 1365]
Event: 232.203 Thread 0x0000024cbae83800 Exception <a 'java/lang/NoSuchMethodError'{0x00000000869250e0}: <clinit>> (0x00000000869250e0) thrown at [./src/hotspot/share/prims/jni.cpp, line 1365]
Event: 232.209 Thread 0x0000024cbae83800 Exception <a 'java/lang/NoSuchMethodError'{0x0000000086937e80}: <clinit>> (0x0000000086937e80) thrown at [./src/hotspot/share/prims/jni.cpp, line 1365]
Event: 240.738 Thread 0x0000024cba926000 Exception <a 'java/lang/NoSuchMethodError'{0x000000008796cf68}: 'int java.lang.invoke.DirectMethodHandle$Holder.invokeSpecial(java.lang.Object, java.lang.Object, java.lang.Object, java.lang.Object, java.lang.Object)'> (0x000000008796cf68) thrown at [./src/hotspot/share/interpreter/linkResolver.cpp, line 773]
Event: 240.804 Thread 0x0000024cbae87000 Exception <a 'java/lang/NoSuchMethodError'{0x0000000087ea3d40}: 'void java.lang.invoke.DirectMethodHandle$Holder.invokeStatic(java.lang.Object, long)'> (0x0000000087ea3d40) thrown at [./src/hotspot/share/interpreter/linkResolver.cpp, line 773]
Event: 240.805 Thread 0x0000024cbae87000 Exception <a 'java/lang/NoSuchMethodError'{0x0000000087ea8f58}: 'java.lang.Object java.lang.invoke.DirectMethodHandle$Holder.invokeStatic(java.lang.Object, long)'> (0x0000000087ea8f58) thrown at [./src/hotspot/share/interpreter/linkResolver.cpp, line 773]
Event: 240.811 Thread 0x0000024cbae87000 Exception <a 'java/lang/NoSuchMethodError'{0x0000000087eb72c0}: 'java.lang.Object java.lang.invoke.DirectMethodHandle$Holder.invokeStaticInit(java.lang.Object, java.lang.Object, long, java.lang.Object)'> (0x0000000087eb72c0) thrown at [./src/hotspot/share/interpreter/linkResolver.cpp, line 773]
Event: 240.820 Thread 0x0000024cbae87000 Exception <a 'java/lang/NoSuchMethodError'{0x0000000087ebd458}: 'java.lang.Object java.lang.invoke.DirectMethodHandle$Holder.invokeStatic(java.lang.Object, java.lang.Object, long)'> (0x0000000087ebd458) thrown at [./src/hotspot/share/interpreter/linkResolver.cpp, line 773]
Event: 240.821 Thread 0x0000024cbae87000 Exception <a 'java/lang/NoSuchMethodError'{0x0000000087ec39d0}: 'java.lang.Object java.lang.invoke.Invokers$Holder.linkToTargetMethod(java.lang.Object, long, java.lang.Object)'> (0x0000000087ec39d0) thrown at [./src/hotspot/share/interpreter/linkResolver.cpp, line 773]
Event: 248.815 Thread 0x0000024cbae87000 Exception <a 'java/lang/NoSuchMethodError'{0x00000000879ecc90}: 'int java.lang.invoke.DirectMethodHandle$Holder.invokeSpecialIFC(java.lang.Object, java.lang.Object, java.lang.Object)'> (0x00000000879ecc90) thrown at [./src/hotspot/share/interpreter/linkResolver.cpp, line 773]
Event: 259.970 Thread 0x0000024cbbaba800 Exception <a 'sun/nio/fs/WindowsException'{0x000000008836b490}> (0x000000008836b490) thrown at [./src/hotspot/share/prims/jni.cpp, line 615]
Event: 262.564 Thread 0x0000024cbbaba800 Exception <a 'java/lang/NoSuchMethodError'{0x000000008866ee78}: 'java.lang.Object java.lang.invoke.DirectMethodHandle$Holder.invokeStatic(java.lang.Object, java.lang.Object, java.lang.Object, java.lang.Object, java.lang.Object, java.lang.Object, java.lang.Object, java.lang.Object, java.lang.Object, java.lang.Object, java.lang.Object, java.lang.Object, java.lang.Object, java.lang.Object, java.lang.Object, java.lang.Object, java.lang.Object, java.lang.Object, int, java.lang.Object)'> (0x000000008866ee78) thr
Event: 262.564 Thread 0x0000024cbbaba800 Exception <a 'java/lang/NoSuchMethodError'{0x0000000088674708}: 'java.lang.Object java.lang.invoke.DirectMethodHandle$Holder.invokeStaticInit(java.lang.Object, java.lang.Object, java.lang.Object, java.lang.Object, java.lang.Object, java.lang.Object, java.lang.Object, java.lang.Object, java.lang.Object, java.lang.Object, java.lang.Object, java.lang.Object, java.lang.Object, java.lang.Object, java.lang.Object, java.lang.Object, java.lang.Object, java.lang.Object, int, java.lang.Object)'> (0x0000000088674708)

Events (20 events):
Event: 265.201 Executing VM operation: CGC_Operation done
Event: 265.589 Executing VM operation: G1CollectForAllocation
Event: 265.652 Executing VM operation: G1CollectForAllocation done
Event: 265.938 Executing VM operation: G1CollectForAllocation
Event: 265.981 Executing VM operation: G1CollectForAllocation done
Event: 266.791 Executing VM operation: CGC_Operation
Event: 266.872 Executing VM operation: CGC_Operation done
Event: 267.233 Executing VM operation: CGC_Operation
Event: 267.238 Executing VM operation: CGC_Operation done
Event: 267.400 Executing VM operation: G1CollectForAllocation
Event: 267.462 Executing VM operation: G1CollectForAllocation done
Event: 267.688 Executing VM operation: G1CollectForAllocation
Event: 267.745 Executing VM operation: G1CollectForAllocation done
Event: 267.781 Executing VM operation: G1CollectForAllocation
Event: 267.824 Executing VM operation: G1CollectForAllocation done
Event: 268.532 Executing VM operation: G1CollectForAllocation
Event: 268.609 Executing VM operation: G1CollectForAllocation done
Event: 268.659 Executing VM operation: CGC_Operation
Event: 268.706 Executing VM operation: CGC_Operation done
Event: 268.753 Executing VM operation: G1CollectForAllocation


Dynamic libraries:
0x00007ff60a000000 - 0x00007ff60a00a000 	C:\Program Files\Android\Android Studio\jre\bin\java.exe
0x00007ffa12580000 - 0x00007ffa12770000 	C:\Windows\SYSTEM32\ntdll.dll
0x00007ffa115d0000 - 0x00007ffa11682000 	C:\Windows\System32\KERNEL32.DLL
0x00007ffa10380000 - 0x00007ffa10625000 	C:\Windows\System32\KERNELBASE.dll
0x00007ffa0fa20000 - 0x00007ffa0fb1a000 	C:\Windows\System32\ucrtbase.dll
0x00007ffa07010000 - 0x00007ffa07029000 	C:\Program Files\Android\Android Studio\jre\bin\jli.dll
0x00007ff9f9f20000 - 0x00007ff9f9f37000 	C:\Program Files\Android\Android Studio\jre\bin\VCRUNTIME140.dll
0x00007ffa10b30000 - 0x00007ffa10cc4000 	C:\Windows\System32\USER32.dll
0x00007ffa0fb40000 - 0x00007ffa0fb61000 	C:\Windows\System32\win32u.dll
0x00007ffa11690000 - 0x00007ffa116b6000 	C:\Windows\System32\GDI32.dll
0x00007ff9ff8f0000 - 0x00007ff9ffb74000 	C:\Windows\WinSxS\amd64_microsoft.windows.common-controls_6595b64144ccf1df_6.0.18362.1556_none_9e7e372fe45e41d5\COMCTL32.dll
0x00007ffa0f600000 - 0x00007ffa0f798000 	C:\Windows\System32\gdi32full.dll
0x00007ffa109c0000 - 0x00007ffa10a5e000 	C:\Windows\System32\msvcrt.dll
0x00007ffa0f980000 - 0x00007ffa0fa1e000 	C:\Windows\System32\msvcp_win.dll
0x00007ffa119f0000 - 0x00007ffa11d26000 	C:\Windows\System32\combase.dll
0x00007ffa11d30000 - 0x00007ffa11e4f000 	C:\Windows\System32\RPCRT4.dll
0x00007ffa0fb70000 - 0x00007ffa0fbf1000 	C:\Windows\System32\bcryptPrimitives.dll
0x00007ffa11910000 - 0x00007ffa1193e000 	C:\Windows\System32\IMM32.DLL
0x00007ff9eaa70000 - 0x00007ff9eab0d000 	C:\Program Files\Android\Android Studio\jre\bin\msvcp140.dll
0x00007ff9d5ad0000 - 0x00007ff9d65b5000 	C:\Program Files\Android\Android Studio\jre\bin\server\jvm.dll
0x00007ffa11940000 - 0x00007ffa119e3000 	C:\Windows\System32\ADVAPI32.dll
0x00007ffa10d40000 - 0x00007ffa10dd7000 	C:\Windows\System32\sechost.dll
0x00007ffa10d30000 - 0x00007ffa10d38000 	C:\Windows\System32\PSAPI.DLL
0x00007ffa087e0000 - 0x00007ffa087e9000 	C:\Windows\SYSTEM32\WSOCK32.dll
0x00007ffa10ac0000 - 0x00007ffa10b2f000 	C:\Windows\System32\WS2_32.dll
0x00007ffa0d3f0000 - 0x00007ffa0d414000 	C:\Windows\SYSTEM32\WINMM.dll
0x00007ffa02990000 - 0x00007ffa0299a000 	C:\Windows\SYSTEM32\VERSION.dll
0x00007ffa0d3c0000 - 0x00007ffa0d3ed000 	C:\Windows\SYSTEM32\WINMMBASE.dll
0x00007ffa0f7a0000 - 0x00007ffa0f7ea000 	C:\Windows\System32\cfgmgr32.dll
0x00007ffa0f480000 - 0x00007ffa0f491000 	C:\Windows\System32\kernel.appcore.dll
0x00007ffa087a0000 - 0x00007ffa087b1000 	C:\Program Files\Android\Android Studio\jre\bin\verify.dll
0x00007ff9ff150000 - 0x00007ff9ff344000 	C:\Windows\SYSTEM32\DBGHELP.DLL
0x00007ff9ff120000 - 0x00007ff9ff14a000 	C:\Windows\SYSTEM32\dbgcore.DLL
0x00007ffa08770000 - 0x00007ffa08799000 	C:\Program Files\Android\Android Studio\jre\bin\java.dll
0x00007ffa08760000 - 0x00007ffa0876b000 	C:\Program Files\Android\Android Studio\jre\bin\jimage.dll
0x00007ffa08710000 - 0x00007ffa08728000 	C:\Program Files\Android\Android Studio\jre\bin\zip.dll
0x00007ffa11e50000 - 0x00007ffa12537000 	C:\Windows\System32\SHELL32.dll
0x00007ffa10630000 - 0x00007ffa106d8000 	C:\Windows\System32\shcore.dll
0x00007ffa0fc00000 - 0x00007ffa1037b000 	C:\Windows\System32\windows.storage.dll
0x00007ffa0f440000 - 0x00007ffa0f45e000 	C:\Windows\System32\profapi.dll
0x00007ffa0f4a0000 - 0x00007ffa0f4ea000 	C:\Windows\System32\powrprof.dll
0x00007ffa0f430000 - 0x00007ffa0f440000 	C:\Windows\System32\UMPDC.dll
0x00007ffa106e0000 - 0x00007ffa10732000 	C:\Windows\System32\shlwapi.dll
0x00007ffa0fb20000 - 0x00007ffa0fb37000 	C:\Windows\System32\cryptsp.dll
0x00007ff9fce10000 - 0x00007ff9fce2a000 	C:\Program Files\Android\Android Studio\jre\bin\net.dll
0x00007ffa07d60000 - 0x00007ffa07e5a000 	C:\Windows\SYSTEM32\WINHTTP.dll
0x00007ffa0ec70000 - 0x00007ffa0ecd7000 	C:\Windows\system32\mswsock.dll
0x00007ff9fcdf0000 - 0x00007ff9fce04000 	C:\Program Files\Android\Android Studio\jre\bin\nio.dll
0x00007ffa07c50000 - 0x00007ffa07c77000 	C:\Users\The Saviour\.gradle\native\8bec1ad78214c89d9ad589b4d07fe93259594b29d510b10fafb7a158f7737e5d\windows-amd64\native-platform.dll
0x00007ff9d58f0000 - 0x00007ff9d5a2d000 	C:\Users\The Saviour\.gradle\native\53dbd7edfb1c66fb8903c78663c9afc45aea4f116125fa6feffd364cf09443e8\windows-amd64\native-platform-file-events.dll
0x00007ff9fafc0000 - 0x00007ff9fafca000 	C:\Program Files\Android\Android Studio\jre\bin\management.dll
0x00007ff9fabe0000 - 0x00007ff9fabed000 	C:\Program Files\Android\Android Studio\jre\bin\management_ext.dll
0x00007ffa0e790000 - 0x00007ffa0e7c3000 	C:\Windows\system32\rsaenh.dll
0x00007ffa0f950000 - 0x00007ffa0f976000 	C:\Windows\System32\bcrypt.dll
0x00007ffa0f320000 - 0x00007ffa0f345000 	C:\Windows\SYSTEM32\USERENV.dll
0x00007ffa0ee40000 - 0x00007ffa0ee4c000 	C:\Windows\SYSTEM32\CRYPTBASE.dll
0x00007ffa0e980000 - 0x00007ffa0e9ba000 	C:\Windows\SYSTEM32\IPHLPAPI.DLL
0x00007ffa10de0000 - 0x00007ffa10de8000 	C:\Windows\System32\NSI.dll
0x00007ffa07820000 - 0x00007ffa07836000 	C:\Windows\SYSTEM32\dhcpcsvc6.DLL
0x00007ffa07800000 - 0x00007ffa0781c000 	C:\Windows\SYSTEM32\dhcpcsvc.DLL
0x00007ffa0e9c0000 - 0x00007ffa0ea8b000 	C:\Windows\SYSTEM32\DNSAPI.dll

dbghelp: loaded successfully - version: 4.0.5 - missing functions: none
symbol engine: initialized successfully - sym options: 0x614 - pdb path: .;C:\Program Files\Android\Android Studio\jre\bin;C:\Windows\SYSTEM32;C:\Windows\WinSxS\amd64_microsoft.windows.common-controls_6595b64144ccf1df_6.0.18362.1556_none_9e7e372fe45e41d5;C:\Program Files\Android\Android Studio\jre\bin\server;C:\Users\The Saviour\.gradle\native\8bec1ad78214c89d9ad589b4d07fe93259594b29d510b10fafb7a158f7737e5d\windows-amd64;C:\Users\The Saviour\.gradle\native\53dbd7edfb1c66fb8903c78663c9afc45aea4f116125fa6feffd364cf09443e8\windows-amd64

VM Arguments:
jvm_args: --add-opens=java.base/java.util=ALL-UNNAMED --add-opens=java.base/java.lang=ALL-UNNAMED --add-opens=java.base/java.lang.invoke=ALL-UNNAMED --add-opens=java.base/java.util=ALL-UNNAMED --add-opens=java.prefs/java.util.prefs=ALL-UNNAMED --add-opens=java.prefs/java.util.prefs=ALL-UNNAMED --add-opens=java.base/java.nio.charset=ALL-UNNAMED --add-opens=java.base/java.net=ALL-UNNAMED --add-opens=java.base/java.util.concurrent.atomic=ALL-UNNAMED -Xmx2048m -Dfile.encoding=UTF-8 -Duser.country=US -Duser.language=en -Duser.variant 
java_command: org.gradle.launcher.daemon.bootstrap.GradleDaemon 7.0.2
java_class_path (initial): C:\Users\The Saviour\.gradle\wrapper\dists\gradle-7.0.2-bin\857tjihv64xamwrf0h14cai3r\gradle-7.0.2\lib\gradle-launcher-7.0.2.jar
Launcher Type: SUN_STANDARD

[Global flags]
     intx CICompilerCount                          = 2                                         {product} {ergonomic}
     uint ConcGCThreads                            = 1                                         {product} {ergonomic}
     uint G1ConcRefinementThreads                  = 2                                         {product} {ergonomic}
   size_t G1HeapRegionSize                         = 1048576                                   {product} {ergonomic}
    uintx GCDrainStackTargetSize                   = 64                                        {product} {ergonomic}
   size_t InitialHeapSize                          = 67108864                                  {product} {ergonomic}
   size_t MarkStackSize                            = 4194304                                   {product} {ergonomic}
   size_t MaxHeapSize                              = 2147483648                                {product} {command line}
   size_t MaxNewSize                               = 1287651328                                {product} {ergonomic}
   size_t MinHeapDeltaBytes                        = 1048576                                   {product} {ergonomic}
    uintx NonNMethodCodeHeapSize                   = 5825164                                {pd product} {ergonomic}
    uintx NonProfiledCodeHeapSize                  = 122916538                              {pd product} {ergonomic}
    uintx ProfiledCodeHeapSize                     = 122916538                              {pd product} {ergonomic}
    uintx ReservedCodeCacheSize                    = 251658240                              {pd product} {ergonomic}
     bool SegmentedCodeCache                       = true                                      {product} {ergonomic}
     bool UseCompressedClassPointers               = true                                 {lp64_product} {ergonomic}
     bool UseCompressedOops                        = true                                 {lp64_product} {ergonomic}
     bool UseG1GC                                  = true                                      {product} {ergonomic}
     bool UseLargePagesIndividualAllocation        = false                                  {pd product} {ergonomic}

Logging:
Log output configuration:
 #0: stdout all=warning uptime,level,tags
 #1: stderr all=off uptime,level,tags

Environment Variables:
PATH=C:\Windows\system32;C:\Windows;C:\Windows\System32\Wbem;C:\Windows\System32\WindowsPowerShell\v1.0\;C:\Windows\System32\OpenSSH\;C:\Users\The Saviour\AppData\Local\Microsoft\WindowsApps;;C:\Users\The Saviour\AppData\Local\Programs\Microsoft VS Code\bin
USERNAME=The Saviour
OS=Windows_NT
PROCESSOR_IDENTIFIER=Intel64 Family 6 Model 15 Stepping 11, GenuineIntel



---------------  S Y S T E M  ---------------

OS: Windows 10 , 64 bit Build 18362 (10.0.18362.1500)
OS uptime: 0 days 2:23 hours

CPU:total 2 (initial active 2) (2 cores per cpu, 1 threads per core) family 6 model 15 stepping 11 microcode 0xba, cmov, cx8, fxsr, mmx, sse, sse2, sse3, ssse3, tsc

Memory: 4k page, system-wide physical 4022M (239M free)
TotalPageFile size 5403M (AvailPageFile size 133M)
current process WorkingSet (physical memory assigned to process): 389M, peak: 389M
current process commit charge ("private bytes"): 434M, peak: 585M

vm_info: OpenJDK 64-Bit Server VM (11.0.12+7-b1504.28-7817840) for windows-amd64 JRE (11.0.12+7-b1504.28-7817840), built on Oct 13 2021 22:12:33 by "builder" with MS VC++ 14.0 (VS2015)

END.
