#
# There is insufficient memory for the Java Runtime Environment to continue.
# Native memory allocation (mmap) failed to map 160432128 bytes for Failed to commit area from 0x000000008f500000 to 0x0000000098e00000 of length 160432128.
# Possible reasons:
#   The system is out of physical RAM or swap space
#   The process is running with CompressedOops enabled, and the Java Heap may be blocking the growth of the native heap
# Possible solutions:
#   Reduce memory load on the system
#   Increase physical memory or swap space
#   Check if swap backing store is full
#   Decrease Java heap size (-Xmx/-Xms)
#   Decrease number of Java threads
#   Decrease Java thread stack sizes (-Xss)
#   Set larger code cache with -XX:ReservedCodeCacheSize=
#   JVM is running with Unscaled Compressed Oops mode in which the Java heap is
#     placed in the first 4GB address space. The Java Heap base address is the
#     maximum limit for the native heap growth. Please use -XX:HeapBaseMinAddress
#     to set the Java Heap base and to place the Java Heap above 4GB virtual address.
# This output file may be truncated or incomplete.
#
#  Out of Memory Error (./src/hotspot/os/windows/os_windows.cpp:3521), pid=8832, tid=8712
#
# JRE version: OpenJDK Runtime Environment (11.0.12+7) (build 11.0.12+7-b1504.28-7817840)
# Java VM: OpenJDK 64-Bit Server VM (11.0.12+7-b1504.28-7817840, mixed mode, tiered, compressed oops, g1 gc, windows-amd64)
# No core dump will be written. Minidumps are not enabled by default on client versions of Windows
#

---------------  S U M M A R Y ------------

Command Line: --add-opens=java.base/java.util=ALL-UNNAMED --add-opens=java.base/java.lang=ALL-UNNAMED --add-opens=java.base/java.lang.invoke=ALL-UNNAMED --add-opens=java.base/java.util=ALL-UNNAMED --add-opens=java.prefs/java.util.prefs=ALL-UNNAMED --add-opens=java.prefs/java.util.prefs=ALL-UNNAMED --add-opens=java.base/java.nio.charset=ALL-UNNAMED --add-opens=java.base/java.net=ALL-UNNAMED --add-opens=java.base/java.util.concurrent.atomic=ALL-UNNAMED -Xmx2048m -Dfile.encoding=UTF-8 -Duser.country=US -Duser.language=en -Duser.variant org.gradle.launcher.daemon.bootstrap.GradleDaemon 7.0.2

Host: Intel(R) Core(TM)2 Duo CPU     T7500  @ 2.20GHz, 2 cores, 3G,  Windows 10 , 64 bit Build 18362 (10.0.18362.1500)
Time: Fri Jun 10 11:52:15 2022 E. Africa Standard Time elapsed time: 3917.597553 seconds (0d 1h 5m 17s)

---------------  T H R E A D  ---------------

Current thread (0x000001ebd3e9c800):  VMThread "VM Thread" [stack: 0x0000001f79a00000,0x0000001f79b00000] [id=8712]

Stack: [0x0000001f79a00000,0x0000001f79b00000]
[error occurred during error reporting (printing stack bounds), id 0xc0000005, EXCEPTION_ACCESS_VIOLATION (0xc0000005) at pc=0x000001ebbe30113d]

Native frames: (J=compiled Java code, j=interpreted, Vv=VM code, C=native code)
V  [jvm.dll+0x5fbcea]
V  [jvm.dll+0x731905]
V  [jvm.dll+0x732f1d]
V  [jvm.dll+0x733535]
V  [jvm.dll+0x7334eb]
V  [jvm.dll+0x5fb080]
V  [jvm.dll+0x5fb818]
C  [ntdll.dll+0xa1fff]
C  [ntdll.dll+0x6aad9]
C  [ntdll.dll+0xa0c6e]
C  0x000001ebbe30113d

VM_Operation (0x0000001f7c3fb470): G1CollectForAllocation, mode: safepoint, requested by thread 0x000001ebd6b00000


---------------  P R O C E S S  ---------------

Threads class SMR info:
_java_thread_list=0x000001ebdf70a650, length=45, elements={
0x000001ebba7fd800, 0x000001ebd3e9f800, 0x000001ebd3ea0800, 0x000001ebd4820800,
0x000001ebd4821800, 0x000001ebd4823800, 0x000001ebd4828800, 0x000001ebd482a000,
0x000001ebd4873000, 0x000001ebd495f800, 0x000001ebd64b8800, 0x000001ebd6254800,
0x000001ebd59ae000, 0x000001ebd6359800, 0x000001ebd6356800, 0x000001ebd6355000,
0x000001ebd6359000, 0x000001ebd6355800, 0x000001ebd6afd800, 0x000001ebd6afc000,
0x000001ebd6aff800, 0x000001ebd6b01800, 0x000001ebd6b09000, 0x000001ebdbe11000,
0x000001ebdbe0f000, 0x000001ebdbe0d000, 0x000001ebdbe0e000, 0x000001ebdbe12000,
0x000001ebdbe0c800, 0x000001ebdbe10800, 0x000001ebdbe15800, 0x000001ebdbe17800,
0x000001ebdbe16000, 0x000001ebdbe14800, 0x000001ebdbe18800, 0x000001ebdbe17000,
0x000001ebdbe13000, 0x000001ebdbe19800, 0x000001ebdbe13800, 0x000001ebdbe1a000,
0x000001ebdbe1b000, 0x000001ebd6afd000, 0x000001ebd6b03800, 0x000001ebd6b00000,
0x000001ebd6afe800
}

Java Threads: ( => current thread )
  0x000001ebba7fd800 JavaThread "main" [_thread_blocked, id=3016, stack(0x0000001f79400000,0x0000001f79500000)]
  0x000001ebd3e9f800 JavaThread "Reference Handler" daemon [_thread_blocked, id=6020, stack(0x0000001f79b00000,0x0000001f79c00000)]
  0x000001ebd3ea0800 JavaThread "Finalizer" daemon [_thread_blocked, id=8508, stack(0x0000001f79c00000,0x0000001f79d00000)]
  0x000001ebd4820800 JavaThread "Signal Dispatcher" daemon [_thread_blocked, id=5404, stack(0x0000001f79d00000,0x0000001f79e00000)]
  0x000001ebd4821800 JavaThread "Attach Listener" daemon [_thread_blocked, id=3040, stack(0x0000001f79e00000,0x0000001f79f00000)]
  0x000001ebd4823800 JavaThread "Service Thread" daemon [_thread_blocked, id=2812, stack(0x0000001f79f00000,0x0000001f7a000000)]
  0x000001ebd4828800 JavaThread "C2 CompilerThread0" daemon [_thread_blocked, id=8500, stack(0x0000001f7a000000,0x0000001f7a100000)]
  0x000001ebd482a000 JavaThread "C1 CompilerThread0" daemon [_thread_blocked, id=3780, stack(0x0000001f7a100000,0x0000001f7a200000)]
  0x000001ebd4873000 JavaThread "Sweeper thread" daemon [_thread_blocked, id=2624, stack(0x0000001f7a200000,0x0000001f7a300000)]
  0x000001ebd495f800 JavaThread "Common-Cleaner" daemon [_thread_blocked, id=5216, stack(0x0000001f7a300000,0x0000001f7a400000)]
  0x000001ebd64b8800 JavaThread "Daemon health stats" [_thread_blocked, id=5224, stack(0x0000001f7a600000,0x0000001f7a700000)]
  0x000001ebd6254800 JavaThread "Incoming local TCP Connector on port 51288" [_thread_in_native, id=3684, stack(0x0000001f7a700000,0x0000001f7a800000)]
  0x000001ebd59ae000 JavaThread "Daemon periodic checks" [_thread_blocked, id=4240, stack(0x0000001f7a800000,0x0000001f7a900000)]
  0x000001ebd6359800 JavaThread "Cache worker for file hash cache (C:\Users\The Saviour\.gradle\caches\7.0.2\fileHashes)" [_thread_blocked, id=8932, stack(0x0000001f7b000000,0x0000001f7b100000)]
  0x000001ebd6356800 JavaThread "File lock request listener" [_thread_in_native, id=6184, stack(0x0000001f7b100000,0x0000001f7b200000)]
  0x000001ebd6355000 JavaThread "Cache worker for journal cache (C:\Users\The Saviour\.gradle\caches\journal-1)" [_thread_blocked, id=8360, stack(0x0000001f7b200000,0x0000001f7b300000)]
  0x000001ebd6359000 JavaThread "File watcher server" daemon [_thread_blocked, id=4780, stack(0x0000001f7b400000,0x0000001f7b500000)]
  0x000001ebd6355800 JavaThread "File watcher consumer" daemon [_thread_blocked, id=4940, stack(0x0000001f7b500000,0x0000001f7b600000)]
  0x000001ebd6afd800 JavaThread "Cache worker for execution history cache (C:\Users\The Saviour\.gradle\caches\7.0.2\executionHistory)" [_thread_blocked, id=2604, stack(0x0000001f7bb00000,0x0000001f7bc00000)]
  0x000001ebd6afc000 JavaThread "jar transforms" [_thread_blocked, id=1200, stack(0x0000001f79200000,0x0000001f79300000)]
  0x000001ebd6aff800 JavaThread "Cache worker for file content cache (C:\Users\The Saviour\.gradle\caches\7.0.2\fileContent)" [_thread_blocked, id=4288, stack(0x0000001f79300000,0x0000001f79400000)]
  0x000001ebd6b01800 JavaThread "jar transforms Thread 2" [_thread_blocked, id=4224, stack(0x0000001f7ae00000,0x0000001f7af00000)]
  0x000001ebd6b09000 JavaThread "Memory manager" [_thread_blocked, id=7844, stack(0x0000001f7b800000,0x0000001f7b900000)]
  0x000001ebdbe11000 JavaThread "Cache worker for Java compile cache (C:\Users\The Saviour\.gradle\caches\7.0.2\javaCompile)" [_thread_blocked, id=7416, stack(0x0000001f7c700000,0x0000001f7c800000)]
  0x000001ebdbe0f000 JavaThread "ForkJoinPool.commonPool-worker-1" daemon [_thread_blocked, id=6880, stack(0x0000001f7ca00000,0x0000001f7cb00000)]
  0x000001ebdbe0d000 JavaThread "Daemon Thread 4" [_thread_blocked, id=7640, stack(0x0000001f7a900000,0x0000001f7aa00000)]
  0x000001ebdbe0e000 JavaThread "Handler for socket connection from /127.0.0.1:51288 to /127.0.0.1:53400" [_thread_in_native, id=3616, stack(0x0000001f7aa00000,0x0000001f7ab00000)]
  0x000001ebdbe12000 JavaThread "Cancel handler" [_thread_blocked, id=1684, stack(0x0000001f7ab00000,0x0000001f7ac00000)]
  0x000001ebdbe0c800 JavaThread "Daemon worker Thread 4" [_thread_blocked, id=4392, stack(0x0000001f7ac00000,0x0000001f7ad00000)]
  0x000001ebdbe10800 JavaThread "Asynchronous log dispatcher for DefaultDaemonConnection: socket connection from /127.0.0.1:51288 to /127.0.0.1:53400" [_thread_blocked, id=9996, stack(0x0000001f7ad00000,0x0000001f7ae00000)]
  0x000001ebdbe15800 JavaThread "Daemon client event forwarder" [_thread_blocked, id=4172, stack(0x0000001f7b300000,0x0000001f7b400000)]
  0x000001ebdbe17800 JavaThread "Cache worker for file hash cache (C:\Users\The Saviour\AndroidStudioProjects\ParkMe\.gradle\7.0.2\fileHashes)" [_thread_blocked, id=3400, stack(0x0000001f7b600000,0x0000001f7b700000)]
  0x000001ebdbe16000 JavaThread "Cache worker for checksums cache (C:\Users\The Saviour\AndroidStudioProjects\ParkMe\.gradle\checksums)" [_thread_blocked, id=9040, stack(0x0000001f7b700000,0x0000001f7b800000)]
  0x000001ebdbe14800 JavaThread "Cache worker for cache directory md-supplier (C:\Users\The Saviour\.gradle\caches\7.0.2\md-supplier)" [_thread_blocked, id=7524, stack(0x0000001f7b900000,0x0000001f7ba00000)]
  0x000001ebdbe18800 JavaThread "Cache worker for cache directory md-rule (C:\Users\The Saviour\.gradle\caches\7.0.2\md-rule)" [_thread_blocked, id=3576, stack(0x0000001f7ba00000,0x0000001f7bb00000)]
  0x000001ebdbe17000 JavaThread "Cache worker for dependencies-accessors (C:\Users\The Saviour\AndroidStudioProjects\ParkMe\.gradle\7.0.2\dependencies-accessors)" [_thread_blocked, id=6716, stack(0x0000001f7bc00000,0x0000001f7bd00000)]
  0x000001ebdbe13000 JavaThread "Cache worker for Build Output Cleanup Cache (C:\Users\The Saviour\AndroidStudioProjects\ParkMe\.gradle\buildOutputCleanup)" [_thread_blocked, id=8004, stack(0x0000001f7bd00000,0x0000001f7be00000)]
  0x000001ebdbe19800 JavaThread "Build operations" [_thread_blocked, id=7060, stack(0x0000001f7be00000,0x0000001f7bf00000)]
  0x000001ebdbe13800 JavaThread "Build operations Thread 2" [_thread_blocked, id=8036, stack(0x0000001f7bf00000,0x0000001f7c000000)]
  0x000001ebdbe1a000 JavaThread "build event listener" [_thread_blocked, id=10072, stack(0x0000001f7c000000,0x0000001f7c100000)]
  0x000001ebdbe1b000 JavaThread "Execution worker for ':'" [_thread_blocked, id=9488, stack(0x0000001f7c100000,0x0000001f7c200000)]
  0x000001ebd6afd000 JavaThread "Cache worker for execution history cache (C:\Users\The Saviour\AndroidStudioProjects\ParkMe\.gradle\7.0.2\executionHistory)" [_thread_blocked, id=4952, stack(0x0000001f7c200000,0x0000001f7c300000)]
  0x000001ebd6b03800 JavaThread "Cache worker for Java compile cache (C:\Users\The Saviour\AndroidStudioProjects\ParkMe\.gradle\7.0.2\javaCompile)" [_thread_blocked, id=6300, stack(0x0000001f7af00000,0x0000001f7b000000)]
  0x000001ebd6b00000 JavaThread "WorkerExecutor Queue" [_thread_blocked, id=9368, stack(0x0000001f7c300000,0x0000001f7c400000)]
  0x000001ebd6afe800 JavaThread "WorkerExecutor Queue Thread 2" [_thread_blocked, id=3592, stack(0x0000001f7c400000,0x0000001f7c500000)]

Other Threads:
=>0x000001ebd3e9c800 VMThread "VM Thread" [stack: 0x0000001f79a00000,0x0000001f79b00000] [id=8712]
  0x000001ebd49d6000 WatcherThread [stack: 0x0000001f7a400000,0x0000001f7a500000] [id=4676]
  0x000001ebba815000 GCTaskThread "GC Thread#0" [stack: 0x0000001f79500000,0x0000001f79600000] [id=892]
  0x000001ebd49dc800 GCTaskThread "GC Thread#1" [stack: 0x0000001f7a500000,0x0000001f7a600000] [id=8032]
  0x000001ebba845000 ConcurrentGCThread "G1 Main Marker" [stack: 0x0000001f79600000,0x0000001f79700000] [id=8048]
  0x000001ebba848000 ConcurrentGCThread "G1 Conc#0" [stack: 0x0000001f79700000,0x0000001f79800000] [id=7968]
  0x000001ebba899800 ConcurrentGCThread "G1 Refine#0" [stack: 0x0000001f79800000,0x0000001f79900000] [id=6908]
  0x000001ebba89a800 ConcurrentGCThread "G1 Young RemSet Sampling" [stack: 0x0000001f79900000,0x0000001f79a00000] [id=2796]

Threads with active compile tasks:
C2 CompilerThread03918556 21101       4       com.android.tools.r8.internal.X4::a (1165 bytes)

VM state:at safepoint (normal execution)

VM Mutex/Monitor currently owned by a thread:  ([mutex/lock_event])
[0x000001ebba7fa320] Threads_lock - owner thread: 0x000001ebd3e9c800
[0x000001ebba7fa8c0] Heap_lock - owner thread: 0x000001ebd6b00000

Heap address: 0x0000000080000000, size: 2048 MB, Compressed Oops mode: 32-bit
Narrow klass base: 0x0000000000000000, Narrow klass shift: 3
Compressed class space size: 1073741824 Address: 0x0000000100000000

Heap:
 garbage-first heap   total 407552K, used 112794K [0x0000000080000000, 0x0000000100000000)
  region size 1024K, 2 young (2048K), 2 survivors (2048K)
 Metaspace       used 121599K, capacity 124863K, committed 125136K, reserved 1157120K
  class space    used 15271K, capacity 16539K, committed 16640K, reserved 1048576K
Heap Regions: E=young(eden), S=young(survivor), O=old, HS=humongous(starts), HC=humongous(continues), CS=collection set, F=free, A=archive, TAMS=top-at-mark-start (previous, next)
|   0|0x0000000080000000, 0x0000000080100000, 0x0000000080100000|100%| O|  |TAMS 0x0000000080100000, 0x0000000080000000| Untracked 
|   1|0x0000000080100000, 0x0000000080200000, 0x0000000080200000|100%| O|  |TAMS 0x0000000080200000, 0x0000000080100000| Untracked 
|   2|0x0000000080200000, 0x0000000080300000, 0x0000000080300000|100%| O|  |TAMS 0x0000000080300000, 0x0000000080200000| Untracked 
|   3|0x0000000080300000, 0x0000000080400000, 0x0000000080400000|100%| O|  |TAMS 0x0000000080400000, 0x0000000080300000| Untracked 
|   4|0x0000000080400000, 0x0000000080500000, 0x0000000080500000|100%|HS|  |TAMS 0x0000000080500000, 0x0000000080400000| Complete 
|   5|0x0000000080500000, 0x0000000080600000, 0x0000000080600000|100%|HC|  |TAMS 0x0000000080600000, 0x0000000080500000| Complete 
|   6|0x0000000080600000, 0x0000000080700000, 0x0000000080700000|100%|HC|  |TAMS 0x0000000080700000, 0x0000000080600000| Complete 
|   7|0x0000000080700000, 0x0000000080800000, 0x0000000080800000|100%| O|  |TAMS 0x0000000080800000, 0x0000000080700000| Complete 
|   8|0x0000000080800000, 0x0000000080900000, 0x0000000080900000|100%| O|  |TAMS 0x0000000080900000, 0x0000000080800000| Untracked 
|   9|0x0000000080900000, 0x0000000080a00000, 0x0000000080a00000|100%| O|  |TAMS 0x0000000080a00000, 0x0000000080900000| Untracked 
|  10|0x0000000080a00000, 0x0000000080b00000, 0x0000000080b00000|100%| O|  |TAMS 0x0000000080b00000, 0x0000000080a00000| Untracked 
|  11|0x0000000080b00000, 0x0000000080c00000, 0x0000000080c00000|100%| O|  |TAMS 0x0000000080c00000, 0x0000000080b00000| Untracked 
|  12|0x0000000080c00000, 0x0000000080d00000, 0x0000000080d00000|100%| O|  |TAMS 0x0000000080d00000, 0x0000000080c00000| Untracked 
|  13|0x0000000080d00000, 0x0000000080e00000, 0x0000000080e00000|100%| O|  |TAMS 0x0000000080e00000, 0x0000000080d00000| Untracked 
|  14|0x0000000080e00000, 0x0000000080f00000, 0x0000000080f00000|100%| O|  |TAMS 0x0000000080f00000, 0x0000000080e00000| Complete 
|  15|0x0000000080f00000, 0x0000000081000000, 0x0000000081000000|100%| O|  |TAMS 0x0000000081000000, 0x0000000080f00000| Complete 
|  16|0x0000000081000000, 0x0000000081100000, 0x0000000081100000|100%| O|  |TAMS 0x0000000081100000, 0x0000000081000000| Complete 
|  17|0x0000000081100000, 0x0000000081200000, 0x0000000081200000|100%| O|  |TAMS 0x0000000081200000, 0x0000000081100000| Complete 
|  18|0x0000000081200000, 0x0000000081300000, 0x0000000081300000|100%| O|  |TAMS 0x0000000081300000, 0x0000000081200000| Complete 
|  19|0x0000000081300000, 0x0000000081400000, 0x0000000081400000|100%| O|  |TAMS 0x0000000081400000, 0x0000000081300000| Complete 
|  20|0x0000000081400000, 0x0000000081500000, 0x0000000081500000|100%| O|  |TAMS 0x0000000081500000, 0x0000000081400000| Complete 
|  21|0x0000000081500000, 0x0000000081600000, 0x0000000081600000|100%| O|  |TAMS 0x0000000081600000, 0x0000000081500000| Complete 
|  22|0x0000000081600000, 0x0000000081700000, 0x0000000081700000|100%| O|  |TAMS 0x0000000081700000, 0x0000000081600000| Complete 
|  23|0x0000000081700000, 0x0000000081800000, 0x0000000081800000|100%| O|  |TAMS 0x0000000081800000, 0x0000000081700000| Complete 
|  24|0x0000000081800000, 0x0000000081900000, 0x0000000081900000|100%| O|  |TAMS 0x0000000081900000, 0x0000000081800000| Untracked 
|  25|0x0000000081900000, 0x0000000081a00000, 0x0000000081a00000|100%| O|  |TAMS 0x0000000081a00000, 0x0000000081900000| Untracked 
|  26|0x0000000081a00000, 0x0000000081b00000, 0x0000000081b00000|100%| O|  |TAMS 0x0000000081b00000, 0x0000000081a00000| Complete 
|  27|0x0000000081b00000, 0x0000000081c00000, 0x0000000081c00000|100%|HS|  |TAMS 0x0000000081c00000, 0x0000000081b00000| Complete 
|  28|0x0000000081c00000, 0x0000000081d00000, 0x0000000081d00000|100%|HS|  |TAMS 0x0000000081d00000, 0x0000000081c00000| Complete 
|  29|0x0000000081d00000, 0x0000000081e00000, 0x0000000081e00000|100%| O|  |TAMS 0x0000000081e00000, 0x0000000081d00000| Untracked 
|  30|0x0000000081e00000, 0x0000000081f00000, 0x0000000081f00000|100%| O|  |TAMS 0x0000000081f00000, 0x0000000081e00000| Untracked 
|  31|0x0000000081f00000, 0x0000000082000000, 0x0000000082000000|100%| O|  |TAMS 0x0000000082000000, 0x0000000081f00000| Complete 
|  32|0x0000000082000000, 0x0000000082100000, 0x0000000082100000|100%| O|  |TAMS 0x0000000082100000, 0x0000000082000000| Complete 
|  33|0x0000000082100000, 0x0000000082200000, 0x0000000082200000|100%| O|  |TAMS 0x0000000082200000, 0x0000000082100000| Complete 
|  34|0x0000000082200000, 0x0000000082300000, 0x0000000082300000|100%| O|  |TAMS 0x0000000082300000, 0x0000000082200000| Complete 
|  35|0x0000000082300000, 0x0000000082400000, 0x0000000082400000|100%| O|  |TAMS 0x0000000082400000, 0x0000000082300000| Untracked 
|  36|0x0000000082400000, 0x0000000082500000, 0x0000000082500000|100%| O|  |TAMS 0x0000000082500000, 0x0000000082400000| Untracked 
|  37|0x0000000082500000, 0x0000000082600000, 0x0000000082600000|100%|HS|  |TAMS 0x0000000082600000, 0x0000000082500000| Complete 
|  38|0x0000000082600000, 0x0000000082700000, 0x0000000082700000|100%|HC|  |TAMS 0x0000000082700000, 0x0000000082600000| Complete 
|  39|0x0000000082700000, 0x0000000082800000, 0x0000000082800000|100%| O|  |TAMS 0x0000000082800000, 0x0000000082700000| Untracked 
|  40|0x0000000082800000, 0x0000000082900000, 0x0000000082900000|100%| O|  |TAMS 0x0000000082900000, 0x0000000082800000| Complete 
|  41|0x0000000082900000, 0x0000000082a00000, 0x0000000082a00000|100%| O|  |TAMS 0x0000000082a00000, 0x0000000082900000| Complete 
|  42|0x0000000082a00000, 0x0000000082b00000, 0x0000000082b00000|100%| O|  |TAMS 0x0000000082b00000, 0x0000000082a00000| Complete 
|  43|0x0000000082b00000, 0x0000000082c00000, 0x0000000082c00000|100%| O|  |TAMS 0x0000000082c00000, 0x0000000082b00000| Untracked 
|  44|0x0000000082c00000, 0x0000000082d00000, 0x0000000082d00000|100%| O|  |TAMS 0x0000000082d00000, 0x0000000082c00000| Complete 
|  45|0x0000000082d00000, 0x0000000082e00000, 0x0000000082e00000|100%| O|  |TAMS 0x0000000082e00000, 0x0000000082d00000| Complete 
|  46|0x0000000082e00000, 0x0000000082f00000, 0x0000000082f00000|100%| O|  |TAMS 0x0000000082f00000, 0x0000000082e00000| Complete 
|  47|0x0000000082f00000, 0x0000000083000000, 0x0000000083000000|100%| O|  |TAMS 0x0000000083000000, 0x0000000082f00000| Untracked 
|  48|0x0000000083000000, 0x0000000083100000, 0x0000000083100000|100%| O|  |TAMS 0x0000000083100000, 0x0000000083000000| Complete 
|  49|0x0000000083100000, 0x0000000083200000, 0x0000000083200000|100%| O|  |TAMS 0x0000000083200000, 0x0000000083100000| Complete 
|  50|0x0000000083200000, 0x0000000083300000, 0x0000000083300000|100%| O|  |TAMS 0x0000000083300000, 0x0000000083200000| Complete 
|  51|0x0000000083300000, 0x0000000083400000, 0x0000000083400000|100%| O|  |TAMS 0x0000000083400000, 0x0000000083300000| Complete 
|  52|0x0000000083400000, 0x0000000083500000, 0x0000000083500000|100%| O|  |TAMS 0x0000000083500000, 0x0000000083400000| Complete 
|  53|0x0000000083500000, 0x0000000083600000, 0x0000000083600000|100%| O|  |TAMS 0x0000000083600000, 0x0000000083500000| Complete 
|  54|0x0000000083600000, 0x0000000083700000, 0x0000000083700000|100%| O|  |TAMS 0x0000000083700000, 0x0000000083600000| Complete 
|  55|0x0000000083700000, 0x0000000083800000, 0x0000000083800000|100%| O|  |TAMS 0x0000000083765600, 0x0000000083700000| Untracked 
|  56|0x0000000083800000, 0x0000000083900000, 0x0000000083900000|100%| O|  |TAMS 0x0000000083900000, 0x0000000083800000| Complete 
|  57|0x0000000083900000, 0x0000000083a00000, 0x0000000083a00000|100%| O|  |TAMS 0x0000000083a00000, 0x0000000083900000| Complete 
|  58|0x0000000083a00000, 0x0000000083b00000, 0x0000000083b00000|100%| O|  |TAMS 0x0000000083b00000, 0x0000000083a00000| Complete 
|  59|0x0000000083b00000, 0x0000000083c00000, 0x0000000083c00000|100%| O|  |TAMS 0x0000000083c00000, 0x0000000083b00000| Untracked 
|  60|0x0000000083c00000, 0x0000000083d00000, 0x0000000083d00000|100%| O|  |TAMS 0x0000000083c00000, 0x0000000083c00000| Untracked 
|  61|0x0000000083d00000, 0x0000000083e00000, 0x0000000083e00000|100%|HS|  |TAMS 0x0000000083e00000, 0x0000000083d00000| Complete 
|  62|0x0000000083e00000, 0x0000000083f00000, 0x0000000083f00000|100%|HC|  |TAMS 0x0000000083f00000, 0x0000000083e00000| Complete 
|  63|0x0000000083f00000, 0x0000000084000000, 0x0000000084000000|100%| O|  |TAMS 0x0000000084000000, 0x0000000083f00000| Complete 
|  64|0x0000000084000000, 0x0000000084100000, 0x0000000084100000|100%| O|  |TAMS 0x0000000084100000, 0x0000000084000000| Complete 
|  65|0x0000000084100000, 0x0000000084200000, 0x0000000084200000|100%| O|  |TAMS 0x0000000084200000, 0x0000000084100000| Untracked 
|  66|0x0000000084200000, 0x0000000084300000, 0x0000000084300000|100%| O|  |TAMS 0x0000000084300000, 0x0000000084200000| Complete 
|  67|0x0000000084300000, 0x0000000084400000, 0x0000000084400000|100%| O|  |TAMS 0x0000000084400000, 0x0000000084300000| Complete 
|  68|0x0000000084400000, 0x0000000084500000, 0x0000000084500000|100%| O|  |TAMS 0x0000000084500000, 0x0000000084400000| Untracked 
|  69|0x0000000084500000, 0x0000000084600000, 0x0000000084600000|100%| O|  |TAMS 0x0000000084600000, 0x0000000084500000| Untracked 
|  70|0x0000000084600000, 0x0000000084700000, 0x0000000084700000|100%| O|  |TAMS 0x0000000084700000, 0x0000000084600000| Complete 
|  71|0x0000000084700000, 0x0000000084800000, 0x0000000084800000|100%| O|  |TAMS 0x0000000084800000, 0x0000000084700000| Complete 
|  72|0x0000000084800000, 0x0000000084900000, 0x0000000084900000|100%| O|  |TAMS 0x0000000084900000, 0x0000000084800000| Complete 
|  73|0x0000000084900000, 0x0000000084a00000, 0x0000000084a00000|100%| O|  |TAMS 0x0000000084a00000, 0x0000000084900000| Complete 
|  74|0x0000000084a00000, 0x0000000084b00000, 0x0000000084b00000|100%| O|  |TAMS 0x0000000084b00000, 0x0000000084a00000| Untracked 
|  75|0x0000000084b00000, 0x0000000084c00000, 0x0000000084c00000|100%| O|  |TAMS 0x0000000084c00000, 0x0000000084b00000| Untracked 
|  76|0x0000000084c00000, 0x0000000084d00000, 0x0000000084d00000|100%| O|  |TAMS 0x0000000084d00000, 0x0000000084c00000| Complete 
|  77|0x0000000084d00000, 0x0000000084d9ac00, 0x0000000084e00000| 60%| O|  |TAMS 0x0000000084d00000, 0x0000000084d00000| Untracked 
|  78|0x0000000084e00000, 0x0000000084f00000, 0x0000000084f00000|100%| O|  |TAMS 0x0000000084f00000, 0x0000000084e00000| Untracked 
|  79|0x0000000084f00000, 0x0000000085000000, 0x0000000085000000|100%| O|  |TAMS 0x0000000085000000, 0x0000000084f00000| Untracked 
|  80|0x0000000085000000, 0x0000000085000000, 0x0000000085100000|  0%| F|  |TAMS 0x0000000085000000, 0x0000000085000000| Untracked 
|  81|0x0000000085100000, 0x0000000085200000, 0x0000000085200000|100%| O|  |TAMS 0x0000000085200000, 0x0000000085100000| Untracked 
|  82|0x0000000085200000, 0x0000000085300000, 0x0000000085300000|100%| O|  |TAMS 0x0000000085300000, 0x0000000085200000| Untracked 
|  83|0x0000000085300000, 0x0000000085400000, 0x0000000085400000|100%| O|  |TAMS 0x0000000085400000, 0x0000000085300000| Untracked 
|  84|0x0000000085400000, 0x0000000085500000, 0x0000000085500000|100%| O|  |TAMS 0x0000000085500000, 0x0000000085400000| Complete 
|  85|0x0000000085500000, 0x0000000085600000, 0x0000000085600000|100%| O|  |TAMS 0x0000000085600000, 0x0000000085500000| Complete 
|  86|0x0000000085600000, 0x0000000085700000, 0x0000000085700000|100%|HS|  |TAMS 0x0000000085700000, 0x0000000085600000| Complete 
|  87|0x0000000085700000, 0x0000000085800000, 0x0000000085800000|100%|HC|  |TAMS 0x0000000085800000, 0x0000000085700000| Complete 
|  88|0x0000000085800000, 0x0000000085900000, 0x0000000085900000|100%| O|  |TAMS 0x0000000085900000, 0x0000000085800000| Untracked 
|  89|0x0000000085900000, 0x0000000085a00000, 0x0000000085a00000|100%| O|  |TAMS 0x0000000085a00000, 0x0000000085900000| Complete 
|  90|0x0000000085a00000, 0x0000000085b00000, 0x0000000085b00000|100%| O|  |TAMS 0x0000000085b00000, 0x0000000085a00000| Complete 
|  91|0x0000000085b00000, 0x0000000085b00000, 0x0000000085c00000|  0%| F|  |TAMS 0x0000000085b00000, 0x0000000085b00000| Untracked 
|  92|0x0000000085c00000, 0x0000000085d00000, 0x0000000085d00000|100%| O|  |TAMS 0x0000000085d00000, 0x0000000085c00000| Complete 
|  93|0x0000000085d00000, 0x0000000085e00000, 0x0000000085e00000|100%| O|  |TAMS 0x0000000085e00000, 0x0000000085d00000| Untracked 
|  94|0x0000000085e00000, 0x0000000085e00000, 0x0000000085f00000|  0%| F|  |TAMS 0x0000000085e00000, 0x0000000085e00000| Untracked 
|  95|0x0000000085f00000, 0x0000000086000000, 0x0000000086000000|100%| O|  |TAMS 0x0000000086000000, 0x0000000085f00000| Complete 
|  96|0x0000000086000000, 0x0000000086100000, 0x0000000086100000|100%| O|  |TAMS 0x0000000086100000, 0x0000000086000000| Complete 
|  97|0x0000000086100000, 0x0000000086200000, 0x0000000086200000|100%| O|  |TAMS 0x0000000086200000, 0x0000000086100000| Complete 
|  98|0x0000000086200000, 0x0000000086300000, 0x0000000086300000|100%| O|  |TAMS 0x0000000086300000, 0x0000000086200000| Complete 
|  99|0x0000000086300000, 0x0000000086400000, 0x0000000086400000|100%| O|  |TAMS 0x0000000086400000, 0x0000000086300000| Complete 
| 100|0x0000000086400000, 0x0000000086500000, 0x0000000086500000|100%| O|  |TAMS 0x0000000086500000, 0x0000000086400000| Complete 
| 101|0x0000000086500000, 0x0000000086600000, 0x0000000086600000|100%| O|  |TAMS 0x0000000086600000, 0x0000000086500000| Untracked 
| 102|0x0000000086600000, 0x0000000086700000, 0x0000000086700000|100%| O|  |TAMS 0x0000000086700000, 0x0000000086600000| Complete 
| 103|0x0000000086700000, 0x0000000086800000, 0x0000000086800000|100%| O|  |TAMS 0x0000000086800000, 0x0000000086700000| Complete 
| 104|0x0000000086800000, 0x0000000086900000, 0x0000000086900000|100%| O|  |TAMS 0x0000000086900000, 0x0000000086800000| Untracked 
| 105|0x0000000086900000, 0x0000000086a00000, 0x0000000086a00000|100%| O|  |TAMS 0x0000000086a00000, 0x0000000086900000| Untracked 
| 106|0x0000000086a00000, 0x0000000086b00000, 0x0000000086b00000|100%| O|  |TAMS 0x0000000086b00000, 0x0000000086a00000| Complete 
| 107|0x0000000086b00000, 0x0000000086c00000, 0x0000000086c00000|100%| O|  |TAMS 0x0000000086c00000, 0x0000000086b00000| Complete 
| 108|0x0000000086c00000, 0x0000000086d00000, 0x0000000086d00000|100%| O|  |TAMS 0x0000000086d00000, 0x0000000086c00000| Untracked 
| 109|0x0000000086d00000, 0x0000000086e00000, 0x0000000086e00000|100%| O|  |TAMS 0x0000000086e00000, 0x0000000086d00000| Untracked 
| 110|0x0000000086e00000, 0x0000000086f00000, 0x0000000086f00000|100%| O|  |TAMS 0x0000000086f00000, 0x0000000086e00000| Untracked 
| 111|0x0000000086f00000, 0x0000000087000000, 0x0000000087000000|100%| O|  |TAMS 0x0000000087000000, 0x0000000086f00000| Untracked 
| 112|0x0000000087000000, 0x0000000087000000, 0x0000000087100000|  0%| F|  |TAMS 0x0000000087000000, 0x0000000087000000| Untracked 
| 113|0x0000000087100000, 0x0000000087100000, 0x0000000087200000|  0%| F|  |TAMS 0x0000000087100000, 0x0000000087100000| Untracked 
| 114|0x0000000087200000, 0x0000000087200000, 0x0000000087300000|  0%| F|  |TAMS 0x0000000087200000, 0x0000000087200000| Untracked 
| 115|0x0000000087300000, 0x0000000087300000, 0x0000000087400000|  0%| F|  |TAMS 0x0000000087300000, 0x0000000087300000| Untracked 
| 116|0x0000000087400000, 0x0000000087400000, 0x0000000087500000|  0%| F|  |TAMS 0x0000000087400000, 0x0000000087400000| Untracked 
| 117|0x0000000087500000, 0x0000000087500000, 0x0000000087600000|  0%| F|  |TAMS 0x0000000087500000, 0x0000000087500000| Untracked 
| 118|0x0000000087600000, 0x0000000087600000, 0x0000000087700000|  0%| F|  |TAMS 0x0000000087600000, 0x0000000087600000| Untracked 
| 119|0x0000000087700000, 0x0000000087700000, 0x0000000087800000|  0%| F|  |TAMS 0x0000000087700000, 0x0000000087700000| Untracked 
| 120|0x0000000087800000, 0x0000000087800000, 0x0000000087900000|  0%| F|  |TAMS 0x0000000087800000, 0x0000000087800000| Untracked 
| 121|0x0000000087900000, 0x0000000087900000, 0x0000000087a00000|  0%| F|  |TAMS 0x0000000087900000, 0x0000000087900000| Untracked 
| 122|0x0000000087a00000, 0x0000000087a00000, 0x0000000087b00000|  0%| F|  |TAMS 0x0000000087a00000, 0x0000000087a00000| Untracked 
| 123|0x0000000087b00000, 0x0000000087b00000, 0x0000000087c00000|  0%| F|  |TAMS 0x0000000087b00000, 0x0000000087b00000| Untracked 
| 124|0x0000000087c00000, 0x0000000087c00000, 0x0000000087d00000|  0%| F|  |TAMS 0x0000000087c00000, 0x0000000087c00000| Untracked 
| 125|0x0000000087d00000, 0x0000000087d00000, 0x0000000087e00000|  0%| F|  |TAMS 0x0000000087d00000, 0x0000000087d00000| Untracked 
| 126|0x0000000087e00000, 0x0000000087e00000, 0x0000000087f00000|  0%| F|  |TAMS 0x0000000087e00000, 0x0000000087e00000| Untracked 
| 127|0x0000000087f00000, 0x0000000087f00000, 0x0000000088000000|  0%| F|  |TAMS 0x0000000087f00000, 0x0000000087f00000| Untracked 
| 128|0x0000000088000000, 0x0000000088000000, 0x0000000088100000|  0%| F|  |TAMS 0x0000000088000000, 0x0000000088000000| Untracked 
| 129|0x0000000088100000, 0x0000000088100000, 0x0000000088200000|  0%| F|  |TAMS 0x0000000088100000, 0x0000000088100000| Untracked 
| 130|0x0000000088200000, 0x0000000088200000, 0x0000000088300000|  0%| F|  |TAMS 0x0000000088200000, 0x0000000088200000| Untracked 
| 131|0x0000000088300000, 0x0000000088300000, 0x0000000088400000|  0%| F|  |TAMS 0x0000000088300000, 0x0000000088300000| Untracked 
| 132|0x0000000088400000, 0x0000000088400000, 0x0000000088500000|  0%| F|  |TAMS 0x0000000088400000, 0x0000000088400000| Untracked 
| 133|0x0000000088500000, 0x0000000088500000, 0x0000000088600000|  0%| F|  |TAMS 0x0000000088500000, 0x0000000088500000| Untracked 
| 134|0x0000000088600000, 0x0000000088600000, 0x0000000088700000|  0%| F|  |TAMS 0x0000000088600000, 0x0000000088600000| Untracked 
| 135|0x0000000088700000, 0x0000000088700000, 0x0000000088800000|  0%| F|  |TAMS 0x0000000088700000, 0x0000000088700000| Untracked 
| 136|0x0000000088800000, 0x0000000088800000, 0x0000000088900000|  0%| F|  |TAMS 0x0000000088800000, 0x0000000088800000| Untracked 
| 137|0x0000000088900000, 0x0000000088900000, 0x0000000088a00000|  0%| F|  |TAMS 0x0000000088900000, 0x0000000088900000| Untracked 
| 138|0x0000000088a00000, 0x0000000088a00000, 0x0000000088b00000|  0%| F|  |TAMS 0x0000000088a00000, 0x0000000088a00000| Untracked 
| 139|0x0000000088b00000, 0x0000000088b00000, 0x0000000088c00000|  0%| F|  |TAMS 0x0000000088b00000, 0x0000000088b00000| Untracked 
| 140|0x0000000088c00000, 0x0000000088c00000, 0x0000000088d00000|  0%| F|  |TAMS 0x0000000088c00000, 0x0000000088c00000| Untracked 
| 141|0x0000000088d00000, 0x0000000088d00000, 0x0000000088e00000|  0%| F|  |TAMS 0x0000000088d00000, 0x0000000088d00000| Untracked 
| 142|0x0000000088e00000, 0x0000000088e00000, 0x0000000088f00000|  0%| F|  |TAMS 0x0000000088e00000, 0x0000000088e00000| Untracked 
| 143|0x0000000088f00000, 0x0000000088f00000, 0x0000000089000000|  0%| F|  |TAMS 0x0000000088f00000, 0x0000000088f00000| Untracked 
| 144|0x0000000089000000, 0x0000000089000000, 0x0000000089100000|  0%| F|  |TAMS 0x0000000089000000, 0x0000000089000000| Untracked 
| 145|0x0000000089100000, 0x0000000089100000, 0x0000000089200000|  0%| F|  |TAMS 0x0000000089100000, 0x0000000089100000| Untracked 
| 146|0x0000000089200000, 0x0000000089200000, 0x0000000089300000|  0%| F|  |TAMS 0x0000000089200000, 0x0000000089200000| Untracked 
| 147|0x0000000089300000, 0x0000000089300000, 0x0000000089400000|  0%| F|  |TAMS 0x0000000089300000, 0x0000000089300000| Untracked 
| 148|0x0000000089400000, 0x0000000089400000, 0x0000000089500000|  0%| F|  |TAMS 0x0000000089400000, 0x0000000089400000| Untracked 
| 149|0x0000000089500000, 0x0000000089500000, 0x0000000089600000|  0%| F|  |TAMS 0x0000000089500000, 0x0000000089500000| Untracked 
| 150|0x0000000089600000, 0x0000000089600000, 0x0000000089700000|  0%| F|  |TAMS 0x0000000089600000, 0x0000000089600000| Untracked 
| 151|0x0000000089700000, 0x0000000089700000, 0x0000000089800000|  0%| F|  |TAMS 0x0000000089700000, 0x0000000089700000| Untracked 
| 152|0x0000000089800000, 0x0000000089800000, 0x0000000089900000|  0%| F|  |TAMS 0x0000000089800000, 0x0000000089800000| Untracked 
| 153|0x0000000089900000, 0x0000000089900000, 0x0000000089a00000|  0%| F|  |TAMS 0x0000000089900000, 0x0000000089900000| Untracked 
| 154|0x0000000089a00000, 0x0000000089a00000, 0x0000000089b00000|  0%| F|  |TAMS 0x0000000089a00000, 0x0000000089a00000| Untracked 
| 155|0x0000000089b00000, 0x0000000089b00000, 0x0000000089c00000|  0%| F|  |TAMS 0x0000000089b00000, 0x0000000089b00000| Untracked 
| 156|0x0000000089c00000, 0x0000000089c00000, 0x0000000089d00000|  0%| F|  |TAMS 0x0000000089c00000, 0x0000000089c00000| Untracked 
| 157|0x0000000089d00000, 0x0000000089d00000, 0x0000000089e00000|  0%| F|  |TAMS 0x0000000089d00000, 0x0000000089d00000| Untracked 
| 158|0x0000000089e00000, 0x0000000089e00000, 0x0000000089f00000|  0%| F|  |TAMS 0x0000000089e00000, 0x0000000089e00000| Untracked 
| 159|0x0000000089f00000, 0x0000000089f00000, 0x000000008a000000|  0%| F|  |TAMS 0x0000000089f00000, 0x0000000089f00000| Untracked 
| 160|0x000000008a000000, 0x000000008a000000, 0x000000008a100000|  0%| F|  |TAMS 0x000000008a000000, 0x000000008a000000| Untracked 
| 161|0x000000008a100000, 0x000000008a100000, 0x000000008a200000|  0%| F|  |TAMS 0x000000008a100000, 0x000000008a100000| Untracked 
| 162|0x000000008a200000, 0x000000008a200000, 0x000000008a300000|  0%| F|  |TAMS 0x000000008a200000, 0x000000008a200000| Untracked 
| 163|0x000000008a300000, 0x000000008a300000, 0x000000008a400000|  0%| F|  |TAMS 0x000000008a300000, 0x000000008a300000| Untracked 
| 164|0x000000008a400000, 0x000000008a400000, 0x000000008a500000|  0%| F|  |TAMS 0x000000008a400000, 0x000000008a400000| Untracked 
| 165|0x000000008a500000, 0x000000008a500000, 0x000000008a600000|  0%| F|  |TAMS 0x000000008a500000, 0x000000008a500000| Untracked 
| 166|0x000000008a600000, 0x000000008a600000, 0x000000008a700000|  0%| F|  |TAMS 0x000000008a600000, 0x000000008a600000| Untracked 
| 167|0x000000008a700000, 0x000000008a700000, 0x000000008a800000|  0%| F|  |TAMS 0x000000008a700000, 0x000000008a700000| Untracked 
| 168|0x000000008a800000, 0x000000008a800000, 0x000000008a900000|  0%| F|  |TAMS 0x000000008a800000, 0x000000008a800000| Untracked 
| 169|0x000000008a900000, 0x000000008a900000, 0x000000008aa00000|  0%| F|  |TAMS 0x000000008a900000, 0x000000008a900000| Untracked 
| 170|0x000000008aa00000, 0x000000008aa00000, 0x000000008ab00000|  0%| F|  |TAMS 0x000000008aa00000, 0x000000008aa00000| Untracked 
| 171|0x000000008ab00000, 0x000000008ab00000, 0x000000008ac00000|  0%| F|  |TAMS 0x000000008ab00000, 0x000000008ab00000| Untracked 
| 172|0x000000008ac00000, 0x000000008ac00000, 0x000000008ad00000|  0%| F|  |TAMS 0x000000008ac00000, 0x000000008ac00000| Untracked 
| 173|0x000000008ad00000, 0x000000008ad00000, 0x000000008ae00000|  0%| F|  |TAMS 0x000000008ad00000, 0x000000008ad00000| Untracked 
| 174|0x000000008ae00000, 0x000000008ae00000, 0x000000008af00000|  0%| F|  |TAMS 0x000000008ae00000, 0x000000008ae00000| Untracked 
| 175|0x000000008af00000, 0x000000008af00000, 0x000000008b000000|  0%| F|  |TAMS 0x000000008af00000, 0x000000008af00000| Untracked 
| 176|0x000000008b000000, 0x000000008b000000, 0x000000008b100000|  0%| F|  |TAMS 0x000000008b000000, 0x000000008b000000| Untracked 
| 177|0x000000008b100000, 0x000000008b100000, 0x000000008b200000|  0%| F|  |TAMS 0x000000008b100000, 0x000000008b100000| Untracked 
| 178|0x000000008b200000, 0x000000008b200000, 0x000000008b300000|  0%| F|  |TAMS 0x000000008b200000, 0x000000008b200000| Untracked 
| 179|0x000000008b300000, 0x000000008b300000, 0x000000008b400000|  0%| F|  |TAMS 0x000000008b300000, 0x000000008b300000| Untracked 
| 180|0x000000008b400000, 0x000000008b400000, 0x000000008b500000|  0%| F|  |TAMS 0x000000008b400000, 0x000000008b400000| Untracked 
| 181|0x000000008b500000, 0x000000008b500000, 0x000000008b600000|  0%| F|  |TAMS 0x000000008b500000, 0x000000008b500000| Untracked 
| 182|0x000000008b600000, 0x000000008b600000, 0x000000008b700000|  0%| F|  |TAMS 0x000000008b600000, 0x000000008b600000| Untracked 
| 183|0x000000008b700000, 0x000000008b700000, 0x000000008b800000|  0%| F|  |TAMS 0x000000008b700000, 0x000000008b700000| Untracked 
| 184|0x000000008b800000, 0x000000008b800000, 0x000000008b900000|  0%| F|  |TAMS 0x000000008b800000, 0x000000008b800000| Untracked 
| 185|0x000000008b900000, 0x000000008b900000, 0x000000008ba00000|  0%| F|  |TAMS 0x000000008b900000, 0x000000008b900000| Untracked 
| 186|0x000000008ba00000, 0x000000008ba00000, 0x000000008bb00000|  0%| F|  |TAMS 0x000000008ba00000, 0x000000008ba00000| Untracked 
| 187|0x000000008bb00000, 0x000000008bb00000, 0x000000008bc00000|  0%| F|  |TAMS 0x000000008bb00000, 0x000000008bb00000| Untracked 
| 188|0x000000008bc00000, 0x000000008bc00000, 0x000000008bd00000|  0%| F|  |TAMS 0x000000008bc00000, 0x000000008bc00000| Untracked 
| 189|0x000000008bd00000, 0x000000008bd00000, 0x000000008be00000|  0%| F|  |TAMS 0x000000008bd00000, 0x000000008bd00000| Untracked 
| 190|0x000000008be00000, 0x000000008be00000, 0x000000008bf00000|  0%| F|  |TAMS 0x000000008be00000, 0x000000008be00000| Untracked 
| 191|0x000000008bf00000, 0x000000008bf00000, 0x000000008c000000|  0%| F|  |TAMS 0x000000008bf00000, 0x000000008bf00000| Untracked 
| 192|0x000000008c000000, 0x000000008c000000, 0x000000008c100000|  0%| F|  |TAMS 0x000000008c000000, 0x000000008c000000| Untracked 
| 193|0x000000008c100000, 0x000000008c100000, 0x000000008c200000|  0%| F|  |TAMS 0x000000008c100000, 0x000000008c100000| Untracked 
| 194|0x000000008c200000, 0x000000008c200000, 0x000000008c300000|  0%| F|  |TAMS 0x000000008c200000, 0x000000008c200000| Untracked 
| 195|0x000000008c300000, 0x000000008c300000, 0x000000008c400000|  0%| F|  |TAMS 0x000000008c300000, 0x000000008c300000| Untracked 
| 196|0x000000008c400000, 0x000000008c400000, 0x000000008c500000|  0%| F|  |TAMS 0x000000008c400000, 0x000000008c400000| Untracked 
| 197|0x000000008c500000, 0x000000008c500000, 0x000000008c600000|  0%| F|  |TAMS 0x000000008c500000, 0x000000008c500000| Untracked 
| 198|0x000000008c600000, 0x000000008c600000, 0x000000008c700000|  0%| F|  |TAMS 0x000000008c600000, 0x000000008c600000| Untracked 
| 199|0x000000008c700000, 0x000000008c700000, 0x000000008c800000|  0%| F|  |TAMS 0x000000008c700000, 0x000000008c700000| Untracked 
| 200|0x000000008c800000, 0x000000008c800000, 0x000000008c900000|  0%| F|  |TAMS 0x000000008c800000, 0x000000008c800000| Untracked 
| 201|0x000000008c900000, 0x000000008c900000, 0x000000008ca00000|  0%| F|  |TAMS 0x000000008c900000, 0x000000008c900000| Untracked 
| 202|0x000000008ca00000, 0x000000008ca00000, 0x000000008cb00000|  0%| F|  |TAMS 0x000000008ca00000, 0x000000008ca00000| Untracked 
| 203|0x000000008cb00000, 0x000000008cb00000, 0x000000008cc00000|  0%| F|  |TAMS 0x000000008cb00000, 0x000000008cb00000| Untracked 
| 204|0x000000008cc00000, 0x000000008cc00000, 0x000000008cd00000|  0%| F|  |TAMS 0x000000008cc00000, 0x000000008cc00000| Untracked 
| 205|0x000000008cd00000, 0x000000008cd00000, 0x000000008ce00000|  0%| F|  |TAMS 0x000000008cd00000, 0x000000008cd00000| Untracked 
| 206|0x000000008ce00000, 0x000000008ce00000, 0x000000008cf00000|  0%| F|  |TAMS 0x000000008ce00000, 0x000000008ce00000| Untracked 
| 207|0x000000008cf00000, 0x000000008cf00000, 0x000000008d000000|  0%| F|  |TAMS 0x000000008cf00000, 0x000000008cf00000| Untracked 
| 208|0x000000008d000000, 0x000000008d000000, 0x000000008d100000|  0%| F|  |TAMS 0x000000008d000000, 0x000000008d000000| Untracked 
| 209|0x000000008d100000, 0x000000008d100000, 0x000000008d200000|  0%| F|  |TAMS 0x000000008d100000, 0x000000008d100000| Untracked 
| 210|0x000000008d200000, 0x000000008d200000, 0x000000008d300000|  0%| F|  |TAMS 0x000000008d200000, 0x000000008d200000| Untracked 
| 211|0x000000008d300000, 0x000000008d300000, 0x000000008d400000|  0%| F|  |TAMS 0x000000008d300000, 0x000000008d300000| Untracked 
| 212|0x000000008d400000, 0x000000008d400000, 0x000000008d500000|  0%| F|  |TAMS 0x000000008d400000, 0x000000008d400000| Untracked 
| 213|0x000000008d500000, 0x000000008d500000, 0x000000008d600000|  0%| F|  |TAMS 0x000000008d500000, 0x000000008d500000| Untracked 
| 214|0x000000008d600000, 0x000000008d600000, 0x000000008d700000|  0%| F|  |TAMS 0x000000008d600000, 0x000000008d600000| Untracked 
| 215|0x000000008d700000, 0x000000008d700000, 0x000000008d800000|  0%| F|  |TAMS 0x000000008d700000, 0x000000008d700000| Untracked 
| 216|0x000000008d800000, 0x000000008d800000, 0x000000008d900000|  0%| F|  |TAMS 0x000000008d800000, 0x000000008d800000| Untracked 
| 217|0x000000008d900000, 0x000000008d900000, 0x000000008da00000|  0%| F|  |TAMS 0x000000008d900000, 0x000000008d900000| Untracked 
| 218|0x000000008da00000, 0x000000008da00000, 0x000000008db00000|  0%| F|  |TAMS 0x000000008da00000, 0x000000008da00000| Untracked 
| 219|0x000000008db00000, 0x000000008db00000, 0x000000008dc00000|  0%| F|  |TAMS 0x000000008db00000, 0x000000008db00000| Untracked 
| 220|0x000000008dc00000, 0x000000008dc00000, 0x000000008dd00000|  0%| F|  |TAMS 0x000000008dc00000, 0x000000008dc00000| Untracked 
| 221|0x000000008dd00000, 0x000000008dd00000, 0x000000008de00000|  0%| F|  |TAMS 0x000000008dd00000, 0x000000008dd00000| Untracked 
| 222|0x000000008de00000, 0x000000008de00000, 0x000000008df00000|  0%| F|  |TAMS 0x000000008de00000, 0x000000008de00000| Untracked 
| 223|0x000000008df00000, 0x000000008df00000, 0x000000008e000000|  0%| F|  |TAMS 0x000000008df00000, 0x000000008df00000| Untracked 
| 224|0x000000008e000000, 0x000000008e000000, 0x000000008e100000|  0%| F|  |TAMS 0x000000008e000000, 0x000000008e000000| Untracked 
| 225|0x000000008e100000, 0x000000008e100000, 0x000000008e200000|  0%| F|  |TAMS 0x000000008e100000, 0x000000008e100000| Untracked 
| 226|0x000000008e200000, 0x000000008e200000, 0x000000008e300000|  0%| F|  |TAMS 0x000000008e200000, 0x000000008e200000| Untracked 
| 227|0x000000008e300000, 0x000000008e300000, 0x000000008e400000|  0%| F|  |TAMS 0x000000008e300000, 0x000000008e300000| Untracked 
| 228|0x000000008e400000, 0x000000008e400000, 0x000000008e500000|  0%| F|  |TAMS 0x000000008e400000, 0x000000008e400000| Untracked 
| 229|0x000000008e500000, 0x000000008e500000, 0x000000008e600000|  0%| F|  |TAMS 0x000000008e500000, 0x000000008e500000| Untracked 
| 230|0x000000008e600000, 0x000000008e600000, 0x000000008e700000|  0%| F|  |TAMS 0x000000008e600000, 0x000000008e600000| Untracked 
| 231|0x000000008e700000, 0x000000008e78bfe8, 0x000000008e800000| 54%| S|CS|TAMS 0x000000008e700000, 0x000000008e700000| Complete 
| 232|0x000000008e800000, 0x000000008e900000, 0x000000008e900000|100%| S|CS|TAMS 0x000000008e800000, 0x000000008e800000| Complete 
| 233|0x000000008e900000, 0x000000008e900000, 0x000000008ea00000|  0%| F|  |TAMS 0x000000008e900000, 0x000000008e900000| Untracked 
| 234|0x000000008ea00000, 0x000000008ea00000, 0x000000008eb00000|  0%| F|  |TAMS 0x000000008ea00000, 0x000000008ea00000| Untracked 
| 235|0x000000008eb00000, 0x000000008eb00000, 0x000000008ec00000|  0%| F|  |TAMS 0x000000008eb00000, 0x000000008eb00000| Untracked 
| 236|0x000000008ec00000, 0x000000008ec00000, 0x000000008ed00000|  0%| F|  |TAMS 0x000000008ec00000, 0x000000008ec00000| Untracked 
| 237|0x000000008ed00000, 0x000000008ed00000, 0x000000008ee00000|  0%| F|  |TAMS 0x000000008ed00000, 0x000000008ed00000| Untracked 
| 238|0x000000008ee00000, 0x000000008ee00000, 0x000000008ef00000|  0%| F|  |TAMS 0x000000008ee00000, 0x000000008ee00000| Untracked 
| 239|0x000000008ef00000, 0x000000008ef00000, 0x000000008f000000|  0%| F|  |TAMS 0x000000008ef00000, 0x000000008ef00000| Untracked 
| 240|0x000000008f000000, 0x000000008f000000, 0x000000008f100000|  0%| F|  |TAMS 0x000000008f000000, 0x000000008f000000| Untracked 
| 241|0x000000008f100000, 0x000000008f100000, 0x000000008f200000|  0%| F|  |TAMS 0x000000008f100000, 0x000000008f100000| Untracked 
| 242|0x000000008f200000, 0x000000008f200000, 0x000000008f300000|  0%| F|  |TAMS 0x000000008f200000, 0x000000008f200000| Untracked 
| 243|0x000000008f300000, 0x000000008f300000, 0x000000008f400000|  0%| F|  |TAMS 0x000000008f300000, 0x000000008f300000| Untracked 
| 244|0x000000008f400000, 0x000000008f400000, 0x000000008f500000|  0%| F|  |TAMS 0x000000008f400000, 0x000000008f400000| Untracked 

Card table byte_map: [0x000001ebcd300000,0x000001ebcd700000] _byte_map_base: 0x000001ebccf00000

Marking Bits (Prev, Next): (CMBitMap*) 0x000001ebba83c0c0, (CMBitMap*) 0x000001ebba83c088
 Prev Bits: [0x000001ebcfb00000, 0x000001ebd1b00000)
 Next Bits: [0x000001ebcdb00000, 0x000001ebcfb00000)

Polling page: 0x000001ebb85a0000

Metaspace:

Usage:
  Non-class:    105.79 MB capacity,   103.84 MB ( 98%) used,     1.56 MB (  1%) free+waste,   397.31 KB ( <1%) overhead. 
      Class:     16.15 MB capacity,    14.91 MB ( 92%) used,     1.07 MB (  7%) free+waste,   174.38 KB (  1%) overhead. 
       Both:    121.94 MB capacity,   118.75 MB ( 97%) used,     2.63 MB (  2%) free+waste,   571.69 KB ( <1%) overhead. 

Virtual space:
  Non-class space:      106.00 MB reserved,     105.95 MB (>99%) committed 
      Class space:        1.00 GB reserved,      16.25 MB (  2%) committed 
             Both:        1.10 GB reserved,     122.20 MB ( 11%) committed 

Chunk freelists:
   Non-Class:  172.00 KB
       Class:  101.00 KB
        Both:  273.00 KB

MaxMetaspaceSize: 17179869184.00 GB
CompressedClassSpaceSize: 1.00 GB
Initial GC threshold: 20.80 MB
Current GC threshold: 203.26 MB
CDS: off

CodeHeap 'non-profiled nmethods': size=120064Kb used=14410Kb max_used=14410Kb free=105653Kb
 bounds [0x000001ebc5dc0000, 0x000001ebc6be0000, 0x000001ebcd300000]
CodeHeap 'profiled nmethods': size=120000Kb used=45078Kb max_used=45078Kb free=74921Kb
 bounds [0x000001ebbe890000, 0x000001ebc14b0000, 0x000001ebc5dc0000]
CodeHeap 'non-nmethods': size=5696Kb used=2449Kb max_used=2503Kb free=3246Kb
 bounds [0x000001ebbe300000, 0x000001ebbe580000, 0x000001ebbe890000]
 total_blobs=20378 nmethods=19402 adapters=887
 compilation: enabled
              stopped_count=0, restarted_count=0
 full_count=0

Compilation events (20 events):
Event: 3917.009 Thread 0x000001ebd4828800 21097       4       com.android.tools.r8.internal.w8::I0 (2 bytes)
Event: 3917.009 Thread 0x000001ebd4828800 nmethod 21097 0x000001ebc6bd2590 code [0x000001ebc6bd2720, 0x000001ebc6bd2778]
Event: 3917.010 Thread 0x000001ebd482a000 nmethod 21096 0x000001ebbf5f6290 code [0x000001ebbf5f66e0, 0x000001ebbf5f8a78]
Event: 3917.011 Thread 0x000001ebd482a000 21098       3       com.android.tools.r8.internal.Ne::c (1174 bytes)
Event: 3917.012 Thread 0x000001ebd4828800 21101       4       com.android.tools.r8.internal.X4::a (1165 bytes)
Event: 3917.021 Thread 0x000001ebd482a000 nmethod 21098 0x000001ebc1488c10 code [0x000001ebc1489700, 0x000001ebc14919a8]
Event: 3917.021 Thread 0x000001ebd482a000 21099       3       java.util.PriorityQueue::removeAt (83 bytes)
Event: 3917.022 Thread 0x000001ebd482a000 nmethod 21099 0x000001ebbf2b4810 code [0x000001ebbf2b4a20, 0x000001ebbf2b5108]
Event: 3917.022 Thread 0x000001ebd482a000 21100       3       com.android.tools.r8.internal.Ht::<init> (10 bytes)
Event: 3917.022 Thread 0x000001ebd482a000 nmethod 21100 0x000001ebbf592110 code [0x000001ebbf5922c0, 0x000001ebbf592418]
Event: 3917.023 Thread 0x000001ebd482a000 21102       3       com.android.tools.r8.internal.Nv::Y (8 bytes)
Event: 3917.023 Thread 0x000001ebd482a000 nmethod 21102 0x000001ebbf49f190 code [0x000001ebbf49f340, 0x000001ebbf49f498]
Event: 3917.025 Thread 0x000001ebd482a000 21103       3       com.android.tools.r8.internal.b5::<init> (23 bytes)
Event: 3917.026 Thread 0x000001ebd482a000 nmethod 21103 0x000001ebbf5f5710 code [0x000001ebbf5f5920, 0x000001ebbf5f6048]
Event: 3917.027 Thread 0x000001ebd482a000 21105       3       com.android.tools.r8.internal.F7::r (464 bytes)
Event: 3917.037 Thread 0x000001ebd482a000 nmethod 21105 0x000001ebc1494110 code [0x000001ebc14948e0, 0x000001ebc149a938]
Event: 3917.037 Thread 0x000001ebd482a000 21106       1       com.android.tools.r8.AssertionsConfiguration::getTransformation (5 bytes)
Event: 3917.037 Thread 0x000001ebd482a000 nmethod 21106 0x000001ebc6bd2890 code [0x000001ebc6bd2a40, 0x000001ebc6bd2af8]
Event: 3917.046 Thread 0x000001ebd482a000 21107       3       com.android.tools.r8.internal.F7::t (281 bytes)
Event: 3917.051 Thread 0x000001ebd482a000 nmethod 21107 0x000001ebc149c490 code [0x000001ebc149ca40, 0x000001ebc14a05f8]

GC Heap History (20 events):
Event: 3807.045 GC heap after
{Heap after GC invocations=195 (full 0):
 garbage-first heap   total 250880K, used 107520K [0x0000000080000000, 0x0000000100000000)
  region size 1024K, 2 young (2048K), 2 survivors (2048K)
 Metaspace       used 120998K, capacity 124333K, committed 124624K, reserved 1157120K
  class space    used 15271K, capacity 16539K, committed 16640K, reserved 1048576K
}
Event: 3861.251 GC heap before
{Heap before GC invocations=195 (full 0):
 garbage-first heap   total 250880K, used 117760K [0x0000000080000000, 0x0000000100000000)
  region size 1024K, 12 young (12288K), 2 survivors (2048K)
 Metaspace       used 121010K, capacity 124333K, committed 124624K, reserved 1157120K
  class space    used 15271K, capacity 16539K, committed 16640K, reserved 1048576K
}
Event: 3862.411 GC heap after
{Heap after GC invocations=196 (full 0):
 garbage-first heap   total 250880K, used 104339K [0x0000000080000000, 0x0000000100000000)
  region size 1024K, 2 young (2048K), 2 survivors (2048K)
 Metaspace       used 121010K, capacity 124333K, committed 124624K, reserved 1157120K
  class space    used 15271K, capacity 16539K, committed 16640K, reserved 1048576K
}
Event: 3871.949 GC heap before
{Heap before GC invocations=196 (full 0):
 garbage-first heap   total 250880K, used 114579K [0x0000000080000000, 0x0000000100000000)
  region size 1024K, 12 young (12288K), 2 survivors (2048K)
 Metaspace       used 121020K, capacity 124333K, committed 124624K, reserved 1157120K
  class space    used 15271K, capacity 16539K, committed 16640K, reserved 1048576K
}
Event: 3872.447 GC heap after
{Heap after GC invocations=197 (full 0):
 garbage-first heap   total 250880K, used 105472K [0x0000000080000000, 0x0000000100000000)
  region size 1024K, 2 young (2048K), 2 survivors (2048K)
 Metaspace       used 121020K, capacity 124333K, committed 124624K, reserved 1157120K
  class space    used 15271K, capacity 16539K, committed 16640K, reserved 1048576K
}
Event: 3876.148 GC heap before
{Heap before GC invocations=197 (full 0):
 garbage-first heap   total 250880K, used 115712K [0x0000000080000000, 0x0000000100000000)
  region size 1024K, 12 young (12288K), 2 survivors (2048K)
 Metaspace       used 121038K, capacity 124336K, committed 124624K, reserved 1157120K
  class space    used 15271K, capacity 16539K, committed 16640K, reserved 1048576K
}
Event: 3876.207 GC heap after
{Heap after GC invocations=198 (full 0):
 garbage-first heap   total 250880K, used 108027K [0x0000000080000000, 0x0000000100000000)
  region size 1024K, 2 young (2048K), 2 survivors (2048K)
 Metaspace       used 121038K, capacity 124336K, committed 124624K, reserved 1157120K
  class space    used 15271K, capacity 16539K, committed 16640K, reserved 1048576K
}
Event: 3880.036 GC heap before
{Heap before GC invocations=199 (full 0):
 garbage-first heap   total 250880K, used 118267K [0x0000000080000000, 0x0000000100000000)
  region size 1024K, 12 young (12288K), 2 survivors (2048K)
 Metaspace       used 121112K, capacity 124401K, committed 124880K, reserved 1157120K
  class space    used 15271K, capacity 16539K, committed 16640K, reserved 1048576K
}
Event: 3880.178 GC heap after
{Heap after GC invocations=200 (full 0):
 garbage-first heap   total 250880K, used 109806K [0x0000000080000000, 0x0000000100000000)
  region size 1024K, 2 young (2048K), 2 survivors (2048K)
 Metaspace       used 121112K, capacity 124401K, committed 124880K, reserved 1157120K
  class space    used 15271K, capacity 16539K, committed 16640K, reserved 1048576K
}
Event: 3883.631 GC heap before
{Heap before GC invocations=200 (full 0):
 garbage-first heap   total 250880K, used 119022K [0x0000000080000000, 0x0000000100000000)
  region size 1024K, 12 young (12288K), 2 survivors (2048K)
 Metaspace       used 121148K, capacity 124467K, committed 124880K, reserved 1157120K
  class space    used 15271K, capacity 16539K, committed 16640K, reserved 1048576K
}
Event: 3884.641 GC heap after
{Heap after GC invocations=201 (full 0):
 garbage-first heap   total 250880K, used 109390K [0x0000000080000000, 0x0000000100000000)
  region size 1024K, 1 young (1024K), 1 survivors (1024K)
 Metaspace       used 121148K, capacity 124467K, committed 124880K, reserved 1157120K
  class space    used 15271K, capacity 16539K, committed 16640K, reserved 1048576K
}
Event: 3885.199 GC heap before
{Heap before GC invocations=201 (full 0):
 garbage-first heap   total 250880K, used 120654K [0x0000000080000000, 0x0000000100000000)
  region size 1024K, 12 young (12288K), 1 survivors (1024K)
 Metaspace       used 121151K, capacity 124467K, committed 124880K, reserved 1157120K
  class space    used 15271K, capacity 16539K, committed 16640K, reserved 1048576K
}
Event: 3885.215 GC heap after
{Heap after GC invocations=202 (full 0):
 garbage-first heap   total 250880K, used 109895K [0x0000000080000000, 0x0000000100000000)
  region size 1024K, 2 young (2048K), 2 survivors (2048K)
 Metaspace       used 121151K, capacity 124467K, committed 124880K, reserved 1157120K
  class space    used 15271K, capacity 16539K, committed 16640K, reserved 1048576K
}
Event: 3885.956 GC heap before
{Heap before GC invocations=203 (full 0):
 garbage-first heap   total 250880K, used 118087K [0x0000000080000000, 0x0000000100000000)
  region size 1024K, 12 young (12288K), 2 survivors (2048K)
 Metaspace       used 121152K, capacity 124467K, committed 124880K, reserved 1157120K
  class space    used 15271K, capacity 16539K, committed 16640K, reserved 1048576K
}
Event: 3886.682 GC heap after
{Heap after GC invocations=204 (full 0):
 garbage-first heap   total 250880K, used 108040K [0x0000000080000000, 0x0000000100000000)
  region size 1024K, 1 young (1024K), 1 survivors (1024K)
 Metaspace       used 121152K, capacity 124467K, committed 124880K, reserved 1157120K
  class space    used 15271K, capacity 16539K, committed 16640K, reserved 1048576K
}
Event: 3900.405 GC heap before
{Heap before GC invocations=204 (full 0):
 garbage-first heap   total 250880K, used 121352K [0x0000000080000000, 0x0000000100000000)
  region size 1024K, 12 young (12288K), 1 survivors (1024K)
 Metaspace       used 121163K, capacity 124471K, committed 124880K, reserved 1157120K
  class space    used 15271K, capacity 16539K, committed 16640K, reserved 1048576K
}
Event: 3901.366 GC heap after
{Heap after GC invocations=205 (full 0):
 garbage-first heap   total 250880K, used 108504K [0x0000000080000000, 0x0000000100000000)
  region size 1024K, 2 young (2048K), 2 survivors (2048K)
 Metaspace       used 121163K, capacity 124471K, committed 124880K, reserved 1157120K
  class space    used 15271K, capacity 16539K, committed 16640K, reserved 1048576K
}
Event: 3912.705 GC heap before
{Heap before GC invocations=205 (full 0):
 garbage-first heap   total 250880K, used 118744K [0x0000000080000000, 0x0000000100000000)
  region size 1024K, 12 young (12288K), 2 survivors (2048K)
 Metaspace       used 121190K, capacity 124473K, committed 124880K, reserved 1157120K
  class space    used 15271K, capacity 16539K, committed 16640K, reserved 1048576K
}
Event: 3913.063 GC heap after
{Heap after GC invocations=206 (full 0):
 garbage-first heap   total 250880K, used 112021K [0x0000000080000000, 0x0000000100000000)
  region size 1024K, 2 young (2048K), 2 survivors (2048K)
 Metaspace       used 121190K, capacity 124473K, committed 124880K, reserved 1157120K
  class space    used 15271K, capacity 16539K, committed 16640K, reserved 1048576K
}
Event: 3917.055 GC heap before
{Heap before GC invocations=207 (full 0):
 garbage-first heap   total 250880K, used 120213K [0x0000000080000000, 0x0000000100000000)
  region size 1024K, 12 young (12288K), 2 survivors (2048K)
 Metaspace       used 121599K, capacity 124863K, committed 125136K, reserved 1157120K
  class space    used 15271K, capacity 16539K, committed 16640K, reserved 1048576K
}

Deoptimization events (20 events):
Event: 3885.786 Thread 0x000001ebdbe1b000 DEOPT PACKING pc=0x000001ebc01ea811 sp=0x0000001f7c1fbaa0
Event: 3885.786 Thread 0x000001ebdbe1b000 DEOPT UNPACKING pc=0x000001ebbe34a93f sp=0x0000001f7c1fb010 mode 0
Event: 3902.877 Thread 0x000001ebdbe1b000 DEOPT PACKING pc=0x000001ebc0828d74 sp=0x0000001f7c1f9f80
Event: 3902.877 Thread 0x000001ebdbe1b000 DEOPT UNPACKING pc=0x000001ebbe34a93f sp=0x0000001f7c1f9558 mode 0
Event: 3913.546 Thread 0x000001ebd6b00000 Uncommon trap: trap_request=0xffffffbe fr.pc=0x000001ebc6bafe90 relative=0x0000000000000c10
Event: 3913.546 Thread 0x000001ebd6b00000 Uncommon trap: reason=profile_predicate action=maybe_recompile pc=0x000001ebc6bafe90 method=com.android.tools.r8.internal.xj.b(Ljava/lang/Iterable;Lcom/android/tools/r8/internal/aw;)Z @ 22 c2
Event: 3913.546 Thread 0x000001ebd6b00000 DEOPT PACKING pc=0x000001ebc6bafe90 sp=0x0000001f7c3fc420
Event: 3913.546 Thread 0x000001ebd6b00000 DEOPT UNPACKING pc=0x000001ebbe34a1a9 sp=0x0000001f7c3fc438 mode 2
Event: 3913.546 Thread 0x000001ebd6b00000 Uncommon trap: trap_request=0xffffffbe fr.pc=0x000001ebc6bafe90 relative=0x0000000000000c10
Event: 3913.546 Thread 0x000001ebd6b00000 Uncommon trap: reason=profile_predicate action=maybe_recompile pc=0x000001ebc6bafe90 method=com.android.tools.r8.internal.xj.b(Ljava/lang/Iterable;Lcom/android/tools/r8/internal/aw;)Z @ 22 c2
Event: 3913.546 Thread 0x000001ebd6b00000 DEOPT PACKING pc=0x000001ebc6bafe90 sp=0x0000001f7c3fc420
Event: 3913.546 Thread 0x000001ebd6b00000 DEOPT UNPACKING pc=0x000001ebbe34a1a9 sp=0x0000001f7c3fc438 mode 2
Event: 3913.546 Thread 0x000001ebd6b00000 Uncommon trap: trap_request=0xffffffbe fr.pc=0x000001ebc6bafe90 relative=0x0000000000000c10
Event: 3913.546 Thread 0x000001ebd6b00000 Uncommon trap: reason=profile_predicate action=maybe_recompile pc=0x000001ebc6bafe90 method=com.android.tools.r8.internal.xj.b(Ljava/lang/Iterable;Lcom/android/tools/r8/internal/aw;)Z @ 22 c2
Event: 3913.546 Thread 0x000001ebd6b00000 DEOPT PACKING pc=0x000001ebc6bafe90 sp=0x0000001f7c3fc420
Event: 3913.546 Thread 0x000001ebd6b00000 DEOPT UNPACKING pc=0x000001ebbe34a1a9 sp=0x0000001f7c3fc438 mode 2
Event: 3913.546 Thread 0x000001ebd6b00000 Uncommon trap: trap_request=0xffffffbe fr.pc=0x000001ebc6bafe90 relative=0x0000000000000c10
Event: 3913.546 Thread 0x000001ebd6b00000 Uncommon trap: reason=profile_predicate action=maybe_recompile pc=0x000001ebc6bafe90 method=com.android.tools.r8.internal.xj.b(Ljava/lang/Iterable;Lcom/android/tools/r8/internal/aw;)Z @ 22 c2
Event: 3913.546 Thread 0x000001ebd6b00000 DEOPT PACKING pc=0x000001ebc6bafe90 sp=0x0000001f7c3fc420
Event: 3913.546 Thread 0x000001ebd6b00000 DEOPT UNPACKING pc=0x000001ebbe34a1a9 sp=0x0000001f7c3fc438 mode 2

Classes redefined (0 events):
No events

Internal exceptions (20 events):
Event: 3879.133 Thread 0x000001ebdbe1b000 Exception <a 'sun/nio/fs/WindowsException'{0x000000008ee6e3b8}> (0x000000008ee6e3b8) thrown at [./src/hotspot/share/prims/jni.cpp, line 615]
Event: 3879.182 Thread 0x000001ebdbe1b000 Exception <a 'sun/nio/fs/WindowsException'{0x000000008ed4c8a0}> (0x000000008ed4c8a0) thrown at [./src/hotspot/share/prims/jni.cpp, line 615]
Event: 3879.183 Thread 0x000001ebdbe1b000 Exception <a 'sun/nio/fs/WindowsException'{0x000000008ed4ca08}> (0x000000008ed4ca08) thrown at [./src/hotspot/share/prims/jni.cpp, line 615]
Event: 3879.233 Thread 0x000001ebdbe1b000 Exception <a 'sun/nio/fs/WindowsException'{0x000000008ed8b1d8}> (0x000000008ed8b1d8) thrown at [./src/hotspot/share/prims/jni.cpp, line 615]
Event: 3879.233 Thread 0x000001ebdbe1b000 Exception <a 'sun/nio/fs/WindowsException'{0x000000008ed8b360}> (0x000000008ed8b360) thrown at [./src/hotspot/share/prims/jni.cpp, line 615]
Event: 3879.332 Thread 0x000001ebdbe1b000 Exception <a 'sun/nio/fs/WindowsException'{0x000000008ec1ab00}> (0x000000008ec1ab00) thrown at [./src/hotspot/share/prims/jni.cpp, line 615]
Event: 3879.332 Thread 0x000001ebdbe1b000 Exception <a 'sun/nio/fs/WindowsException'{0x000000008ec1ac90}> (0x000000008ec1ac90) thrown at [./src/hotspot/share/prims/jni.cpp, line 615]
Event: 3879.459 Thread 0x000001ebdbe1b000 Exception <a 'sun/nio/fs/WindowsException'{0x000000008ec53d30}> (0x000000008ec53d30) thrown at [./src/hotspot/share/prims/jni.cpp, line 615]
Event: 3879.459 Thread 0x000001ebdbe1b000 Exception <a 'sun/nio/fs/WindowsException'{0x000000008ec53ea8}> (0x000000008ec53ea8) thrown at [./src/hotspot/share/prims/jni.cpp, line 615]
Event: 3880.291 Thread 0x000001ebdbe1b000 Exception <a 'sun/nio/fs/WindowsException'{0x000000008f328bb0}> (0x000000008f328bb0) thrown at [./src/hotspot/share/prims/jni.cpp, line 615]
Event: 3880.294 Thread 0x000001ebdbe1b000 Exception <a 'sun/nio/fs/WindowsException'{0x000000008f32f158}> (0x000000008f32f158) thrown at [./src/hotspot/share/prims/jni.cpp, line 615]
Event: 3880.502 Thread 0x000001ebdbe1b000 Exception <a 'sun/nio/fs/WindowsException'{0x000000008f34e020}> (0x000000008f34e020) thrown at [./src/hotspot/share/prims/jni.cpp, line 615]
Event: 3880.510 Thread 0x000001ebdbe1b000 Exception <a 'sun/nio/fs/WindowsException'{0x000000008f369008}> (0x000000008f369008) thrown at [./src/hotspot/share/prims/jni.cpp, line 615]
Event: 3881.045 Thread 0x000001ebdbe1b000 Exception <a 'sun/nio/fs/WindowsException'{0x000000008ef2e510}> (0x000000008ef2e510) thrown at [./src/hotspot/share/prims/jni.cpp, line 615]
Event: 3881.053 Thread 0x000001ebdbe1b000 Exception <a 'sun/nio/fs/WindowsException'{0x000000008ef36168}> (0x000000008ef36168) thrown at [./src/hotspot/share/prims/jni.cpp, line 615]
Event: 3881.122 Thread 0x000001ebdbe1b000 Exception <a 'sun/nio/fs/WindowsException'{0x000000008ef3cd98}> (0x000000008ef3cd98) thrown at [./src/hotspot/share/prims/jni.cpp, line 615]
Event: 3881.127 Thread 0x000001ebdbe1b000 Exception <a 'sun/nio/fs/WindowsException'{0x000000008ef43bf0}> (0x000000008ef43bf0) thrown at [./src/hotspot/share/prims/jni.cpp, line 615]
Event: 3881.134 Thread 0x000001ebdbe1b000 Exception <a 'sun/nio/fs/WindowsException'{0x000000008ef55be0}> (0x000000008ef55be0) thrown at [./src/hotspot/share/prims/jni.cpp, line 615]
Event: 3881.229 Thread 0x000001ebdbe1b000 Exception <a 'sun/nio/fs/WindowsException'{0x000000008ef76708}> (0x000000008ef76708) thrown at [./src/hotspot/share/prims/jni.cpp, line 615]
Event: 3911.538 Thread 0x000001ebd6b00000 Exception <a 'sun/nio/fs/WindowsException'{0x000000008f05ff00}> (0x000000008f05ff00) thrown at [./src/hotspot/share/prims/jni.cpp, line 615]

Events (20 events):
Event: 3914.654 Executing VM operation: RevokeBias done
Event: 3914.794 Executing VM operation: CGC_Operation
Event: 3914.795 Executing VM operation: CGC_Operation done
Event: 3914.876 Executing VM operation: RevokeBias
Event: 3914.876 Executing VM operation: RevokeBias done
Event: 3914.877 Executing VM operation: RevokeBias
Event: 3914.877 Executing VM operation: RevokeBias done
Event: 3915.765 Executing VM operation: ICBufferFull
Event: 3915.765 Executing VM operation: ICBufferFull done
Event: 3916.195 Executing VM operation: RevokeBias
Event: 3916.196 Executing VM operation: RevokeBias done
Event: 3916.196 Executing VM operation: RevokeBias
Event: 3916.196 Executing VM operation: RevokeBias done
Event: 3916.320 Executing VM operation: RevokeBias
Event: 3916.321 Executing VM operation: RevokeBias done
Event: 3916.321 Executing VM operation: RevokeBias
Event: 3916.321 Executing VM operation: RevokeBias done
Event: 3917.054 Executing VM operation: ICBufferFull
Event: 3917.054 Executing VM operation: ICBufferFull done
Event: 3917.055 Executing VM operation: G1CollectForAllocation


Dynamic libraries:
0x00007ff60a000000 - 0x00007ff60a00a000 	C:\Program Files\Android\Android Studio\jre\bin\java.exe
0x00007ffa12580000 - 0x00007ffa12770000 	C:\Windows\SYSTEM32\ntdll.dll
0x00007ffa115d0000 - 0x00007ffa11682000 	C:\Windows\System32\KERNEL32.DLL
0x00007ffa10380000 - 0x00007ffa10625000 	C:\Windows\System32\KERNELBASE.dll
0x00007ffa0fa20000 - 0x00007ffa0fb1a000 	C:\Windows\System32\ucrtbase.dll
0x00007ffa07c30000 - 0x00007ffa07c49000 	C:\Program Files\Android\Android Studio\jre\bin\jli.dll
0x00007ffa10b30000 - 0x00007ffa10cc4000 	C:\Windows\System32\USER32.dll
0x00007ffa0fb40000 - 0x00007ffa0fb61000 	C:\Windows\System32\win32u.dll
0x00007ffa11690000 - 0x00007ffa116b6000 	C:\Windows\System32\GDI32.dll
0x00007ffa0f600000 - 0x00007ffa0f798000 	C:\Windows\System32\gdi32full.dll
0x00007ffa0f980000 - 0x00007ffa0fa1e000 	C:\Windows\System32\msvcp_win.dll
0x00007ffa07c10000 - 0x00007ffa07c27000 	C:\Program Files\Android\Android Studio\jre\bin\VCRUNTIME140.dll
0x00007ff9ff8f0000 - 0x00007ff9ffb74000 	C:\Windows\WinSxS\amd64_microsoft.windows.common-controls_6595b64144ccf1df_6.0.18362.1556_none_9e7e372fe45e41d5\COMCTL32.dll
0x00007ffa109c0000 - 0x00007ffa10a5e000 	C:\Windows\System32\msvcrt.dll
0x00007ffa119f0000 - 0x00007ffa11d26000 	C:\Windows\System32\combase.dll
0x00007ffa11d30000 - 0x00007ffa11e4f000 	C:\Windows\System32\RPCRT4.dll
0x00007ffa0fb70000 - 0x00007ffa0fbf1000 	C:\Windows\System32\bcryptPrimitives.dll
0x00007ffa11910000 - 0x00007ffa1193e000 	C:\Windows\System32\IMM32.DLL
0x00007ff9ecd60000 - 0x00007ff9ecdfd000 	C:\Program Files\Android\Android Studio\jre\bin\msvcp140.dll
0x00007ff9d5ad0000 - 0x00007ff9d65b5000 	C:\Program Files\Android\Android Studio\jre\bin\server\jvm.dll
0x00007ffa11940000 - 0x00007ffa119e3000 	C:\Windows\System32\ADVAPI32.dll
0x00007ffa10d40000 - 0x00007ffa10dd7000 	C:\Windows\System32\sechost.dll
0x00007ffa10d30000 - 0x00007ffa10d38000 	C:\Windows\System32\PSAPI.DLL
0x00007ffa087e0000 - 0x00007ffa087e9000 	C:\Windows\SYSTEM32\WSOCK32.dll
0x00007ffa10ac0000 - 0x00007ffa10b2f000 	C:\Windows\System32\WS2_32.dll
0x00007ffa0d3f0000 - 0x00007ffa0d414000 	C:\Windows\SYSTEM32\WINMM.dll
0x00007ffa02990000 - 0x00007ffa0299a000 	C:\Windows\SYSTEM32\VERSION.dll
0x00007ffa0d3c0000 - 0x00007ffa0d3ed000 	C:\Windows\SYSTEM32\WINMMBASE.dll
0x00007ffa0f7a0000 - 0x00007ffa0f7ea000 	C:\Windows\System32\cfgmgr32.dll
0x00007ffa0f480000 - 0x00007ffa0f491000 	C:\Windows\System32\kernel.appcore.dll
0x00007ffa087a0000 - 0x00007ffa087b1000 	C:\Program Files\Android\Android Studio\jre\bin\verify.dll
0x00007ff9ff150000 - 0x00007ff9ff344000 	C:\Windows\SYSTEM32\DBGHELP.DLL
0x00007ff9ff120000 - 0x00007ff9ff14a000 	C:\Windows\SYSTEM32\dbgcore.DLL
0x00007ffa08770000 - 0x00007ffa08799000 	C:\Program Files\Android\Android Studio\jre\bin\java.dll
0x00007ffa08760000 - 0x00007ffa0876b000 	C:\Program Files\Android\Android Studio\jre\bin\jimage.dll
0x00007ffa08710000 - 0x00007ffa08728000 	C:\Program Files\Android\Android Studio\jre\bin\zip.dll
0x00007ffa11e50000 - 0x00007ffa12537000 	C:\Windows\System32\SHELL32.dll
0x00007ffa10630000 - 0x00007ffa106d8000 	C:\Windows\System32\shcore.dll
0x00007ffa0fc00000 - 0x00007ffa1037b000 	C:\Windows\System32\windows.storage.dll
0x00007ffa0f440000 - 0x00007ffa0f45e000 	C:\Windows\System32\profapi.dll
0x00007ffa0f4a0000 - 0x00007ffa0f4ea000 	C:\Windows\System32\powrprof.dll
0x00007ffa0f430000 - 0x00007ffa0f440000 	C:\Windows\System32\UMPDC.dll
0x00007ffa106e0000 - 0x00007ffa10732000 	C:\Windows\System32\shlwapi.dll
0x00007ffa0fb20000 - 0x00007ffa0fb37000 	C:\Windows\System32\cryptsp.dll
0x00007ff9fce10000 - 0x00007ff9fce2a000 	C:\Program Files\Android\Android Studio\jre\bin\net.dll
0x00007ffa07d60000 - 0x00007ffa07e5a000 	C:\Windows\SYSTEM32\WINHTTP.dll
0x00007ffa0ec70000 - 0x00007ffa0ecd7000 	C:\Windows\system32\mswsock.dll
0x00007ff9fcdf0000 - 0x00007ff9fce04000 	C:\Program Files\Android\Android Studio\jre\bin\nio.dll
0x00007ffa07c50000 - 0x00007ffa07c77000 	C:\Users\The Saviour\.gradle\native\8bec1ad78214c89d9ad589b4d07fe93259594b29d510b10fafb7a158f7737e5d\windows-amd64\native-platform.dll
0x00007ff9d58f0000 - 0x00007ff9d5a2d000 	C:\Users\The Saviour\.gradle\native\53dbd7edfb1c66fb8903c78663c9afc45aea4f116125fa6feffd364cf09443e8\windows-amd64\native-platform-file-events.dll
0x00007ff9fafc0000 - 0x00007ff9fafca000 	C:\Program Files\Android\Android Studio\jre\bin\management.dll
0x00007ff9fabe0000 - 0x00007ff9fabed000 	C:\Program Files\Android\Android Studio\jre\bin\management_ext.dll
0x00007ffa0e790000 - 0x00007ffa0e7c3000 	C:\Windows\system32\rsaenh.dll
0x00007ffa0f950000 - 0x00007ffa0f976000 	C:\Windows\System32\bcrypt.dll
0x00007ffa0f320000 - 0x00007ffa0f345000 	C:\Windows\SYSTEM32\USERENV.dll
0x00007ffa0ee40000 - 0x00007ffa0ee4c000 	C:\Windows\SYSTEM32\CRYPTBASE.dll
0x00007ffa0e980000 - 0x00007ffa0e9ba000 	C:\Windows\SYSTEM32\IPHLPAPI.DLL
0x00007ffa10de0000 - 0x00007ffa10de8000 	C:\Windows\System32\NSI.dll
0x00007ffa07820000 - 0x00007ffa07836000 	C:\Windows\SYSTEM32\dhcpcsvc6.DLL
0x00007ffa07800000 - 0x00007ffa0781c000 	C:\Windows\SYSTEM32\dhcpcsvc.DLL
0x00007ffa0e9c0000 - 0x00007ffa0ea8b000 	C:\Windows\SYSTEM32\DNSAPI.dll
0x00007ff9ec800000 - 0x00007ff9ec827000 	C:\Program Files\Android\Android Studio\jre\bin\sunec.dll

dbghelp: loaded successfully - version: 4.0.5 - missing functions: none
symbol engine: initialized successfully - sym options: 0x614 - pdb path: .;C:\Program Files\Android\Android Studio\jre\bin;C:\Windows\SYSTEM32;C:\Windows\WinSxS\amd64_microsoft.windows.common-controls_6595b64144ccf1df_6.0.18362.1556_none_9e7e372fe45e41d5;C:\Program Files\Android\Android Studio\jre\bin\server;C:\Users\The Saviour\.gradle\native\8bec1ad78214c89d9ad589b4d07fe93259594b29d510b10fafb7a158f7737e5d\windows-amd64;C:\Users\The Saviour\.gradle\native\53dbd7edfb1c66fb8903c78663c9afc45aea4f116125fa6feffd364cf09443e8\windows-amd64

VM Arguments:
jvm_args: --add-opens=java.base/java.util=ALL-UNNAMED --add-opens=java.base/java.lang=ALL-UNNAMED --add-opens=java.base/java.lang.invoke=ALL-UNNAMED --add-opens=java.base/java.util=ALL-UNNAMED --add-opens=java.prefs/java.util.prefs=ALL-UNNAMED --add-opens=java.prefs/java.util.prefs=ALL-UNNAMED --add-opens=java.base/java.nio.charset=ALL-UNNAMED --add-opens=java.base/java.net=ALL-UNNAMED --add-opens=java.base/java.util.concurrent.atomic=ALL-UNNAMED -Xmx2048m -Dfile.encoding=UTF-8 -Duser.country=US -Duser.language=en -Duser.variant 
java_command: org.gradle.launcher.daemon.bootstrap.GradleDaemon 7.0.2
java_class_path (initial): C:\Users\The Saviour\.gradle\wrapper\dists\gradle-7.0.2-bin\857tjihv64xamwrf0h14cai3r\gradle-7.0.2\lib\gradle-launcher-7.0.2.jar
Launcher Type: SUN_STANDARD

[Global flags]
     intx CICompilerCount                          = 2                                         {product} {ergonomic}
     uint ConcGCThreads                            = 1                                         {product} {ergonomic}
     uint G1ConcRefinementThreads                  = 2                                         {product} {ergonomic}
   size_t G1HeapRegionSize                         = 1048576                                   {product} {ergonomic}
    uintx GCDrainStackTargetSize                   = 64                                        {product} {ergonomic}
   size_t InitialHeapSize                          = 67108864                                  {product} {ergonomic}
   size_t MarkStackSize                            = 4194304                                   {product} {ergonomic}
   size_t MaxHeapSize                              = 2147483648                                {product} {command line}
   size_t MaxNewSize                               = 1287651328                                {product} {ergonomic}
   size_t MinHeapDeltaBytes                        = 1048576                                   {product} {ergonomic}
    uintx NonNMethodCodeHeapSize                   = 5825164                                {pd product} {ergonomic}
    uintx NonProfiledCodeHeapSize                  = 122916538                              {pd product} {ergonomic}
    uintx ProfiledCodeHeapSize                     = 122916538                              {pd product} {ergonomic}
    uintx ReservedCodeCacheSize                    = 251658240                              {pd product} {ergonomic}
     bool SegmentedCodeCache                       = true                                      {product} {ergonomic}
     bool UseCompressedClassPointers               = true                                 {lp64_product} {ergonomic}
     bool UseCompressedOops                        = true                                 {lp64_product} {ergonomic}
     bool UseG1GC                                  = true                                      {product} {ergonomic}
     bool UseLargePagesIndividualAllocation        = false                                  {pd product} {ergonomic}

Logging:
Log output configuration:
 #0: stdout all=warning uptime,level,tags
 #1: stderr all=off uptime,level,tags

Environment Variables:
PATH=C:\Windows\system32;C:\Windows;C:\Windows\System32\Wbem;C:\Windows\System32\WindowsPowerShell\v1.0\;C:\Windows\System32\OpenSSH\;C:\Users\The Saviour\AppData\Local\Microsoft\WindowsApps;;C:\Users\The Saviour\AppData\Local\Programs\Microsoft VS Code\bin
USERNAME=The Saviour
OS=Windows_NT
PROCESSOR_IDENTIFIER=Intel64 Family 6 Model 15 Stepping 11, GenuineIntel



---------------  S Y S T E M  ---------------

OS: Windows 10 , 64 bit Build 18362 (10.0.18362.1500)
OS uptime: 0 days 1:27 hours

CPU:total 2 (initial active 2) (2 cores per cpu, 1 threads per core) family 6 model 15 stepping 11 microcode 0xba, cmov, cx8, fxsr, mmx, sse, sse2, sse3, ssse3, tsc

Memory: 4k page, system-wide physical 4022M (149M free)
TotalPageFile size 5403M (AvailPageFile size 121M)
current process WorkingSet (physical memory assigned to process): 370M, peak: 409M
current process commit charge ("private bytes"): 582M, peak: 735M

vm_info: OpenJDK 64-Bit Server VM (11.0.12+7-b1504.28-7817840) for windows-amd64 JRE (11.0.12+7-b1504.28-7817840), built on Oct 13 2021 22:12:33 by "builder" with MS VC++ 14.0 (VS2015)

END.
