#
# There is insufficient memory for the Java Runtime Environment to continue.
# Native memory allocation (mmap) failed to map 488636416 bytes for Failed to commit area from 0x0000000098e00000 to 0x00000000b6000000 of length 488636416.
# Possible reasons:
#   The system is out of physical RAM or swap space
#   The process is running with CompressedOops enabled, and the Java Heap may be blocking the growth of the native heap
# Possible solutions:
#   Reduce memory load on the system
#   Increase physical memory or swap space
#   Check if swap backing store is full
#   Decrease Java heap size (-Xmx/-Xms)
#   Decrease number of Java threads
#   Decrease Java thread stack sizes (-Xss)
#   Set larger code cache with -XX:ReservedCodeCacheSize=
#   JVM is running with Unscaled Compressed Oops mode in which the Java heap is
#     placed in the first 4GB address space. The Java Heap base address is the
#     maximum limit for the native heap growth. Please use -XX:HeapBaseMinAddress
#     to set the Java Heap base and to place the Java Heap above 4GB virtual address.
# This output file may be truncated or incomplete.
#
#  Out of Memory Error (./src/hotspot/os/windows/os_windows.cpp:3521), pid=8608, tid=8244
#
# JRE version: OpenJDK Runtime Environment (11.0.12+7) (build 11.0.12+7-b1504.28-7817840)
# Java VM: OpenJDK 64-Bit Server VM (11.0.12+7-b1504.28-7817840, mixed mode, tiered, compressed oops, g1 gc, windows-amd64)
# No core dump will be written. Minidumps are not enabled by default on client versions of Windows
#

---------------  S U M M A R Y ------------

Command Line: --add-opens=java.base/java.util=ALL-UNNAMED --add-opens=java.base/java.lang=ALL-UNNAMED --add-opens=java.base/java.lang.invoke=ALL-UNNAMED --add-opens=java.base/java.util=ALL-UNNAMED --add-opens=java.prefs/java.util.prefs=ALL-UNNAMED --add-opens=java.prefs/java.util.prefs=ALL-UNNAMED --add-opens=java.base/java.nio.charset=ALL-UNNAMED --add-opens=java.base/java.net=ALL-UNNAMED --add-opens=java.base/java.util.concurrent.atomic=ALL-UNNAMED -Xmx2048m -Dfile.encoding=UTF-8 -Duser.country=US -Duser.language=en -Duser.variant org.gradle.launcher.daemon.bootstrap.GradleDaemon 7.0.2

Host: Intel(R) Core(TM)2 Duo CPU     T7500  @ 2.20GHz, 2 cores, 3G,  Windows 10 , 64 bit Build 18362 (10.0.18362.1500)
Time: Fri Jun 10 12:43:29 2022 E. Africa Standard Time elapsed time: 2937.414325 seconds (0d 0h 48m 57s)

---------------  T H R E A D  ---------------

Current thread (0x00000172bca08800):  VMThread "VM Thread" [stack: 0x0000001286d00000,0x0000001286e00000] [id=8244]

Stack: [0x0000001286d00000,0x0000001286e00000]
[error occurred during error reporting (printing stack bounds), id 0xc0000005, EXCEPTION_ACCESS_VIOLATION (0xc0000005) at pc=0x00000172a6e6113d]

Native frames: (J=compiled Java code, j=interpreted, Vv=VM code, C=native code)
V  [jvm.dll+0x5fbcea]
V  [jvm.dll+0x731905]
V  [jvm.dll+0x732f1d]
V  [jvm.dll+0x733535]
V  [jvm.dll+0x7334eb]
V  [jvm.dll+0x5fb080]
V  [jvm.dll+0x5fb818]
C  [ntdll.dll+0xa1fff]
C  [ntdll.dll+0x6aad9]
C  [ntdll.dll+0xa0c6e]
C  0x00000172a6e6113d

VM_Operation (0x00000012898fcca0): G1CollectForAllocation, mode: safepoint, requested by thread 0x00000172c02a4800


---------------  P R O C E S S  ---------------

Threads class SMR info:
_java_thread_list=0x00000172c3ae26f0, length=47, elements={
0x00000172a335c800, 0x00000172bca0d800, 0x00000172bca10800, 0x00000172bd390800,
0x00000172bd391800, 0x00000172bd393800, 0x00000172bd39b800, 0x00000172bca6c800,
0x00000172bca76800, 0x00000172bd4cf800, 0x00000172bfaf3800, 0x00000172be8a5000,
0x00000172bed71800, 0x00000172be377800, 0x00000172be379000, 0x00000172be37a000,
0x00000172be37a800, 0x00000172be37b800, 0x00000172c02a3800, 0x00000172c02a2000,
0x00000172c02a5000, 0x00000172c02a2800, 0x00000172c02a9800, 0x00000172c57c3000,
0x00000172c57c7000, 0x00000172c57bf800, 0x00000172c57bd800, 0x00000172c57c2000,
0x00000172c57c4000, 0x00000172c57c0800, 0x00000172c57be000, 0x00000172c57c1800,
0x00000172c57c4800, 0x00000172c57bf000, 0x00000172c57c5800, 0x00000172c57c9800,
0x00000172c57c6800, 0x00000172c57ca800, 0x00000172c57cb000, 0x00000172c57c8000,
0x00000172c57c8800, 0x00000172c57cc000, 0x00000172c02a6000, 0x00000172c02a7000,
0x00000172c02a4800, 0x00000172c02a1000, 0x00000172c02aa000
}

Java Threads: ( => current thread )
  0x00000172a335c800 JavaThread "main" [_thread_blocked, id=5296, stack(0x0000001286700000,0x0000001286800000)]
  0x00000172bca0d800 JavaThread "Reference Handler" daemon [_thread_blocked, id=6360, stack(0x0000001286e00000,0x0000001286f00000)]
  0x00000172bca10800 JavaThread "Finalizer" daemon [_thread_blocked, id=1836, stack(0x0000001286f00000,0x0000001287000000)]
  0x00000172bd390800 JavaThread "Signal Dispatcher" daemon [_thread_blocked, id=4404, stack(0x0000001287000000,0x0000001287100000)]
  0x00000172bd391800 JavaThread "Attach Listener" daemon [_thread_blocked, id=3716, stack(0x0000001287100000,0x0000001287200000)]
  0x00000172bd393800 JavaThread "Service Thread" daemon [_thread_blocked, id=9072, stack(0x0000001287200000,0x0000001287300000)]
  0x00000172bd39b800 JavaThread "C2 CompilerThread0" daemon [_thread_blocked, id=1120, stack(0x0000001287300000,0x0000001287400000)]
  0x00000172bca6c800 JavaThread "C1 CompilerThread0" daemon [_thread_blocked, id=1352, stack(0x0000001287400000,0x0000001287500000)]
  0x00000172bca76800 JavaThread "Sweeper thread" daemon [_thread_blocked, id=2692, stack(0x0000001287500000,0x0000001287600000)]
  0x00000172bd4cf800 JavaThread "Common-Cleaner" daemon [_thread_blocked, id=7804, stack(0x0000001287600000,0x0000001287700000)]
  0x00000172bfaf3800 JavaThread "Daemon health stats" [_thread_blocked, id=2452, stack(0x0000001287900000,0x0000001287a00000)]
  0x00000172be8a5000 JavaThread "Incoming local TCP Connector on port 53889" [_thread_in_native, id=4636, stack(0x0000001287a00000,0x0000001287b00000)]
  0x00000172bed71800 JavaThread "Daemon periodic checks" [_thread_blocked, id=2840, stack(0x0000001287b00000,0x0000001287c00000)]
  0x00000172be377800 JavaThread "Cache worker for file hash cache (C:\Users\The Saviour\.gradle\caches\7.0.2\fileHashes)" [_thread_blocked, id=5416, stack(0x0000001288300000,0x0000001288400000)]
  0x00000172be379000 JavaThread "File lock request listener" [_thread_in_native, id=2272, stack(0x0000001288400000,0x0000001288500000)]
  0x00000172be37a000 JavaThread "Cache worker for journal cache (C:\Users\The Saviour\.gradle\caches\journal-1)" [_thread_blocked, id=744, stack(0x0000001288500000,0x0000001288600000)]
  0x00000172be37a800 JavaThread "File watcher server" daemon [_thread_blocked, id=3584, stack(0x0000001288700000,0x0000001288800000)]
  0x00000172be37b800 JavaThread "File watcher consumer" daemon [_thread_blocked, id=4776, stack(0x0000001288800000,0x0000001288900000)]
  0x00000172c02a3800 JavaThread "Cache worker for execution history cache (C:\Users\The Saviour\.gradle\caches\7.0.2\executionHistory)" [_thread_blocked, id=8848, stack(0x0000001288c00000,0x0000001288d00000)]
  0x00000172c02a2000 JavaThread "jar transforms" [_thread_blocked, id=3492, stack(0x0000001288d00000,0x0000001288e00000)]
  0x00000172c02a5000 JavaThread "Cache worker for file content cache (C:\Users\The Saviour\.gradle\caches\7.0.2\fileContent)" [_thread_blocked, id=2384, stack(0x0000001288e00000,0x0000001288f00000)]
  0x00000172c02a2800 JavaThread "jar transforms Thread 2" [_thread_blocked, id=9232, stack(0x0000001288f00000,0x0000001289000000)]
  0x00000172c02a9800 JavaThread "Memory manager" [_thread_blocked, id=9364, stack(0x0000001289600000,0x0000001289700000)]
  0x00000172c57c3000 JavaThread "Cache worker for Java compile cache (C:\Users\The Saviour\.gradle\caches\7.0.2\javaCompile)" [_thread_blocked, id=8544, stack(0x0000001289500000,0x0000001289600000)]
  0x00000172c57c7000 JavaThread "ForkJoinPool.commonPool-worker-1" daemon [_thread_blocked, id=9132, stack(0x0000001289b00000,0x0000001289c00000)]
  0x00000172c57bf800 JavaThread "Daemon Thread 5" [_thread_blocked, id=1452, stack(0x0000001286500000,0x0000001286600000)]
  0x00000172c57bd800 JavaThread "Handler for socket connection from /127.0.0.1:53889 to /127.0.0.1:55465" [_thread_in_native, id=9748, stack(0x0000001286600000,0x0000001286700000)]
  0x00000172c57c2000 JavaThread "Cancel handler" [_thread_blocked, id=7212, stack(0x0000001287c00000,0x0000001287d00000)]
  0x00000172c57c4000 JavaThread "Daemon worker Thread 5" [_thread_blocked, id=7156, stack(0x0000001287d00000,0x0000001287e00000)]
  0x00000172c57c0800 JavaThread "Asynchronous log dispatcher for DefaultDaemonConnection: socket connection from /127.0.0.1:53889 to /127.0.0.1:55465" [_thread_blocked, id=9644, stack(0x0000001287e00000,0x0000001287f00000)]
  0x00000172c57be000 JavaThread "Stdin handler" [_thread_blocked, id=9308, stack(0x0000001287f00000,0x0000001288000000)]
  0x00000172c57c1800 JavaThread "Daemon client event forwarder" [_thread_blocked, id=5904, stack(0x0000001288000000,0x0000001288100000)]
  0x00000172c57c4800 JavaThread "Cache worker for file hash cache (C:\Users\The Saviour\AndroidStudioProjects\ParkMe\.gradle\7.0.2\fileHashes)" [_thread_blocked, id=7332, stack(0x0000001288100000,0x0000001288200000)]
  0x00000172c57bf000 JavaThread "Cache worker for checksums cache (C:\Users\The Saviour\AndroidStudioProjects\ParkMe\.gradle\checksums)" [_thread_blocked, id=6316, stack(0x0000001288200000,0x0000001288300000)]
  0x00000172c57c5800 JavaThread "Cache worker for cache directory md-supplier (C:\Users\The Saviour\.gradle\caches\7.0.2\md-supplier)" [_thread_blocked, id=2956, stack(0x0000001288600000,0x0000001288700000)]
  0x00000172c57c9800 JavaThread "Cache worker for cache directory md-rule (C:\Users\The Saviour\.gradle\caches\7.0.2\md-rule)" [_thread_blocked, id=6392, stack(0x0000001288900000,0x0000001288a00000)]
  0x00000172c57c6800 JavaThread "Cache worker for dependencies-accessors (C:\Users\The Saviour\AndroidStudioProjects\ParkMe\.gradle\7.0.2\dependencies-accessors)" [_thread_blocked, id=3280, stack(0x0000001288a00000,0x0000001288b00000)]
  0x00000172c57ca800 JavaThread "Cache worker for Build Output Cleanup Cache (C:\Users\The Saviour\AndroidStudioProjects\ParkMe\.gradle\buildOutputCleanup)" [_thread_blocked, id=10036, stack(0x0000001288b00000,0x0000001288c00000)]
  0x00000172c57cb000 JavaThread "Build operations" [_thread_blocked, id=7220, stack(0x0000001289000000,0x0000001289100000)]
  0x00000172c57c8000 JavaThread "Build operations Thread 2" [_thread_blocked, id=9756, stack(0x0000001289100000,0x0000001289200000)]
  0x00000172c57c8800 JavaThread "build event listener" [_thread_blocked, id=9336, stack(0x0000001289200000,0x0000001289300000)]
  0x00000172c57cc000 JavaThread "Execution worker for ':'" [_thread_blocked, id=4244, stack(0x0000001289300000,0x0000001289400000)]
  0x00000172c02a6000 JavaThread "Cache worker for execution history cache (C:\Users\The Saviour\AndroidStudioProjects\ParkMe\.gradle\7.0.2\executionHistory)" [_thread_blocked, id=6600, stack(0x0000001289400000,0x0000001289500000)]
  0x00000172c02a7000 JavaThread "WorkerExecutor Queue" [_thread_blocked, id=3784, stack(0x0000001289700000,0x0000001289800000)]
  0x00000172c02a4800 JavaThread "WorkerExecutor Queue Thread 2" [_thread_blocked, id=4544, stack(0x0000001289800000,0x0000001289900000)]
  0x00000172c02a1000 JavaThread "ForkJoinPool-1-worker-3" daemon [_thread_blocked, id=6376, stack(0x0000001289900000,0x0000001289a00000)]
  0x00000172c02aa000 JavaThread "ForkJoinPool-1-worker-1" daemon [_thread_blocked, id=8264, stack(0x0000001289a00000,0x0000001289b00000)]

Other Threads:
=>0x00000172bca08800 VMThread "VM Thread" [stack: 0x0000001286d00000,0x0000001286e00000] [id=8244]
  0x00000172bd4ee000 WatcherThread [stack: 0x0000001287700000,0x0000001287800000] [id=9424]
  0x00000172a3374000 GCTaskThread "GC Thread#0" [stack: 0x0000001286800000,0x0000001286900000] [id=2268]
  0x00000172bd6f5800 GCTaskThread "GC Thread#1" [stack: 0x0000001287800000,0x0000001287900000] [id=7652]
  0x00000172a33a6000 ConcurrentGCThread "G1 Main Marker" [stack: 0x0000001286900000,0x0000001286a00000] [id=8536]
  0x00000172a33a7000 ConcurrentGCThread "G1 Conc#0" [stack: 0x0000001286a00000,0x0000001286b00000] [id=7772]
  0x00000172a33fa000 ConcurrentGCThread "G1 Refine#0" [stack: 0x0000001286b00000,0x0000001286c00000] [id=4072]
  0x00000172a33fb000 ConcurrentGCThread "G1 Young RemSet Sampling" [stack: 0x0000001286c00000,0x0000001286d00000] [id=5408]

Threads with active compile tasks:
C2 CompilerThread02938463 21363       4       com.android.tools.r8.graph.Z0::a (53 bytes)

VM state:at safepoint (normal execution)

VM Mutex/Monitor currently owned by a thread:  ([mutex/lock_event])
[0x00000172a3359090] Threads_lock - owner thread: 0x00000172bca08800
[0x00000172a3359e10] Heap_lock - owner thread: 0x00000172c02a4800

Heap address: 0x0000000080000000, size: 2048 MB, Compressed Oops mode: 32-bit
Narrow klass base: 0x0000000000000000, Narrow klass shift: 3
Compressed class space size: 1073741824 Address: 0x0000000100000000

Heap:
 garbage-first heap   total 884736K, used 204800K [0x0000000080000000, 0x0000000100000000)
  region size 1024K, 2 young (2048K), 2 survivors (2048K)
 Metaspace       used 116655K, capacity 119949K, committed 120060K, reserved 1153024K
  class space    used 14650K, capacity 15909K, committed 16000K, reserved 1048576K
Heap Regions: E=young(eden), S=young(survivor), O=old, HS=humongous(starts), HC=humongous(continues), CS=collection set, F=free, A=archive, TAMS=top-at-mark-start (previous, next)
|   0|0x0000000080000000, 0x0000000080100000, 0x0000000080100000|100%| O|  |TAMS 0x0000000080100000, 0x0000000080000000| Untracked 
|   1|0x0000000080100000, 0x0000000080200000, 0x0000000080200000|100%| O|  |TAMS 0x0000000080200000, 0x0000000080100000| Untracked 
|   2|0x0000000080200000, 0x0000000080300000, 0x0000000080300000|100%| O|  |TAMS 0x0000000080300000, 0x0000000080200000| Untracked 
|   3|0x0000000080300000, 0x0000000080400000, 0x0000000080400000|100%| O|  |TAMS 0x0000000080400000, 0x0000000080300000| Untracked 
|   4|0x0000000080400000, 0x0000000080500000, 0x0000000080500000|100%|HS|  |TAMS 0x0000000080500000, 0x0000000080400000| Complete 
|   5|0x0000000080500000, 0x0000000080600000, 0x0000000080600000|100%|HC|  |TAMS 0x0000000080600000, 0x0000000080500000| Complete 
|   6|0x0000000080600000, 0x0000000080700000, 0x0000000080700000|100%|HC|  |TAMS 0x0000000080700000, 0x0000000080600000| Complete 
|   7|0x0000000080700000, 0x0000000080800000, 0x0000000080800000|100%| O|  |TAMS 0x0000000080800000, 0x0000000080700000| Complete 
|   8|0x0000000080800000, 0x0000000080900000, 0x0000000080900000|100%| O|  |TAMS 0x0000000080900000, 0x0000000080800000| Untracked 
|   9|0x0000000080900000, 0x0000000080a00000, 0x0000000080a00000|100%| O|  |TAMS 0x0000000080a00000, 0x0000000080900000| Untracked 
|  10|0x0000000080a00000, 0x0000000080b00000, 0x0000000080b00000|100%| O|  |TAMS 0x0000000080b00000, 0x0000000080a00000| Complete 
|  11|0x0000000080b00000, 0x0000000080c00000, 0x0000000080c00000|100%| O|  |TAMS 0x0000000080c00000, 0x0000000080b00000| Untracked 
|  12|0x0000000080c00000, 0x0000000080d00000, 0x0000000080d00000|100%| O|  |TAMS 0x0000000080d00000, 0x0000000080c00000| Untracked 
|  13|0x0000000080d00000, 0x0000000080e00000, 0x0000000080e00000|100%| O|  |TAMS 0x0000000080e00000, 0x0000000080d00000| Complete 
|  14|0x0000000080e00000, 0x0000000080f00000, 0x0000000080f00000|100%| O|  |TAMS 0x0000000080f00000, 0x0000000080e00000| Complete 
|  15|0x0000000080f00000, 0x0000000081000000, 0x0000000081000000|100%| O|  |TAMS 0x0000000081000000, 0x0000000080f00000| Complete 
|  16|0x0000000081000000, 0x0000000081100000, 0x0000000081100000|100%| O|  |TAMS 0x0000000081100000, 0x0000000081000000| Complete 
|  17|0x0000000081100000, 0x0000000081200000, 0x0000000081200000|100%| O|  |TAMS 0x0000000081200000, 0x0000000081100000| Complete 
|  18|0x0000000081200000, 0x0000000081300000, 0x0000000081300000|100%| O|  |TAMS 0x0000000081300000, 0x0000000081200000| Complete 
|  19|0x0000000081300000, 0x0000000081400000, 0x0000000081400000|100%| O|  |TAMS 0x0000000081400000, 0x0000000081300000| Complete 
|  20|0x0000000081400000, 0x0000000081500000, 0x0000000081500000|100%| O|  |TAMS 0x0000000081500000, 0x0000000081400000| Complete 
|  21|0x0000000081500000, 0x0000000081600000, 0x0000000081600000|100%| O|  |TAMS 0x0000000081600000, 0x0000000081500000| Complete 
|  22|0x0000000081600000, 0x0000000081700000, 0x0000000081700000|100%| O|  |TAMS 0x0000000081700000, 0x0000000081600000| Untracked 
|  23|0x0000000081700000, 0x0000000081800000, 0x0000000081800000|100%| O|  |TAMS 0x0000000081800000, 0x0000000081700000| Untracked 
|  24|0x0000000081800000, 0x0000000081900000, 0x0000000081900000|100%| O|  |TAMS 0x0000000081900000, 0x0000000081800000| Untracked 
|  25|0x0000000081900000, 0x0000000081a00000, 0x0000000081a00000|100%| O|  |TAMS 0x0000000081a00000, 0x0000000081900000| Untracked 
|  26|0x0000000081a00000, 0x0000000081b00000, 0x0000000081b00000|100%| O|  |TAMS 0x0000000081b00000, 0x0000000081a00000| Complete 
|  27|0x0000000081b00000, 0x0000000081c00000, 0x0000000081c00000|100%| O|  |TAMS 0x0000000081c00000, 0x0000000081b00000| Untracked 
|  28|0x0000000081c00000, 0x0000000081d00000, 0x0000000081d00000|100%|HS|  |TAMS 0x0000000081d00000, 0x0000000081c00000| Complete 
|  29|0x0000000081d00000, 0x0000000081e00000, 0x0000000081e00000|100%|HS|  |TAMS 0x0000000081e00000, 0x0000000081d00000| Complete 
|  30|0x0000000081e00000, 0x0000000081f00000, 0x0000000081f00000|100%|HS|  |TAMS 0x0000000081f00000, 0x0000000081e00000| Complete 
|  31|0x0000000081f00000, 0x0000000082000000, 0x0000000082000000|100%|HC|  |TAMS 0x0000000082000000, 0x0000000081f00000| Complete 
|  32|0x0000000082000000, 0x0000000082100000, 0x0000000082100000|100%| O|  |TAMS 0x0000000082100000, 0x0000000082000000| Complete 
|  33|0x0000000082100000, 0x0000000082200000, 0x0000000082200000|100%| O|  |TAMS 0x0000000082200000, 0x0000000082100000| Complete 
|  34|0x0000000082200000, 0x0000000082300000, 0x0000000082300000|100%| O|  |TAMS 0x0000000082300000, 0x0000000082200000| Untracked 
|  35|0x0000000082300000, 0x0000000082400000, 0x0000000082400000|100%| O|  |TAMS 0x0000000082400000, 0x0000000082300000| Untracked 
|  36|0x0000000082400000, 0x0000000082500000, 0x0000000082500000|100%| O|  |TAMS 0x0000000082500000, 0x0000000082400000| Untracked 
|  37|0x0000000082500000, 0x0000000082600000, 0x0000000082600000|100%| O|  |TAMS 0x0000000082600000, 0x0000000082500000| Untracked 
|  38|0x0000000082600000, 0x0000000082700000, 0x0000000082700000|100%| O|  |TAMS 0x0000000082700000, 0x0000000082600000| Untracked 
|  39|0x0000000082700000, 0x0000000082800000, 0x0000000082800000|100%| O|  |TAMS 0x0000000082800000, 0x0000000082700000| Untracked 
|  40|0x0000000082800000, 0x0000000082900000, 0x0000000082900000|100%| O|  |TAMS 0x0000000082900000, 0x0000000082800000| Untracked 
|  41|0x0000000082900000, 0x0000000082a00000, 0x0000000082a00000|100%|HS|  |TAMS 0x0000000082a00000, 0x0000000082900000| Complete 
|  42|0x0000000082a00000, 0x0000000082b00000, 0x0000000082b00000|100%| O|  |TAMS 0x0000000082b00000, 0x0000000082a00000| Untracked 
|  43|0x0000000082b00000, 0x0000000082c00000, 0x0000000082c00000|100%| O|  |TAMS 0x0000000082c00000, 0x0000000082b00000| Complete 
|  44|0x0000000082c00000, 0x0000000082d00000, 0x0000000082d00000|100%| O|  |TAMS 0x0000000082d00000, 0x0000000082c00000| Complete 
|  45|0x0000000082d00000, 0x0000000082e00000, 0x0000000082e00000|100%| O|  |TAMS 0x0000000082e00000, 0x0000000082d00000| Complete 
|  46|0x0000000082e00000, 0x0000000082f00000, 0x0000000082f00000|100%|HS|  |TAMS 0x0000000082f00000, 0x0000000082e00000| Complete 
|  47|0x0000000082f00000, 0x0000000083000000, 0x0000000083000000|100%| O|  |TAMS 0x0000000083000000, 0x0000000082f00000| Untracked 
|  48|0x0000000083000000, 0x0000000083100000, 0x0000000083100000|100%| O|  |TAMS 0x0000000083100000, 0x0000000083000000| Untracked 
|  49|0x0000000083100000, 0x0000000083200000, 0x0000000083200000|100%| O|  |TAMS 0x0000000083200000, 0x0000000083100000| Untracked 
|  50|0x0000000083200000, 0x0000000083300000, 0x0000000083300000|100%| O|  |TAMS 0x0000000083300000, 0x0000000083200000| Untracked 
|  51|0x0000000083300000, 0x0000000083400000, 0x0000000083400000|100%| O|  |TAMS 0x0000000083400000, 0x0000000083300000| Untracked 
|  52|0x0000000083400000, 0x0000000083500000, 0x0000000083500000|100%| O|  |TAMS 0x0000000083500000, 0x0000000083400000| Untracked 
|  53|0x0000000083500000, 0x0000000083600000, 0x0000000083600000|100%| O|  |TAMS 0x0000000083600000, 0x0000000083500000| Complete 
|  54|0x0000000083600000, 0x0000000083700000, 0x0000000083700000|100%| O|  |TAMS 0x0000000083700000, 0x0000000083600000| Complete 
|  55|0x0000000083700000, 0x0000000083800000, 0x0000000083800000|100%| O|  |TAMS 0x0000000083800000, 0x0000000083700000| Untracked 
|  56|0x0000000083800000, 0x0000000083900000, 0x0000000083900000|100%| O|  |TAMS 0x0000000083900000, 0x0000000083800000| Complete 
|  57|0x0000000083900000, 0x0000000083a00000, 0x0000000083a00000|100%| O|  |TAMS 0x0000000083a00000, 0x0000000083900000| Complete 
|  58|0x0000000083a00000, 0x0000000083b00000, 0x0000000083b00000|100%| O|  |TAMS 0x0000000083b00000, 0x0000000083a00000| Untracked 
|  59|0x0000000083b00000, 0x0000000083c00000, 0x0000000083c00000|100%| O|  |TAMS 0x0000000083c00000, 0x0000000083b00000| Untracked 
|  60|0x0000000083c00000, 0x0000000083d00000, 0x0000000083d00000|100%| O|  |TAMS 0x0000000083d00000, 0x0000000083c00000| Complete 
|  61|0x0000000083d00000, 0x0000000083e00000, 0x0000000083e00000|100%| O|  |TAMS 0x0000000083e00000, 0x0000000083d00000| Untracked 
|  62|0x0000000083e00000, 0x0000000083f00000, 0x0000000083f00000|100%| O|  |TAMS 0x0000000083f00000, 0x0000000083e00000| Untracked 
|  63|0x0000000083f00000, 0x0000000084000000, 0x0000000084000000|100%| O|  |TAMS 0x0000000084000000, 0x0000000083f00000| Complete 
|  64|0x0000000084000000, 0x0000000084100000, 0x0000000084100000|100%| O|  |TAMS 0x0000000084100000, 0x0000000084000000| Untracked 
|  65|0x0000000084100000, 0x0000000084200000, 0x0000000084200000|100%| O|  |TAMS 0x0000000084200000, 0x0000000084100000| Untracked 
|  66|0x0000000084200000, 0x0000000084300000, 0x0000000084300000|100%| O|  |TAMS 0x0000000084300000, 0x0000000084200000| Untracked 
|  67|0x0000000084300000, 0x0000000084400000, 0x0000000084400000|100%| O|  |TAMS 0x0000000084400000, 0x0000000084300000| Untracked 
|  68|0x0000000084400000, 0x0000000084500000, 0x0000000084500000|100%| O|  |TAMS 0x0000000084500000, 0x0000000084400000| Complete 
|  69|0x0000000084500000, 0x0000000084600000, 0x0000000084600000|100%| O|  |TAMS 0x0000000084600000, 0x0000000084500000| Untracked 
|  70|0x0000000084600000, 0x0000000084700000, 0x0000000084700000|100%|HS|  |TAMS 0x0000000084700000, 0x0000000084600000| Complete 
|  71|0x0000000084700000, 0x0000000084800000, 0x0000000084800000|100%| O|  |TAMS 0x0000000084800000, 0x0000000084700000| Untracked 
|  72|0x0000000084800000, 0x0000000084900000, 0x0000000084900000|100%| O|  |TAMS 0x0000000084900000, 0x0000000084800000| Untracked 
|  73|0x0000000084900000, 0x0000000084a00000, 0x0000000084a00000|100%| O|  |TAMS 0x0000000084a00000, 0x0000000084900000| Complete 
|  74|0x0000000084a00000, 0x0000000084b00000, 0x0000000084b00000|100%| O|  |TAMS 0x0000000084b00000, 0x0000000084a00000| Untracked 
|  75|0x0000000084b00000, 0x0000000084c00000, 0x0000000084c00000|100%| O|  |TAMS 0x0000000084c00000, 0x0000000084b00000| Untracked 
|  76|0x0000000084c00000, 0x0000000084d00000, 0x0000000084d00000|100%| O|  |TAMS 0x0000000084d00000, 0x0000000084c00000| Untracked 
|  77|0x0000000084d00000, 0x0000000084e00000, 0x0000000084e00000|100%| O|  |TAMS 0x0000000084e00000, 0x0000000084d00000| Complete 
|  78|0x0000000084e00000, 0x0000000084f00000, 0x0000000084f00000|100%| O|  |TAMS 0x0000000084f00000, 0x0000000084e00000| Complete 
|  79|0x0000000084f00000, 0x0000000085000000, 0x0000000085000000|100%| O|  |TAMS 0x0000000084f00000, 0x0000000084f00000| Untracked 
|  80|0x0000000085000000, 0x0000000085100000, 0x0000000085100000|100%| O|  |TAMS 0x0000000085100000, 0x0000000085000000| Complete 
|  81|0x0000000085100000, 0x0000000085200000, 0x0000000085200000|100%| O|  |TAMS 0x0000000085200000, 0x0000000085100000| Untracked 
|  82|0x0000000085200000, 0x0000000085300000, 0x0000000085300000|100%| O|  |TAMS 0x0000000085300000, 0x0000000085200000| Untracked 
|  83|0x0000000085300000, 0x0000000085400000, 0x0000000085400000|100%|HS|  |TAMS 0x0000000085400000, 0x0000000085300000| Complete 
|  84|0x0000000085400000, 0x0000000085500000, 0x0000000085500000|100%|HC|  |TAMS 0x0000000085500000, 0x0000000085400000| Complete 
|  85|0x0000000085500000, 0x0000000085600000, 0x0000000085600000|100%| O|  |TAMS 0x0000000085600000, 0x0000000085500000| Complete 
|  86|0x0000000085600000, 0x0000000085700000, 0x0000000085700000|100%|HS|  |TAMS 0x0000000085700000, 0x0000000085600000| Complete 
|  87|0x0000000085700000, 0x0000000085800000, 0x0000000085800000|100%|HC|  |TAMS 0x0000000085800000, 0x0000000085700000| Complete 
|  88|0x0000000085800000, 0x0000000085900000, 0x0000000085900000|100%| O|  |TAMS 0x0000000085900000, 0x0000000085800000| Untracked 
|  89|0x0000000085900000, 0x0000000085a00000, 0x0000000085a00000|100%| O|  |TAMS 0x0000000085a00000, 0x0000000085900000| Untracked 
|  90|0x0000000085a00000, 0x0000000085b00000, 0x0000000085b00000|100%| O|  |TAMS 0x0000000085b00000, 0x0000000085a00000| Complete 
|  91|0x0000000085b00000, 0x0000000085c00000, 0x0000000085c00000|100%|HS|  |TAMS 0x0000000085c00000, 0x0000000085b00000| Complete 
|  92|0x0000000085c00000, 0x0000000085d00000, 0x0000000085d00000|100%|HC|  |TAMS 0x0000000085d00000, 0x0000000085c00000| Complete 
|  93|0x0000000085d00000, 0x0000000085e00000, 0x0000000085e00000|100%|HC|  |TAMS 0x0000000085e00000, 0x0000000085d00000| Complete 
|  94|0x0000000085e00000, 0x0000000085f00000, 0x0000000085f00000|100%| O|  |TAMS 0x0000000085e00000, 0x0000000085e00000| Untracked 
|  95|0x0000000085f00000, 0x0000000086000000, 0x0000000086000000|100%| O|  |TAMS 0x0000000085f00000, 0x0000000085f00000| Untracked 
|  96|0x0000000086000000, 0x0000000086100000, 0x0000000086100000|100%| O|  |TAMS 0x0000000086000000, 0x0000000086000000| Untracked 
|  97|0x0000000086100000, 0x0000000086200000, 0x0000000086200000|100%| O|  |TAMS 0x0000000086200000, 0x0000000086100000| Complete 
|  98|0x0000000086200000, 0x0000000086300000, 0x0000000086300000|100%| O|  |TAMS 0x0000000086300000, 0x0000000086200000| Complete 
|  99|0x0000000086300000, 0x0000000086400000, 0x0000000086400000|100%| O|  |TAMS 0x0000000086400000, 0x0000000086300000| Complete 
| 100|0x0000000086400000, 0x0000000086500000, 0x0000000086500000|100%| O|  |TAMS 0x0000000086500000, 0x0000000086400000| Untracked 
| 101|0x0000000086500000, 0x0000000086500000, 0x0000000086600000|  0%| F|  |TAMS 0x0000000086500000, 0x0000000086500000| Untracked 
| 102|0x0000000086600000, 0x0000000086700000, 0x0000000086700000|100%| O|  |TAMS 0x0000000086700000, 0x0000000086600000| Untracked 
| 103|0x0000000086700000, 0x0000000086800000, 0x0000000086800000|100%| O|  |TAMS 0x0000000086800000, 0x0000000086700000| Complete 
| 104|0x0000000086800000, 0x0000000086900000, 0x0000000086900000|100%| O|  |TAMS 0x0000000086900000, 0x0000000086800000| Untracked 
| 105|0x0000000086900000, 0x0000000086a00000, 0x0000000086a00000|100%| O|  |TAMS 0x0000000086a00000, 0x0000000086900000| Untracked 
| 106|0x0000000086a00000, 0x0000000086b00000, 0x0000000086b00000|100%| O|  |TAMS 0x0000000086b00000, 0x0000000086a00000| Untracked 
| 107|0x0000000086b00000, 0x0000000086b00000, 0x0000000086c00000|  0%| F|  |TAMS 0x0000000086b00000, 0x0000000086b00000| Untracked 
| 108|0x0000000086c00000, 0x0000000086c00000, 0x0000000086d00000|  0%| F|  |TAMS 0x0000000086c00000, 0x0000000086c00000| Untracked 
| 109|0x0000000086d00000, 0x0000000086e00000, 0x0000000086e00000|100%|HS|  |TAMS 0x0000000086e00000, 0x0000000086d00000| Complete 
| 110|0x0000000086e00000, 0x0000000086f00000, 0x0000000086f00000|100%|HS|  |TAMS 0x0000000086f00000, 0x0000000086e00000| Complete 
| 111|0x0000000086f00000, 0x0000000087000000, 0x0000000087000000|100%| O|  |TAMS 0x0000000087000000, 0x0000000086f00000| Complete 
| 112|0x0000000087000000, 0x0000000087100000, 0x0000000087100000|100%| O|  |TAMS 0x0000000087100000, 0x0000000087000000| Untracked 
| 113|0x0000000087100000, 0x0000000087200000, 0x0000000087200000|100%| O|  |TAMS 0x0000000087200000, 0x0000000087100000| Untracked 
| 114|0x0000000087200000, 0x0000000087300000, 0x0000000087300000|100%| O|  |TAMS 0x0000000087300000, 0x0000000087200000| Untracked 
| 115|0x0000000087300000, 0x0000000087400000, 0x0000000087400000|100%| O|  |TAMS 0x0000000087400000, 0x0000000087300000| Untracked 
| 116|0x0000000087400000, 0x0000000087500000, 0x0000000087500000|100%| O|  |TAMS 0x0000000087500000, 0x0000000087400000| Complete 
| 117|0x0000000087500000, 0x0000000087600000, 0x0000000087600000|100%| O|  |TAMS 0x0000000087600000, 0x0000000087500000| Untracked 
| 118|0x0000000087600000, 0x0000000087700000, 0x0000000087700000|100%| O|  |TAMS 0x0000000087700000, 0x0000000087600000| Untracked 
| 119|0x0000000087700000, 0x0000000087700000, 0x0000000087800000|  0%| F|  |TAMS 0x0000000087700000, 0x0000000087700000| Untracked 
| 120|0x0000000087800000, 0x0000000087800000, 0x0000000087900000|  0%| F|  |TAMS 0x0000000087800000, 0x0000000087800000| Untracked 
| 121|0x0000000087900000, 0x0000000087900000, 0x0000000087a00000|  0%| F|  |TAMS 0x0000000087900000, 0x0000000087900000| Untracked 
| 122|0x0000000087a00000, 0x0000000087b00000, 0x0000000087b00000|100%| O|  |TAMS 0x0000000087b00000, 0x0000000087a00000| Untracked 
| 123|0x0000000087b00000, 0x0000000087c00000, 0x0000000087c00000|100%| O|  |TAMS 0x0000000087c00000, 0x0000000087b00000| Complete 
| 124|0x0000000087c00000, 0x0000000087d00000, 0x0000000087d00000|100%| O|  |TAMS 0x0000000087d00000, 0x0000000087c00000| Complete 
| 125|0x0000000087d00000, 0x0000000087e00000, 0x0000000087e00000|100%| O|  |TAMS 0x0000000087e00000, 0x0000000087d00000| Complete 
| 126|0x0000000087e00000, 0x0000000087f00000, 0x0000000087f00000|100%| O|  |TAMS 0x0000000087f00000, 0x0000000087e00000| Untracked 
| 127|0x0000000087f00000, 0x0000000088000000, 0x0000000088000000|100%| O|  |TAMS 0x0000000088000000, 0x0000000087f00000| Untracked 
| 128|0x0000000088000000, 0x0000000088100000, 0x0000000088100000|100%| O|  |TAMS 0x0000000088100000, 0x0000000088000000| Complete 
| 129|0x0000000088100000, 0x0000000088200000, 0x0000000088200000|100%| O|  |TAMS 0x0000000088200000, 0x0000000088100000| Untracked 
| 130|0x0000000088200000, 0x0000000088300000, 0x0000000088300000|100%| O|  |TAMS 0x0000000088300000, 0x0000000088200000| Untracked 
| 131|0x0000000088300000, 0x0000000088400000, 0x0000000088400000|100%| O|  |TAMS 0x0000000088400000, 0x0000000088300000| Untracked 
| 132|0x0000000088400000, 0x0000000088500000, 0x0000000088500000|100%| O|  |TAMS 0x0000000088500000, 0x0000000088400000| Untracked 
| 133|0x0000000088500000, 0x0000000088600000, 0x0000000088600000|100%| O|  |TAMS 0x0000000088600000, 0x0000000088500000| Complete 
| 134|0x0000000088600000, 0x0000000088700000, 0x0000000088700000|100%| O|  |TAMS 0x0000000088700000, 0x0000000088600000| Complete 
| 135|0x0000000088700000, 0x0000000088800000, 0x0000000088800000|100%| O|  |TAMS 0x0000000088800000, 0x0000000088700000| Complete 
| 136|0x0000000088800000, 0x0000000088900000, 0x0000000088900000|100%| O|  |TAMS 0x0000000088900000, 0x0000000088800000| Complete 
| 137|0x0000000088900000, 0x0000000088a00000, 0x0000000088a00000|100%| O|  |TAMS 0x0000000088a00000, 0x0000000088900000| Untracked 
| 138|0x0000000088a00000, 0x0000000088b00000, 0x0000000088b00000|100%| O|  |TAMS 0x0000000088b00000, 0x0000000088a00000| Complete 
| 139|0x0000000088b00000, 0x0000000088c00000, 0x0000000088c00000|100%| O|  |TAMS 0x0000000088c00000, 0x0000000088b00000| Complete 
| 140|0x0000000088c00000, 0x0000000088d00000, 0x0000000088d00000|100%| O|  |TAMS 0x0000000088d00000, 0x0000000088c00000| Untracked 
| 141|0x0000000088d00000, 0x0000000088e00000, 0x0000000088e00000|100%| O|  |TAMS 0x0000000088e00000, 0x0000000088d00000| Untracked 
| 142|0x0000000088e00000, 0x0000000088f00000, 0x0000000088f00000|100%| O|  |TAMS 0x0000000088f00000, 0x0000000088e00000| Untracked 
| 143|0x0000000088f00000, 0x0000000089000000, 0x0000000089000000|100%| O|  |TAMS 0x0000000089000000, 0x0000000088f00000| Untracked 
| 144|0x0000000089000000, 0x0000000089100000, 0x0000000089100000|100%| O|  |TAMS 0x0000000089100000, 0x0000000089000000| Untracked 
| 145|0x0000000089100000, 0x0000000089200000, 0x0000000089200000|100%| O|  |TAMS 0x0000000089200000, 0x0000000089100000| Untracked 
| 146|0x0000000089200000, 0x0000000089300000, 0x0000000089300000|100%| O|  |TAMS 0x0000000089300000, 0x0000000089200000| Untracked 
| 147|0x0000000089300000, 0x0000000089400000, 0x0000000089400000|100%| O|  |TAMS 0x0000000089400000, 0x0000000089300000| Untracked 
| 148|0x0000000089400000, 0x0000000089500000, 0x0000000089500000|100%| O|  |TAMS 0x0000000089500000, 0x0000000089400000| Untracked 
| 149|0x0000000089500000, 0x0000000089600000, 0x0000000089600000|100%| O|  |TAMS 0x0000000089600000, 0x0000000089500000| Untracked 
| 150|0x0000000089600000, 0x0000000089700000, 0x0000000089700000|100%| O|  |TAMS 0x0000000089700000, 0x0000000089600000| Complete 
| 151|0x0000000089700000, 0x0000000089800000, 0x0000000089800000|100%| O|  |TAMS 0x0000000089800000, 0x0000000089700000| Complete 
| 152|0x0000000089800000, 0x0000000089900000, 0x0000000089900000|100%| O|  |TAMS 0x0000000089900000, 0x0000000089800000| Complete 
| 153|0x0000000089900000, 0x0000000089a00000, 0x0000000089a00000|100%| O|  |TAMS 0x0000000089a00000, 0x0000000089900000| Complete 
| 154|0x0000000089a00000, 0x0000000089b00000, 0x0000000089b00000|100%| O|  |TAMS 0x0000000089b00000, 0x0000000089a00000| Complete 
| 155|0x0000000089b00000, 0x0000000089c00000, 0x0000000089c00000|100%| O|  |TAMS 0x0000000089c00000, 0x0000000089b00000| Untracked 
| 156|0x0000000089c00000, 0x0000000089d00000, 0x0000000089d00000|100%| O|  |TAMS 0x0000000089d00000, 0x0000000089c00000| Untracked 
| 157|0x0000000089d00000, 0x0000000089e00000, 0x0000000089e00000|100%| O|  |TAMS 0x0000000089e00000, 0x0000000089d00000| Untracked 
| 158|0x0000000089e00000, 0x0000000089f00000, 0x0000000089f00000|100%| O|  |TAMS 0x0000000089f00000, 0x0000000089e00000| Complete 
| 159|0x0000000089f00000, 0x000000008a000000, 0x000000008a000000|100%| O|  |TAMS 0x000000008a000000, 0x0000000089f00000| Untracked 
| 160|0x000000008a000000, 0x000000008a100000, 0x000000008a100000|100%| O|  |TAMS 0x000000008a100000, 0x000000008a000000| Untracked 
| 161|0x000000008a100000, 0x000000008a200000, 0x000000008a200000|100%| O|  |TAMS 0x000000008a200000, 0x000000008a100000| Untracked 
| 162|0x000000008a200000, 0x000000008a300000, 0x000000008a300000|100%| O|  |TAMS 0x000000008a300000, 0x000000008a200000| Untracked 
| 163|0x000000008a300000, 0x000000008a400000, 0x000000008a400000|100%| O|  |TAMS 0x000000008a400000, 0x000000008a300000| Untracked 
| 164|0x000000008a400000, 0x000000008a500000, 0x000000008a500000|100%| O|  |TAMS 0x000000008a500000, 0x000000008a400000| Untracked 
| 165|0x000000008a500000, 0x000000008a600000, 0x000000008a600000|100%| O|  |TAMS 0x000000008a600000, 0x000000008a500000| Untracked 
| 166|0x000000008a600000, 0x000000008a700000, 0x000000008a700000|100%| O|  |TAMS 0x000000008a700000, 0x000000008a600000| Complete 
| 167|0x000000008a700000, 0x000000008a800000, 0x000000008a800000|100%| O|  |TAMS 0x000000008a800000, 0x000000008a700000| Complete 
| 168|0x000000008a800000, 0x000000008a900000, 0x000000008a900000|100%| O|  |TAMS 0x000000008a900000, 0x000000008a800000| Complete 
| 169|0x000000008a900000, 0x000000008aa00000, 0x000000008aa00000|100%| O|  |TAMS 0x000000008aa00000, 0x000000008a900000| Complete 
| 170|0x000000008aa00000, 0x000000008ab00000, 0x000000008ab00000|100%| O|  |TAMS 0x000000008ab00000, 0x000000008aa00000| Complete 
| 171|0x000000008ab00000, 0x000000008ac00000, 0x000000008ac00000|100%| O|  |TAMS 0x000000008ac00000, 0x000000008ab00000| Complete 
| 172|0x000000008ac00000, 0x000000008ad00000, 0x000000008ad00000|100%| O|  |TAMS 0x000000008ad00000, 0x000000008ac00000| Complete 
| 173|0x000000008ad00000, 0x000000008ae00000, 0x000000008ae00000|100%| O|  |TAMS 0x000000008ae00000, 0x000000008ad00000| Untracked 
| 174|0x000000008ae00000, 0x000000008af00000, 0x000000008af00000|100%| O|  |TAMS 0x000000008af00000, 0x000000008ae00000| Complete 
| 175|0x000000008af00000, 0x000000008b000000, 0x000000008b000000|100%| O|  |TAMS 0x000000008b000000, 0x000000008af00000| Complete 
| 176|0x000000008b000000, 0x000000008b100000, 0x000000008b100000|100%| O|  |TAMS 0x000000008b100000, 0x000000008b000000| Complete 
| 177|0x000000008b100000, 0x000000008b200000, 0x000000008b200000|100%| O|  |TAMS 0x000000008b200000, 0x000000008b100000| Complete 
| 178|0x000000008b200000, 0x000000008b300000, 0x000000008b300000|100%| O|  |TAMS 0x000000008b300000, 0x000000008b200000| Complete 
| 179|0x000000008b300000, 0x000000008b400000, 0x000000008b400000|100%| O|  |TAMS 0x000000008b400000, 0x000000008b300000| Complete 
| 180|0x000000008b400000, 0x000000008b500000, 0x000000008b500000|100%| O|  |TAMS 0x000000008b500000, 0x000000008b400000| Complete 
| 181|0x000000008b500000, 0x000000008b600000, 0x000000008b600000|100%| O|  |TAMS 0x000000008b600000, 0x000000008b500000| Untracked 
| 182|0x000000008b600000, 0x000000008b700000, 0x000000008b700000|100%| O|  |TAMS 0x000000008b700000, 0x000000008b600000| Complete 
| 183|0x000000008b700000, 0x000000008b800000, 0x000000008b800000|100%| O|  |TAMS 0x000000008b800000, 0x000000008b700000| Untracked 
| 184|0x000000008b800000, 0x000000008b900000, 0x000000008b900000|100%| O|  |TAMS 0x000000008b900000, 0x000000008b800000| Complete 
| 185|0x000000008b900000, 0x000000008ba00000, 0x000000008ba00000|100%| O|  |TAMS 0x000000008ba00000, 0x000000008b900000| Complete 
| 186|0x000000008ba00000, 0x000000008bb00000, 0x000000008bb00000|100%| O|  |TAMS 0x000000008bb00000, 0x000000008ba00000| Untracked 
| 187|0x000000008bb00000, 0x000000008bc00000, 0x000000008bc00000|100%| O|  |TAMS 0x000000008bc00000, 0x000000008bb00000| Untracked 
| 188|0x000000008bc00000, 0x000000008bd00000, 0x000000008bd00000|100%| O|  |TAMS 0x000000008bd00000, 0x000000008bc00000| Untracked 
| 189|0x000000008bd00000, 0x000000008be00000, 0x000000008be00000|100%| O|  |TAMS 0x000000008be00000, 0x000000008bd00000| Untracked 
| 190|0x000000008be00000, 0x000000008bf00000, 0x000000008bf00000|100%| O|  |TAMS 0x000000008bf00000, 0x000000008be00000| Untracked 
| 191|0x000000008bf00000, 0x000000008c000000, 0x000000008c000000|100%| O|  |TAMS 0x000000008c000000, 0x000000008bf00000| Complete 
| 192|0x000000008c000000, 0x000000008c100000, 0x000000008c100000|100%| O|  |TAMS 0x000000008c100000, 0x000000008c000000| Untracked 
| 193|0x000000008c100000, 0x000000008c200000, 0x000000008c200000|100%| O|  |TAMS 0x000000008c200000, 0x000000008c100000| Untracked 
| 194|0x000000008c200000, 0x000000008c300000, 0x000000008c300000|100%| O|  |TAMS 0x000000008c300000, 0x000000008c200000| Untracked 
| 195|0x000000008c300000, 0x000000008c400000, 0x000000008c400000|100%| O|  |TAMS 0x000000008c400000, 0x000000008c300000| Complete 
| 196|0x000000008c400000, 0x000000008c500000, 0x000000008c500000|100%| O|  |TAMS 0x000000008c500000, 0x000000008c400000| Untracked 
| 197|0x000000008c500000, 0x000000008c600000, 0x000000008c600000|100%| O|  |TAMS 0x000000008c600000, 0x000000008c500000| Untracked 
| 198|0x000000008c600000, 0x000000008c700000, 0x000000008c700000|100%| O|  |TAMS 0x000000008c700000, 0x000000008c600000| Complete 
| 199|0x000000008c700000, 0x000000008c800000, 0x000000008c800000|100%| O|  |TAMS 0x000000008c800000, 0x000000008c700000| Untracked 
| 200|0x000000008c800000, 0x000000008c900000, 0x000000008c900000|100%| O|  |TAMS 0x000000008c900000, 0x000000008c800000| Untracked 
| 201|0x000000008c900000, 0x000000008ca00000, 0x000000008ca00000|100%| O|  |TAMS 0x000000008ca00000, 0x000000008c900000| Complete 
| 202|0x000000008ca00000, 0x000000008cb00000, 0x000000008cb00000|100%| O|  |TAMS 0x000000008cb00000, 0x000000008ca00000| Complete 
| 203|0x000000008cb00000, 0x000000008cc00000, 0x000000008cc00000|100%| O|  |TAMS 0x000000008cb80000, 0x000000008cb00000| Untracked 
| 204|0x000000008cc00000, 0x000000008cc00000, 0x000000008cd00000|  0%| F|  |TAMS 0x000000008cc00000, 0x000000008cc00000| Untracked 
| 205|0x000000008cd00000, 0x000000008cd00000, 0x000000008ce00000|  0%| F|  |TAMS 0x000000008cd00000, 0x000000008cd00000| Untracked 
| 206|0x000000008ce00000, 0x000000008ce00000, 0x000000008cf00000|  0%| F|  |TAMS 0x000000008ce00000, 0x000000008ce00000| Untracked 
| 207|0x000000008cf00000, 0x000000008cf00000, 0x000000008d000000|  0%| F|  |TAMS 0x000000008cf00000, 0x000000008cf00000| Untracked 
| 208|0x000000008d000000, 0x000000008d000000, 0x000000008d100000|  0%| F|  |TAMS 0x000000008d000000, 0x000000008d000000| Untracked 
| 209|0x000000008d100000, 0x000000008d100000, 0x000000008d200000|  0%| F|  |TAMS 0x000000008d100000, 0x000000008d100000| Untracked 
| 210|0x000000008d200000, 0x000000008d200000, 0x000000008d300000|  0%| F|  |TAMS 0x000000008d200000, 0x000000008d200000| Untracked 
| 211|0x000000008d300000, 0x000000008d300000, 0x000000008d400000|  0%| F|  |TAMS 0x000000008d300000, 0x000000008d300000| Untracked 
| 212|0x000000008d400000, 0x000000008d400000, 0x000000008d500000|  0%| F|  |TAMS 0x000000008d400000, 0x000000008d400000| Untracked 
| 213|0x000000008d500000, 0x000000008d500000, 0x000000008d600000|  0%| F|  |TAMS 0x000000008d500000, 0x000000008d500000| Untracked 
| 214|0x000000008d600000, 0x000000008d600000, 0x000000008d700000|  0%| F|  |TAMS 0x000000008d600000, 0x000000008d600000| Untracked 
| 215|0x000000008d700000, 0x000000008d700000, 0x000000008d800000|  0%| F|  |TAMS 0x000000008d700000, 0x000000008d700000| Untracked 
| 216|0x000000008d800000, 0x000000008d800000, 0x000000008d900000|  0%| F|  |TAMS 0x000000008d800000, 0x000000008d800000| Untracked 
| 217|0x000000008d900000, 0x000000008d900000, 0x000000008da00000|  0%| F|  |TAMS 0x000000008d900000, 0x000000008d900000| Untracked 
| 218|0x000000008da00000, 0x000000008da00000, 0x000000008db00000|  0%| F|  |TAMS 0x000000008da00000, 0x000000008da00000| Untracked 
| 219|0x000000008db00000, 0x000000008db00000, 0x000000008dc00000|  0%| F|  |TAMS 0x000000008db00000, 0x000000008db00000| Untracked 
| 220|0x000000008dc00000, 0x000000008dc00000, 0x000000008dd00000|  0%| F|  |TAMS 0x000000008dc00000, 0x000000008dc00000| Untracked 
| 221|0x000000008dd00000, 0x000000008dd00000, 0x000000008de00000|  0%| F|  |TAMS 0x000000008dd00000, 0x000000008dd00000| Untracked 
| 222|0x000000008de00000, 0x000000008de00000, 0x000000008df00000|  0%| F|  |TAMS 0x000000008de00000, 0x000000008de00000| Untracked 
| 223|0x000000008df00000, 0x000000008df00000, 0x000000008e000000|  0%| F|  |TAMS 0x000000008df00000, 0x000000008df00000| Untracked 
| 224|0x000000008e000000, 0x000000008e000000, 0x000000008e100000|  0%| F|  |TAMS 0x000000008e000000, 0x000000008e000000| Untracked 
| 225|0x000000008e100000, 0x000000008e100000, 0x000000008e200000|  0%| F|  |TAMS 0x000000008e100000, 0x000000008e100000| Untracked 
| 226|0x000000008e200000, 0x000000008e200000, 0x000000008e300000|  0%| F|  |TAMS 0x000000008e200000, 0x000000008e200000| Untracked 
| 227|0x000000008e300000, 0x000000008e300000, 0x000000008e400000|  0%| F|  |TAMS 0x000000008e300000, 0x000000008e300000| Untracked 
| 228|0x000000008e400000, 0x000000008e400000, 0x000000008e500000|  0%| F|  |TAMS 0x000000008e400000, 0x000000008e400000| Untracked 
| 229|0x000000008e500000, 0x000000008e500000, 0x000000008e600000|  0%| F|  |TAMS 0x000000008e500000, 0x000000008e500000| Untracked 
| 230|0x000000008e600000, 0x000000008e600000, 0x000000008e700000|  0%| F|  |TAMS 0x000000008e600000, 0x000000008e600000| Untracked 
| 231|0x000000008e700000, 0x000000008e700000, 0x000000008e800000|  0%| F|  |TAMS 0x000000008e700000, 0x000000008e700000| Untracked 
| 232|0x000000008e800000, 0x000000008e800000, 0x000000008e900000|  0%| F|  |TAMS 0x000000008e800000, 0x000000008e800000| Untracked 
| 233|0x000000008e900000, 0x000000008e900000, 0x000000008ea00000|  0%| F|  |TAMS 0x000000008e900000, 0x000000008e900000| Untracked 
| 234|0x000000008ea00000, 0x000000008ea00000, 0x000000008eb00000|  0%| F|  |TAMS 0x000000008ea00000, 0x000000008ea00000| Untracked 
| 235|0x000000008eb00000, 0x000000008eb00000, 0x000000008ec00000|  0%| F|  |TAMS 0x000000008eb00000, 0x000000008eb00000| Untracked 
| 236|0x000000008ec00000, 0x000000008ec00000, 0x000000008ed00000|  0%| F|  |TAMS 0x000000008ec00000, 0x000000008ec00000| Untracked 
| 237|0x000000008ed00000, 0x000000008ed00000, 0x000000008ee00000|  0%| F|  |TAMS 0x000000008ed00000, 0x000000008ed00000| Untracked 
| 238|0x000000008ee00000, 0x000000008ee00000, 0x000000008ef00000|  0%| F|  |TAMS 0x000000008ee00000, 0x000000008ee00000| Untracked 
| 239|0x000000008ef00000, 0x000000008ef00000, 0x000000008f000000|  0%| F|  |TAMS 0x000000008ef00000, 0x000000008ef00000| Untracked 
| 240|0x000000008f000000, 0x000000008f000000, 0x000000008f100000|  0%| F|  |TAMS 0x000000008f000000, 0x000000008f000000| Untracked 
| 241|0x000000008f100000, 0x000000008f100000, 0x000000008f200000|  0%| F|  |TAMS 0x000000008f100000, 0x000000008f100000| Untracked 
| 242|0x000000008f200000, 0x000000008f200000, 0x000000008f300000|  0%| F|  |TAMS 0x000000008f200000, 0x000000008f200000| Untracked 
| 243|0x000000008f300000, 0x000000008f300000, 0x000000008f400000|  0%| F|  |TAMS 0x000000008f300000, 0x000000008f300000| Untracked 
| 244|0x000000008f400000, 0x000000008f400000, 0x000000008f500000|  0%| F|  |TAMS 0x000000008f400000, 0x000000008f400000| Untracked 
| 245|0x000000008f500000, 0x000000008f500000, 0x000000008f600000|  0%| F|  |TAMS 0x000000008f500000, 0x000000008f500000| Untracked 
| 246|0x000000008f600000, 0x000000008f600000, 0x000000008f700000|  0%| F|  |TAMS 0x000000008f600000, 0x000000008f600000| Untracked 
| 247|0x000000008f700000, 0x000000008f700000, 0x000000008f800000|  0%| F|  |TAMS 0x000000008f700000, 0x000000008f700000| Untracked 
| 248|0x000000008f800000, 0x000000008f800000, 0x000000008f900000|  0%| F|  |TAMS 0x000000008f800000, 0x000000008f800000| Untracked 
| 249|0x000000008f900000, 0x000000008f900000, 0x000000008fa00000|  0%| F|  |TAMS 0x000000008f900000, 0x000000008f900000| Untracked 
| 250|0x000000008fa00000, 0x000000008fa00000, 0x000000008fb00000|  0%| F|  |TAMS 0x000000008fa00000, 0x000000008fa00000| Untracked 
| 251|0x000000008fb00000, 0x000000008fb00000, 0x000000008fc00000|  0%| F|  |TAMS 0x000000008fb00000, 0x000000008fb00000| Untracked 
| 252|0x000000008fc00000, 0x000000008fc00000, 0x000000008fd00000|  0%| F|  |TAMS 0x000000008fc00000, 0x000000008fc00000| Untracked 
| 253|0x000000008fd00000, 0x000000008fd00000, 0x000000008fe00000|  0%| F|  |TAMS 0x000000008fd00000, 0x000000008fd00000| Untracked 
| 254|0x000000008fe00000, 0x000000008fe00000, 0x000000008ff00000|  0%| F|  |TAMS 0x000000008fe00000, 0x000000008fe00000| Untracked 
| 255|0x000000008ff00000, 0x000000008ff00000, 0x0000000090000000|  0%| F|  |TAMS 0x000000008ff00000, 0x000000008ff00000| Untracked 
| 256|0x0000000090000000, 0x0000000090000000, 0x0000000090100000|  0%| F|  |TAMS 0x0000000090000000, 0x0000000090000000| Untracked 
| 257|0x0000000090100000, 0x0000000090100000, 0x0000000090200000|  0%| F|  |TAMS 0x0000000090100000, 0x0000000090100000| Untracked 
| 258|0x0000000090200000, 0x0000000090200000, 0x0000000090300000|  0%| F|  |TAMS 0x0000000090200000, 0x0000000090200000| Untracked 
| 259|0x0000000090300000, 0x0000000090300000, 0x0000000090400000|  0%| F|  |TAMS 0x0000000090300000, 0x0000000090300000| Untracked 
| 260|0x0000000090400000, 0x0000000090400000, 0x0000000090500000|  0%| F|  |TAMS 0x0000000090400000, 0x0000000090400000| Untracked 
| 261|0x0000000090500000, 0x0000000090500000, 0x0000000090600000|  0%| F|  |TAMS 0x0000000090500000, 0x0000000090500000| Untracked 
| 262|0x0000000090600000, 0x0000000090600000, 0x0000000090700000|  0%| F|  |TAMS 0x0000000090600000, 0x0000000090600000| Untracked 
| 263|0x0000000090700000, 0x0000000090700000, 0x0000000090800000|  0%| F|  |TAMS 0x0000000090700000, 0x0000000090700000| Untracked 
| 264|0x0000000090800000, 0x0000000090800000, 0x0000000090900000|  0%| F|  |TAMS 0x0000000090800000, 0x0000000090800000| Untracked 
| 265|0x0000000090900000, 0x0000000090900000, 0x0000000090a00000|  0%| F|  |TAMS 0x0000000090900000, 0x0000000090900000| Untracked 
| 266|0x0000000090a00000, 0x0000000090a00000, 0x0000000090b00000|  0%| F|  |TAMS 0x0000000090a00000, 0x0000000090a00000| Untracked 
| 267|0x0000000090b00000, 0x0000000090b00000, 0x0000000090c00000|  0%| F|  |TAMS 0x0000000090b00000, 0x0000000090b00000| Untracked 
| 268|0x0000000090c00000, 0x0000000090c00000, 0x0000000090d00000|  0%| F|  |TAMS 0x0000000090c00000, 0x0000000090c00000| Untracked 
| 269|0x0000000090d00000, 0x0000000090d00000, 0x0000000090e00000|  0%| F|  |TAMS 0x0000000090d00000, 0x0000000090d00000| Untracked 
| 270|0x0000000090e00000, 0x0000000090e00000, 0x0000000090f00000|  0%| F|  |TAMS 0x0000000090e00000, 0x0000000090e00000| Untracked 
| 271|0x0000000090f00000, 0x0000000090f00000, 0x0000000091000000|  0%| F|  |TAMS 0x0000000090f00000, 0x0000000090f00000| Untracked 
| 272|0x0000000091000000, 0x0000000091000000, 0x0000000091100000|  0%| F|  |TAMS 0x0000000091000000, 0x0000000091000000| Untracked 
| 273|0x0000000091100000, 0x0000000091100000, 0x0000000091200000|  0%| F|  |TAMS 0x0000000091100000, 0x0000000091100000| Untracked 
| 274|0x0000000091200000, 0x0000000091200000, 0x0000000091300000|  0%| F|  |TAMS 0x0000000091200000, 0x0000000091200000| Untracked 
| 275|0x0000000091300000, 0x0000000091300000, 0x0000000091400000|  0%| F|  |TAMS 0x0000000091300000, 0x0000000091300000| Untracked 
| 276|0x0000000091400000, 0x0000000091400000, 0x0000000091500000|  0%| F|  |TAMS 0x0000000091400000, 0x0000000091400000| Untracked 
| 277|0x0000000091500000, 0x0000000091500000, 0x0000000091600000|  0%| F|  |TAMS 0x0000000091500000, 0x0000000091500000| Untracked 
| 278|0x0000000091600000, 0x0000000091600000, 0x0000000091700000|  0%| F|  |TAMS 0x0000000091600000, 0x0000000091600000| Untracked 
| 279|0x0000000091700000, 0x0000000091700000, 0x0000000091800000|  0%| F|  |TAMS 0x0000000091700000, 0x0000000091700000| Untracked 
| 280|0x0000000091800000, 0x0000000091800000, 0x0000000091900000|  0%| F|  |TAMS 0x0000000091800000, 0x0000000091800000| Untracked 
| 281|0x0000000091900000, 0x0000000091900000, 0x0000000091a00000|  0%| F|  |TAMS 0x0000000091900000, 0x0000000091900000| Untracked 
| 282|0x0000000091a00000, 0x0000000091a00000, 0x0000000091b00000|  0%| F|  |TAMS 0x0000000091a00000, 0x0000000091a00000| Untracked 
| 283|0x0000000091b00000, 0x0000000091b00000, 0x0000000091c00000|  0%| F|  |TAMS 0x0000000091b00000, 0x0000000091b00000| Untracked 
| 284|0x0000000091c00000, 0x0000000091c00000, 0x0000000091d00000|  0%| F|  |TAMS 0x0000000091c00000, 0x0000000091c00000| Untracked 
| 285|0x0000000091d00000, 0x0000000091d00000, 0x0000000091e00000|  0%| F|  |TAMS 0x0000000091d00000, 0x0000000091d00000| Untracked 
| 286|0x0000000091e00000, 0x0000000091e00000, 0x0000000091f00000|  0%| F|  |TAMS 0x0000000091e00000, 0x0000000091e00000| Untracked 
| 287|0x0000000091f00000, 0x0000000091f00000, 0x0000000092000000|  0%| F|  |TAMS 0x0000000091f00000, 0x0000000091f00000| Untracked 
| 288|0x0000000092000000, 0x0000000092000000, 0x0000000092100000|  0%| F|  |TAMS 0x0000000092000000, 0x0000000092000000| Untracked 
| 289|0x0000000092100000, 0x0000000092100000, 0x0000000092200000|  0%| F|  |TAMS 0x0000000092100000, 0x0000000092100000| Untracked 
| 290|0x0000000092200000, 0x0000000092200000, 0x0000000092300000|  0%| F|  |TAMS 0x0000000092200000, 0x0000000092200000| Untracked 
| 291|0x0000000092300000, 0x0000000092300000, 0x0000000092400000|  0%| F|  |TAMS 0x0000000092300000, 0x0000000092300000| Untracked 
| 292|0x0000000092400000, 0x0000000092400000, 0x0000000092500000|  0%| F|  |TAMS 0x0000000092400000, 0x0000000092400000| Untracked 
| 293|0x0000000092500000, 0x0000000092500000, 0x0000000092600000|  0%| F|  |TAMS 0x0000000092500000, 0x0000000092500000| Untracked 
| 294|0x0000000092600000, 0x0000000092600000, 0x0000000092700000|  0%| F|  |TAMS 0x0000000092600000, 0x0000000092600000| Untracked 
| 295|0x0000000092700000, 0x0000000092700000, 0x0000000092800000|  0%| F|  |TAMS 0x0000000092700000, 0x0000000092700000| Untracked 
| 296|0x0000000092800000, 0x0000000092800000, 0x0000000092900000|  0%| F|  |TAMS 0x0000000092800000, 0x0000000092800000| Untracked 
| 297|0x0000000092900000, 0x0000000092900000, 0x0000000092a00000|  0%| F|  |TAMS 0x0000000092900000, 0x0000000092900000| Untracked 
| 298|0x0000000092a00000, 0x0000000092a00000, 0x0000000092b00000|  0%| F|  |TAMS 0x0000000092a00000, 0x0000000092a00000| Untracked 
| 299|0x0000000092b00000, 0x0000000092b00000, 0x0000000092c00000|  0%| F|  |TAMS 0x0000000092b00000, 0x0000000092b00000| Untracked 
| 300|0x0000000092c00000, 0x0000000092c00000, 0x0000000092d00000|  0%| F|  |TAMS 0x0000000092c00000, 0x0000000092c00000| Untracked 
| 301|0x0000000092d00000, 0x0000000092d00000, 0x0000000092e00000|  0%| F|  |TAMS 0x0000000092d00000, 0x0000000092d00000| Untracked 
| 302|0x0000000092e00000, 0x0000000092e00000, 0x0000000092f00000|  0%| F|  |TAMS 0x0000000092e00000, 0x0000000092e00000| Untracked 
| 303|0x0000000092f00000, 0x0000000092f00000, 0x0000000093000000|  0%| F|  |TAMS 0x0000000092f00000, 0x0000000092f00000| Untracked 
| 304|0x0000000093000000, 0x0000000093000000, 0x0000000093100000|  0%| F|  |TAMS 0x0000000093000000, 0x0000000093000000| Untracked 
| 305|0x0000000093100000, 0x0000000093100000, 0x0000000093200000|  0%| F|  |TAMS 0x0000000093100000, 0x0000000093100000| Untracked 
| 306|0x0000000093200000, 0x0000000093200000, 0x0000000093300000|  0%| F|  |TAMS 0x0000000093200000, 0x0000000093200000| Untracked 
| 307|0x0000000093300000, 0x0000000093300000, 0x0000000093400000|  0%| F|  |TAMS 0x0000000093300000, 0x0000000093300000| Untracked 
| 308|0x0000000093400000, 0x0000000093400000, 0x0000000093500000|  0%| F|  |TAMS 0x0000000093400000, 0x0000000093400000| Untracked 
| 309|0x0000000093500000, 0x0000000093500000, 0x0000000093600000|  0%| F|  |TAMS 0x0000000093500000, 0x0000000093500000| Untracked 
| 310|0x0000000093600000, 0x0000000093600000, 0x0000000093700000|  0%| F|  |TAMS 0x0000000093600000, 0x0000000093600000| Untracked 
| 311|0x0000000093700000, 0x0000000093700000, 0x0000000093800000|  0%| F|  |TAMS 0x0000000093700000, 0x0000000093700000| Untracked 
| 312|0x0000000093800000, 0x0000000093800000, 0x0000000093900000|  0%| F|  |TAMS 0x0000000093800000, 0x0000000093800000| Untracked 
| 313|0x0000000093900000, 0x0000000093900000, 0x0000000093a00000|  0%| F|  |TAMS 0x0000000093900000, 0x0000000093900000| Untracked 
| 314|0x0000000093a00000, 0x0000000093a00000, 0x0000000093b00000|  0%| F|  |TAMS 0x0000000093a00000, 0x0000000093a00000| Untracked 
| 315|0x0000000093b00000, 0x0000000093b00000, 0x0000000093c00000|  0%| F|  |TAMS 0x0000000093b00000, 0x0000000093b00000| Untracked 
| 316|0x0000000093c00000, 0x0000000093c00000, 0x0000000093d00000|  0%| F|  |TAMS 0x0000000093c00000, 0x0000000093c00000| Untracked 
| 317|0x0000000093d00000, 0x0000000093d00000, 0x0000000093e00000|  0%| F|  |TAMS 0x0000000093d00000, 0x0000000093d00000| Untracked 
| 318|0x0000000093e00000, 0x0000000093e00000, 0x0000000093f00000|  0%| F|  |TAMS 0x0000000093e00000, 0x0000000093e00000| Untracked 
| 319|0x0000000093f00000, 0x0000000093f00000, 0x0000000094000000|  0%| F|  |TAMS 0x0000000093f00000, 0x0000000093f00000| Untracked 
| 320|0x0000000094000000, 0x0000000094000000, 0x0000000094100000|  0%| F|  |TAMS 0x0000000094000000, 0x0000000094000000| Untracked 
| 321|0x0000000094100000, 0x0000000094100000, 0x0000000094200000|  0%| F|  |TAMS 0x0000000094100000, 0x0000000094100000| Untracked 
| 322|0x0000000094200000, 0x0000000094200000, 0x0000000094300000|  0%| F|  |TAMS 0x0000000094200000, 0x0000000094200000| Untracked 
| 323|0x0000000094300000, 0x0000000094300000, 0x0000000094400000|  0%| F|  |TAMS 0x0000000094300000, 0x0000000094300000| Untracked 
| 324|0x0000000094400000, 0x0000000094400000, 0x0000000094500000|  0%| F|  |TAMS 0x0000000094400000, 0x0000000094400000| Untracked 
| 325|0x0000000094500000, 0x0000000094500000, 0x0000000094600000|  0%| F|  |TAMS 0x0000000094500000, 0x0000000094500000| Untracked 
| 326|0x0000000094600000, 0x0000000094600000, 0x0000000094700000|  0%| F|  |TAMS 0x0000000094600000, 0x0000000094600000| Untracked 
| 327|0x0000000094700000, 0x0000000094700000, 0x0000000094800000|  0%| F|  |TAMS 0x0000000094700000, 0x0000000094700000| Untracked 
| 328|0x0000000094800000, 0x0000000094800000, 0x0000000094900000|  0%| F|  |TAMS 0x0000000094800000, 0x0000000094800000| Untracked 
| 329|0x0000000094900000, 0x0000000094900000, 0x0000000094a00000|  0%| F|  |TAMS 0x0000000094900000, 0x0000000094900000| Untracked 
| 330|0x0000000094a00000, 0x0000000094a00000, 0x0000000094b00000|  0%| F|  |TAMS 0x0000000094a00000, 0x0000000094a00000| Untracked 
| 331|0x0000000094b00000, 0x0000000094b00000, 0x0000000094c00000|  0%| F|  |TAMS 0x0000000094b00000, 0x0000000094b00000| Untracked 
| 332|0x0000000094c00000, 0x0000000094c00000, 0x0000000094d00000|  0%| F|  |TAMS 0x0000000094c00000, 0x0000000094c00000| Untracked 
| 333|0x0000000094d00000, 0x0000000094d00000, 0x0000000094e00000|  0%| F|  |TAMS 0x0000000094d00000, 0x0000000094d00000| Untracked 
| 334|0x0000000094e00000, 0x0000000094e00000, 0x0000000094f00000|  0%| F|  |TAMS 0x0000000094e00000, 0x0000000094e00000| Untracked 
| 335|0x0000000094f00000, 0x0000000094f00000, 0x0000000095000000|  0%| F|  |TAMS 0x0000000094f00000, 0x0000000094f00000| Untracked 
| 336|0x0000000095000000, 0x0000000095000000, 0x0000000095100000|  0%| F|  |TAMS 0x0000000095000000, 0x0000000095000000| Untracked 
| 337|0x0000000095100000, 0x0000000095100000, 0x0000000095200000|  0%| F|  |TAMS 0x0000000095100000, 0x0000000095100000| Untracked 
| 338|0x0000000095200000, 0x0000000095200000, 0x0000000095300000|  0%| F|  |TAMS 0x0000000095200000, 0x0000000095200000| Untracked 
| 339|0x0000000095300000, 0x0000000095300000, 0x0000000095400000|  0%| F|  |TAMS 0x0000000095300000, 0x0000000095300000| Untracked 
| 340|0x0000000095400000, 0x0000000095400000, 0x0000000095500000|  0%| F|  |TAMS 0x0000000095400000, 0x0000000095400000| Untracked 
| 341|0x0000000095500000, 0x0000000095500000, 0x0000000095600000|  0%| F|  |TAMS 0x0000000095500000, 0x0000000095500000| Untracked 
| 342|0x0000000095600000, 0x0000000095600000, 0x0000000095700000|  0%| F|  |TAMS 0x0000000095600000, 0x0000000095600000| Untracked 
| 343|0x0000000095700000, 0x0000000095700000, 0x0000000095800000|  0%| F|  |TAMS 0x0000000095700000, 0x0000000095700000| Untracked 
| 344|0x0000000095800000, 0x0000000095800000, 0x0000000095900000|  0%| F|  |TAMS 0x0000000095800000, 0x0000000095800000| Untracked 
| 345|0x0000000095900000, 0x0000000095900000, 0x0000000095a00000|  0%| F|  |TAMS 0x0000000095900000, 0x0000000095900000| Untracked 
| 346|0x0000000095a00000, 0x0000000095a00000, 0x0000000095b00000|  0%| F|  |TAMS 0x0000000095a00000, 0x0000000095a00000| Untracked 
| 347|0x0000000095b00000, 0x0000000095b00000, 0x0000000095c00000|  0%| F|  |TAMS 0x0000000095b00000, 0x0000000095b00000| Untracked 
| 348|0x0000000095c00000, 0x0000000095c00000, 0x0000000095d00000|  0%| F|  |TAMS 0x0000000095c00000, 0x0000000095c00000| Untracked 
| 349|0x0000000095d00000, 0x0000000095d00000, 0x0000000095e00000|  0%| F|  |TAMS 0x0000000095d00000, 0x0000000095d00000| Untracked 
| 350|0x0000000095e00000, 0x0000000095e00000, 0x0000000095f00000|  0%| F|  |TAMS 0x0000000095e00000, 0x0000000095e00000| Untracked 
| 351|0x0000000095f00000, 0x0000000095f00000, 0x0000000096000000|  0%| F|  |TAMS 0x0000000095f00000, 0x0000000095f00000| Untracked 
| 352|0x0000000096000000, 0x0000000096000000, 0x0000000096100000|  0%| F|  |TAMS 0x0000000096000000, 0x0000000096000000| Untracked 
| 353|0x0000000096100000, 0x0000000096100000, 0x0000000096200000|  0%| F|  |TAMS 0x0000000096100000, 0x0000000096100000| Untracked 
| 354|0x0000000096200000, 0x0000000096200000, 0x0000000096300000|  0%| F|  |TAMS 0x0000000096200000, 0x0000000096200000| Untracked 
| 355|0x0000000096300000, 0x0000000096300000, 0x0000000096400000|  0%| F|  |TAMS 0x0000000096300000, 0x0000000096300000| Untracked 
| 356|0x0000000096400000, 0x0000000096400000, 0x0000000096500000|  0%| F|  |TAMS 0x0000000096400000, 0x0000000096400000| Untracked 
| 357|0x0000000096500000, 0x0000000096500000, 0x0000000096600000|  0%| F|  |TAMS 0x0000000096500000, 0x0000000096500000| Untracked 
| 358|0x0000000096600000, 0x0000000096600000, 0x0000000096700000|  0%| F|  |TAMS 0x0000000096600000, 0x0000000096600000| Untracked 
| 359|0x0000000096700000, 0x0000000096700000, 0x0000000096800000|  0%| F|  |TAMS 0x0000000096700000, 0x0000000096700000| Untracked 
| 360|0x0000000096800000, 0x0000000096800000, 0x0000000096900000|  0%| F|  |TAMS 0x0000000096800000, 0x0000000096800000| Untracked 
| 361|0x0000000096900000, 0x0000000096900000, 0x0000000096a00000|  0%| F|  |TAMS 0x0000000096900000, 0x0000000096900000| Untracked 
| 362|0x0000000096a00000, 0x0000000096a00000, 0x0000000096b00000|  0%| F|  |TAMS 0x0000000096a00000, 0x0000000096a00000| Untracked 
| 363|0x0000000096b00000, 0x0000000096b00000, 0x0000000096c00000|  0%| F|  |TAMS 0x0000000096b00000, 0x0000000096b00000| Untracked 
| 364|0x0000000096c00000, 0x0000000096c00000, 0x0000000096d00000|  0%| F|  |TAMS 0x0000000096c00000, 0x0000000096c00000| Untracked 
| 365|0x0000000096d00000, 0x0000000096d00000, 0x0000000096e00000|  0%| F|  |TAMS 0x0000000096d00000, 0x0000000096d00000| Untracked 
| 366|0x0000000096e00000, 0x0000000096e00000, 0x0000000096f00000|  0%| F|  |TAMS 0x0000000096e00000, 0x0000000096e00000| Untracked 
| 367|0x0000000096f00000, 0x0000000096f00000, 0x0000000097000000|  0%| F|  |TAMS 0x0000000096f00000, 0x0000000096f00000| Untracked 
| 368|0x0000000097000000, 0x0000000097000000, 0x0000000097100000|  0%| F|  |TAMS 0x0000000097000000, 0x0000000097000000| Untracked 
| 369|0x0000000097100000, 0x0000000097100000, 0x0000000097200000|  0%| F|  |TAMS 0x0000000097100000, 0x0000000097100000| Untracked 
| 370|0x0000000097200000, 0x0000000097200000, 0x0000000097300000|  0%| F|  |TAMS 0x0000000097200000, 0x0000000097200000| Untracked 
| 371|0x0000000097300000, 0x0000000097300000, 0x0000000097400000|  0%| F|  |TAMS 0x0000000097300000, 0x0000000097300000| Untracked 
| 372|0x0000000097400000, 0x0000000097400000, 0x0000000097500000|  0%| F|  |TAMS 0x0000000097400000, 0x0000000097400000| Untracked 
| 373|0x0000000097500000, 0x0000000097500000, 0x0000000097600000|  0%| F|  |TAMS 0x0000000097500000, 0x0000000097500000| Untracked 
| 374|0x0000000097600000, 0x0000000097600000, 0x0000000097700000|  0%| F|  |TAMS 0x0000000097600000, 0x0000000097600000| Untracked 
| 375|0x0000000097700000, 0x0000000097700000, 0x0000000097800000|  0%| F|  |TAMS 0x0000000097700000, 0x0000000097700000| Untracked 
| 376|0x0000000097800000, 0x0000000097800000, 0x0000000097900000|  0%| F|  |TAMS 0x0000000097800000, 0x0000000097800000| Untracked 
| 377|0x0000000097900000, 0x0000000097900000, 0x0000000097a00000|  0%| F|  |TAMS 0x0000000097900000, 0x0000000097900000| Untracked 
| 378|0x0000000097a00000, 0x0000000097a00000, 0x0000000097b00000|  0%| F|  |TAMS 0x0000000097a00000, 0x0000000097a00000| Untracked 
| 379|0x0000000097b00000, 0x0000000097b00000, 0x0000000097c00000|  0%| F|  |TAMS 0x0000000097b00000, 0x0000000097b00000| Untracked 
| 380|0x0000000097c00000, 0x0000000097d00000, 0x0000000097d00000|100%| S|CS|TAMS 0x0000000097c00000, 0x0000000097c00000| Complete 
| 381|0x0000000097d00000, 0x0000000097e00000, 0x0000000097e00000|100%| S|CS|TAMS 0x0000000097d00000, 0x0000000097d00000| Complete 
| 382|0x0000000097e00000, 0x0000000097e00000, 0x0000000097f00000|  0%| F|  |TAMS 0x0000000097e00000, 0x0000000097e00000| Untracked 
| 383|0x0000000097f00000, 0x0000000097f00000, 0x0000000098000000|  0%| F|  |TAMS 0x0000000097f00000, 0x0000000097f00000| Untracked 
| 384|0x0000000098000000, 0x0000000098000000, 0x0000000098100000|  0%| F|  |TAMS 0x0000000098000000, 0x0000000098000000| Untracked 
| 385|0x0000000098100000, 0x0000000098100000, 0x0000000098200000|  0%| F|  |TAMS 0x0000000098100000, 0x0000000098100000| Untracked 
| 386|0x0000000098200000, 0x0000000098200000, 0x0000000098300000|  0%| F|  |TAMS 0x0000000098200000, 0x0000000098200000| Untracked 
| 387|0x0000000098300000, 0x0000000098300000, 0x0000000098400000|  0%| F|  |TAMS 0x0000000098300000, 0x0000000098300000| Untracked 
| 388|0x0000000098400000, 0x0000000098400000, 0x0000000098500000|  0%| F|  |TAMS 0x0000000098400000, 0x0000000098400000| Untracked 
| 389|0x0000000098500000, 0x0000000098500000, 0x0000000098600000|  0%| F|  |TAMS 0x0000000098500000, 0x0000000098500000| Untracked 
| 390|0x0000000098600000, 0x0000000098600000, 0x0000000098700000|  0%| F|  |TAMS 0x0000000098600000, 0x0000000098600000| Untracked 
| 391|0x0000000098700000, 0x0000000098700000, 0x0000000098800000|  0%| F|  |TAMS 0x0000000098700000, 0x0000000098700000| Untracked 
| 392|0x0000000098800000, 0x0000000098800000, 0x0000000098900000|  0%| F|  |TAMS 0x0000000098800000, 0x0000000098800000| Untracked 
| 393|0x0000000098900000, 0x0000000098900000, 0x0000000098a00000|  0%| F|  |TAMS 0x0000000098900000, 0x0000000098900000| Untracked 
| 394|0x0000000098a00000, 0x0000000098a00000, 0x0000000098b00000|  0%| F|  |TAMS 0x0000000098a00000, 0x0000000098a00000| Untracked 
| 395|0x0000000098b00000, 0x0000000098b00000, 0x0000000098c00000|  0%| F|  |TAMS 0x0000000098b00000, 0x0000000098b00000| Untracked 
| 396|0x0000000098c00000, 0x0000000098c00000, 0x0000000098d00000|  0%| F|  |TAMS 0x0000000098c00000, 0x0000000098c00000| Untracked 
| 397|0x0000000098d00000, 0x0000000098d00000, 0x0000000098e00000|  0%| F|  |TAMS 0x0000000098d00000, 0x0000000098d00000| Untracked 

Card table byte_map: [0x00000172b5e60000,0x00000172b6260000] _byte_map_base: 0x00000172b5a60000

Marking Bits (Prev, Next): (CMBitMap*) 0x00000172a339b028, (CMBitMap*) 0x00000172a339b060
 Prev Bits: [0x00000172b6660000, 0x00000172b8660000)
 Next Bits: [0x00000172b8660000, 0x00000172ba660000)

Polling page: 0x00000172a11c0000

Metaspace:

Usage:
  Non-class:    101.60 MB capacity,    99.61 MB ( 98%) used,     1.60 MB (  2%) free+waste,   399.38 KB ( <1%) overhead. 
      Class:     15.54 MB capacity,    14.31 MB ( 92%) used,     1.06 MB (  7%) free+waste,   173.75 KB (  1%) overhead. 
       Both:    117.14 MB capacity,   113.92 MB ( 97%) used,     2.66 MB (  2%) free+waste,   573.13 KB ( <1%) overhead. 

Virtual space:
  Non-class space:      102.00 MB reserved,     101.62 MB (>99%) committed 
      Class space:        1.00 GB reserved,      15.63 MB (  2%) committed 
             Both:        1.10 GB reserved,     117.25 MB ( 10%) committed 

Chunk freelists:
   Non-Class:  20.00 KB
       Class:  91.00 KB
        Both:  111.00 KB

MaxMetaspaceSize: 17179869184.00 GB
CompressedClassSpaceSize: 1.00 GB
Initial GC threshold: 20.80 MB
Current GC threshold: 195.41 MB
CDS: off

CodeHeap 'non-profiled nmethods': size=120064Kb used=14246Kb max_used=14246Kb free=105817Kb
 bounds [0x00000172ae920000, 0x00000172af760000, 0x00000172b5e60000]
CodeHeap 'profiled nmethods': size=120000Kb used=45539Kb max_used=47356Kb free=74460Kb
 bounds [0x00000172a73f0000, 0x00000172aa260000, 0x00000172ae920000]
CodeHeap 'non-nmethods': size=5696Kb used=2421Kb max_used=2487Kb free=3274Kb
 bounds [0x00000172a6e60000, 0x00000172a70e0000, 0x00000172a73f0000]
 total_blobs=20467 nmethods=19516 adapters=862
 compilation: enabled
              stopped_count=0, restarted_count=0
 full_count=0

Compilation events (20 events):
Event: 2936.295 Thread 0x00000172bca6c800 21364       3       com.android.tools.r8.graph.a0::g (62 bytes)
Event: 2936.296 Thread 0x00000172bca6c800 nmethod 21364 0x00000172a7c9dd10 code [0x00000172a7c9df60, 0x00000172a7c9e8e8]
Event: 2936.297 Thread 0x00000172bca6c800 21365       3       com.android.tools.r8.internal.qr$$Lambda$1826/0x00000001007a0c40::test (12 bytes)
Event: 2936.298 Thread 0x00000172bca6c800 nmethod 21365 0x00000172a7c5fc10 code [0x00000172a7c5fde0, 0x00000172a7c600e8]
Event: 2936.300 Thread 0x00000172bca6c800 21366       1       com.android.tools.r8.internal.ib::a (5 bytes)
Event: 2936.300 Thread 0x00000172bca6c800 nmethod 21366 0x00000172aea2ea10 code [0x00000172aea2ebc0, 0x00000172aea2ec78]
Event: 2936.302 Thread 0x00000172bca6c800 21368       3       com.android.tools.r8.graph.Z0::a (783 bytes)
Event: 2936.314 Thread 0x00000172bca6c800 nmethod 21368 0x00000172a7fdaf90 code [0x00000172a7fdb660, 0x00000172a7fe0088]
Event: 2936.322 Thread 0x00000172bca6c800 21370       3       com.android.tools.r8.internal.qr$$Lambda$1827/0x00000001007a0040::test (12 bytes)
Event: 2936.322 Thread 0x00000172bca6c800 nmethod 21370 0x00000172a7c76a10 code [0x00000172a7c76be0, 0x00000172a7c76ee8]
Event: 2936.339 Thread 0x00000172bd39b800 nmethod 21360 0x00000172aeca8b90 code [0x00000172aeca8d80, 0x00000172aeca9888]
Event: 2936.340 Thread 0x00000172bd39b800 21367       4       com.android.tools.r8.graph.X::g (62 bytes)
Event: 2936.364 Thread 0x00000172bd39b800 nmethod 21367 0x00000172aec78e10 code [0x00000172aec78fe0, 0x00000172aec795d8]
Event: 2936.364 Thread 0x00000172bd39b800 21363       4       com.android.tools.r8.graph.Z0::a (53 bytes)
Event: 2936.393 Thread 0x00000172bca6c800 21374       3       com.android.tools.r8.internal.qr::d (53 bytes)
Event: 2936.395 Thread 0x00000172bca6c800 nmethod 21374 0x00000172a746c690 code [0x00000172a746c8e0, 0x00000172a746d398]
Event: 2936.437 Thread 0x00000172bca6c800 21378 %     3       com.android.tools.r8.graph.Z0::a @ 22 (98 bytes)
Event: 2936.439 Thread 0x00000172bca6c800 nmethod 21378% 0x00000172a7c59310 code [0x00000172a7c595c0, 0x00000172a7c5a8b8]
Event: 2936.439 Thread 0x00000172bca6c800 21379       3       com.android.tools.r8.graph.Z0::a (98 bytes)
Event: 2936.442 Thread 0x00000172bca6c800 nmethod 21379 0x00000172a7946710 code [0x00000172a79469c0, 0x00000172a7947bd8]

GC Heap History (20 events):
Event: 2923.796 GC heap after
{Heap after GC invocations=146 (full 0):
 garbage-first heap   total 183296K, used 157075K [0x0000000080000000, 0x0000000100000000)
  region size 1024K, 1 young (1024K), 1 survivors (1024K)
 Metaspace       used 116477K, capacity 119707K, committed 120060K, reserved 1153024K
  class space    used 14639K, capacity 15897K, committed 16000K, reserved 1048576K
}
Event: 2923.903 GC heap before
{Heap before GC invocations=146 (full 0):
 garbage-first heap   total 183296K, used 164243K [0x0000000080000000, 0x0000000100000000)
  region size 1024K, 8 young (8192K), 1 survivors (1024K)
 Metaspace       used 116486K, capacity 119708K, committed 120060K, reserved 1153024K
  class space    used 14639K, capacity 15897K, committed 16000K, reserved 1048576K
}
Event: 2923.932 GC heap after
{Heap after GC invocations=147 (full 0):
 garbage-first heap   total 183296K, used 161277K [0x0000000080000000, 0x0000000100000000)
  region size 1024K, 1 young (1024K), 1 survivors (1024K)
 Metaspace       used 116486K, capacity 119708K, committed 120060K, reserved 1153024K
  class space    used 14639K, capacity 15897K, committed 16000K, reserved 1048576K
}
Event: 2925.927 GC heap before
{Heap before GC invocations=148 (full 0):
 garbage-first heap   total 183296K, used 168445K [0x0000000080000000, 0x0000000100000000)
  region size 1024K, 8 young (8192K), 1 survivors (1024K)
 Metaspace       used 116510K, capacity 119772K, committed 120060K, reserved 1153024K
  class space    used 14639K, capacity 15897K, committed 16000K, reserved 1048576K
}
Event: 2925.962 GC heap after
{Heap after GC invocations=149 (full 0):
 garbage-first heap   total 220160K, used 165691K [0x0000000080000000, 0x0000000100000000)
  region size 1024K, 1 young (1024K), 1 survivors (1024K)
 Metaspace       used 116510K, capacity 119772K, committed 120060K, reserved 1153024K
  class space    used 14639K, capacity 15897K, committed 16000K, reserved 1048576K
}
Event: 2926.090 GC heap before
{Heap before GC invocations=149 (full 0):
 garbage-first heap   total 220160K, used 174907K [0x0000000080000000, 0x0000000100000000)
  region size 1024K, 10 young (10240K), 1 survivors (1024K)
 Metaspace       used 116513K, capacity 119772K, committed 120060K, reserved 1153024K
  class space    used 14639K, capacity 15897K, committed 16000K, reserved 1048576K
}
Event: 2926.153 GC heap after
{Heap after GC invocations=150 (full 0):
 garbage-first heap   total 220160K, used 169732K [0x0000000080000000, 0x0000000100000000)
  region size 1024K, 2 young (2048K), 2 survivors (2048K)
 Metaspace       used 116513K, capacity 119772K, committed 120060K, reserved 1153024K
  class space    used 14639K, capacity 15897K, committed 16000K, reserved 1048576K
}
Event: 2926.264 GC heap before
{Heap before GC invocations=150 (full 0):
 garbage-first heap   total 220160K, used 179972K [0x0000000080000000, 0x0000000100000000)
  region size 1024K, 12 young (12288K), 2 survivors (2048K)
 Metaspace       used 116515K, capacity 119772K, committed 120060K, reserved 1153024K
  class space    used 14639K, capacity 15897K, committed 16000K, reserved 1048576K
}
Event: 2926.311 GC heap after
{Heap after GC invocations=151 (full 0):
 garbage-first heap   total 220160K, used 175104K [0x0000000080000000, 0x0000000100000000)
  region size 1024K, 2 young (2048K), 2 survivors (2048K)
 Metaspace       used 116515K, capacity 119772K, committed 120060K, reserved 1153024K
  class space    used 14639K, capacity 15897K, committed 16000K, reserved 1048576K
}
Event: 2927.498 GC heap before
{Heap before GC invocations=152 (full 0):
 garbage-first heap   total 220160K, used 184320K [0x0000000080000000, 0x0000000100000000)
  region size 1024K, 11 young (11264K), 2 survivors (2048K)
 Metaspace       used 116515K, capacity 119772K, committed 120060K, reserved 1153024K
  class space    used 14639K, capacity 15897K, committed 16000K, reserved 1048576K
}
Event: 2927.538 GC heap after
{Heap after GC invocations=153 (full 0):
 garbage-first heap   total 220160K, used 180224K [0x0000000080000000, 0x0000000100000000)
  region size 1024K, 2 young (2048K), 2 survivors (2048K)
 Metaspace       used 116515K, capacity 119772K, committed 120060K, reserved 1153024K
  class space    used 14639K, capacity 15897K, committed 16000K, reserved 1048576K
}
Event: 2927.650 GC heap before
{Heap before GC invocations=153 (full 0):
 garbage-first heap   total 220160K, used 188416K [0x0000000080000000, 0x0000000100000000)
  region size 1024K, 10 young (10240K), 2 survivors (2048K)
 Metaspace       used 116515K, capacity 119772K, committed 120060K, reserved 1153024K
  class space    used 14639K, capacity 15897K, committed 16000K, reserved 1048576K
}
Event: 2927.946 GC heap after
{Heap after GC invocations=154 (full 0):
 garbage-first heap   total 407552K, used 183790K [0x0000000080000000, 0x0000000100000000)
  region size 1024K, 2 young (2048K), 2 survivors (2048K)
 Metaspace       used 116515K, capacity 119772K, committed 120060K, reserved 1153024K
  class space    used 14639K, capacity 15897K, committed 16000K, reserved 1048576K
}
Event: 2929.056 GC heap before
{Heap before GC invocations=154 (full 0):
 garbage-first heap   total 407552K, used 201198K [0x0000000080000000, 0x0000000100000000)
  region size 1024K, 19 young (19456K), 2 survivors (2048K)
 Metaspace       used 116524K, capacity 119772K, committed 120060K, reserved 1153024K
  class space    used 14639K, capacity 15897K, committed 16000K, reserved 1048576K
}
Event: 2929.128 GC heap after
{Heap after GC invocations=155 (full 0):
 garbage-first heap   total 407552K, used 193536K [0x0000000080000000, 0x0000000100000000)
  region size 1024K, 3 young (3072K), 3 survivors (3072K)
 Metaspace       used 116524K, capacity 119772K, committed 120060K, reserved 1153024K
  class space    used 14639K, capacity 15897K, committed 16000K, reserved 1048576K
}
Event: 2932.306 GC heap before
{Heap before GC invocations=156 (full 0):
 garbage-first heap   total 407552K, used 212992K [0x0000000080000000, 0x0000000100000000)
  region size 1024K, 22 young (22528K), 3 survivors (3072K)
 Metaspace       used 116529K, capacity 119773K, committed 120060K, reserved 1153024K
  class space    used 14640K, capacity 15897K, committed 16000K, reserved 1048576K
}
Event: 2932.375 GC heap after
{Heap after GC invocations=157 (full 0):
 garbage-first heap   total 407552K, used 203776K [0x0000000080000000, 0x0000000100000000)
  region size 1024K, 3 young (3072K), 3 survivors (3072K)
 Metaspace       used 116529K, capacity 119773K, committed 120060K, reserved 1153024K
  class space    used 14640K, capacity 15897K, committed 16000K, reserved 1048576K
}
Event: 2933.258 GC heap before
{Heap before GC invocations=157 (full 0):
 garbage-first heap   total 407552K, used 229376K [0x0000000080000000, 0x0000000100000000)
  region size 1024K, 29 young (29696K), 3 survivors (3072K)
 Metaspace       used 116599K, capacity 119783K, committed 120060K, reserved 1153024K
  class space    used 14645K, capacity 15899K, committed 16000K, reserved 1048576K
}
Event: 2933.355 GC heap after
{Heap after GC invocations=158 (full 0):
 garbage-first heap   total 407552K, used 212480K [0x0000000080000000, 0x0000000100000000)
  region size 1024K, 4 young (4096K), 4 survivors (4096K)
 Metaspace       used 116599K, capacity 119783K, committed 120060K, reserved 1153024K
  class space    used 14645K, capacity 15899K, committed 16000K, reserved 1048576K
}
Event: 2936.464 GC heap before
{Heap before GC invocations=159 (full 0):
 garbage-first heap   total 407552K, used 217600K [0x0000000080000000, 0x0000000100000000)
  region size 1024K, 20 young (20480K), 4 survivors (4096K)
 Metaspace       used 116655K, capacity 119949K, committed 120060K, reserved 1153024K
  class space    used 14650K, capacity 15909K, committed 16000K, reserved 1048576K
}

Deoptimization events (20 events):
Event: 2934.745 Thread 0x00000172c02aa000 DEOPT PACKING pc=0x00000172a7b94495 sp=0x0000001289aff1b0
Event: 2934.745 Thread 0x00000172c02aa000 DEOPT UNPACKING pc=0x00000172a6eaa93f sp=0x0000001289afe648 mode 0
Event: 2934.855 Thread 0x00000172c02a4800 Uncommon trap: trap_request=0xffffff4d fr.pc=0x00000172af6b060c relative=0x00000000000007ec
Event: 2934.855 Thread 0x00000172c02a4800 Uncommon trap: reason=unstable_if action=reinterpret pc=0x00000172af6b060c method=com.android.tools.r8.internal.mp.a(Lcom/android/tools/r8/internal/op;Lcom/android/tools/r8/internal/op;)V @ 28 c2
Event: 2934.855 Thread 0x00000172c02a4800 DEOPT PACKING pc=0x00000172af6b060c sp=0x00000012898fd9f0
Event: 2934.855 Thread 0x00000172c02a4800 DEOPT UNPACKING pc=0x00000172a6eaa1a9 sp=0x00000012898fd928 mode 2
Event: 2934.867 Thread 0x00000172c02a4800 Uncommon trap: trap_request=0xffffff4d fr.pc=0x00000172af0da778 relative=0x0000000000000598
Event: 2934.867 Thread 0x00000172c02a4800 Uncommon trap: reason=unstable_if action=reinterpret pc=0x00000172af0da778 method=com.android.tools.r8.internal.Fq.a(Lcom/android/tools/r8/graph/c0;)Lcom/android/tools/r8/internal/Fq; @ 43 c2
Event: 2934.867 Thread 0x00000172c02a4800 DEOPT PACKING pc=0x00000172af0da778 sp=0x00000012898fdc20
Event: 2934.867 Thread 0x00000172c02a4800 DEOPT UNPACKING pc=0x00000172a6eaa1a9 sp=0x00000012898fdc08 mode 2
Event: 2934.867 Thread 0x00000172c02a4800 Uncommon trap: trap_request=0xffffff4d fr.pc=0x00000172af6ac280 relative=0x00000000000003e0
Event: 2934.867 Thread 0x00000172c02a4800 Uncommon trap: reason=unstable_if action=reinterpret pc=0x00000172af6ac280 method=com.android.tools.r8.internal.ak.d()I @ 396 c2
Event: 2934.867 Thread 0x00000172c02a4800 DEOPT PACKING pc=0x00000172af6ac280 sp=0x00000012898fd910
Event: 2934.867 Thread 0x00000172c02a4800 DEOPT UNPACKING pc=0x00000172a6eaa1a9 sp=0x00000012898fd840 mode 2
Event: 2934.867 Thread 0x00000172c02a4800 Uncommon trap: trap_request=0xffffff4d fr.pc=0x00000172af6ae410 relative=0x0000000000001750
Event: 2934.867 Thread 0x00000172c02a4800 Uncommon trap: reason=unstable_if action=reinterpret pc=0x00000172af6ae410 method=com.android.tools.r8.internal.ak.o()Lcom/android/tools/r8/internal/ck; @ 15 c2
Event: 2934.867 Thread 0x00000172c02a4800 DEOPT PACKING pc=0x00000172af6ae410 sp=0x00000012898fd940
Event: 2934.867 Thread 0x00000172c02a4800 DEOPT UNPACKING pc=0x00000172a6eaa1a9 sp=0x00000012898fd858 mode 2
Event: 2936.443 Thread 0x00000172c02a4800 DEOPT PACKING pc=0x00000172a9a3aa17 sp=0x00000012898fd530
Event: 2936.443 Thread 0x00000172c02a4800 DEOPT UNPACKING pc=0x00000172a6eaa93f sp=0x00000012898fca18 mode 0

Classes redefined (0 events):
No events

Internal exceptions (20 events):
Event: 2278.294 Thread 0x00000172c57c4800 Exception <a 'sun/nio/fs/WindowsException'{0x00000000887e6f20}> (0x00000000887e6f20) thrown at [./src/hotspot/share/prims/jni.cpp, line 615]
Event: 2282.395 Thread 0x00000172c57c8800 Exception <a 'sun/nio/fs/WindowsException'{0x0000000089a99a08}> (0x0000000089a99a08) thrown at [./src/hotspot/share/prims/jni.cpp, line 615]
Event: 2282.698 Thread 0x00000172c57c8800 Exception <a 'sun/nio/fs/WindowsException'{0x00000000893967b0}> (0x00000000893967b0) thrown at [./src/hotspot/share/prims/jni.cpp, line 615]
Event: 2283.460 Thread 0x00000172c57c8800 Exception <a 'sun/nio/fs/WindowsException'{0x0000000089063410}> (0x0000000089063410) thrown at [./src/hotspot/share/prims/jni.cpp, line 615]
Event: 2283.595 Thread 0x00000172c57c8800 Exception <a 'sun/nio/fs/WindowsException'{0x0000000088c9ab68}> (0x0000000088c9ab68) thrown at [./src/hotspot/share/prims/jni.cpp, line 615]
Event: 2904.221 Thread 0x00000172c57c4000 Implicit null exception at 0x00000172aebccdde to 0x00000172aebcf724
Event: 2904.380 Thread 0x00000172c57c4000 Exception <a 'sun/nio/fs/WindowsException'{0x0000000089932df0}> (0x0000000089932df0) thrown at [./src/hotspot/share/prims/jni.cpp, line 615]
Event: 2904.456 Thread 0x00000172c57c4000 Implicit null exception at 0x00000172aebd105d to 0x00000172aebd39d4
Event: 2904.938 Thread 0x00000172c57c4000 Implicit null exception at 0x00000172aead04ce to 0x00000172aead0a70
Event: 2904.939 Thread 0x00000172c57c4000 Implicit null exception at 0x00000172aeab5746 to 0x00000172aeab5ab4
Event: 2904.967 Thread 0x00000172c57c4000 Exception <a 'java/lang/NoClassDefFoundError'{0x00000000896aacb0}: org/jetbrains/kotlin/gradle/plugin/KotlinBasePluginWrapper> (0x00000000896aacb0) thrown at [./src/hotspot/share/oops/constantPool.cpp, line 775]
Event: 2905.006 Thread 0x00000172c57c4000 Exception <a 'sun/nio/fs/WindowsException'{0x00000000895b00c8}> (0x00000000895b00c8) thrown at [./src/hotspot/share/prims/jni.cpp, line 615]
Event: 2905.116 Thread 0x00000172c57c4000 Exception <a 'sun/nio/fs/WindowsException'{0x00000000894539d8}> (0x00000000894539d8) thrown at [./src/hotspot/share/prims/jni.cpp, line 615]
Event: 2905.116 Thread 0x00000172c57c4000 Exception <a 'sun/nio/fs/WindowsException'{0x0000000089454ad8}> (0x0000000089454ad8) thrown at [./src/hotspot/share/prims/jni.cpp, line 615]
Event: 2905.116 Thread 0x00000172c57c4000 Exception <a 'sun/nio/fs/WindowsException'{0x0000000089455c28}> (0x0000000089455c28) thrown at [./src/hotspot/share/prims/jni.cpp, line 615]
Event: 2905.116 Thread 0x00000172c57c4000 Exception <a 'sun/nio/fs/WindowsException'{0x0000000089456d78}> (0x0000000089456d78) thrown at [./src/hotspot/share/prims/jni.cpp, line 615]
Event: 2908.987 Thread 0x00000172c57c4000 Implicit null exception at 0x00000172aec0ed6e to 0x00000172aec0f39c
Event: 2914.360 Thread 0x00000172c57c4000 Implicit null exception at 0x00000172aed378b2 to 0x00000172aed3cb34
Event: 2920.241 Thread 0x00000172c57c4000 Exception <a 'java/lang/NoSuchMethodError'{0x000000008a0c6538}: <clinit>> (0x000000008a0c6538) thrown at [./src/hotspot/share/prims/jni.cpp, line 1365]
Event: 2921.903 Thread 0x00000172c02a4800 Exception <a 'sun/nio/fs/WindowsException'{0x0000000089bcae60}> (0x0000000089bcae60) thrown at [./src/hotspot/share/prims/jni.cpp, line 615]

Events (20 events):
Event: 2936.147 loading class com/android/tools/r8/code/G0 done
Event: 2936.148 loading class com/android/tools/r8/code/G0
Event: 2936.148 loading class com/android/tools/r8/code/G0 done
Event: 2936.148 loading class com/android/tools/r8/code/G0
Event: 2936.148 loading class com/android/tools/r8/code/G0 done
Event: 2936.148 loading class com/android/tools/r8/code/G0
Event: 2936.148 loading class com/android/tools/r8/code/G0 done
Event: 2936.149 loading class com/android/tools/r8/code/G0
Event: 2936.149 loading class com/android/tools/r8/code/G0 done
Event: 2936.283 loading class com/android/tools/r8/internal/qr
Event: 2936.283 loading class com/android/tools/r8/internal/qr done
Event: 2936.285 loading class com/android/tools/r8/internal/qr
Event: 2936.285 loading class com/android/tools/r8/internal/qr done
Event: 2936.285 loading class com/android/tools/r8/graph/P
Event: 2936.285 loading class com/android/tools/r8/graph/P done
Event: 2936.285 loading class com/android/tools/r8/internal/qr
Event: 2936.285 loading class com/android/tools/r8/internal/qr done
Event: 2936.286 loading class com/android/tools/r8/internal/qr
Event: 2936.286 loading class com/android/tools/r8/internal/qr done
Event: 2936.464 Executing VM operation: G1CollectForAllocation


Dynamic libraries:
0x00007ff60a000000 - 0x00007ff60a00a000 	C:\Program Files\Android\Android Studio\jre\bin\java.exe
0x00007ffa12580000 - 0x00007ffa12770000 	C:\Windows\SYSTEM32\ntdll.dll
0x00007ffa115d0000 - 0x00007ffa11682000 	C:\Windows\System32\KERNEL32.DLL
0x00007ffa10380000 - 0x00007ffa10625000 	C:\Windows\System32\KERNELBASE.dll
0x00007ffa0fa20000 - 0x00007ffa0fb1a000 	C:\Windows\System32\ucrtbase.dll
0x00007ffa07840000 - 0x00007ffa07859000 	C:\Program Files\Android\Android Studio\jre\bin\jli.dll
0x00007ffa07010000 - 0x00007ffa07027000 	C:\Program Files\Android\Android Studio\jre\bin\VCRUNTIME140.dll
0x00007ffa10b30000 - 0x00007ffa10cc4000 	C:\Windows\System32\USER32.dll
0x00007ffa0fb40000 - 0x00007ffa0fb61000 	C:\Windows\System32\win32u.dll
0x00007ffa11690000 - 0x00007ffa116b6000 	C:\Windows\System32\GDI32.dll
0x00007ff9ff8f0000 - 0x00007ff9ffb74000 	C:\Windows\WinSxS\amd64_microsoft.windows.common-controls_6595b64144ccf1df_6.0.18362.1556_none_9e7e372fe45e41d5\COMCTL32.dll
0x00007ffa0f600000 - 0x00007ffa0f798000 	C:\Windows\System32\gdi32full.dll
0x00007ffa109c0000 - 0x00007ffa10a5e000 	C:\Windows\System32\msvcrt.dll
0x00007ffa119f0000 - 0x00007ffa11d26000 	C:\Windows\System32\combase.dll
0x00007ffa0f980000 - 0x00007ffa0fa1e000 	C:\Windows\System32\msvcp_win.dll
0x00007ffa11d30000 - 0x00007ffa11e4f000 	C:\Windows\System32\RPCRT4.dll
0x00007ffa0fb70000 - 0x00007ffa0fbf1000 	C:\Windows\System32\bcryptPrimitives.dll
0x00007ffa11910000 - 0x00007ffa1193e000 	C:\Windows\System32\IMM32.DLL
0x00007ff9eaa70000 - 0x00007ff9eab0d000 	C:\Program Files\Android\Android Studio\jre\bin\msvcp140.dll
0x00007ff9d5ad0000 - 0x00007ff9d65b5000 	C:\Program Files\Android\Android Studio\jre\bin\server\jvm.dll
0x00007ffa11940000 - 0x00007ffa119e3000 	C:\Windows\System32\ADVAPI32.dll
0x00007ffa10d40000 - 0x00007ffa10dd7000 	C:\Windows\System32\sechost.dll
0x00007ffa10d30000 - 0x00007ffa10d38000 	C:\Windows\System32\PSAPI.DLL
0x00007ffa087e0000 - 0x00007ffa087e9000 	C:\Windows\SYSTEM32\WSOCK32.dll
0x00007ffa0d3f0000 - 0x00007ffa0d414000 	C:\Windows\SYSTEM32\WINMM.dll
0x00007ffa10ac0000 - 0x00007ffa10b2f000 	C:\Windows\System32\WS2_32.dll
0x00007ffa02990000 - 0x00007ffa0299a000 	C:\Windows\SYSTEM32\VERSION.dll
0x00007ffa0d3c0000 - 0x00007ffa0d3ed000 	C:\Windows\SYSTEM32\WINMMBASE.dll
0x00007ffa0f7a0000 - 0x00007ffa0f7ea000 	C:\Windows\System32\cfgmgr32.dll
0x00007ffa0f480000 - 0x00007ffa0f491000 	C:\Windows\System32\kernel.appcore.dll
0x00007ffa087a0000 - 0x00007ffa087b1000 	C:\Program Files\Android\Android Studio\jre\bin\verify.dll
0x00007ff9ff150000 - 0x00007ff9ff344000 	C:\Windows\SYSTEM32\DBGHELP.DLL
0x00007ff9ff120000 - 0x00007ff9ff14a000 	C:\Windows\SYSTEM32\dbgcore.DLL
0x00007ffa08770000 - 0x00007ffa08799000 	C:\Program Files\Android\Android Studio\jre\bin\java.dll
0x00007ffa08760000 - 0x00007ffa0876b000 	C:\Program Files\Android\Android Studio\jre\bin\jimage.dll
0x00007ffa08710000 - 0x00007ffa08728000 	C:\Program Files\Android\Android Studio\jre\bin\zip.dll
0x00007ffa11e50000 - 0x00007ffa12537000 	C:\Windows\System32\SHELL32.dll
0x00007ffa10630000 - 0x00007ffa106d8000 	C:\Windows\System32\shcore.dll
0x00007ffa0fc00000 - 0x00007ffa1037b000 	C:\Windows\System32\windows.storage.dll
0x00007ffa0f440000 - 0x00007ffa0f45e000 	C:\Windows\System32\profapi.dll
0x00007ffa0f4a0000 - 0x00007ffa0f4ea000 	C:\Windows\System32\powrprof.dll
0x00007ffa0f430000 - 0x00007ffa0f440000 	C:\Windows\System32\UMPDC.dll
0x00007ffa106e0000 - 0x00007ffa10732000 	C:\Windows\System32\shlwapi.dll
0x00007ffa0fb20000 - 0x00007ffa0fb37000 	C:\Windows\System32\cryptsp.dll
0x00007ff9fce10000 - 0x00007ff9fce2a000 	C:\Program Files\Android\Android Studio\jre\bin\net.dll
0x00007ffa07d60000 - 0x00007ffa07e5a000 	C:\Windows\SYSTEM32\WINHTTP.dll
0x00007ffa0ec70000 - 0x00007ffa0ecd7000 	C:\Windows\system32\mswsock.dll
0x00007ff9fcdf0000 - 0x00007ff9fce04000 	C:\Program Files\Android\Android Studio\jre\bin\nio.dll
0x00007ffa07c50000 - 0x00007ffa07c77000 	C:\Users\The Saviour\.gradle\native\8bec1ad78214c89d9ad589b4d07fe93259594b29d510b10fafb7a158f7737e5d\windows-amd64\native-platform.dll
0x00007ff9d58f0000 - 0x00007ff9d5a2d000 	C:\Users\The Saviour\.gradle\native\53dbd7edfb1c66fb8903c78663c9afc45aea4f116125fa6feffd364cf09443e8\windows-amd64\native-platform-file-events.dll
0x00007ff9fafc0000 - 0x00007ff9fafca000 	C:\Program Files\Android\Android Studio\jre\bin\management.dll
0x00007ff9fabe0000 - 0x00007ff9fabed000 	C:\Program Files\Android\Android Studio\jre\bin\management_ext.dll
0x00007ffa0e790000 - 0x00007ffa0e7c3000 	C:\Windows\system32\rsaenh.dll
0x00007ffa0f950000 - 0x00007ffa0f976000 	C:\Windows\System32\bcrypt.dll
0x00007ffa0f320000 - 0x00007ffa0f345000 	C:\Windows\SYSTEM32\USERENV.dll
0x00007ffa0ee40000 - 0x00007ffa0ee4c000 	C:\Windows\SYSTEM32\CRYPTBASE.dll
0x00007ffa0e980000 - 0x00007ffa0e9ba000 	C:\Windows\SYSTEM32\IPHLPAPI.DLL
0x00007ffa10de0000 - 0x00007ffa10de8000 	C:\Windows\System32\NSI.dll
0x00007ffa07820000 - 0x00007ffa07836000 	C:\Windows\SYSTEM32\dhcpcsvc6.DLL
0x00007ffa07800000 - 0x00007ffa0781c000 	C:\Windows\SYSTEM32\dhcpcsvc.DLL
0x00007ffa0e9c0000 - 0x00007ffa0ea8b000 	C:\Windows\SYSTEM32\DNSAPI.dll
0x00007ff9ec800000 - 0x00007ff9ec827000 	C:\Program Files\Android\Android Studio\jre\bin\sunec.dll

dbghelp: loaded successfully - version: 4.0.5 - missing functions: none
symbol engine: initialized successfully - sym options: 0x614 - pdb path: .;C:\Program Files\Android\Android Studio\jre\bin;C:\Windows\SYSTEM32;C:\Windows\WinSxS\amd64_microsoft.windows.common-controls_6595b64144ccf1df_6.0.18362.1556_none_9e7e372fe45e41d5;C:\Program Files\Android\Android Studio\jre\bin\server;C:\Users\The Saviour\.gradle\native\8bec1ad78214c89d9ad589b4d07fe93259594b29d510b10fafb7a158f7737e5d\windows-amd64;C:\Users\The Saviour\.gradle\native\53dbd7edfb1c66fb8903c78663c9afc45aea4f116125fa6feffd364cf09443e8\windows-amd64

VM Arguments:
jvm_args: --add-opens=java.base/java.util=ALL-UNNAMED --add-opens=java.base/java.lang=ALL-UNNAMED --add-opens=java.base/java.lang.invoke=ALL-UNNAMED --add-opens=java.base/java.util=ALL-UNNAMED --add-opens=java.prefs/java.util.prefs=ALL-UNNAMED --add-opens=java.prefs/java.util.prefs=ALL-UNNAMED --add-opens=java.base/java.nio.charset=ALL-UNNAMED --add-opens=java.base/java.net=ALL-UNNAMED --add-opens=java.base/java.util.concurrent.atomic=ALL-UNNAMED -Xmx2048m -Dfile.encoding=UTF-8 -Duser.country=US -Duser.language=en -Duser.variant 
java_command: org.gradle.launcher.daemon.bootstrap.GradleDaemon 7.0.2
java_class_path (initial): C:\Users\The Saviour\.gradle\wrapper\dists\gradle-7.0.2-bin\857tjihv64xamwrf0h14cai3r\gradle-7.0.2\lib\gradle-launcher-7.0.2.jar
Launcher Type: SUN_STANDARD

[Global flags]
     intx CICompilerCount                          = 2                                         {product} {ergonomic}
     uint ConcGCThreads                            = 1                                         {product} {ergonomic}
     uint G1ConcRefinementThreads                  = 2                                         {product} {ergonomic}
   size_t G1HeapRegionSize                         = 1048576                                   {product} {ergonomic}
    uintx GCDrainStackTargetSize                   = 64                                        {product} {ergonomic}
   size_t InitialHeapSize                          = 67108864                                  {product} {ergonomic}
   size_t MarkStackSize                            = 4194304                                   {product} {ergonomic}
   size_t MaxHeapSize                              = 2147483648                                {product} {command line}
   size_t MaxNewSize                               = 1287651328                                {product} {ergonomic}
   size_t MinHeapDeltaBytes                        = 1048576                                   {product} {ergonomic}
    uintx NonNMethodCodeHeapSize                   = 5825164                                {pd product} {ergonomic}
    uintx NonProfiledCodeHeapSize                  = 122916538                              {pd product} {ergonomic}
    uintx ProfiledCodeHeapSize                     = 122916538                              {pd product} {ergonomic}
    uintx ReservedCodeCacheSize                    = 251658240                              {pd product} {ergonomic}
     bool SegmentedCodeCache                       = true                                      {product} {ergonomic}
     bool UseCompressedClassPointers               = true                                 {lp64_product} {ergonomic}
     bool UseCompressedOops                        = true                                 {lp64_product} {ergonomic}
     bool UseG1GC                                  = true                                      {product} {ergonomic}
     bool UseLargePagesIndividualAllocation        = false                                  {pd product} {ergonomic}

Logging:
Log output configuration:
 #0: stdout all=warning uptime,level,tags
 #1: stderr all=off uptime,level,tags

Environment Variables:
PATH=C:\Windows\system32;C:\Windows;C:\Windows\System32\Wbem;C:\Windows\System32\WindowsPowerShell\v1.0\;C:\Windows\System32\OpenSSH\;C:\Users\The Saviour\AppData\Local\Microsoft\WindowsApps;;C:\Users\The Saviour\AppData\Local\Programs\Microsoft VS Code\bin
USERNAME=The Saviour
OS=Windows_NT
PROCESSOR_IDENTIFIER=Intel64 Family 6 Model 15 Stepping 11, GenuineIntel



---------------  S Y S T E M  ---------------

OS: Windows 10 , 64 bit Build 18362 (10.0.18362.1500)
OS uptime: 0 days 2:18 hours

CPU:total 2 (initial active 2) (2 cores per cpu, 1 threads per core) family 6 model 15 stepping 11 microcode 0xba, cmov, cx8, fxsr, mmx, sse, sse2, sse3, ssse3, tsc

Memory: 4k page, system-wide physical 4022M (177M free)
TotalPageFile size 5403M (AvailPageFile size 102M)
current process WorkingSet (physical memory assigned to process): 425M, peak: 458M
current process commit charge ("private bytes"): 750M, peak: 1216M

vm_info: OpenJDK 64-Bit Server VM (11.0.12+7-b1504.28-7817840) for windows-amd64 JRE (11.0.12+7-b1504.28-7817840), built on Oct 13 2021 22:12:33 by "builder" with MS VC++ 14.0 (VS2015)

END.
