#
# There is insufficient memory for the Java Runtime Environment to continue.
# Native memory allocation (mmap) failed to map 251658240 bytes for Failed to commit area from 0x0000000090300000 to 0x000000009f300000 of length 251658240.
# Possible reasons:
#   The system is out of physical RAM or swap space
#   The process is running with CompressedOops enabled, and the Java Heap may be blocking the growth of the native heap
# Possible solutions:
#   Reduce memory load on the system
#   Increase physical memory or swap space
#   Check if swap backing store is full
#   Decrease Java heap size (-Xmx/-Xms)
#   Decrease number of Java threads
#   Decrease Java thread stack sizes (-Xss)
#   Set larger code cache with -XX:ReservedCodeCacheSize=
#   JVM is running with Unscaled Compressed Oops mode in which the Java heap is
#     placed in the first 4GB address space. The Java Heap base address is the
#     maximum limit for the native heap growth. Please use -XX:HeapBaseMinAddress
#     to set the Java Heap base and to place the Java Heap above 4GB virtual address.
# This output file may be truncated or incomplete.
#
#  Out of Memory Error (./src/hotspot/os/windows/os_windows.cpp:3521), pid=9896, tid=3136
#
# JRE version: OpenJDK Runtime Environment (11.0.12+7) (build 11.0.12+7-b1504.28-7817840)
# Java VM: OpenJDK 64-Bit Server VM (11.0.12+7-b1504.28-7817840, mixed mode, tiered, compressed oops, g1 gc, windows-amd64)
# No core dump will be written. Minidumps are not enabled by default on client versions of Windows
#

---------------  S U M M A R Y ------------

Command Line: --add-opens=java.base/java.util=ALL-UNNAMED --add-opens=java.base/java.lang=ALL-UNNAMED --add-opens=java.base/java.lang.invoke=ALL-UNNAMED --add-opens=java.base/java.util=ALL-UNNAMED --add-opens=java.prefs/java.util.prefs=ALL-UNNAMED --add-opens=java.prefs/java.util.prefs=ALL-UNNAMED --add-opens=java.base/java.nio.charset=ALL-UNNAMED --add-opens=java.base/java.net=ALL-UNNAMED --add-opens=java.base/java.util.concurrent.atomic=ALL-UNNAMED -Xmx2048m -Dfile.encoding=UTF-8 -Duser.country=US -Duser.language=en -Duser.variant org.gradle.launcher.daemon.bootstrap.GradleDaemon 7.0.2

Host: Intel(R) Core(TM)2 Duo CPU     T7500  @ 2.20GHz, 2 cores, 3G,  Windows 10 , 64 bit Build 18362 (10.0.18362.1500)
Time: Fri Jun 10 12:52:38 2022 E. Africa Standard Time elapsed time: 202.769798 seconds (0d 0h 3m 22s)

---------------  T H R E A D  ---------------

Current thread (0x00000171de52f800):  VMThread "VM Thread" [stack: 0x00000062b5e00000,0x00000062b5f00000] [id=3136]

Stack: [0x00000062b5e00000,0x00000062b5f00000]
[error occurred during error reporting (printing stack bounds), id 0xc0000005, EXCEPTION_ACCESS_VIOLATION (0xc0000005) at pc=0x00000171c898113d]

Native frames: (J=compiled Java code, j=interpreted, Vv=VM code, C=native code)
V  [jvm.dll+0x5fbcea]
V  [jvm.dll+0x731905]
V  [jvm.dll+0x732f1d]
V  [jvm.dll+0x733535]
V  [jvm.dll+0x7334eb]
V  [jvm.dll+0x5fb080]
V  [jvm.dll+0x5fb818]
C  [ntdll.dll+0xa1fff]
C  [ntdll.dll+0x6aad9]
C  [ntdll.dll+0xa0c6e]
C  0x00000171c898113d

VM_Operation (0x00000062b8efdf30): G1CollectForAllocation, mode: safepoint, requested by thread 0x00000171e61b5800


---------------  P R O C E S S  ---------------

Threads class SMR info:
_java_thread_list=0x00000171e1bee780, length=48, elements={
0x00000171c4e7d800, 0x00000171de532800, 0x00000171de535000, 0x00000171deeb2800,
0x00000171deeb3800, 0x00000171deeb5000, 0x00000171deebb000, 0x00000171deebf800,
0x00000171de5a1800, 0x00000171deff7800, 0x00000171e0272800, 0x00000171e0540800,
0x00000171dfff8800, 0x00000171dff7e000, 0x00000171e0440800, 0x00000171e0280000,
0x00000171e057f000, 0x00000171dfd0e800, 0x00000171e0bb3000, 0x00000171e0bb5000,
0x00000171e0bb6800, 0x00000171e0bb5800, 0x00000171e0bb2800, 0x00000171e0bb4000,
0x00000171e0bb7000, 0x00000171e0bb1800, 0x00000171e0bb8000, 0x00000171e0ef3000,
0x00000171e0ef1800, 0x00000171e0ef8000, 0x00000171e0ef2000, 0x00000171e0ef7000,
0x00000171e0ef5800, 0x00000171e0ef6000, 0x00000171e0efa800, 0x00000171e0ef4800,
0x00000171e0eff000, 0x00000171e0efd800, 0x00000171e0efc800, 0x00000171e0efe800,
0x00000171e0efc000, 0x00000171e61b3000, 0x00000171e61ae000, 0x00000171e61af000,
0x00000171e61b4800, 0x00000171e61b4000, 0x00000171e61b0800, 0x00000171e61b5800
}

Java Threads: ( => current thread )
  0x00000171c4e7d800 JavaThread "main" [_thread_blocked, id=5388, stack(0x00000062b5800000,0x00000062b5900000)]
  0x00000171de532800 JavaThread "Reference Handler" daemon [_thread_blocked, id=5336, stack(0x00000062b5f00000,0x00000062b6000000)]
  0x00000171de535000 JavaThread "Finalizer" daemon [_thread_blocked, id=4832, stack(0x00000062b6000000,0x00000062b6100000)]
  0x00000171deeb2800 JavaThread "Signal Dispatcher" daemon [_thread_blocked, id=7488, stack(0x00000062b6100000,0x00000062b6200000)]
  0x00000171deeb3800 JavaThread "Attach Listener" daemon [_thread_blocked, id=1808, stack(0x00000062b6200000,0x00000062b6300000)]
  0x00000171deeb5000 JavaThread "Service Thread" daemon [_thread_blocked, id=5464, stack(0x00000062b6300000,0x00000062b6400000)]
  0x00000171deebb000 JavaThread "C2 CompilerThread0" daemon [_thread_blocked, id=8884, stack(0x00000062b6400000,0x00000062b6500000)]
  0x00000171deebf800 JavaThread "C1 CompilerThread0" daemon [_thread_blocked, id=4748, stack(0x00000062b6500000,0x00000062b6600000)]
  0x00000171de5a1800 JavaThread "Sweeper thread" daemon [_thread_blocked, id=3120, stack(0x00000062b6600000,0x00000062b6700000)]
  0x00000171deff7800 JavaThread "Common-Cleaner" daemon [_thread_blocked, id=8652, stack(0x00000062b6700000,0x00000062b6800000)]
  0x00000171e0272800 JavaThread "Daemon health stats" [_thread_blocked, id=7688, stack(0x00000062b6a00000,0x00000062b6b00000)]
  0x00000171e0540800 JavaThread "Incoming local TCP Connector on port 55698" [_thread_in_native, id=9936, stack(0x00000062b6b00000,0x00000062b6c00000)]
  0x00000171dfff8800 JavaThread "Daemon periodic checks" [_thread_blocked, id=5508, stack(0x00000062b6c00000,0x00000062b6d00000)]
  0x00000171dff7e000 JavaThread "Daemon" [_thread_blocked, id=5124, stack(0x00000062b6d00000,0x00000062b6e00000)]
  0x00000171e0440800 JavaThread "Handler for socket connection from /127.0.0.1:55698 to /127.0.0.1:55699" [_thread_in_native, id=8432, stack(0x00000062b6e00000,0x00000062b6f00000)]
  0x00000171e0280000 JavaThread "Cancel handler" [_thread_blocked, id=8464, stack(0x00000062b6f00000,0x00000062b7000000)]
  0x00000171e057f000 JavaThread "Daemon worker" [_thread_blocked, id=3768, stack(0x00000062b7000000,0x00000062b7100000)]
  0x00000171dfd0e800 JavaThread "Asynchronous log dispatcher for DefaultDaemonConnection: socket connection from /127.0.0.1:55698 to /127.0.0.1:55699" [_thread_blocked, id=2236, stack(0x00000062b7100000,0x00000062b7200000)]
  0x00000171e0bb3000 JavaThread "Daemon client event forwarder" [_thread_blocked, id=8728, stack(0x00000062b7300000,0x00000062b7400000)]
  0x00000171e0bb5000 JavaThread "Cache worker for file hash cache (C:\Users\The Saviour\.gradle\caches\7.0.2\fileHashes)" [_thread_blocked, id=8792, stack(0x00000062b7400000,0x00000062b7500000)]
  0x00000171e0bb6800 JavaThread "File lock request listener" [_thread_in_native, id=5516, stack(0x00000062b7500000,0x00000062b7600000)]
  0x00000171e0bb5800 JavaThread "Cache worker for journal cache (C:\Users\The Saviour\.gradle\caches\journal-1)" [_thread_blocked, id=1576, stack(0x00000062b7600000,0x00000062b7700000)]
  0x00000171e0bb2800 JavaThread "Cache worker for file hash cache (C:\Users\The Saviour\AndroidStudioProjects\ParkMe\.gradle\7.0.2\fileHashes)" [_thread_blocked, id=8624, stack(0x00000062b7700000,0x00000062b7800000)]
  0x00000171e0bb4000 JavaThread "File watcher server" daemon [_thread_blocked, id=3880, stack(0x00000062b7800000,0x00000062b7900000)]
  0x00000171e0bb7000 JavaThread "File watcher consumer" daemon [_thread_blocked, id=10044, stack(0x00000062b7900000,0x00000062b7a00000)]
  0x00000171e0bb1800 JavaThread "Cache worker for checksums cache (C:\Users\The Saviour\AndroidStudioProjects\ParkMe\.gradle\checksums)" [_thread_blocked, id=5952, stack(0x00000062b7a00000,0x00000062b7b00000)]
  0x00000171e0bb8000 JavaThread "Cache worker for cache directory md-supplier (C:\Users\The Saviour\.gradle\caches\7.0.2\md-supplier)" [_thread_blocked, id=5052, stack(0x00000062b7b00000,0x00000062b7c00000)]
  0x00000171e0ef3000 JavaThread "Cache worker for cache directory md-rule (C:\Users\The Saviour\.gradle\caches\7.0.2\md-rule)" [_thread_blocked, id=6880, stack(0x00000062b7c00000,0x00000062b7d00000)]
  0x00000171e0ef1800 JavaThread "Cache worker for execution history cache (C:\Users\The Saviour\.gradle\caches\7.0.2\executionHistory)" [_thread_blocked, id=6816, stack(0x00000062b7d00000,0x00000062b7e00000)]
  0x00000171e0ef8000 JavaThread "jar transforms" [_thread_blocked, id=8164, stack(0x00000062b7e00000,0x00000062b7f00000)]
  0x00000171e0ef2000 JavaThread "Cache worker for file content cache (C:\Users\The Saviour\.gradle\caches\7.0.2\fileContent)" [_thread_blocked, id=10212, stack(0x00000062b7f00000,0x00000062b8000000)]
  0x00000171e0ef7000 JavaThread "jar transforms Thread 2" [_thread_blocked, id=1876, stack(0x00000062b8000000,0x00000062b8100000)]
  0x00000171e0ef5800 JavaThread "Cache worker for dependencies-accessors (C:\Users\The Saviour\AndroidStudioProjects\ParkMe\.gradle\7.0.2\dependencies-accessors)" [_thread_blocked, id=5496, stack(0x00000062b8100000,0x00000062b8200000)]
  0x00000171e0ef6000 JavaThread "Cache worker for Build Output Cleanup Cache (C:\Users\The Saviour\AndroidStudioProjects\ParkMe\.gradle\buildOutputCleanup)" [_thread_blocked, id=1344, stack(0x00000062b8400000,0x00000062b8500000)]
  0x00000171e0efa800 JavaThread "Build operations" [_thread_blocked, id=8284, stack(0x00000062b8500000,0x00000062b8600000)]
  0x00000171e0ef4800 JavaThread "Build operations Thread 2" [_thread_blocked, id=8996, stack(0x00000062b8600000,0x00000062b8700000)]
  0x00000171e0eff000 JavaThread "Memory manager" [_thread_blocked, id=5252, stack(0x00000062b8700000,0x00000062b8800000)]
  0x00000171e0efd800 JavaThread "build event listener" [_thread_blocked, id=9412, stack(0x00000062b5600000,0x00000062b5700000)]
  0x00000171e0efc800 JavaThread "Execution worker for ':'" [_thread_blocked, id=8544, stack(0x00000062b5700000,0x00000062b5800000)]
  0x00000171e0efe800 JavaThread "Cache worker for execution history cache (C:\Users\The Saviour\AndroidStudioProjects\ParkMe\.gradle\7.0.2\executionHistory)" [_thread_blocked, id=7864, stack(0x00000062b7200000,0x00000062b7300000)]
  0x00000171e0efc000 JavaThread "WorkerExecutor Queue" [_thread_blocked, id=1252, stack(0x00000062b8200000,0x00000062b8300000)]
  0x00000171e61b3000 JavaThread "pool-3-thread-1" [_thread_blocked, id=8248, stack(0x00000062b8800000,0x00000062b8900000)]
  0x00000171e61ae000 JavaThread "stderr" [_thread_in_native, id=7216, stack(0x00000062b8900000,0x00000062b8a00000)]
  0x00000171e61af000 JavaThread "stdout" [_thread_in_native, id=10000, stack(0x00000062b8a00000,0x00000062b8b00000)]
  0x00000171e61b4800 JavaThread "WorkerExecutor Queue Thread 2" [_thread_blocked, id=448, stack(0x00000062b8b00000,0x00000062b8c00000)]
  0x00000171e61b4000 JavaThread "WorkerExecutor Queue Thread 3" [_thread_blocked, id=6436, stack(0x00000062b8c00000,0x00000062b8d00000)]
  0x00000171e61b0800 JavaThread "ForkJoinPool-1-worker-3" daemon [_thread_blocked, id=5068, stack(0x00000062b8d00000,0x00000062b8e00000)]
  0x00000171e61b5800 JavaThread "ForkJoinPool-1-worker-1" daemon [_thread_blocked, id=1484, stack(0x00000062b8e00000,0x00000062b8f00000)]

Other Threads:
=>0x00000171de52f800 VMThread "VM Thread" [stack: 0x00000062b5e00000,0x00000062b5f00000] [id=3136]
  0x00000171df024800 WatcherThread [stack: 0x00000062b6800000,0x00000062b6900000] [id=428]
  0x00000171c4e95000 GCTaskThread "GC Thread#0" [stack: 0x00000062b5900000,0x00000062b5a00000] [id=4920]
  0x00000171df1a6000 GCTaskThread "GC Thread#1" [stack: 0x00000062b6900000,0x00000062b6a00000] [id=10168]
  0x00000171c4ec5800 ConcurrentGCThread "G1 Main Marker" [stack: 0x00000062b5a00000,0x00000062b5b00000] [id=9868]
  0x00000171c4ec6800 ConcurrentGCThread "G1 Conc#0" [stack: 0x00000062b5b00000,0x00000062b5c00000] [id=1540]
  0x00000171c4f1e000 ConcurrentGCThread "G1 Refine#0" [stack: 0x00000062b5c00000,0x00000062b5d00000] [id=9404]
  0x00000171c4f1f000 ConcurrentGCThread "G1 Young RemSet Sampling" [stack: 0x00000062b5d00000,0x00000062b5e00000] [id=6388]

Threads with active compile tasks:
C2 CompilerThread0 205197 11481       4       com.android.tools.r8.dex.j::a (1038 bytes)

VM state:at safepoint (normal execution)

VM Mutex/Monitor currently owned by a thread:  ([mutex/lock_event])
[0x00000171c4e7af60] Threads_lock - owner thread: 0x00000171de52f800
[0x00000171c4e7a420] Heap_lock - owner thread: 0x00000171e61b5800

Heap address: 0x0000000080000000, size: 2048 MB, Compressed Oops mode: 32-bit
Narrow klass base: 0x0000000000000000, Narrow klass shift: 3
Compressed class space size: 1073741824 Address: 0x0000000100000000

Heap:
 garbage-first heap   total 510976K, used 197120K [0x0000000080000000, 0x0000000100000000)
  region size 1024K, 2 young (2048K), 2 survivors (2048K)
 Metaspace       used 91261K, capacity 93519K, committed 93820K, reserved 1130496K
  class space    used 11945K, capacity 12736K, committed 12800K, reserved 1048576K
Heap Regions: E=young(eden), S=young(survivor), O=old, HS=humongous(starts), HC=humongous(continues), CS=collection set, F=free, A=archive, TAMS=top-at-mark-start (previous, next)
|   0|0x0000000080000000, 0x0000000080100000, 0x0000000080100000|100%| O|  |TAMS 0x0000000080100000, 0x0000000080100000| Untracked 
|   1|0x0000000080100000, 0x0000000080200000, 0x0000000080200000|100%| O|  |TAMS 0x0000000080200000, 0x0000000080200000| Untracked 
|   2|0x0000000080200000, 0x0000000080300000, 0x0000000080300000|100%| O|  |TAMS 0x0000000080300000, 0x0000000080300000| Untracked 
|   3|0x0000000080300000, 0x0000000080400000, 0x0000000080400000|100%| O|  |TAMS 0x0000000080400000, 0x0000000080400000| Untracked 
|   4|0x0000000080400000, 0x0000000080500000, 0x0000000080500000|100%|HS|  |TAMS 0x0000000080500000, 0x0000000080500000| Complete 
|   5|0x0000000080500000, 0x0000000080600000, 0x0000000080600000|100%|HC|  |TAMS 0x0000000080600000, 0x0000000080600000| Complete 
|   6|0x0000000080600000, 0x0000000080700000, 0x0000000080700000|100%|HC|  |TAMS 0x0000000080700000, 0x0000000080700000| Complete 
|   7|0x0000000080700000, 0x0000000080800000, 0x0000000080800000|100%| O|  |TAMS 0x0000000080800000, 0x0000000080800000| Untracked 
|   8|0x0000000080800000, 0x0000000080900000, 0x0000000080900000|100%| O|  |TAMS 0x0000000080900000, 0x0000000080900000| Untracked 
|   9|0x0000000080900000, 0x0000000080a00000, 0x0000000080a00000|100%| O|  |TAMS 0x0000000080a00000, 0x0000000080a00000| Untracked 
|  10|0x0000000080a00000, 0x0000000080b00000, 0x0000000080b00000|100%| O|  |TAMS 0x0000000080b00000, 0x0000000080b00000| Untracked 
|  11|0x0000000080b00000, 0x0000000080c00000, 0x0000000080c00000|100%| O|  |TAMS 0x0000000080c00000, 0x0000000080c00000| Untracked 
|  12|0x0000000080c00000, 0x0000000080d00000, 0x0000000080d00000|100%| O|  |TAMS 0x0000000080d00000, 0x0000000080d00000| Untracked 
|  13|0x0000000080d00000, 0x0000000080e00000, 0x0000000080e00000|100%| O|  |TAMS 0x0000000080e00000, 0x0000000080e00000| Untracked 
|  14|0x0000000080e00000, 0x0000000080f00000, 0x0000000080f00000|100%| O|  |TAMS 0x0000000080f00000, 0x0000000080f00000| Untracked 
|  15|0x0000000080f00000, 0x0000000081000000, 0x0000000081000000|100%| O|  |TAMS 0x0000000081000000, 0x0000000081000000| Untracked 
|  16|0x0000000081000000, 0x0000000081100000, 0x0000000081100000|100%| O|  |TAMS 0x0000000081100000, 0x0000000081100000| Untracked 
|  17|0x0000000081100000, 0x0000000081200000, 0x0000000081200000|100%| O|  |TAMS 0x0000000081200000, 0x0000000081200000| Untracked 
|  18|0x0000000081200000, 0x0000000081300000, 0x0000000081300000|100%| O|  |TAMS 0x0000000081300000, 0x0000000081300000| Untracked 
|  19|0x0000000081300000, 0x0000000081400000, 0x0000000081400000|100%| O|  |TAMS 0x0000000081400000, 0x0000000081400000| Untracked 
|  20|0x0000000081400000, 0x0000000081500000, 0x0000000081500000|100%| O|  |TAMS 0x0000000081500000, 0x0000000081500000| Untracked 
|  21|0x0000000081500000, 0x0000000081600000, 0x0000000081600000|100%| O|  |TAMS 0x0000000081600000, 0x0000000081600000| Untracked 
|  22|0x0000000081600000, 0x0000000081700000, 0x0000000081700000|100%| O|  |TAMS 0x0000000081700000, 0x0000000081700000| Untracked 
|  23|0x0000000081700000, 0x0000000081800000, 0x0000000081800000|100%| O|  |TAMS 0x0000000081800000, 0x0000000081800000| Untracked 
|  24|0x0000000081800000, 0x0000000081900000, 0x0000000081900000|100%| O|  |TAMS 0x0000000081900000, 0x0000000081900000| Untracked 
|  25|0x0000000081900000, 0x0000000081a00000, 0x0000000081a00000|100%| O|  |TAMS 0x0000000081a00000, 0x0000000081a00000| Untracked 
|  26|0x0000000081a00000, 0x0000000081b00000, 0x0000000081b00000|100%| O|  |TAMS 0x0000000081b00000, 0x0000000081b00000| Untracked 
|  27|0x0000000081b00000, 0x0000000081c00000, 0x0000000081c00000|100%| O|  |TAMS 0x0000000081c00000, 0x0000000081c00000| Untracked 
|  28|0x0000000081c00000, 0x0000000081d00000, 0x0000000081d00000|100%|HS|  |TAMS 0x0000000081d00000, 0x0000000081d00000| Complete 
|  29|0x0000000081d00000, 0x0000000081e00000, 0x0000000081e00000|100%|HS|  |TAMS 0x0000000081e00000, 0x0000000081e00000| Complete 
|  30|0x0000000081e00000, 0x0000000081f00000, 0x0000000081f00000|100%|HS|  |TAMS 0x0000000081f00000, 0x0000000081f00000| Complete 
|  31|0x0000000081f00000, 0x0000000082000000, 0x0000000082000000|100%|HC|  |TAMS 0x0000000082000000, 0x0000000082000000| Complete 
|  32|0x0000000082000000, 0x0000000082100000, 0x0000000082100000|100%| O|  |TAMS 0x0000000082100000, 0x0000000082100000| Untracked 
|  33|0x0000000082100000, 0x0000000082200000, 0x0000000082200000|100%| O|  |TAMS 0x0000000082200000, 0x0000000082200000| Untracked 
|  34|0x0000000082200000, 0x0000000082300000, 0x0000000082300000|100%| O|  |TAMS 0x0000000082300000, 0x0000000082300000| Untracked 
|  35|0x0000000082300000, 0x0000000082400000, 0x0000000082400000|100%| O|  |TAMS 0x0000000082400000, 0x0000000082400000| Untracked 
|  36|0x0000000082400000, 0x0000000082500000, 0x0000000082500000|100%| O|  |TAMS 0x0000000082500000, 0x0000000082500000| Untracked 
|  37|0x0000000082500000, 0x0000000082600000, 0x0000000082600000|100%| O|  |TAMS 0x0000000082600000, 0x0000000082600000| Untracked 
|  38|0x0000000082600000, 0x0000000082700000, 0x0000000082700000|100%| O|  |TAMS 0x0000000082700000, 0x0000000082700000| Untracked 
|  39|0x0000000082700000, 0x0000000082800000, 0x0000000082800000|100%| O|  |TAMS 0x0000000082800000, 0x0000000082800000| Untracked 
|  40|0x0000000082800000, 0x0000000082900000, 0x0000000082900000|100%| O|  |TAMS 0x0000000082900000, 0x0000000082900000| Untracked 
|  41|0x0000000082900000, 0x0000000082a00000, 0x0000000082a00000|100%| O|  |TAMS 0x0000000082a00000, 0x0000000082a00000| Untracked 
|  42|0x0000000082a00000, 0x0000000082b00000, 0x0000000082b00000|100%| O|  |TAMS 0x0000000082b00000, 0x0000000082b00000| Untracked 
|  43|0x0000000082b00000, 0x0000000082c00000, 0x0000000082c00000|100%| O|  |TAMS 0x0000000082c00000, 0x0000000082c00000| Untracked 
|  44|0x0000000082c00000, 0x0000000082d00000, 0x0000000082d00000|100%| O|  |TAMS 0x0000000082d00000, 0x0000000082d00000| Untracked 
|  45|0x0000000082d00000, 0x0000000082e00000, 0x0000000082e00000|100%| O|  |TAMS 0x0000000082e00000, 0x0000000082e00000| Untracked 
|  46|0x0000000082e00000, 0x0000000082f00000, 0x0000000082f00000|100%| O|  |TAMS 0x0000000082f00000, 0x0000000082f00000| Untracked 
|  47|0x0000000082f00000, 0x0000000083000000, 0x0000000083000000|100%| O|  |TAMS 0x0000000083000000, 0x0000000083000000| Untracked 
|  48|0x0000000083000000, 0x0000000083100000, 0x0000000083100000|100%| O|  |TAMS 0x0000000083100000, 0x0000000083100000| Untracked 
|  49|0x0000000083100000, 0x0000000083200000, 0x0000000083200000|100%| O|  |TAMS 0x0000000083200000, 0x0000000083200000| Untracked 
|  50|0x0000000083200000, 0x0000000083300000, 0x0000000083300000|100%| O|  |TAMS 0x0000000083300000, 0x0000000083300000| Untracked 
|  51|0x0000000083300000, 0x0000000083400000, 0x0000000083400000|100%| O|  |TAMS 0x0000000083400000, 0x0000000083400000| Untracked 
|  52|0x0000000083400000, 0x0000000083500000, 0x0000000083500000|100%| O|  |TAMS 0x0000000083500000, 0x0000000083500000| Untracked 
|  53|0x0000000083500000, 0x0000000083600000, 0x0000000083600000|100%| O|  |TAMS 0x0000000083600000, 0x0000000083600000| Untracked 
|  54|0x0000000083600000, 0x0000000083700000, 0x0000000083700000|100%| O|  |TAMS 0x0000000083700000, 0x0000000083700000| Untracked 
|  55|0x0000000083700000, 0x0000000083800000, 0x0000000083800000|100%| O|  |TAMS 0x0000000083800000, 0x0000000083800000| Untracked 
|  56|0x0000000083800000, 0x0000000083900000, 0x0000000083900000|100%| O|  |TAMS 0x0000000083900000, 0x0000000083900000| Untracked 
|  57|0x0000000083900000, 0x0000000083a00000, 0x0000000083a00000|100%| O|  |TAMS 0x0000000083a00000, 0x0000000083a00000| Untracked 
|  58|0x0000000083a00000, 0x0000000083b00000, 0x0000000083b00000|100%| O|  |TAMS 0x0000000083b00000, 0x0000000083b00000| Untracked 
|  59|0x0000000083b00000, 0x0000000083c00000, 0x0000000083c00000|100%| O|  |TAMS 0x0000000083c00000, 0x0000000083c00000| Untracked 
|  60|0x0000000083c00000, 0x0000000083d00000, 0x0000000083d00000|100%| O|  |TAMS 0x0000000083d00000, 0x0000000083d00000| Untracked 
|  61|0x0000000083d00000, 0x0000000083e00000, 0x0000000083e00000|100%| O|  |TAMS 0x0000000083e00000, 0x0000000083e00000| Untracked 
|  62|0x0000000083e00000, 0x0000000083f00000, 0x0000000083f00000|100%| O|  |TAMS 0x0000000083f00000, 0x0000000083f00000| Untracked 
|  63|0x0000000083f00000, 0x0000000084000000, 0x0000000084000000|100%| O|  |TAMS 0x0000000084000000, 0x0000000084000000| Untracked 
|  64|0x0000000084000000, 0x0000000084100000, 0x0000000084100000|100%| O|  |TAMS 0x0000000084100000, 0x0000000084100000| Untracked 
|  65|0x0000000084100000, 0x0000000084200000, 0x0000000084200000|100%| O|  |TAMS 0x0000000084200000, 0x0000000084200000| Untracked 
|  66|0x0000000084200000, 0x0000000084300000, 0x0000000084300000|100%| O|  |TAMS 0x0000000084300000, 0x0000000084300000| Untracked 
|  67|0x0000000084300000, 0x0000000084400000, 0x0000000084400000|100%| O|  |TAMS 0x0000000084400000, 0x0000000084400000| Untracked 
|  68|0x0000000084400000, 0x0000000084500000, 0x0000000084500000|100%| O|  |TAMS 0x0000000084500000, 0x0000000084500000| Untracked 
|  69|0x0000000084500000, 0x0000000084600000, 0x0000000084600000|100%| O|  |TAMS 0x0000000084600000, 0x0000000084600000| Untracked 
|  70|0x0000000084600000, 0x0000000084700000, 0x0000000084700000|100%| O|  |TAMS 0x0000000084700000, 0x0000000084700000| Untracked 
|  71|0x0000000084700000, 0x0000000084800000, 0x0000000084800000|100%| O|  |TAMS 0x0000000084800000, 0x0000000084800000| Untracked 
|  72|0x0000000084800000, 0x0000000084900000, 0x0000000084900000|100%| O|  |TAMS 0x0000000084900000, 0x0000000084900000| Untracked 
|  73|0x0000000084900000, 0x0000000084a00000, 0x0000000084a00000|100%| O|  |TAMS 0x0000000084a00000, 0x0000000084a00000| Untracked 
|  74|0x0000000084a00000, 0x0000000084b00000, 0x0000000084b00000|100%| O|  |TAMS 0x0000000084b00000, 0x0000000084b00000| Untracked 
|  75|0x0000000084b00000, 0x0000000084c00000, 0x0000000084c00000|100%| O|  |TAMS 0x0000000084c00000, 0x0000000084c00000| Untracked 
|  76|0x0000000084c00000, 0x0000000084d00000, 0x0000000084d00000|100%| O|  |TAMS 0x0000000084d00000, 0x0000000084d00000| Untracked 
|  77|0x0000000084d00000, 0x0000000084e00000, 0x0000000084e00000|100%|HS|  |TAMS 0x0000000084e00000, 0x0000000084e00000| Complete 
|  78|0x0000000084e00000, 0x0000000084f00000, 0x0000000084f00000|100%|HC|  |TAMS 0x0000000084f00000, 0x0000000084f00000| Complete 
|  79|0x0000000084f00000, 0x0000000085000000, 0x0000000085000000|100%|HS|  |TAMS 0x0000000085000000, 0x0000000085000000| Complete 
|  80|0x0000000085000000, 0x0000000085100000, 0x0000000085100000|100%|HS|  |TAMS 0x0000000085100000, 0x0000000085100000| Complete 
|  81|0x0000000085100000, 0x0000000085200000, 0x0000000085200000|100%| O|  |TAMS 0x0000000085200000, 0x0000000085200000| Untracked 
|  82|0x0000000085200000, 0x0000000085300000, 0x0000000085300000|100%| O|  |TAMS 0x0000000085300000, 0x0000000085300000| Untracked 
|  83|0x0000000085300000, 0x0000000085400000, 0x0000000085400000|100%| O|  |TAMS 0x0000000085400000, 0x0000000085400000| Untracked 
|  84|0x0000000085400000, 0x0000000085500000, 0x0000000085500000|100%|HS|  |TAMS 0x0000000085500000, 0x0000000085500000| Complete 
|  85|0x0000000085500000, 0x0000000085600000, 0x0000000085600000|100%| O|  |TAMS 0x0000000085600000, 0x0000000085600000| Untracked 
|  86|0x0000000085600000, 0x0000000085700000, 0x0000000085700000|100%| O|  |TAMS 0x0000000085700000, 0x0000000085700000| Untracked 
|  87|0x0000000085700000, 0x0000000085800000, 0x0000000085800000|100%| O|  |TAMS 0x0000000085800000, 0x0000000085800000| Untracked 
|  88|0x0000000085800000, 0x0000000085900000, 0x0000000085900000|100%| O|  |TAMS 0x0000000085900000, 0x0000000085900000| Untracked 
|  89|0x0000000085900000, 0x0000000085a00000, 0x0000000085a00000|100%| O|  |TAMS 0x0000000085a00000, 0x0000000085a00000| Untracked 
|  90|0x0000000085a00000, 0x0000000085b00000, 0x0000000085b00000|100%| O|  |TAMS 0x0000000085b00000, 0x0000000085b00000| Untracked 
|  91|0x0000000085b00000, 0x0000000085c00000, 0x0000000085c00000|100%| O|  |TAMS 0x0000000085c00000, 0x0000000085c00000| Untracked 
|  92|0x0000000085c00000, 0x0000000085d00000, 0x0000000085d00000|100%|HS|  |TAMS 0x0000000085d00000, 0x0000000085d00000| Complete 
|  93|0x0000000085d00000, 0x0000000085e00000, 0x0000000085e00000|100%|HC|  |TAMS 0x0000000085e00000, 0x0000000085e00000| Complete 
|  94|0x0000000085e00000, 0x0000000085f00000, 0x0000000085f00000|100%|HS|  |TAMS 0x0000000085f00000, 0x0000000085f00000| Complete 
|  95|0x0000000085f00000, 0x0000000086000000, 0x0000000086000000|100%|HC|  |TAMS 0x0000000086000000, 0x0000000086000000| Complete 
|  96|0x0000000086000000, 0x0000000086100000, 0x0000000086100000|100%|HC|  |TAMS 0x0000000086100000, 0x0000000086100000| Complete 
|  97|0x0000000086100000, 0x0000000086200000, 0x0000000086200000|100%| O|  |TAMS 0x0000000086200000, 0x0000000086200000| Untracked 
|  98|0x0000000086200000, 0x0000000086300000, 0x0000000086300000|100%| O|  |TAMS 0x0000000086300000, 0x0000000086300000| Untracked 
|  99|0x0000000086300000, 0x0000000086400000, 0x0000000086400000|100%|HS|  |TAMS 0x0000000086400000, 0x0000000086400000| Complete 
| 100|0x0000000086400000, 0x0000000086500000, 0x0000000086500000|100%|HC|  |TAMS 0x0000000086500000, 0x0000000086500000| Complete 
| 101|0x0000000086500000, 0x0000000086600000, 0x0000000086600000|100%| O|  |TAMS 0x0000000086600000, 0x0000000086600000| Untracked 
| 102|0x0000000086600000, 0x0000000086700000, 0x0000000086700000|100%|HS|  |TAMS 0x0000000086700000, 0x0000000086700000| Complete 
| 103|0x0000000086700000, 0x0000000086800000, 0x0000000086800000|100%| O|  |TAMS 0x0000000086800000, 0x0000000086800000| Untracked 
| 104|0x0000000086800000, 0x0000000086900000, 0x0000000086900000|100%|HS|  |TAMS 0x0000000086900000, 0x0000000086900000| Complete 
| 105|0x0000000086900000, 0x0000000086a00000, 0x0000000086a00000|100%| O|  |TAMS 0x0000000086a00000, 0x0000000086a00000| Untracked 
| 106|0x0000000086a00000, 0x0000000086b00000, 0x0000000086b00000|100%|HS|  |TAMS 0x0000000086b00000, 0x0000000086b00000| Complete 
| 107|0x0000000086b00000, 0x0000000086c00000, 0x0000000086c00000|100%| O|  |TAMS 0x0000000086c00000, 0x0000000086c00000| Untracked 
| 108|0x0000000086c00000, 0x0000000086d00000, 0x0000000086d00000|100%| O|  |TAMS 0x0000000086d00000, 0x0000000086d00000| Untracked 
| 109|0x0000000086d00000, 0x0000000086e00000, 0x0000000086e00000|100%|HS|  |TAMS 0x0000000086e00000, 0x0000000086e00000| Complete 
| 110|0x0000000086e00000, 0x0000000086f00000, 0x0000000086f00000|100%|HC|  |TAMS 0x0000000086f00000, 0x0000000086f00000| Complete 
| 111|0x0000000086f00000, 0x0000000087000000, 0x0000000087000000|100%| O|  |TAMS 0x0000000087000000, 0x0000000087000000| Untracked 
| 112|0x0000000087000000, 0x0000000087100000, 0x0000000087100000|100%| O|  |TAMS 0x0000000087100000, 0x0000000087100000| Untracked 
| 113|0x0000000087100000, 0x0000000087200000, 0x0000000087200000|100%| O|  |TAMS 0x0000000087200000, 0x0000000087200000| Untracked 
| 114|0x0000000087200000, 0x0000000087300000, 0x0000000087300000|100%| O|  |TAMS 0x0000000087300000, 0x0000000087300000| Untracked 
| 115|0x0000000087300000, 0x0000000087400000, 0x0000000087400000|100%| O|  |TAMS 0x0000000087400000, 0x0000000087400000| Untracked 
| 116|0x0000000087400000, 0x0000000087500000, 0x0000000087500000|100%| O|  |TAMS 0x0000000087500000, 0x0000000087500000| Untracked 
| 117|0x0000000087500000, 0x0000000087600000, 0x0000000087600000|100%| O|  |TAMS 0x0000000087600000, 0x0000000087600000| Untracked 
| 118|0x0000000087600000, 0x0000000087700000, 0x0000000087700000|100%| O|  |TAMS 0x0000000087700000, 0x0000000087700000| Untracked 
| 119|0x0000000087700000, 0x0000000087800000, 0x0000000087800000|100%|HS|  |TAMS 0x0000000087800000, 0x0000000087800000| Complete 
| 120|0x0000000087800000, 0x0000000087900000, 0x0000000087900000|100%|HC|  |TAMS 0x0000000087900000, 0x0000000087900000| Complete 
| 121|0x0000000087900000, 0x0000000087a00000, 0x0000000087a00000|100%|HC|  |TAMS 0x0000000087a00000, 0x0000000087a00000| Complete 
| 122|0x0000000087a00000, 0x0000000087b00000, 0x0000000087b00000|100%| O|  |TAMS 0x0000000087b00000, 0x0000000087b00000| Untracked 
| 123|0x0000000087b00000, 0x0000000087c00000, 0x0000000087c00000|100%| O|  |TAMS 0x0000000087c00000, 0x0000000087c00000| Untracked 
| 124|0x0000000087c00000, 0x0000000087d00000, 0x0000000087d00000|100%| O|  |TAMS 0x0000000087d00000, 0x0000000087d00000| Untracked 
| 125|0x0000000087d00000, 0x0000000087e00000, 0x0000000087e00000|100%| O|  |TAMS 0x0000000087e00000, 0x0000000087e00000| Untracked 
| 126|0x0000000087e00000, 0x0000000087f00000, 0x0000000087f00000|100%| O|  |TAMS 0x0000000087f00000, 0x0000000087f00000| Untracked 
| 127|0x0000000087f00000, 0x0000000088000000, 0x0000000088000000|100%|HS|  |TAMS 0x0000000088000000, 0x0000000088000000| Complete 
| 128|0x0000000088000000, 0x0000000088100000, 0x0000000088100000|100%| O|  |TAMS 0x0000000088100000, 0x0000000088100000| Untracked 
| 129|0x0000000088100000, 0x0000000088200000, 0x0000000088200000|100%| O|  |TAMS 0x0000000088200000, 0x0000000088200000| Untracked 
| 130|0x0000000088200000, 0x0000000088300000, 0x0000000088300000|100%| O|  |TAMS 0x0000000088300000, 0x0000000088300000| Untracked 
| 131|0x0000000088300000, 0x0000000088400000, 0x0000000088400000|100%|HS|  |TAMS 0x0000000088400000, 0x0000000088400000| Complete 
| 132|0x0000000088400000, 0x0000000088500000, 0x0000000088500000|100%| O|  |TAMS 0x0000000088500000, 0x0000000088500000| Untracked 
| 133|0x0000000088500000, 0x0000000088600000, 0x0000000088600000|100%| O|  |TAMS 0x0000000088600000, 0x0000000088600000| Untracked 
| 134|0x0000000088600000, 0x0000000088700000, 0x0000000088700000|100%| O|  |TAMS 0x0000000088700000, 0x0000000088700000| Untracked 
| 135|0x0000000088700000, 0x0000000088800000, 0x0000000088800000|100%| O|  |TAMS 0x0000000088800000, 0x0000000088800000| Untracked 
| 136|0x0000000088800000, 0x0000000088900000, 0x0000000088900000|100%| O|  |TAMS 0x0000000088900000, 0x0000000088900000| Untracked 
| 137|0x0000000088900000, 0x0000000088a00000, 0x0000000088a00000|100%| O|  |TAMS 0x0000000088a00000, 0x0000000088a00000| Untracked 
| 138|0x0000000088a00000, 0x0000000088b00000, 0x0000000088b00000|100%| O|  |TAMS 0x0000000088b00000, 0x0000000088b00000| Untracked 
| 139|0x0000000088b00000, 0x0000000088c00000, 0x0000000088c00000|100%| O|  |TAMS 0x0000000088c00000, 0x0000000088c00000| Untracked 
| 140|0x0000000088c00000, 0x0000000088d00000, 0x0000000088d00000|100%| O|  |TAMS 0x0000000088d00000, 0x0000000088d00000| Untracked 
| 141|0x0000000088d00000, 0x0000000088e00000, 0x0000000088e00000|100%| O|  |TAMS 0x0000000088e00000, 0x0000000088e00000| Untracked 
| 142|0x0000000088e00000, 0x0000000088f00000, 0x0000000088f00000|100%| O|  |TAMS 0x0000000088f00000, 0x0000000088f00000| Untracked 
| 143|0x0000000088f00000, 0x0000000089000000, 0x0000000089000000|100%| O|  |TAMS 0x0000000089000000, 0x0000000089000000| Untracked 
| 144|0x0000000089000000, 0x0000000089100000, 0x0000000089100000|100%| O|  |TAMS 0x0000000089100000, 0x0000000089100000| Untracked 
| 145|0x0000000089100000, 0x0000000089200000, 0x0000000089200000|100%| O|  |TAMS 0x0000000089200000, 0x0000000089200000| Untracked 
| 146|0x0000000089200000, 0x0000000089300000, 0x0000000089300000|100%| O|  |TAMS 0x0000000089300000, 0x0000000089300000| Untracked 
| 147|0x0000000089300000, 0x0000000089400000, 0x0000000089400000|100%| O|  |TAMS 0x0000000089400000, 0x0000000089400000| Untracked 
| 148|0x0000000089400000, 0x0000000089500000, 0x0000000089500000|100%| O|  |TAMS 0x0000000089500000, 0x0000000089500000| Untracked 
| 149|0x0000000089500000, 0x0000000089600000, 0x0000000089600000|100%| O|  |TAMS 0x0000000089600000, 0x0000000089600000| Untracked 
| 150|0x0000000089600000, 0x0000000089700000, 0x0000000089700000|100%| O|  |TAMS 0x0000000089700000, 0x0000000089700000| Untracked 
| 151|0x0000000089700000, 0x0000000089800000, 0x0000000089800000|100%| O|  |TAMS 0x0000000089800000, 0x0000000089800000| Untracked 
| 152|0x0000000089800000, 0x0000000089900000, 0x0000000089900000|100%| O|  |TAMS 0x0000000089900000, 0x0000000089900000| Untracked 
| 153|0x0000000089900000, 0x0000000089a00000, 0x0000000089a00000|100%| O|  |TAMS 0x0000000089a00000, 0x0000000089a00000| Untracked 
| 154|0x0000000089a00000, 0x0000000089b00000, 0x0000000089b00000|100%| O|  |TAMS 0x0000000089b00000, 0x0000000089b00000| Untracked 
| 155|0x0000000089b00000, 0x0000000089c00000, 0x0000000089c00000|100%| O|  |TAMS 0x0000000089c00000, 0x0000000089c00000| Untracked 
| 156|0x0000000089c00000, 0x0000000089d00000, 0x0000000089d00000|100%| O|  |TAMS 0x0000000089d00000, 0x0000000089d00000| Untracked 
| 157|0x0000000089d00000, 0x0000000089e00000, 0x0000000089e00000|100%| O|  |TAMS 0x0000000089e00000, 0x0000000089e00000| Untracked 
| 158|0x0000000089e00000, 0x0000000089f00000, 0x0000000089f00000|100%| O|  |TAMS 0x0000000089f00000, 0x0000000089f00000| Untracked 
| 159|0x0000000089f00000, 0x000000008a000000, 0x000000008a000000|100%| O|  |TAMS 0x000000008a000000, 0x000000008a000000| Untracked 
| 160|0x000000008a000000, 0x000000008a100000, 0x000000008a100000|100%| O|  |TAMS 0x000000008a100000, 0x000000008a100000| Untracked 
| 161|0x000000008a100000, 0x000000008a200000, 0x000000008a200000|100%| O|  |TAMS 0x000000008a200000, 0x000000008a200000| Untracked 
| 162|0x000000008a200000, 0x000000008a300000, 0x000000008a300000|100%| O|  |TAMS 0x000000008a300000, 0x000000008a300000| Untracked 
| 163|0x000000008a300000, 0x000000008a400000, 0x000000008a400000|100%| O|  |TAMS 0x000000008a400000, 0x000000008a400000| Untracked 
| 164|0x000000008a400000, 0x000000008a500000, 0x000000008a500000|100%| O|  |TAMS 0x000000008a500000, 0x000000008a500000| Untracked 
| 165|0x000000008a500000, 0x000000008a600000, 0x000000008a600000|100%| O|  |TAMS 0x000000008a600000, 0x000000008a600000| Untracked 
| 166|0x000000008a600000, 0x000000008a700000, 0x000000008a700000|100%| O|  |TAMS 0x000000008a700000, 0x000000008a700000| Untracked 
| 167|0x000000008a700000, 0x000000008a800000, 0x000000008a800000|100%| O|  |TAMS 0x000000008a800000, 0x000000008a800000| Untracked 
| 168|0x000000008a800000, 0x000000008a900000, 0x000000008a900000|100%| O|  |TAMS 0x000000008a900000, 0x000000008a900000| Untracked 
| 169|0x000000008a900000, 0x000000008aa00000, 0x000000008aa00000|100%| O|  |TAMS 0x000000008aa00000, 0x000000008aa00000| Untracked 
| 170|0x000000008aa00000, 0x000000008ab00000, 0x000000008ab00000|100%| O|  |TAMS 0x000000008ab00000, 0x000000008ab00000| Untracked 
| 171|0x000000008ab00000, 0x000000008ac00000, 0x000000008ac00000|100%| O|  |TAMS 0x000000008ac00000, 0x000000008ac00000| Untracked 
| 172|0x000000008ac00000, 0x000000008ad00000, 0x000000008ad00000|100%| O|  |TAMS 0x000000008ad00000, 0x000000008ad00000| Untracked 
| 173|0x000000008ad00000, 0x000000008ae00000, 0x000000008ae00000|100%| O|  |TAMS 0x000000008ae00000, 0x000000008ae00000| Untracked 
| 174|0x000000008ae00000, 0x000000008af00000, 0x000000008af00000|100%| O|  |TAMS 0x000000008af00000, 0x000000008af00000| Untracked 
| 175|0x000000008af00000, 0x000000008b000000, 0x000000008b000000|100%| O|  |TAMS 0x000000008b000000, 0x000000008b000000| Untracked 
| 176|0x000000008b000000, 0x000000008b100000, 0x000000008b100000|100%| O|  |TAMS 0x000000008b100000, 0x000000008b100000| Untracked 
| 177|0x000000008b100000, 0x000000008b200000, 0x000000008b200000|100%| O|  |TAMS 0x000000008b200000, 0x000000008b200000| Untracked 
| 178|0x000000008b200000, 0x000000008b300000, 0x000000008b300000|100%| O|  |TAMS 0x000000008b280000, 0x000000008b300000| Untracked 
| 179|0x000000008b300000, 0x000000008b400000, 0x000000008b400000|100%| O|  |TAMS 0x000000008b300000, 0x000000008b400000| Untracked 
| 180|0x000000008b400000, 0x000000008b500000, 0x000000008b500000|100%| O|  |TAMS 0x000000008b400000, 0x000000008b500000| Untracked 
| 181|0x000000008b500000, 0x000000008b600000, 0x000000008b600000|100%| O|  |TAMS 0x000000008b500000, 0x000000008b600000| Untracked 
| 182|0x000000008b600000, 0x000000008b700000, 0x000000008b700000|100%| O|  |TAMS 0x000000008b600000, 0x000000008b700000| Untracked 
| 183|0x000000008b700000, 0x000000008b800000, 0x000000008b800000|100%| O|  |TAMS 0x000000008b700000, 0x000000008b800000| Untracked 
| 184|0x000000008b800000, 0x000000008b900000, 0x000000008b900000|100%| O|  |TAMS 0x000000008b800000, 0x000000008b900000| Untracked 
| 185|0x000000008b900000, 0x000000008ba00000, 0x000000008ba00000|100%| O|  |TAMS 0x000000008b900000, 0x000000008ba00000| Untracked 
| 186|0x000000008ba00000, 0x000000008bb00000, 0x000000008bb00000|100%| O|  |TAMS 0x000000008ba00000, 0x000000008bb00000| Untracked 
| 187|0x000000008bb00000, 0x000000008bc00000, 0x000000008bc00000|100%| O|  |TAMS 0x000000008bb00000, 0x000000008bc00000| Untracked 
| 188|0x000000008bc00000, 0x000000008bd00000, 0x000000008bd00000|100%| O|  |TAMS 0x000000008bc00000, 0x000000008bd00000| Untracked 
| 189|0x000000008bd00000, 0x000000008be00000, 0x000000008be00000|100%| O|  |TAMS 0x000000008bd00000, 0x000000008be00000| Untracked 
| 190|0x000000008be00000, 0x000000008be80000, 0x000000008bf00000| 50%| O|  |TAMS 0x000000008be00000, 0x000000008be80000| Untracked 
| 191|0x000000008bf00000, 0x000000008bf00000, 0x000000008c000000|  0%| F|  |TAMS 0x000000008bf00000, 0x000000008bf00000| Untracked 
| 192|0x000000008c000000, 0x000000008c000000, 0x000000008c100000|  0%| F|  |TAMS 0x000000008c000000, 0x000000008c000000| Untracked 
| 193|0x000000008c100000, 0x000000008c100000, 0x000000008c200000|  0%| F|  |TAMS 0x000000008c100000, 0x000000008c100000| Untracked 
| 194|0x000000008c200000, 0x000000008c200000, 0x000000008c300000|  0%| F|  |TAMS 0x000000008c200000, 0x000000008c200000| Untracked 
| 195|0x000000008c300000, 0x000000008c300000, 0x000000008c400000|  0%| F|  |TAMS 0x000000008c300000, 0x000000008c300000| Untracked 
| 196|0x000000008c400000, 0x000000008c400000, 0x000000008c500000|  0%| F|  |TAMS 0x000000008c400000, 0x000000008c400000| Untracked 
| 197|0x000000008c500000, 0x000000008c500000, 0x000000008c600000|  0%| F|  |TAMS 0x000000008c500000, 0x000000008c500000| Untracked 
| 198|0x000000008c600000, 0x000000008c600000, 0x000000008c700000|  0%| F|  |TAMS 0x000000008c600000, 0x000000008c600000| Untracked 
| 199|0x000000008c700000, 0x000000008c700000, 0x000000008c800000|  0%| F|  |TAMS 0x000000008c700000, 0x000000008c700000| Untracked 
| 200|0x000000008c800000, 0x000000008c800000, 0x000000008c900000|  0%| F|  |TAMS 0x000000008c800000, 0x000000008c800000| Untracked 
| 201|0x000000008c900000, 0x000000008c900000, 0x000000008ca00000|  0%| F|  |TAMS 0x000000008c900000, 0x000000008c900000| Untracked 
| 202|0x000000008ca00000, 0x000000008ca00000, 0x000000008cb00000|  0%| F|  |TAMS 0x000000008ca00000, 0x000000008ca00000| Untracked 
| 203|0x000000008cb00000, 0x000000008cb00000, 0x000000008cc00000|  0%| F|  |TAMS 0x000000008cb00000, 0x000000008cb00000| Untracked 
| 204|0x000000008cc00000, 0x000000008cc00000, 0x000000008cd00000|  0%| F|  |TAMS 0x000000008cc00000, 0x000000008cc00000| Untracked 
| 205|0x000000008cd00000, 0x000000008cd00000, 0x000000008ce00000|  0%| F|  |TAMS 0x000000008cd00000, 0x000000008cd00000| Untracked 
| 206|0x000000008ce00000, 0x000000008ce00000, 0x000000008cf00000|  0%| F|  |TAMS 0x000000008ce00000, 0x000000008ce00000| Untracked 
| 207|0x000000008cf00000, 0x000000008cf00000, 0x000000008d000000|  0%| F|  |TAMS 0x000000008cf00000, 0x000000008cf00000| Untracked 
| 208|0x000000008d000000, 0x000000008d000000, 0x000000008d100000|  0%| F|  |TAMS 0x000000008d000000, 0x000000008d000000| Untracked 
| 209|0x000000008d100000, 0x000000008d100000, 0x000000008d200000|  0%| F|  |TAMS 0x000000008d100000, 0x000000008d100000| Untracked 
| 210|0x000000008d200000, 0x000000008d200000, 0x000000008d300000|  0%| F|  |TAMS 0x000000008d200000, 0x000000008d200000| Untracked 
| 211|0x000000008d300000, 0x000000008d300000, 0x000000008d400000|  0%| F|  |TAMS 0x000000008d300000, 0x000000008d300000| Untracked 
| 212|0x000000008d400000, 0x000000008d400000, 0x000000008d500000|  0%| F|  |TAMS 0x000000008d400000, 0x000000008d400000| Untracked 
| 213|0x000000008d500000, 0x000000008d500000, 0x000000008d600000|  0%| F|  |TAMS 0x000000008d500000, 0x000000008d500000| Untracked 
| 214|0x000000008d600000, 0x000000008d600000, 0x000000008d700000|  0%| F|  |TAMS 0x000000008d600000, 0x000000008d600000| Untracked 
| 215|0x000000008d700000, 0x000000008d700000, 0x000000008d800000|  0%| F|  |TAMS 0x000000008d700000, 0x000000008d700000| Untracked 
| 216|0x000000008d800000, 0x000000008d800000, 0x000000008d900000|  0%| F|  |TAMS 0x000000008d800000, 0x000000008d800000| Untracked 
| 217|0x000000008d900000, 0x000000008d900000, 0x000000008da00000|  0%| F|  |TAMS 0x000000008d900000, 0x000000008d900000| Untracked 
| 218|0x000000008da00000, 0x000000008da00000, 0x000000008db00000|  0%| F|  |TAMS 0x000000008da00000, 0x000000008da00000| Untracked 
| 219|0x000000008db00000, 0x000000008db00000, 0x000000008dc00000|  0%| F|  |TAMS 0x000000008db00000, 0x000000008db00000| Untracked 
| 220|0x000000008dc00000, 0x000000008dc00000, 0x000000008dd00000|  0%| F|  |TAMS 0x000000008dc00000, 0x000000008dc00000| Untracked 
| 221|0x000000008dd00000, 0x000000008dd00000, 0x000000008de00000|  0%| F|  |TAMS 0x000000008dd00000, 0x000000008dd00000| Untracked 
| 222|0x000000008de00000, 0x000000008de00000, 0x000000008df00000|  0%| F|  |TAMS 0x000000008de00000, 0x000000008de00000| Untracked 
| 223|0x000000008df00000, 0x000000008df00000, 0x000000008e000000|  0%| F|  |TAMS 0x000000008df00000, 0x000000008df00000| Untracked 
| 224|0x000000008e000000, 0x000000008e000000, 0x000000008e100000|  0%| F|  |TAMS 0x000000008e000000, 0x000000008e000000| Untracked 
| 225|0x000000008e100000, 0x000000008e100000, 0x000000008e200000|  0%| F|  |TAMS 0x000000008e100000, 0x000000008e100000| Untracked 
| 226|0x000000008e200000, 0x000000008e200000, 0x000000008e300000|  0%| F|  |TAMS 0x000000008e200000, 0x000000008e200000| Untracked 
| 227|0x000000008e300000, 0x000000008e300000, 0x000000008e400000|  0%| F|  |TAMS 0x000000008e300000, 0x000000008e300000| Untracked 
| 228|0x000000008e400000, 0x000000008e400000, 0x000000008e500000|  0%| F|  |TAMS 0x000000008e400000, 0x000000008e400000| Untracked 
| 229|0x000000008e500000, 0x000000008e500000, 0x000000008e600000|  0%| F|  |TAMS 0x000000008e500000, 0x000000008e500000| Untracked 
| 230|0x000000008e600000, 0x000000008e600000, 0x000000008e700000|  0%| F|  |TAMS 0x000000008e600000, 0x000000008e600000| Untracked 
| 231|0x000000008e700000, 0x000000008e700000, 0x000000008e800000|  0%| F|  |TAMS 0x000000008e700000, 0x000000008e700000| Untracked 
| 232|0x000000008e800000, 0x000000008e800000, 0x000000008e900000|  0%| F|  |TAMS 0x000000008e800000, 0x000000008e800000| Untracked 
| 233|0x000000008e900000, 0x000000008e900000, 0x000000008ea00000|  0%| F|  |TAMS 0x000000008e900000, 0x000000008e900000| Untracked 
| 234|0x000000008ea00000, 0x000000008ea00000, 0x000000008eb00000|  0%| F|  |TAMS 0x000000008ea00000, 0x000000008ea00000| Untracked 
| 235|0x000000008eb00000, 0x000000008eb00000, 0x000000008ec00000|  0%| F|  |TAMS 0x000000008eb00000, 0x000000008eb00000| Untracked 
| 236|0x000000008ec00000, 0x000000008ec00000, 0x000000008ed00000|  0%| F|  |TAMS 0x000000008ec00000, 0x000000008ec00000| Untracked 
| 237|0x000000008ed00000, 0x000000008ed00000, 0x000000008ee00000|  0%| F|  |TAMS 0x000000008ed00000, 0x000000008ed00000| Untracked 
| 238|0x000000008ee00000, 0x000000008ee00000, 0x000000008ef00000|  0%| F|  |TAMS 0x000000008ee00000, 0x000000008ee00000| Untracked 
| 239|0x000000008ef00000, 0x000000008ef00000, 0x000000008f000000|  0%| F|  |TAMS 0x000000008ef00000, 0x000000008ef00000| Untracked 
| 240|0x000000008f000000, 0x000000008f000000, 0x000000008f100000|  0%| F|  |TAMS 0x000000008f000000, 0x000000008f000000| Untracked 
| 241|0x000000008f100000, 0x000000008f100000, 0x000000008f200000|  0%| F|  |TAMS 0x000000008f100000, 0x000000008f100000| Untracked 
| 242|0x000000008f200000, 0x000000008f200000, 0x000000008f300000|  0%| F|  |TAMS 0x000000008f200000, 0x000000008f200000| Untracked 
| 243|0x000000008f300000, 0x000000008f300000, 0x000000008f400000|  0%| F|  |TAMS 0x000000008f300000, 0x000000008f300000| Untracked 
| 244|0x000000008f400000, 0x000000008f400000, 0x000000008f500000|  0%| F|  |TAMS 0x000000008f400000, 0x000000008f400000| Untracked 
| 245|0x000000008f500000, 0x000000008f600000, 0x000000008f600000|100%| S|CS|TAMS 0x000000008f500000, 0x000000008f500000| Complete 
| 246|0x000000008f600000, 0x000000008f700000, 0x000000008f700000|100%| S|CS|TAMS 0x000000008f600000, 0x000000008f600000| Complete 
| 247|0x000000008f700000, 0x000000008f700000, 0x000000008f800000|  0%| F|  |TAMS 0x000000008f700000, 0x000000008f700000| Untracked 
| 248|0x000000008f800000, 0x000000008f800000, 0x000000008f900000|  0%| F|  |TAMS 0x000000008f800000, 0x000000008f800000| Untracked 
| 249|0x000000008f900000, 0x000000008f900000, 0x000000008fa00000|  0%| F|  |TAMS 0x000000008f900000, 0x000000008f900000| Untracked 
| 250|0x000000008fa00000, 0x000000008fa00000, 0x000000008fb00000|  0%| F|  |TAMS 0x000000008fa00000, 0x000000008fa00000| Untracked 
| 251|0x000000008fb00000, 0x000000008fb00000, 0x000000008fc00000|  0%| F|  |TAMS 0x000000008fb00000, 0x000000008fb00000| Untracked 
| 252|0x000000008fc00000, 0x000000008fc00000, 0x000000008fd00000|  0%| F|  |TAMS 0x000000008fc00000, 0x000000008fc00000| Untracked 
| 253|0x000000008fd00000, 0x000000008fd00000, 0x000000008fe00000|  0%| F|  |TAMS 0x000000008fd00000, 0x000000008fd00000| Untracked 
| 254|0x000000008fe00000, 0x000000008fe00000, 0x000000008ff00000|  0%| F|  |TAMS 0x000000008fe00000, 0x000000008fe00000| Untracked 
| 255|0x000000008ff00000, 0x000000008ff00000, 0x0000000090000000|  0%| F|  |TAMS 0x000000008ff00000, 0x000000008ff00000| Untracked 
| 256|0x0000000090000000, 0x0000000090000000, 0x0000000090100000|  0%| F|  |TAMS 0x0000000090000000, 0x0000000090000000| Untracked 
| 257|0x0000000090100000, 0x0000000090100000, 0x0000000090200000|  0%| F|  |TAMS 0x0000000090100000, 0x0000000090100000| Untracked 
| 258|0x0000000090200000, 0x0000000090200000, 0x0000000090300000|  0%| F|  |TAMS 0x0000000090200000, 0x0000000090200000| Untracked 

Card table byte_map: [0x00000171d7980000,0x00000171d7d80000] _byte_map_base: 0x00000171d7580000

Marking Bits (Prev, Next): (CMBitMap*) 0x00000171c4ebc860, (CMBitMap*) 0x00000171c4ebc828
 Prev Bits: [0x00000171da180000, 0x00000171dc180000)
 Next Bits: [0x00000171d8180000, 0x00000171da180000)

Polling page: 0x00000171c2cc0000

Metaspace:

Usage:
  Non-class:     78.89 MB capacity,    77.46 MB ( 98%) used,     1.18 MB (  1%) free+waste,   256.63 KB ( <1%) overhead. 
      Class:     12.44 MB capacity,    11.67 MB ( 94%) used,   676.00 KB (  5%) free+waste,   115.00 KB ( <1%) overhead. 
       Both:     91.33 MB capacity,    89.12 MB ( 98%) used,     1.84 MB (  2%) free+waste,   371.63 KB ( <1%) overhead. 

Virtual space:
  Non-class space:       80.00 MB reserved,      79.12 MB ( 99%) committed 
      Class space:        1.00 GB reserved,      12.50 MB (  1%) committed 
             Both:        1.08 GB reserved,      91.62 MB (  8%) committed 

Chunk freelists:
   Non-Class:  45.00 KB
       Class:  0 bytes
        Both:  45.00 KB

MaxMetaspaceSize: 17179869184.00 GB
CompressedClassSpaceSize: 1.00 GB
Initial GC threshold: 20.80 MB
Current GC threshold: 152.70 MB
CDS: off

CodeHeap 'non-profiled nmethods': size=120064Kb used=8016Kb max_used=8016Kb free=112047Kb
 bounds [0x00000171d0440000, 0x00000171d0c20000, 0x00000171d7980000]
CodeHeap 'profiled nmethods': size=120000Kb used=25958Kb max_used=25958Kb free=94041Kb
 bounds [0x00000171c8f10000, 0x00000171ca870000, 0x00000171d0440000]
CodeHeap 'non-nmethods': size=5696Kb used=2386Kb max_used=2450Kb free=3309Kb
 bounds [0x00000171c8980000, 0x00000171c8c10000, 0x00000171c8f10000]
 total_blobs=12292 nmethods=11388 adapters=817
 compilation: enabled
              stopped_count=0, restarted_count=0
 full_count=0

Compilation events (20 events):
Event: 200.746 Thread 0x00000171deebf800 11516       2       com.android.tools.r8.code.t::<init> (7 bytes)
Event: 200.747 Thread 0x00000171deebf800 nmethod 11516 0x00000171ca83c190 code [0x00000171ca83c360, 0x00000171ca83c528]
Event: 201.131 Thread 0x00000171deebf800 11520       2       com.android.tools.r8.graph.f0$s::<init> (6 bytes)
Event: 201.131 Thread 0x00000171deebf800 nmethod 11520 0x00000171ca83c690 code [0x00000171ca83c840, 0x00000171ca83c938]
Event: 201.131 Thread 0x00000171deebf800 11521       2       com.android.tools.r8.graph.f0$x::<init> (5 bytes)
Event: 201.132 Thread 0x00000171deebf800 nmethod 11521 0x00000171ca83ca10 code [0x00000171ca83cbc0, 0x00000171ca83ccb8]
Event: 201.137 Thread 0x00000171deebf800 11522       2       com.android.tools.r8.graph.f0$x::<init> (5 bytes)
Event: 201.138 Thread 0x00000171deebf800 nmethod 11522 0x00000171ca83cd90 code [0x00000171ca83cf40, 0x00000171ca83d038]
Event: 201.172 Thread 0x00000171deebf800 11523       2       com.android.tools.r8.code.H3::<init> (13 bytes)
Event: 201.173 Thread 0x00000171deebf800 nmethod 11523 0x00000171ca83d110 code [0x00000171ca83d2e0, 0x00000171ca83d548]
Event: 201.342 Thread 0x00000171deebb000 nmethod 11502 0x00000171d0bfd490 code [0x00000171d0bff400, 0x00000171d0c0d588]
Event: 201.403 Thread 0x00000171deebb000 11481       4       com.android.tools.r8.dex.j::a (1038 bytes)
Event: 201.544 Thread 0x00000171deebf800 11524       2       com.android.tools.r8.code.g3::<init> (7 bytes)
Event: 201.545 Thread 0x00000171deebf800 nmethod 11524 0x00000171ca83d790 code [0x00000171ca83d940, 0x00000171ca83da98]
Event: 201.548 Thread 0x00000171deebf800 11525       2       com.android.tools.r8.code.e1::<init> (7 bytes)
Event: 201.548 Thread 0x00000171deebf800 nmethod 11525 0x00000171ca83db90 code [0x00000171ca83dd60, 0x00000171ca83df28]
Event: 201.557 Thread 0x00000171deebf800 11527       2       com.android.tools.r8.code.o2::<init> (7 bytes)
Event: 201.557 Thread 0x00000171deebf800 nmethod 11527 0x00000171ca83e090 code [0x00000171ca83e240, 0x00000171ca83e398]
Event: 201.559 Thread 0x00000171deebf800 11528       3       com.android.tools.r8.code.w1::a (4137 bytes)
Event: 201.670 Thread 0x00000171deebf800 nmethod 11528 0x00000171ca83e490 code [0x00000171ca8410a0, 0x00000171ca85e9c8]

GC Heap History (20 events):
Event: 181.049 GC heap after
{Heap after GC invocations=46 (full 0):
 garbage-first heap   total 168960K, used 132096K [0x0000000080000000, 0x0000000100000000)
  region size 1024K, 2 young (2048K), 2 survivors (2048K)
 Metaspace       used 88956K, capacity 91128K, committed 91260K, reserved 1128448K
  class space    used 11481K, capacity 12263K, committed 12288K, reserved 1048576K
}
Event: 182.245 GC heap before
{Heap before GC invocations=47 (full 0):
 garbage-first heap   total 168960K, used 137216K [0x0000000080000000, 0x0000000100000000)
  region size 1024K, 7 young (7168K), 2 survivors (2048K)
 Metaspace       used 88957K, capacity 91128K, committed 91260K, reserved 1128448K
  class space    used 11481K, capacity 12263K, committed 12288K, reserved 1048576K
}
Event: 182.304 GC heap after
{Heap after GC invocations=48 (full 0):
 garbage-first heap   total 168960K, used 135193K [0x0000000080000000, 0x0000000100000000)
  region size 1024K, 2 young (2048K), 2 survivors (2048K)
 Metaspace       used 88957K, capacity 91128K, committed 91260K, reserved 1128448K
  class space    used 11481K, capacity 12263K, committed 12288K, reserved 1048576K
}
Event: 182.703 GC heap before
{Heap before GC invocations=48 (full 0):
 garbage-first heap   total 168960K, used 142361K [0x0000000080000000, 0x0000000100000000)
  region size 1024K, 8 young (8192K), 2 survivors (2048K)
 Metaspace       used 88957K, capacity 91128K, committed 91260K, reserved 1128448K
  class space    used 11481K, capacity 12263K, committed 12288K, reserved 1048576K
}
Event: 182.767 GC heap after
{Heap after GC invocations=49 (full 0):
 garbage-first heap   total 202752K, used 138659K [0x0000000080000000, 0x0000000100000000)
  region size 1024K, 1 young (1024K), 1 survivors (1024K)
 Metaspace       used 88957K, capacity 91128K, committed 91260K, reserved 1128448K
  class space    used 11481K, capacity 12263K, committed 12288K, reserved 1048576K
}
Event: 185.830 GC heap before
{Heap before GC invocations=50 (full 0):
 garbage-first heap   total 202752K, used 152995K [0x0000000080000000, 0x0000000100000000)
  region size 1024K, 16 young (16384K), 1 survivors (1024K)
 Metaspace       used 90940K, capacity 93231K, committed 93308K, reserved 1130496K
  class space    used 11928K, capacity 12731K, committed 12800K, reserved 1048576K
}
Event: 185.941 GC heap after
{Heap after GC invocations=51 (full 0):
 garbage-first heap   total 202752K, used 143931K [0x0000000080000000, 0x0000000100000000)
  region size 1024K, 2 young (2048K), 2 survivors (2048K)
 Metaspace       used 90940K, capacity 93231K, committed 93308K, reserved 1130496K
  class space    used 11928K, capacity 12731K, committed 12800K, reserved 1048576K
}
Event: 188.434 GC heap before
{Heap before GC invocations=51 (full 0):
 garbage-first heap   total 202752K, used 158267K [0x0000000080000000, 0x0000000100000000)
  region size 1024K, 17 young (17408K), 2 survivors (2048K)
 Metaspace       used 91197K, capacity 93439K, committed 93564K, reserved 1130496K
  class space    used 11940K, capacity 12732K, committed 12800K, reserved 1048576K
}
Event: 188.535 GC heap after
{Heap after GC invocations=52 (full 0):
 garbage-first heap   total 202752K, used 151904K [0x0000000080000000, 0x0000000100000000)
  region size 1024K, 3 young (3072K), 3 survivors (3072K)
 Metaspace       used 91197K, capacity 93439K, committed 93564K, reserved 1130496K
  class space    used 11940K, capacity 12732K, committed 12800K, reserved 1048576K
}
Event: 192.169 GC heap before
{Heap before GC invocations=53 (full 0):
 garbage-first heap   total 202752K, used 163168K [0x0000000080000000, 0x0000000100000000)
  region size 1024K, 15 young (15360K), 3 survivors (3072K)
 Metaspace       used 91225K, capacity 93452K, committed 93564K, reserved 1130496K
  class space    used 11944K, capacity 12736K, committed 12800K, reserved 1048576K
}
Event: 192.240 GC heap after
{Heap after GC invocations=54 (full 0):
 garbage-first heap   total 202752K, used 158720K [0x0000000080000000, 0x0000000100000000)
  region size 1024K, 2 young (2048K), 2 survivors (2048K)
 Metaspace       used 91225K, capacity 93452K, committed 93564K, reserved 1130496K
  class space    used 11944K, capacity 12736K, committed 12800K, reserved 1048576K
}
Event: 192.772 GC heap before
{Heap before GC invocations=54 (full 0):
 garbage-first heap   total 202752K, used 168960K [0x0000000080000000, 0x0000000100000000)
  region size 1024K, 12 young (12288K), 2 survivors (2048K)
 Metaspace       used 91236K, capacity 93455K, committed 93564K, reserved 1130496K
  class space    used 11944K, capacity 12736K, committed 12800K, reserved 1048576K
}
Event: 192.839 GC heap after
{Heap after GC invocations=55 (full 0):
 garbage-first heap   total 265216K, used 164352K [0x0000000080000000, 0x0000000100000000)
  region size 1024K, 2 young (2048K), 2 survivors (2048K)
 Metaspace       used 91236K, capacity 93455K, committed 93564K, reserved 1130496K
  class space    used 11944K, capacity 12736K, committed 12800K, reserved 1048576K
}
Event: 195.792 GC heap before
{Heap before GC invocations=56 (full 0):
 garbage-first heap   total 265216K, used 183808K [0x0000000080000000, 0x0000000100000000)
  region size 1024K, 22 young (22528K), 2 survivors (2048K)
 Metaspace       used 91253K, capacity 93519K, committed 93820K, reserved 1130496K
  class space    used 11944K, capacity 12736K, committed 12800K, reserved 1048576K
}
Event: 195.920 GC heap after
{Heap after GC invocations=57 (full 0):
 garbage-first heap   total 265216K, used 175104K [0x0000000080000000, 0x0000000100000000)
  region size 1024K, 3 young (3072K), 3 survivors (3072K)
 Metaspace       used 91253K, capacity 93519K, committed 93820K, reserved 1130496K
  class space    used 11944K, capacity 12736K, committed 12800K, reserved 1048576K
}
Event: 196.991 GC heap before
{Heap before GC invocations=57 (full 0):
 garbage-first heap   total 265216K, used 197632K [0x0000000080000000, 0x0000000100000000)
  region size 1024K, 25 young (25600K), 3 survivors (3072K)
 Metaspace       used 91255K, capacity 93519K, committed 93820K, reserved 1130496K
  class space    used 11944K, capacity 12736K, committed 12800K, reserved 1048576K
}
Event: 197.389 GC heap after
{Heap after GC invocations=58 (full 0):
 garbage-first heap   total 265216K, used 186880K [0x0000000080000000, 0x0000000100000000)
  region size 1024K, 4 young (4096K), 4 survivors (4096K)
 Metaspace       used 91255K, capacity 93519K, committed 93820K, reserved 1130496K
  class space    used 11944K, capacity 12736K, committed 12800K, reserved 1048576K
}
Event: 200.879 GC heap before
{Heap before GC invocations=59 (full 0):
 garbage-first heap   total 265216K, used 195072K [0x0000000080000000, 0x0000000100000000)
  region size 1024K, 12 young (12288K), 4 survivors (4096K)
 Metaspace       used 91258K, capacity 93519K, committed 93820K, reserved 1130496K
  class space    used 11945K, capacity 12736K, committed 12800K, reserved 1048576K
}
Event: 200.962 GC heap after
{Heap after GC invocations=60 (full 0):
 garbage-first heap   total 265216K, used 191488K [0x0000000080000000, 0x0000000100000000)
  region size 1024K, 2 young (2048K), 2 survivors (2048K)
 Metaspace       used 91258K, capacity 93519K, committed 93820K, reserved 1130496K
  class space    used 11945K, capacity 12736K, committed 12800K, reserved 1048576K
}
Event: 201.764 GC heap before
{Heap before GC invocations=60 (full 0):
 garbage-first heap   total 265216K, used 201728K [0x0000000080000000, 0x0000000100000000)
  region size 1024K, 12 young (12288K), 2 survivors (2048K)
 Metaspace       used 91261K, capacity 93519K, committed 93820K, reserved 1130496K
  class space    used 11945K, capacity 12736K, committed 12800K, reserved 1048576K
}

Deoptimization events (20 events):
Event: 200.758 Thread 0x00000171e61b0800 DEOPT PACKING pc=0x00000171ca826b84 sp=0x00000062b8dfe130
Event: 200.759 Thread 0x00000171e61b0800 DEOPT UNPACKING pc=0x00000171c89ca93f sp=0x00000062b8dfdda8 mode 0
Event: 200.814 Thread 0x00000171e61b5800 DEOPT PACKING pc=0x00000171ca826b84 sp=0x00000062b8efde50
Event: 200.814 Thread 0x00000171e61b5800 DEOPT UNPACKING pc=0x00000171c89ca93f sp=0x00000062b8efdac8 mode 0
Event: 201.008 Thread 0x00000171e61b0800 DEOPT PACKING pc=0x00000171ca826b84 sp=0x00000062b8dfe130
Event: 201.008 Thread 0x00000171e61b0800 DEOPT UNPACKING pc=0x00000171c89ca93f sp=0x00000062b8dfdda8 mode 0
Event: 201.106 Thread 0x00000171e61b0800 DEOPT PACKING pc=0x00000171ca826b84 sp=0x00000062b8dfe130
Event: 201.107 Thread 0x00000171e61b0800 DEOPT UNPACKING pc=0x00000171c89ca93f sp=0x00000062b8dfdda8 mode 0
Event: 201.172 Thread 0x00000171e61b5800 DEOPT PACKING pc=0x00000171ca826b84 sp=0x00000062b8efde50
Event: 201.172 Thread 0x00000171e61b5800 DEOPT UNPACKING pc=0x00000171c89ca93f sp=0x00000062b8efdac8 mode 0
Event: 201.254 Thread 0x00000171e61b0800 DEOPT PACKING pc=0x00000171ca826b84 sp=0x00000062b8dfe130
Event: 201.254 Thread 0x00000171e61b0800 DEOPT UNPACKING pc=0x00000171c89ca93f sp=0x00000062b8dfdda8 mode 0
Event: 201.558 Thread 0x00000171e61b0800 Uncommon trap: trap_request=0xffffff4d fr.pc=0x00000171d0c0c918 relative=0x000000000000d518
Event: 201.558 Thread 0x00000171e61b0800 Uncommon trap: reason=unstable_if action=reinterpret pc=0x00000171d0c0c918 method=com.android.tools.r8.code.w1.a(Ljava/nio/ShortBuffer;IILcom/android/tools/r8/internal/av;)[Lcom/android/tools/r8/code/v1; @ 301 c2
Event: 201.558 Thread 0x00000171e61b0800 DEOPT PACKING pc=0x00000171d0c0c918 sp=0x00000062b8dfe8c0
Event: 201.558 Thread 0x00000171e61b0800 DEOPT UNPACKING pc=0x00000171c89ca1a9 sp=0x00000062b8dfe8a8 mode 2
Event: 201.690 Thread 0x00000171e61b0800 DEOPT PACKING pc=0x00000171ca85da07 sp=0x00000062b8dfe120
Event: 201.690 Thread 0x00000171e61b0800 DEOPT UNPACKING pc=0x00000171c89ca93f sp=0x00000062b8dfdda0 mode 0
Event: 201.747 Thread 0x00000171e61b5800 DEOPT PACKING pc=0x00000171ca85da07 sp=0x00000062b8efde40
Event: 201.747 Thread 0x00000171e61b5800 DEOPT UNPACKING pc=0x00000171c89ca93f sp=0x00000062b8efdae8 mode 0

Classes redefined (0 events):
No events

Internal exceptions (20 events):
Event: 139.145 Thread 0x00000171e057f000 Exception <a 'sun/nio/fs/WindowsException'{0x0000000089fe8848}> (0x0000000089fe8848) thrown at [./src/hotspot/share/prims/jni.cpp, line 615]
Event: 140.034 Thread 0x00000171e057f000 Exception <a 'java/lang/NoSuchMethodError'{0x0000000089ddc2d0}: <clinit>> (0x0000000089ddc2d0) thrown at [./src/hotspot/share/prims/jni.cpp, line 1365]
Event: 140.040 Thread 0x00000171e057f000 Exception <a 'java/lang/NoSuchMethodError'{0x0000000089c27370}: <clinit>> (0x0000000089c27370) thrown at [./src/hotspot/share/prims/jni.cpp, line 1365]
Event: 140.050 Thread 0x00000171e057f000 Exception <a 'java/lang/NoSuchMethodError'{0x0000000089c68ee0}: <clinit>> (0x0000000089c68ee0) thrown at [./src/hotspot/share/prims/jni.cpp, line 1365]
Event: 140.056 Thread 0x00000171e057f000 Exception <a 'java/lang/NoSuchMethodError'{0x0000000089c82488}: <clinit>> (0x0000000089c82488) thrown at [./src/hotspot/share/prims/jni.cpp, line 1365]
Event: 140.882 Thread 0x00000171e0efa800 Implicit null exception at 0x00000171d0a60b52 to 0x00000171d0a60f64
Event: 144.579 Thread 0x00000171e0efc800 Exception <a 'java/lang/NoSuchMethodError'{0x00000000897aef90}: 'int java.lang.invoke.DirectMethodHandle$Holder.invokeSpecial(java.lang.Object, java.lang.Object, java.lang.Object, java.lang.Object, java.lang.Object)'> (0x00000000897aef90) thrown at [./src/hotspot/share/interpreter/linkResolver.cpp, line 773]
Event: 159.231 Thread 0x00000171e0efc000 Exception <a 'java/lang/NoSuchMethodError'{0x0000000089c1cbf8}: 'void java.lang.invoke.DirectMethodHandle$Holder.invokeStatic(java.lang.Object, long)'> (0x0000000089c1cbf8) thrown at [./src/hotspot/share/interpreter/linkResolver.cpp, line 773]
Event: 159.232 Thread 0x00000171e0efc000 Exception <a 'java/lang/NoSuchMethodError'{0x0000000089c21e10}: 'java.lang.Object java.lang.invoke.DirectMethodHandle$Holder.invokeStatic(java.lang.Object, long)'> (0x0000000089c21e10) thrown at [./src/hotspot/share/interpreter/linkResolver.cpp, line 773]
Event: 159.242 Thread 0x00000171e0efc000 Exception <a 'java/lang/NoSuchMethodError'{0x0000000089c30178}: 'java.lang.Object java.lang.invoke.DirectMethodHandle$Holder.invokeStaticInit(java.lang.Object, java.lang.Object, long, java.lang.Object)'> (0x0000000089c30178) thrown at [./src/hotspot/share/interpreter/linkResolver.cpp, line 773]
Event: 159.243 Thread 0x00000171e0efc000 Exception <a 'java/lang/NoSuchMethodError'{0x0000000089c36310}: 'java.lang.Object java.lang.invoke.DirectMethodHandle$Holder.invokeStatic(java.lang.Object, java.lang.Object, long)'> (0x0000000089c36310) thrown at [./src/hotspot/share/interpreter/linkResolver.cpp, line 773]
Event: 159.244 Thread 0x00000171e0efc000 Exception <a 'java/lang/NoSuchMethodError'{0x0000000089c3c888}: 'java.lang.Object java.lang.invoke.Invokers$Holder.linkToTargetMethod(java.lang.Object, long, java.lang.Object)'> (0x0000000089c3c888) thrown at [./src/hotspot/share/interpreter/linkResolver.cpp, line 773]
Event: 162.291 Thread 0x00000171e0efc000 Exception <a 'java/lang/NoSuchMethodError'{0x0000000088560ca0}: 'int java.lang.invoke.DirectMethodHandle$Holder.invokeSpecialIFC(java.lang.Object, java.lang.Object, java.lang.Object)'> (0x0000000088560ca0) thrown at [./src/hotspot/share/interpreter/linkResolver.cpp, line 773]
Event: 171.291 Thread 0x00000171e61b4000 Exception <a 'sun/nio/fs/WindowsException'{0x000000008a060b18}> (0x000000008a060b18) thrown at [./src/hotspot/share/prims/jni.cpp, line 615]
Event: 174.595 Thread 0x00000171e61b4000 Exception <a 'java/lang/NoSuchMethodError'{0x0000000089968588}: 'java.lang.Object java.lang.invoke.DirectMethodHandle$Holder.invokeStatic(java.lang.Object, java.lang.Object, java.lang.Object, java.lang.Object, java.lang.Object, java.lang.Object, java.lang.Object, java.lang.Object, java.lang.Object, java.lang.Object, java.lang.Object, java.lang.Object, java.lang.Object, java.lang.Object, java.lang.Object, java.lang.Object, java.lang.Object, java.lang.Object, int, java.lang.Object)'> (0x0000000089968588) thr
Event: 174.596 Thread 0x00000171e61b4000 Exception <a 'java/lang/NoSuchMethodError'{0x000000008996e320}: 'java.lang.Object java.lang.invoke.DirectMethodHandle$Holder.invokeStaticInit(java.lang.Object, java.lang.Object, java.lang.Object, java.lang.Object, java.lang.Object, java.lang.Object, java.lang.Object, java.lang.Object, java.lang.Object, java.lang.Object, java.lang.Object, java.lang.Object, java.lang.Object, java.lang.Object, java.lang.Object, java.lang.Object, java.lang.Object, java.lang.Object, int, java.lang.Object)'> (0x000000008996e320)
Event: 184.171 Thread 0x00000171e61b0800 Exception <a 'java/lang/NoSuchMethodError'{0x000000008bb7b360}: 'java.lang.Object java.lang.invoke.DirectMethodHandle$Holder.newInvokeSpecial(java.lang.Object, int)'> (0x000000008bb7b360) thrown at [./src/hotspot/share/interpreter/linkResolver.cpp, line 773]
Event: 184.175 Thread 0x00000171e61b5800 Exception <a 'java/lang/IncompatibleClassChangeError'{0x000000008bb594e8}: Found class java.lang.Object, but interface was expected> (0x000000008bb594e8) thrown at [./src/hotspot/share/interpreter/linkResolver.cpp, line 839]
Event: 184.309 Thread 0x00000171e61b5800 Exception <a 'java/lang/IncompatibleClassChangeError'{0x000000008bbce6e8}: Found class java.lang.Object, but interface was expected> (0x000000008bbce6e8) thrown at [./src/hotspot/share/interpreter/linkResolver.cpp, line 839]
Event: 184.311 Thread 0x00000171e61b5800 Exception <a 'java/lang/IncompatibleClassChangeError'{0x000000008bbd5bb8}: Found class java.lang.Object, but interface was expected> (0x000000008bbd5bb8) thrown at [./src/hotspot/share/interpreter/linkResolver.cpp, line 839]

Events (20 events):
Event: 194.009 Executing VM operation: CGC_Operation done
Event: 194.555 Executing VM operation: CGC_Operation
Event: 194.556 Executing VM operation: CGC_Operation done
Event: 195.790 Executing VM operation: G1CollectForAllocation
Event: 195.920 Executing VM operation: G1CollectForAllocation done
Event: 196.306 Executing VM operation: BulkRevokeBias
Event: 196.309 Executing VM operation: BulkRevokeBias done
Event: 196.988 Executing VM operation: G1CollectForAllocation
Event: 197.389 Executing VM operation: G1CollectForAllocation done
Event: 199.064 Executing VM operation: CGC_Operation
Event: 199.150 Executing VM operation: CGC_Operation done
Event: 199.652 loading class com/android/tools/r8/internal/g8
Event: 199.652 loading class com/android/tools/r8/internal/g8 done
Event: 199.797 Executing VM operation: CGC_Operation
Event: 199.799 Executing VM operation: CGC_Operation done
Event: 199.820 Executing VM operation: RevokeBias
Event: 199.820 Executing VM operation: RevokeBias done
Event: 200.857 Executing VM operation: G1CollectForAllocation
Event: 200.962 Executing VM operation: G1CollectForAllocation done
Event: 201.753 Executing VM operation: G1CollectForAllocation


Dynamic libraries:
0x00007ff60a000000 - 0x00007ff60a00a000 	C:\Program Files\Android\Android Studio\jre\bin\java.exe
0x00007ffa12580000 - 0x00007ffa12770000 	C:\Windows\SYSTEM32\ntdll.dll
0x00007ffa115d0000 - 0x00007ffa11682000 	C:\Windows\System32\KERNEL32.DLL
0x00007ffa10380000 - 0x00007ffa10625000 	C:\Windows\System32\KERNELBASE.dll
0x00007ffa0fa20000 - 0x00007ffa0fb1a000 	C:\Windows\System32\ucrtbase.dll
0x00007ffa07840000 - 0x00007ffa07859000 	C:\Program Files\Android\Android Studio\jre\bin\jli.dll
0x00007ffa07010000 - 0x00007ffa07027000 	C:\Program Files\Android\Android Studio\jre\bin\VCRUNTIME140.dll
0x00007ffa10b30000 - 0x00007ffa10cc4000 	C:\Windows\System32\USER32.dll
0x00007ffa0fb40000 - 0x00007ffa0fb61000 	C:\Windows\System32\win32u.dll
0x00007ffa11690000 - 0x00007ffa116b6000 	C:\Windows\System32\GDI32.dll
0x00007ff9ff8f0000 - 0x00007ff9ffb74000 	C:\Windows\WinSxS\amd64_microsoft.windows.common-controls_6595b64144ccf1df_6.0.18362.1556_none_9e7e372fe45e41d5\COMCTL32.dll
0x00007ffa0f600000 - 0x00007ffa0f798000 	C:\Windows\System32\gdi32full.dll
0x00007ffa109c0000 - 0x00007ffa10a5e000 	C:\Windows\System32\msvcrt.dll
0x00007ffa0f980000 - 0x00007ffa0fa1e000 	C:\Windows\System32\msvcp_win.dll
0x00007ffa119f0000 - 0x00007ffa11d26000 	C:\Windows\System32\combase.dll
0x00007ffa11d30000 - 0x00007ffa11e4f000 	C:\Windows\System32\RPCRT4.dll
0x00007ffa0fb70000 - 0x00007ffa0fbf1000 	C:\Windows\System32\bcryptPrimitives.dll
0x00007ffa11910000 - 0x00007ffa1193e000 	C:\Windows\System32\IMM32.DLL
0x00007ffa01800000 - 0x00007ffa0189d000 	C:\Program Files\Android\Android Studio\jre\bin\msvcp140.dll
0x00007ff9d5ad0000 - 0x00007ff9d65b5000 	C:\Program Files\Android\Android Studio\jre\bin\server\jvm.dll
0x00007ffa11940000 - 0x00007ffa119e3000 	C:\Windows\System32\ADVAPI32.dll
0x00007ffa10d40000 - 0x00007ffa10dd7000 	C:\Windows\System32\sechost.dll
0x00007ffa10d30000 - 0x00007ffa10d38000 	C:\Windows\System32\PSAPI.DLL
0x00007ffa087e0000 - 0x00007ffa087e9000 	C:\Windows\SYSTEM32\WSOCK32.dll
0x00007ffa10ac0000 - 0x00007ffa10b2f000 	C:\Windows\System32\WS2_32.dll
0x00007ffa0d3f0000 - 0x00007ffa0d414000 	C:\Windows\SYSTEM32\WINMM.dll
0x00007ffa02990000 - 0x00007ffa0299a000 	C:\Windows\SYSTEM32\VERSION.dll
0x00007ffa0d3c0000 - 0x00007ffa0d3ed000 	C:\Windows\SYSTEM32\WINMMBASE.dll
0x00007ffa0f7a0000 - 0x00007ffa0f7ea000 	C:\Windows\System32\cfgmgr32.dll
0x00007ffa0f480000 - 0x00007ffa0f491000 	C:\Windows\System32\kernel.appcore.dll
0x00007ffa087a0000 - 0x00007ffa087b1000 	C:\Program Files\Android\Android Studio\jre\bin\verify.dll
0x00007ff9ff150000 - 0x00007ff9ff344000 	C:\Windows\SYSTEM32\DBGHELP.DLL
0x00007ff9ff120000 - 0x00007ff9ff14a000 	C:\Windows\SYSTEM32\dbgcore.DLL
0x00007ffa08770000 - 0x00007ffa08799000 	C:\Program Files\Android\Android Studio\jre\bin\java.dll
0x00007ffa08760000 - 0x00007ffa0876b000 	C:\Program Files\Android\Android Studio\jre\bin\jimage.dll
0x00007ffa08710000 - 0x00007ffa08728000 	C:\Program Files\Android\Android Studio\jre\bin\zip.dll
0x00007ffa11e50000 - 0x00007ffa12537000 	C:\Windows\System32\SHELL32.dll
0x00007ffa10630000 - 0x00007ffa106d8000 	C:\Windows\System32\shcore.dll
0x00007ffa0fc00000 - 0x00007ffa1037b000 	C:\Windows\System32\windows.storage.dll
0x00007ffa0f440000 - 0x00007ffa0f45e000 	C:\Windows\System32\profapi.dll
0x00007ffa0f4a0000 - 0x00007ffa0f4ea000 	C:\Windows\System32\powrprof.dll
0x00007ffa0f430000 - 0x00007ffa0f440000 	C:\Windows\System32\UMPDC.dll
0x00007ffa106e0000 - 0x00007ffa10732000 	C:\Windows\System32\shlwapi.dll
0x00007ffa0fb20000 - 0x00007ffa0fb37000 	C:\Windows\System32\cryptsp.dll
0x00007ff9fce10000 - 0x00007ff9fce2a000 	C:\Program Files\Android\Android Studio\jre\bin\net.dll
0x00007ffa07d60000 - 0x00007ffa07e5a000 	C:\Windows\SYSTEM32\WINHTTP.dll
0x00007ffa0ec70000 - 0x00007ffa0ecd7000 	C:\Windows\system32\mswsock.dll
0x00007ff9fcdf0000 - 0x00007ff9fce04000 	C:\Program Files\Android\Android Studio\jre\bin\nio.dll
0x00007ffa07c50000 - 0x00007ffa07c77000 	C:\Users\The Saviour\.gradle\native\8bec1ad78214c89d9ad589b4d07fe93259594b29d510b10fafb7a158f7737e5d\windows-amd64\native-platform.dll
0x00007ff9d58f0000 - 0x00007ff9d5a2d000 	C:\Users\The Saviour\.gradle\native\53dbd7edfb1c66fb8903c78663c9afc45aea4f116125fa6feffd364cf09443e8\windows-amd64\native-platform-file-events.dll
0x00007ff9fafc0000 - 0x00007ff9fafca000 	C:\Program Files\Android\Android Studio\jre\bin\management.dll
0x00007ff9fabe0000 - 0x00007ff9fabed000 	C:\Program Files\Android\Android Studio\jre\bin\management_ext.dll
0x00007ffa0e790000 - 0x00007ffa0e7c3000 	C:\Windows\system32\rsaenh.dll
0x00007ffa0f950000 - 0x00007ffa0f976000 	C:\Windows\System32\bcrypt.dll
0x00007ffa0f320000 - 0x00007ffa0f345000 	C:\Windows\SYSTEM32\USERENV.dll
0x00007ffa0ee40000 - 0x00007ffa0ee4c000 	C:\Windows\SYSTEM32\CRYPTBASE.dll
0x00007ffa0e980000 - 0x00007ffa0e9ba000 	C:\Windows\SYSTEM32\IPHLPAPI.DLL
0x00007ffa10de0000 - 0x00007ffa10de8000 	C:\Windows\System32\NSI.dll
0x00007ffa07820000 - 0x00007ffa07836000 	C:\Windows\SYSTEM32\dhcpcsvc6.DLL
0x00007ffa07800000 - 0x00007ffa0781c000 	C:\Windows\SYSTEM32\dhcpcsvc.DLL
0x00007ffa0e9c0000 - 0x00007ffa0ea8b000 	C:\Windows\SYSTEM32\DNSAPI.dll

dbghelp: loaded successfully - version: 4.0.5 - missing functions: none
symbol engine: initialized successfully - sym options: 0x614 - pdb path: .;C:\Program Files\Android\Android Studio\jre\bin;C:\Windows\SYSTEM32;C:\Windows\WinSxS\amd64_microsoft.windows.common-controls_6595b64144ccf1df_6.0.18362.1556_none_9e7e372fe45e41d5;C:\Program Files\Android\Android Studio\jre\bin\server;C:\Users\The Saviour\.gradle\native\8bec1ad78214c89d9ad589b4d07fe93259594b29d510b10fafb7a158f7737e5d\windows-amd64;C:\Users\The Saviour\.gradle\native\53dbd7edfb1c66fb8903c78663c9afc45aea4f116125fa6feffd364cf09443e8\windows-amd64

VM Arguments:
jvm_args: --add-opens=java.base/java.util=ALL-UNNAMED --add-opens=java.base/java.lang=ALL-UNNAMED --add-opens=java.base/java.lang.invoke=ALL-UNNAMED --add-opens=java.base/java.util=ALL-UNNAMED --add-opens=java.prefs/java.util.prefs=ALL-UNNAMED --add-opens=java.prefs/java.util.prefs=ALL-UNNAMED --add-opens=java.base/java.nio.charset=ALL-UNNAMED --add-opens=java.base/java.net=ALL-UNNAMED --add-opens=java.base/java.util.concurrent.atomic=ALL-UNNAMED -Xmx2048m -Dfile.encoding=UTF-8 -Duser.country=US -Duser.language=en -Duser.variant 
java_command: org.gradle.launcher.daemon.bootstrap.GradleDaemon 7.0.2
java_class_path (initial): C:\Users\The Saviour\.gradle\wrapper\dists\gradle-7.0.2-bin\857tjihv64xamwrf0h14cai3r\gradle-7.0.2\lib\gradle-launcher-7.0.2.jar
Launcher Type: SUN_STANDARD

[Global flags]
     intx CICompilerCount                          = 2                                         {product} {ergonomic}
     uint ConcGCThreads                            = 1                                         {product} {ergonomic}
     uint G1ConcRefinementThreads                  = 2                                         {product} {ergonomic}
   size_t G1HeapRegionSize                         = 1048576                                   {product} {ergonomic}
    uintx GCDrainStackTargetSize                   = 64                                        {product} {ergonomic}
   size_t InitialHeapSize                          = 67108864                                  {product} {ergonomic}
   size_t MarkStackSize                            = 4194304                                   {product} {ergonomic}
   size_t MaxHeapSize                              = 2147483648                                {product} {command line}
   size_t MaxNewSize                               = 1287651328                                {product} {ergonomic}
   size_t MinHeapDeltaBytes                        = 1048576                                   {product} {ergonomic}
    uintx NonNMethodCodeHeapSize                   = 5825164                                {pd product} {ergonomic}
    uintx NonProfiledCodeHeapSize                  = 122916538                              {pd product} {ergonomic}
    uintx ProfiledCodeHeapSize                     = 122916538                              {pd product} {ergonomic}
    uintx ReservedCodeCacheSize                    = 251658240                              {pd product} {ergonomic}
     bool SegmentedCodeCache                       = true                                      {product} {ergonomic}
     bool UseCompressedClassPointers               = true                                 {lp64_product} {ergonomic}
     bool UseCompressedOops                        = true                                 {lp64_product} {ergonomic}
     bool UseG1GC                                  = true                                      {product} {ergonomic}
     bool UseLargePagesIndividualAllocation        = false                                  {pd product} {ergonomic}

Logging:
Log output configuration:
 #0: stdout all=warning uptime,level,tags
 #1: stderr all=off uptime,level,tags

Environment Variables:
PATH=C:\Windows\system32;C:\Windows;C:\Windows\System32\Wbem;C:\Windows\System32\WindowsPowerShell\v1.0\;C:\Windows\System32\OpenSSH\;C:\Users\The Saviour\AppData\Local\Microsoft\WindowsApps;;C:\Users\The Saviour\AppData\Local\Programs\Microsoft VS Code\bin
USERNAME=The Saviour
OS=Windows_NT
PROCESSOR_IDENTIFIER=Intel64 Family 6 Model 15 Stepping 11, GenuineIntel



---------------  S Y S T E M  ---------------

OS: Windows 10 , 64 bit Build 18362 (10.0.18362.1500)
OS uptime: 0 days 2:28 hours

CPU:total 2 (initial active 2) (2 cores per cpu, 1 threads per core) family 6 model 15 stepping 11 microcode 0xba, cmov, cx8, fxsr, mmx, sse, sse2, sse3, ssse3, tsc

Memory: 4k page, system-wide physical 4022M (176M free)
TotalPageFile size 5403M (AvailPageFile size 32M)
current process WorkingSet (physical memory assigned to process): 444M, peak: 456M
current process commit charge ("private bytes"): 550M, peak: 790M

vm_info: OpenJDK 64-Bit Server VM (11.0.12+7-b1504.28-7817840) for windows-amd64 JRE (11.0.12+7-b1504.28-7817840), built on Oct 13 2021 22:12:33 by "builder" with MS VC++ 14.0 (VS2015)

END.
